[WARNING] Minimisation finished with status 1 (covariance forced positive definite), this could indicate a problem with the minimim!
[WARNING] Minimisation finished with status 1 (covariance forced positive definite), this could indicate a problem with the minimim!
[WARNING] Minimisation finished with status 1 (covariance forced positive definite), this could indicate a problem with the minimim!
[WARNING] Minimisation finished with status 1 (covariance forced positive definite), this could indicate a problem with the minimim!
[WARNING] Minimisation finished with status 1 (covariance forced positive definite), this could indicate a problem with the minimim!
[WARNING] Minimisation finished with status 1 (covariance forced positive definite), this could indicate a problem with the minimim!
[WARNING] Minimisation finished with status 1 (covariance forced positive definite), this could indicate a problem with the minimim!
[WARNING] Minimisation finished with status 1 (covariance forced positive definite), this could indicate a problem with the minimim!
[WARNING] Minimisation finished with status 1 (covariance forced positive definite), this could indicate a problem with the minimim!
[WARNING] Minimisation finished with status 1 (covariance forced positive definite), this could indicate a problem with the minimim!
[WARNING] Minimisation finished with status 1 (covariance forced positive definite), this could indicate a problem with the minimim!
[WARNING] Minimisation finished with status 1 (covariance forced positive definite), this could indicate a problem with the minimim!
[WARNING] Minimisation finished with status 1 (covariance forced positive definite), this could indicate a problem with the minimim!
[WARNING] Minimisation finished with status 1 (covariance forced positive definite), this could indicate a problem with the minimim!
[WARNING] Minimisation finished with status 1 (covariance forced positive definite), this could indicate a problem with the minimim!
[WARNING] Minimisation finished with status 1 (covariance forced positive definite), this could indicate a problem with the minimim!
[WARNING] Minimisation finished with status 1 (covariance forced positive definite), this could indicate a problem with the minimim!
[WARNING] Minimisation finished with status 1 (covariance forced positive definite), this could indicate a problem with the minimim!
[WARNING] Minimisation finished with status 1 (covariance forced positive definite), this could indicate a problem with the minimim!
[WARNING] Minimisation finished with status 1 (covariance forced positive definite), this could indicate a problem with the minimim!
[WARNING] Minimisation finished with status 1 (covariance forced positive definite), this could indicate a problem with the minimim!
[WARNING] Minimisation finished with status 1 (covariance forced positive definite), this could indicate a problem with the minimim!
[WARNING] Minimisation finished with status 1 (covariance forced positive definite), this could indicate a problem with the minimim!
[WARNING] Minimisation finished with status 1 (covariance forced positive definite), this could indicate a problem with the minimim!
[WARNING] Minimisation finished with status 1 (covariance forced positive definite), this could indicate a problem with the minimim!
[WARNING] Minimisation finished with status 1 (covariance forced positive definite), this could indicate a problem with the minimim!
[WARNING] Minimisation finished with status 1 (covariance forced positive definite), this could indicate a problem with the minimim!
[WARNING] Minimisation finished with status 1 (covariance forced positive definite), this could indicate a problem with the minimim!
[WARNING] Minimisation finished with status 1 (covariance forced positive definite), this could indicate a problem with the minimim!
[WARNING] Minimisation finished with status 1 (covariance forced positive definite), this could indicate a problem with the minimim!
[WARNING] Minimisation finished with status 1 (covariance forced positive definite), this could indicate a problem with the minimim!
[WARNING] Minimisation finished with status 1 (covariance forced positive definite), this could indicate a problem with the minimim!
Info in <Minuit2>: Minuit2Minimizer::Minimize : Minimization did NOT converge, Edm is above max
[WARNING] Minimisation finished with status 1 (covariance forced positive definite), this could indicate a problem with the minimim!
[WARNING] Minimisation finished with status 1 (covariance forced positive definite), this could indicate a problem with the minimim!
[WARNING] Minimisation finished with status 1 (covariance forced positive definite), this could indicate a problem with the minimim!
[WARNING] Minimisation finished with status 1 (covariance forced positive definite), this could indicate a problem with the minimim!
[WARNING] Minimisation finished with status 1 (covariance forced positive definite), this could indicate a problem with the minimim!
[WARNING] Minimisation finished with status 1 (covariance forced positive definite), this could indicate a problem with the minimim!
[WARNING] Minimisation finished with status 1 (covariance forced positive definite), this could indicate a problem with the minimim!
[WARNING] Minimisation finished with status 1 (covariance forced positive definite), this could indicate a problem with the minimim!
[WARNING] Minimisation finished with status 1 (covariance forced positive definite), this could indicate a problem with the minimim!
[WARNING] Minimisation finished with status 1 (covariance forced positive definite), this could indicate a problem with the minimim!
[WARNING] Minimisation finished with status 1 (covariance forced positive definite), this could indicate a problem with the minimim!
[WARNING] Minimisation finished with status 1 (covariance forced positive definite), this could indicate a problem with the minimim!
[WARNING] Minimisation finished with status 1 (covariance forced positive definite), this could indicate a problem with the minimim!
[WARNING] Minimisation finished with status 1 (covariance forced positive definite), this could indicate a problem with the minimim!
[WARNING] Minimisation finished with status 1 (covariance forced positive definite), this could indicate a problem with the minimim!
[WARNING] Minimisation finished with status 1 (covariance forced positive definite), this could indicate a problem with the minimim!
[WARNING] Minimisation finished with status 1 (covariance forced positive definite), this could indicate a problem with the minimim!
[WARNING] Minimisation finished with status 1 (covariance forced positive definite), this could indicate a problem with the minimim!
[WARNING] Minimisation finished with status 1 (covariance forced positive definite), this could indicate a problem with the minimim!
[WARNING] Minimisation finished with status 1 (covariance forced positive definite), this could indicate a problem with the minimim!
[WARNING] Minimisation finished with status 1 (covariance forced positive definite), this could indicate a problem with the minimim!
[WARNING] Minimisation finished with status 1 (covariance forced positive definite), this could indicate a problem with the minimim!
[WARNING] Minimisation finished with status 1 (covariance forced positive definite), this could indicate a problem with the minimim!
[WARNING] Minimisation finished with status 1 (covariance forced positive definite), this could indicate a problem with the minimim!
[WARNING] Minimisation finished with status 1 (covariance forced positive definite), this could indicate a problem with the minimim!
[WARNING] Minimisation finished with status 1 (covariance forced positive definite), this could indicate a problem with the minimim!
[WARNING] Minimisation finished with status 1 (covariance forced positive definite), this could indicate a problem with the minimim!
[WARNING] Minimisation finished with status 1 (covariance forced positive definite), this could indicate a problem with the minimim!
[WARNING] Minimisation finished with status 1 (covariance forced positive definite), this could indicate a problem with the minimim!
[WARNING] Minimisation finished with status 1 (covariance forced positive definite), this could indicate a problem with the minimim!
[WARNING] Minimisation finished with status 1 (covariance forced positive definite), this could indicate a problem with the minimim!
[WARNING] Minimisation finished with status 1 (covariance forced positive definite), this could indicate a problem with the minimim!
[WARNING] Minimisation finished with status 1 (covariance forced positive definite), this could indicate a problem with the minimim!
[WARNING] Minimisation finished with status 1 (covariance forced positive definite), this could indicate a problem with the minimim!
[WARNING] Minimisation finished with status 1 (covariance forced positive definite), this could indicate a problem with the minimim!
[WARNING] Minimisation finished with status 1 (covariance forced positive definite), this could indicate a problem with the minimim!
[WARNING] Minimisation finished with status 1 (covariance forced positive definite), this could indicate a problem with the minimim!
[WARNING] Minimisation finished with status 1 (covariance forced positive definite), this could indicate a problem with the minimim!
[WARNING] Minimisation finished with status 1 (covariance forced positive definite), this could indicate a problem with the minimim!
[WARNING] Minimisation finished with status 1 (covariance forced positive definite), this could indicate a problem with the minimim!
[WARNING] Minimisation finished with status 1 (covariance forced positive definite), this could indicate a problem with the minimim!
[WARNING] Minimisation finished with status 1 (covariance forced positive definite), this could indicate a problem with the minimim!
[WARNING] Minimisation finished with status 1 (covariance forced positive definite), this could indicate a problem with the minimim!
[WARNING] Minimisation finished with status 1 (covariance forced positive definite), this could indicate a problem with the minimim!
[WARNING] Minimisation finished with status 1 (covariance forced positive definite), this could indicate a problem with the minimim!
[WARNING] Minimisation finished with status 1 (covariance forced positive definite), this could indicate a problem with the minimim!
[WARNING] Minimisation finished with status 1 (covariance forced positive definite), this could indicate a problem with the minimim!
[WARNING] Minimisation finished with status 1 (covariance forced positive definite), this could indicate a problem with the minimim!
[WARNING] Minimisation finished with status 1 (covariance forced positive definite), this could indicate a problem with the minimim!
[WARNING] Minimisation finished with status 1 (covariance forced positive definite), this could indicate a problem with the minimim!
[WARNING] Minimisation finished with status 1 (covariance forced positive definite), this could indicate a problem with the minimim!
[WARNING] Minimisation finished with status 1 (covariance forced positive definite), this could indicate a problem with the minimim!
[WARNING] Minimisation finished with status 1 (covariance forced positive definite), this could indicate a problem with the minimim!
[WARNING] Minimisation finished with status 1 (covariance forced positive definite), this could indicate a problem with the minimim!
[WARNING] Minimisation finished with status 1 (covariance forced positive definite), this could indicate a problem with the minimim!
[WARNING] Minimisation finished with status 1 (covariance forced positive definite), this could indicate a problem with the minimim!
[WARNING] Minimisation finished with status 1 (covariance forced positive definite), this could indicate a problem with the minimim!
[WARNING] Minimisation finished with status 1 (covariance forced positive definite), this could indicate a problem with the minimim!
[WARNING] Minimisation finished with status 1 (covariance forced positive definite), this could indicate a problem with the minimim!
[WARNING] Minimisation finished with status 1 (covariance forced positive definite), this could indicate a problem with the minimim!
[WARNING] Minimisation finished with status 1 (covariance forced positive definite), this could indicate a problem with the minimim!
[WARNING] Minimisation finished with status 1 (covariance forced positive definite), this could indicate a problem with the minimim!
[WARNING] Minimisation finished with status 1 (covariance forced positive definite), this could indicate a problem with the minimim!
[WARNING] Minimisation finished with status 1 (covariance forced positive definite), this could indicate a problem with the minimim!
[WARNING] Minimisation finished with status 1 (covariance forced positive definite), this could indicate a problem with the minimim!
[WARNING] Minimisation finished with status 1 (covariance forced positive definite), this could indicate a problem with the minimim!
[WARNING] Minimisation finished with status 1 (covariance forced positive definite), this could indicate a problem with the minimim!
[WARNING] Minimisation finished with status 1 (covariance forced positive definite), this could indicate a problem with the minimim!
[WARNING] Minimisation finished with status 1 (covariance forced positive definite), this could indicate a problem with the minimim!
[WARNING] Minimisation finished with status 1 (covariance forced positive definite), this could indicate a problem with the minimim!
[WARNING] Minimisation finished with status 1 (covariance forced positive definite), this could indicate a problem with the minimim!
[WARNING] Minimisation finished with status 1 (covariance forced positive definite), this could indicate a problem with the minimim!
Info in <Minuit2>: Minuit2Minimizer::Minimize : Minimization did NOT converge, Edm is above max
[WARNING] Minimisation finished with status 1 (covariance forced positive definite), this could indicate a problem with the minimim!
[WARNING] Minimisation finished with status 1 (covariance forced positive definite), this could indicate a problem with the minimim!
[WARNING] Minimisation finished with status 1 (covariance forced positive definite), this could indicate a problem with the minimim!
Info in <TCanvas::Print>: pdf file ./impacts.pdf has been created
Missing background ModelConfig 'ModelConfig_bonly' in workspace 'w' in file roostats-w1VZS2.root
Will make one from the signal ModelConfig 'ModelConfig' setting signal strenth 'r' to zero
