Channel ch1 will use autoMCStats with settings: event-threshold=10, include-signal=0, hist-mode=1
============================================================
Analysing bin errors for: prop_binch1
Poisson cut-off: 10
Processes excluded for sums: LFVTtVecC LFVStVecC
============================================================
Bin        Contents        Error           Notes                         
0          0.000000        0.000000        total sum                     
0          0.000000        0.000000        excluding marked processes    
  => Error is zero, ignore      
------------------------------------------------------------
1          18265.991087    76.140982       total sum                     
1          18263.019585    76.140982       excluding marked processes    
1          57532.000000    239.858291      Unweighted events, alpha=0.317493
  => Total parameter prop_binch1_bin1[0.00,-7.00,7.00] to be gaussian constrained
------------------------------------------------------------
2          35712.789569    80.465820       total sum                     
2          35699.544662    80.465820       excluding marked processes    
2          196835.000000   443.660907      Unweighted events, alpha=0.181435
  => Total parameter prop_binch1_bin2[0.00,-7.00,7.00] to be gaussian constrained
------------------------------------------------------------
3          33707.431236    76.776132       total sum                     
3          33681.852200    76.776132       excluding marked processes    
3          192460.000000   438.702633      Unweighted events, alpha=0.175140
  => Total parameter prop_binch1_bin3[0.00,-7.00,7.00] to be gaussian constrained
------------------------------------------------------------
4          21811.153131    59.099155       total sum                     
4          21776.824936    59.099155       excluding marked processes    
4          135777.000000   368.479307      Unweighted events, alpha=0.160640
  => Total parameter prop_binch1_bin4[0.00,-7.00,7.00] to be gaussian constrained
------------------------------------------------------------
5          12569.477949    37.671273       total sum                     
5          12523.725670    37.671273       excluding marked processes    
5          110521.000000   332.446988      Unweighted events, alpha=0.113729
  => Total parameter prop_binch1_bin5[0.00,-7.00,7.00] to be gaussian constrained
------------------------------------------------------------
6          8277.963453     32.574208       total sum                     
6          8209.846266     32.574208       excluding marked processes    
6          63522.000000    252.035712      Unweighted events, alpha=0.130316
  => Total parameter prop_binch1_bin6[0.00,-7.00,7.00] to be gaussian constrained
------------------------------------------------------------
7          3937.815621     19.299211       total sum                     
7          3857.205884     19.299211       excluding marked processes    
7          39945.000000    199.862453      Unweighted events, alpha=0.098581
  => Total parameter prop_binch1_bin7[0.00,-7.00,7.00] to be gaussian constrained
------------------------------------------------------------
8          2150.717481     14.160531       total sum                     
8          2059.825896     14.160531       excluding marked processes    
8          21159.000000    145.461335      Unweighted events, alpha=0.101646
  => Total parameter prop_binch1_bin8[0.00,-7.00,7.00] to be gaussian constrained
------------------------------------------------------------
9          883.247636      7.796093        total sum                     
9          792.592976      7.796093        excluding marked processes    
9          10336.000000    101.666120      Unweighted events, alpha=0.085454
  => Total parameter prop_binch1_bin9[0.00,-7.00,7.00] to be gaussian constrained
------------------------------------------------------------
10         375.612984      4.576704        total sum                     
10         282.564475      4.576704        excluding marked processes    
10         3812.000000     61.741396       Unweighted events, alpha=0.098534
  => Total parameter prop_binch1_bin10[0.00,-7.00,7.00] to be gaussian constrained
------------------------------------------------------------
11         191.941354      2.860775        total sum                     
11         104.121936      2.860775        excluding marked processes    
11         1325.000000     36.400549       Unweighted events, alpha=0.144861
  => Total parameter prop_binch1_bin11[0.00,-7.00,7.00] to be gaussian constrained
------------------------------------------------------------
12         0.000000        0.000000        total sum                     
12         0.000000        0.000000        excluding marked processes    
  => Error is zero, ignore      
------------------------------------------------------------
Channel ch2 will use autoMCStats with settings: event-threshold=10, include-signal=0, hist-mode=1
============================================================
Analysing bin errors for: prop_binch2
Poisson cut-off: 10
Processes excluded for sums: LFVTtVecC LFVStVecC
============================================================
Bin        Contents        Error           Notes                         
0          0.000000        0.000000        total sum                     
0          0.000000        0.000000        excluding marked processes    
  => Error is zero, ignore      
------------------------------------------------------------
1          3018.343915     12.872851       total sum                     
1          3018.269463     12.872851       excluding marked processes    
1          54975.000000    234.467482      Unweighted events, alpha=0.054904
  => Total parameter prop_binch2_bin1[0.00,-7.00,7.00] to be gaussian constrained
------------------------------------------------------------
2          14306.552473    29.389222       total sum                     
2          14305.767326    29.389222       excluding marked processes    
2          236944.000000   486.768939      Unweighted events, alpha=0.060379
  => Total parameter prop_binch2_bin2[0.00,-7.00,7.00] to be gaussian constrained
------------------------------------------------------------
3          17746.923067    31.555927       total sum                     
3          17745.006929    31.555927       excluding marked processes    
3          316221.000000   562.335309      Unweighted events, alpha=0.056122
  => Total parameter prop_binch2_bin3[0.00,-7.00,7.00] to be gaussian constrained
------------------------------------------------------------
4          14507.115885    28.072516       total sum                     
4          14503.806204    28.072516       excluding marked processes    
4          266932.000000   516.654624      Unweighted events, alpha=0.054348
  => Total parameter prop_binch2_bin4[0.00,-7.00,7.00] to be gaussian constrained
------------------------------------------------------------
5          8885.172453     22.533698       total sum                     
5          8879.952995     22.533698       excluding marked processes    
5          155295.000000   394.074866      Unweighted events, alpha=0.057215
  => Total parameter prop_binch2_bin5[0.00,-7.00,7.00] to be gaussian constrained
------------------------------------------------------------
6          6179.430037     18.603811       total sum                     
6          6171.375523     18.603811       excluding marked processes    
6          110042.000000   331.725790      Unweighted events, alpha=0.056155
  => Total parameter prop_binch2_bin6[0.00,-7.00,7.00] to be gaussian constrained
------------------------------------------------------------
7          2894.538907     12.316630       total sum                     
7          2885.534863     12.316630       excluding marked processes    
7          54887.000000    234.279747      Unweighted events, alpha=0.052736
  => Total parameter prop_binch2_bin7[0.00,-7.00,7.00] to be gaussian constrained
------------------------------------------------------------
8          1561.470961     9.205593        total sum                     
8          1551.546461     9.205593        excluding marked processes    
8          28407.000000    168.543763      Unweighted events, alpha=0.054968
  => Total parameter prop_binch2_bin8[0.00,-7.00,7.00] to be gaussian constrained
------------------------------------------------------------
9          589.004662      5.686026        total sum                     
9          579.293864      5.686026        excluding marked processes    
9          10380.000000    101.882285      Unweighted events, alpha=0.056744
  => Total parameter prop_binch2_bin9[0.00,-7.00,7.00] to be gaussian constrained
------------------------------------------------------------
10         201.461774      3.466547        total sum                     
10         190.497546      3.466547        excluding marked processes    
10         3020.000000     54.954527       Unweighted events, alpha=0.066709
  => Total parameter prop_binch2_bin10[0.00,-7.00,7.00] to be gaussian constrained
------------------------------------------------------------
11         66.374605       2.027651        total sum                     
11         56.926912       2.027651        excluding marked processes    
11         788.000000      28.071338       Unweighted events, alpha=0.084232
  => Total parameter prop_binch2_bin11[0.00,-7.00,7.00] to be gaussian constrained
------------------------------------------------------------
12         0.000000        0.000000        total sum                     
12         0.000000        0.000000        excluding marked processes    
  => Error is zero, ignore      
------------------------------------------------------------
Have POIs: ['r']
 <<< Combine >>> 
>>> including systematics
   Options for Robust Minimizer :: 
        Tolerance  0.1
        Strategy   0
        Type,Algo  Minuit2,Migrad
>>> method used is MultiDimFit
>>> random number generator seed is 123456
RooArgSet:: = ()
Computing results starting from observation (a-posteriori)

 --- MultiDimFit ---
best fit parameter values and profile-likelihood uncertainties: 
   r :    -0.039   -0.140/+0.144 (68%)
Done in 0.05 min (cpu), 0.05 min (real)
>> combine -M MultiDimFit -n _initialFit_Test --algo singles --redefineSignalPOIs r --robustFit 1 --rMin -1 --rMax 1 -m 125 -d LFVVecC_2016_com.root
Have POIs: ['r']
Have parameters: 83
 <<< Combine >>> 
 <<< Combine >>> 
 <<< Combine >>> 
 <<< Combine >>> 
 <<< Combine >>> 
 <<< Combine >>> 
 <<< Combine >>> 
 <<< Combine >>> 
>>> including systematics
>>> including systematics
>>> including systematics
>>> including systematics
>>> including systematics
>>> including systematics
>>> including systematics
>>> including systematics
   Options for Robust Minimizer :: 
   Options for Robust Minimizer :: 
   Options for Robust Minimizer :: 
   Options for Robust Minimizer :: 
   Options for Robust Minimizer :: 
   Options for Robust Minimizer :: 
        Tolerance  0.1
        Tolerance  0.1
        Tolerance  0.1
        Tolerance  0.1
        Strategy   0
        Strategy   0
        Tolerance  0.1
        Tolerance  0.1
        Type,Algo  Minuit2,Migrad
        Strategy   0
        Type,Algo  Minuit2,Migrad
        Strategy   0
        Strategy   0
        Strategy   0
   Options for Robust Minimizer :: 
   Options for Robust Minimizer :: 
        Type,Algo  Minuit2,Migrad
>>> method used is MultiDimFit
        Type,Algo  Minuit2,Migrad
>>> method used is MultiDimFit
        Type,Algo  Minuit2,Migrad
        Type,Algo  Minuit2,Migrad
>>> random number generator seed is 123456
>>> method used is MultiDimFit
>>> random number generator seed is 123456
        Tolerance  0.1
>>> method used is MultiDimFit
        Tolerance  0.1
>>> method used is MultiDimFit
>>> method used is MultiDimFit
>>> random number generator seed is 123456
>>> random number generator seed is 123456
        Strategy   0
        Strategy   0
>>> random number generator seed is 123456
        Type,Algo  Minuit2,Migrad
        Type,Algo  Minuit2,Migrad
>>> random number generator seed is 123456
>>> method used is MultiDimFit
>>> method used is MultiDimFit
>>> random number generator seed is 123456
>>> random number generator seed is 123456
RooArgSet:: = ()
Computing results starting from observation (a-posteriori)
RooArgSet:: = ()
Computing results starting from observation (a-posteriori)
RooArgSet:: = ()
Computing results starting from observation (a-posteriori)
RooArgSet:: = ()
RooArgSet:: = ()
Computing results starting from observation (a-posteriori)
Computing results starting from observation (a-posteriori)
RooArgSet:: = ()
Computing results starting from observation (a-posteriori)
RooArgSet:: = ()
Computing results starting from observation (a-posteriori)
RooArgSet:: = ()
Computing results starting from observation (a-posteriori)
Error: minimization failed at Y2016jesTimePtEta = 1.0738

 --- MultiDimFit ---
Parameter impacts: 

 --- MultiDimFit ---
Parameter impacts: 
  Parameter  :   Best-fit               r            
  Signal_pdf :   +0.005  -0.994/+0.994  -0.000/+0.000
Done in 0.04 min (cpu), 0.05 min (real)

 --- MultiDimFit ---
Parameter impacts: 
 <<< Combine >>> 
>>> including systematics
   Options for Robust Minimizer :: 
        Tolerance  0.1
        Strategy   0
        Type,Algo  Minuit2,Migrad
>>> method used is MultiDimFit
>>> random number generator seed is 123456
  Parameter  :   Best-fit               r            
  Signal_FSR :   +0.004  -0.994/+0.994  +0.001/-0.001
Done in 0.04 min (cpu), 0.05 min (real)

 --- MultiDimFit ---
Parameter impacts: 
  Parameter             :   Best-fit               r            
  Y2016jesRelativePtEC1 :   -0.015  -0.965/+0.963  -0.000/-0.000
Done in 0.05 min (cpu), 0.05 min (real)
 <<< Combine >>> 
>>> including systematics
   Options for Robust Minimizer :: 
        Tolerance  0.1
        Strategy   0
        Type,Algo  Minuit2,Migrad
>>> method used is MultiDimFit
>>> random number generator seed is 123456
  Parameter :   Best-fit               r            
  eleRecoSf :   -0.196  -0.989/+0.990  +0.001/-0.000
Done in 0.05 min (cpu), 0.06 min (real)

 --- MultiDimFit ---
Parameter impacts: 
 <<< Combine >>> 
>>> including systematics
   Options for Robust Minimizer :: 
        Tolerance  0.1
        Strategy   0
        Type,Algo  Minuit2,Migrad
>>> method used is MultiDimFit
>>> random number generator seed is 123456
 <<< Combine >>> 
>>> including systematics
   Options for Robust Minimizer :: 
        Tolerance  0.1
        Strategy   0
        Type,Algo  Minuit2,Migrad
>>> method used is MultiDimFit
>>> random number generator seed is 123456
  Parameter         :   Best-fit               r            
  Y2016jesTimePtEta :   +0.097  -1.005/+0.000  -0.011/-0.000
Done in 0.06 min (cpu), 0.08 min (real)
 <<< Combine >>> 
>>> including systematics
   Options for Robust Minimizer :: 
        Tolerance  0.1
        Strategy   0
        Type,Algo  Minuit2,Migrad
>>> method used is MultiDimFit
>>> random number generator seed is 123456
Error: minimization failed at Y2016jesRelativeStatEC = -0.384573

 --- MultiDimFit ---
Parameter impacts: 
  Parameter              :   Best-fit               r            
  Y2016jesRelativeStatEC :   +0.216  +0.000/+0.811  -0.000/-0.001
Done in 0.08 min (cpu), 0.10 min (real)
 <<< Combine >>> 
>>> including systematics
   Options for Robust Minimizer :: 
        Tolerance  0.1
        Strategy   0
        Type,Algo  Minuit2,Migrad
>>> method used is MultiDimFit
>>> random number generator seed is 123456
Error: closed range without finding crossing.

 --- MultiDimFit ---
Parameter impacts: 
  Parameter :   Best-fit               r            
  DY_norm   :   +0.768  -1.160/+1.166  -0.004/+0.007
Done in 0.11 min (cpu), 0.14 min (real)
 <<< Combine >>> 
RooArgSet:: = ()
>>> including systematics
   Options for Robust Minimizer :: 
        Tolerance  0.1
        Strategy   0
        Type,Algo  Minuit2,Migrad
>>> method used is MultiDimFit
>>> random number generator seed is 123456
Computing results starting from observation (a-posteriori)
RooArgSet:: = ()
Computing results starting from observation (a-posteriori)
RooArgSet:: = ()
Computing results starting from observation (a-posteriori)
RooArgSet:: = ()
Computing results starting from observation (a-posteriori)

 --- MultiDimFit ---
Parameter impacts: 
RooArgSet:: = ()
Computing results starting from observation (a-posteriori)
RooArgSet:: = ()
Computing results starting from observation (a-posteriori)
  Parameter            :   Best-fit               r            
  Y2016jesAbsoluteStat :   -0.334  -0.979/+0.000  +0.001/-0.000
Done in 0.13 min (cpu), 0.16 min (real)
 <<< Combine >>> 
>>> including systematics
   Options for Robust Minimizer :: 
        Tolerance  0.1
        Strategy   0
        Type,Algo  Minuit2,Migrad
>>> method used is MultiDimFit
>>> random number generator seed is 123456

 --- MultiDimFit ---
Parameter impacts: 
  Parameter  :   Best-fit               r            
  Signal_ISR :   +0.002  -0.994/+0.995  +0.000/-0.000
Done in 0.05 min (cpu), 0.06 min (real)

 --- MultiDimFit ---
Parameter impacts: 
 <<< Combine >>> 
>>> including systematics
   Options for Robust Minimizer :: 
        Tolerance  0.1
        Strategy   0
        Type,Algo  Minuit2,Migrad
>>> method used is MultiDimFit
>>> random number generator seed is 123456
  Parameter             :   Best-fit               r            
  Y2016jesRelativePtEC2 :   -0.000  -0.994/+0.994  -0.000/-0.000
Done in 0.06 min (cpu), 0.07 min (real)

 --- MultiDimFit ---
Parameter impacts: 
Error: minimization failed at electronScale = -0.00574149
  Parameter               :   Best-fit               r            
  Y2016jesRelativeStatFSR :   +0.106  -1.006/+0.997  +0.000/-0.001
Done in 0.05 min (cpu), 0.08 min (real)

 --- MultiDimFit ---
Parameter impacts: 
 <<< Combine >>> 
>>> including systematics
   Options for Robust Minimizer :: 
        Tolerance  0.1
        Strategy   0
        Type,Algo  Minuit2,Migrad
>>> method used is MultiDimFit
>>> random number generator seed is 123456

 --- MultiDimFit ---
Parameter impacts: 
 <<< Combine >>> 
>>> including systematics
   Options for Robust Minimizer :: 
        Tolerance  0.1
        Strategy   0
        Type,Algo  Minuit2,Migrad
>>> method used is MultiDimFit
>>> random number generator seed is 123456
RooArgSet:: = ()
Computing results starting from observation (a-posteriori)
  Parameter    :   Best-fit               r            
  Y2016bcTagSF :   -0.857  -0.221/+0.228  -0.040/+0.041
Done in 0.09 min (cpu), 0.14 min (real)
  Parameter      :   Best-fit               r            
  Y2016unclusMET :   +1.631  -0.759/+0.682  -0.005/+0.004
Done in 0.07 min (cpu), 0.13 min (real)
 <<< Combine >>> 
 <<< Combine >>> 
>>> including systematics
   Options for Robust Minimizer :: 
        Tolerance  0.1
        Strategy   0
        Type,Algo  Minuit2,Migrad
>>> method used is MultiDimFit
>>> random number generator seed is 123456
>>> including systematics
   Options for Robust Minimizer :: 
        Tolerance  0.1
        Strategy   0
        Type,Algo  Minuit2,Migrad
>>> method used is MultiDimFit
>>> random number generator seed is 123456

 --- MultiDimFit ---
Parameter impacts: 
  Parameter     :   Best-fit               r            
  electronScale :   -0.936  -0.954/+0.000  +0.017/-0.000
Done in 0.10 min (cpu), 0.16 min (real)
 <<< Combine >>> 
>>> including systematics
   Options for Robust Minimizer :: 
        Tolerance  0.1
        Strategy   0
        Type,Algo  Minuit2,Migrad
>>> method used is MultiDimFit
>>> random number generator seed is 123456
RooArgSet:: = ()
Computing results starting from observation (a-posteriori)
Error: minimization failed at Jets_norm = 1.15499
RooArgSet:: = ()
Computing results starting from observation (a-posteriori)
RooArgSet:: = ()
Computing results starting from observation (a-posteriori)
RooArgSet:: = ()
Computing results starting from observation (a-posteriori)

 --- MultiDimFit ---
Parameter impacts: 
RooArgSet:: = ()
Computing results starting from observation (a-posteriori)
RooArgSet:: = ()
Computing results starting from observation (a-posteriori)
  Parameter :   Best-fit               r            
  Jets_norm :   +0.064  -1.048/+0.000  -0.000/-0.000
Done in 0.08 min (cpu), 0.12 min (real)
 <<< Combine >>> 
>>> including systematics
   Options for Robust Minimizer :: 
        Tolerance  0.1
        Strategy   0
        Type,Algo  Minuit2,Migrad
>>> method used is MultiDimFit
>>> random number generator seed is 123456
RooArgSet:: = ()
Computing results starting from observation (a-posteriori)
Error: closed range without finding crossing.

 --- MultiDimFit ---
Parameter impacts: 

 --- MultiDimFit ---
Parameter impacts: 
  Parameter              :   Best-fit               r            
  Y2016jesRelativeStatHF :   -0.000  -0.994/+0.994  -0.000/-0.000
Done in 0.06 min (cpu), 0.08 min (real)
  Parameter :   Best-fit               r            
  Signal_QS :   -0.000  -0.995/+0.994  -0.000/+0.001
Done in 0.06 min (cpu), 0.08 min (real)
 <<< Combine >>> 
>>> including systematics
   Options for Robust Minimizer :: 
        Tolerance  0.1
        Strategy   0
        Type,Algo  Minuit2,Migrad
>>> method used is MultiDimFit
>>> random number generator seed is 123456
 <<< Combine >>> 
>>> including systematics
   Options for Robust Minimizer :: 
        Tolerance  0.1
        Strategy   0
        Type,Algo  Minuit2,Migrad
>>> method used is MultiDimFit
>>> random number generator seed is 123456
Error: minimization failed at jesAbsoluteMPFBias = 0.795152

 --- MultiDimFit ---
Parameter impacts: 
Error: minimization failed at Y2016jesRelativeJEREC1 = -0.649381
  Parameter :   Best-fit               r            
  eleIDSf   :   +0.153  -0.963/+0.965  +0.007/-0.006
Done in 0.06 min (cpu), 0.08 min (real)

 --- MultiDimFit ---
Parameter impacts: 
 <<< Combine >>> 
>>> including systematics
   Options for Robust Minimizer :: 
        Tolerance  0.1
        Strategy   0
        Type,Algo  Minuit2,Migrad
>>> method used is MultiDimFit
>>> random number generator seed is 123456
RooArgSet:: = ()
Computing results starting from observation (a-posteriori)
  Parameter              :   Best-fit               r            
  Y2016jesRelativeJEREC1 :   +0.085  +0.000/+0.000  -0.000/-0.000
Done in 0.12 min (cpu), 0.17 min (real)

 --- MultiDimFit ---
Parameter impacts: 
 <<< Combine >>> 
>>> including systematics
   Options for Robust Minimizer :: 
        Tolerance  0.1
        Strategy   0
        Type,Algo  Minuit2,Migrad
>>> method used is MultiDimFit
>>> random number generator seed is 123456

 --- MultiDimFit ---
Parameter impacts: 
  Parameter              :   Best-fit               r            
  Y2016jesRelativeSample :   -0.427  -1.196/+0.584  Parameter          :   Best-fit               r            
  jesAbsoluteMPFBias :   -0.009  -0.895/+0.000  +0.002/-0.000
Done in 0.07 min (cpu), 0.08 min (real)
  +0.008/-0.002
Done in 0.09 min (cpu), 0.12 min (real)
 <<< Combine >>> 
 <<< Combine >>> 
>>> including systematics
   Options for Robust Minimizer :: 
>>> including systematics
        Tolerance  0.1
        Strategy   0
        Type,Algo  Minuit2,Migrad
>>> method used is MultiDimFit
>>> random number generator seed is 123456
   Options for Robust Minimizer :: 
        Tolerance  0.1
        Strategy   0
        Type,Algo  Minuit2,Migrad
>>> method used is MultiDimFit
>>> random number generator seed is 123456

 --- MultiDimFit ---
Parameter impacts: 
  Parameter :   Best-fit               r            
  Y2016jer  :   +0.276  -0.795/+0.688  +0.001/+0.016
Done in 0.08 min (cpu), 0.12 min (real)
 <<< Combine >>> 
>>> including systematics
   Options for Robust Minimizer :: 
        Tolerance  0.1
        Strategy   0
        Type,Algo  Minuit2,Migrad
>>> method used is MultiDimFit
>>> random number generator seed is 123456
RooArgSet:: = ()
RooArgSet:: = ()
Computing results starting from observation (a-posteriori)
Computing results starting from observation (a-posteriori)

 --- MultiDimFit ---
Parameter impacts: 
  Parameter  :   Best-fit               r            
  Other_norm :   -0.117  -0.973/+0.965  +0.004/-0.005
Done in 0.06 min (cpu), 0.09 min (real)
RooArgSet:: = ()
Computing results starting from observation (a-posteriori)
 <<< Combine >>> 
>>> including systematics
   Options for Robust Minimizer :: 
        Tolerance  0.1
        Strategy   0
        Type,Algo  Minuit2,Migrad
>>> method used is MultiDimFit
>>> random number generator seed is 123456
RooArgSet:: = ()
Computing results starting from observation (a-posteriori)
RooArgSet:: = ()
Computing results starting from observation (a-posteriori)
RooArgSet:: = ()
Computing results starting from observation (a-posteriori)

 --- MultiDimFit ---
Parameter impacts: 
RooArgSet:: = ()
Computing results starting from observation (a-posteriori)

 --- MultiDimFit ---
Parameter impacts: 
  Parameter        :   Best-fit               r            
  jesAbsoluteScale :   +0.033  -1.055/+1.031  +0.000/+0.003
Done in 0.05 min (cpu), 0.08 min (real)
  Parameter     :   Best-fit               r            
  jesPileUpPtBB :   +0.037  -0.970/+0.967  +0.001/+0.001
Done in 0.06 min (cpu), 0.08 min (real)
 <<< Combine >>> 
>>> including systematics
   Options for Robust Minimizer :: 
        Tolerance  0.1
        Strategy   0
        Type,Algo  Minuit2,Migrad
>>> method used is MultiDimFit
>>> random number generator seed is 123456
 <<< Combine >>> 
>>> including systematics
   Options for Robust Minimizer :: 
        Tolerance  0.1
        Strategy   0
        Type,Algo  Minuit2,Migrad
>>> method used is MultiDimFit
>>> random number generator seed is 123456
RooArgSet:: = ()
Computing results starting from observation (a-posteriori)

 --- MultiDimFit ---
Parameter impacts: 

 --- MultiDimFit ---
Parameter impacts: 

 --- MultiDimFit ---
Parameter impacts: 
  Parameter     :   Best-fit               r            
  jesPileUpPtHF :   -0.000  -0.994/+0.994  -0.000/-0.000
Done in 0.06 min (cpu), 0.09 min (real)
  Parameter       :   Best-fit               r            
  jesRelativePtHF :   -0.000  -0.994/+0.994  -0.000/-0.000
Done in 0.06 min (cpu), 0.08 min (real)
  Parameter              :   Best-fit               r            
  Y2016jesRelativeJEREC2 :   -0.000  -0.994/+0.994  -0.000/-0.000
Done in 0.06 min (cpu), 0.08 min (real)
 <<< Combine >>> 
>>> including systematics
   Options for Robust Minimizer :: 
        Tolerance  0.1
        Strategy   0
        Type,Algo  Minuit2,Migrad
>>> method used is MultiDimFit
>>> random number generator seed is 123456
 <<< Combine >>> 
>>> including systematics
   Options for Robust Minimizer :: 
        Tolerance  0.1
        Strategy   0
        Type,Algo  Minuit2,Migrad
>>> method used is MultiDimFit
>>> random number generator seed is 123456
 <<< Combine >>> 
>>> including systematics
   Options for Robust Minimizer :: 
        Tolerance  0.1
        Strategy   0
        Type,Algo  Minuit2,Migrad
>>> method used is MultiDimFit
>>> random number generator seed is 123456

 --- MultiDimFit ---
Parameter impacts: 
  Parameter :   Best-fit               r            
  lumi2016  :   +0.066  -0.913/+0.911  -0.004/+0.004
Done in 0.08 min (cpu), 0.13 min (real)
RooArgSet:: = ()
Computing results starting from observation (a-posteriori)
RooArgSet:: = ()
Computing results starting from observation (a-posteriori)
Error: minimization failed at jesRelativeFSR = -0.716876
 <<< Combine >>> 
>>> including systematics
   Options for Robust Minimizer :: 
        Tolerance  0.1
        Strategy   0
        Type,Algo  Minuit2,Migrad
>>> method used is MultiDimFit
>>> random number generator seed is 123456

 --- MultiDimFit ---
Parameter impacts: 
  Parameter      :   Best-fit               r            
  jesRelativeFSR :   +0.469  +0.000/+0.934  -0.000/-0.006
Done in 0.10 min (cpu), 0.15 min (real)

 --- MultiDimFit ---
Parameter impacts: 
 <<< Combine >>> 
>>> including systematics
   Options for Robust Minimizer :: 
        Tolerance  0.1
        Strategy   0
        Type,Algo  Minuit2,Migrad
>>> method used is MultiDimFit
>>> random number generator seed is 123456
  Parameter  :   Best-fit               r            
  lumiGhostS :   +0.012  -0.992/+0.992  -0.001/+0.001
Done in 0.06 min (cpu), 0.10 min (real)
 <<< Combine >>> 
>>> including systematics
   Options for Robust Minimizer :: 
        Tolerance  0.1
        Strategy   0
        Type,Algo  Minuit2,Migrad
>>> method used is MultiDimFit
>>> random number generator seed is 123456
RooArgSet:: = ()
Computing results starting from observation (a-posteriori)
RooArgSet:: = ()
Computing results starting from observation (a-posteriori)
RooArgSet:: = ()
Computing results starting from observation (a-posteriori)
Error: minimization failed at jesFlavorQCD = -0.00308518
RooArgSet:: = ()
Computing results starting from observation (a-posteriori)
RooArgSet:: = ()
Computing results starting from observation (a-posteriori)

 --- MultiDimFit ---
Parameter impacts: 
Error: minimization failed at jesPileUpPtEC1 = -0.489751

 --- MultiDimFit ---
Parameter impacts: 

 --- MultiDimFit ---
Parameter impacts: 
  Parameter    :   Best-fit               r            
  jesFlavorQCD :   -0.603  -0.631/+0.000  -0.004/-0.000
Done in 0.09 min (cpu), 0.13 min (real)

 --- MultiDimFit ---
Parameter impacts: 
  Parameter      :   Best-fit               r            
  jesPileUpPtEC1 :   +0.233  +0.000/+0.872  -0.000/-0.002
Done in 0.09 min (cpu), 0.14 min (real)
 <<< Combine >>> 
>>> including systematics
   Options for Robust Minimizer :: 
        Tolerance  0.1
        Strategy   0
        Type,Algo  Minuit2,Migrad
>>> method used is MultiDimFit
>>> random number generator seed is 123456
  Parameter      :   Best-fit               r            
  jesPileUpPtRef :   +0.254  -0.958/+0.980  +0.003/-0.001
Done in 0.06 min (cpu), 0.09 min (real)
  Parameter          :   Best-fit               r            
  jesRelativeStatFSR :   +0.106  -1.006/+0.997  +0.000/-0.001
Done in 0.06 min (cpu), 0.10 min (real)
 <<< Combine >>> 
>>> including systematics
   Options for Robust Minimizer :: 
        Tolerance  0.1
        Strategy   0
        Type,Algo  Minuit2,Migrad
>>> method used is MultiDimFit
>>> random number generator seed is 123456
 <<< Combine >>> 
>>> including systematics
   Options for Robust Minimizer :: 
        Tolerance  0.1
        Strategy   0
        Type,Algo  Minuit2,Migrad
>>> method used is MultiDimFit
>>> random number generator seed is 123456
RooArgSet:: = ()
Computing results starting from observation (a-posteriori)
 <<< Combine >>> 
>>> including systematics
   Options for Robust Minimizer :: 
        Tolerance  0.1
        Strategy   0
        Type,Algo  Minuit2,Migrad
>>> method used is MultiDimFit
>>> random number generator seed is 123456

 --- MultiDimFit ---
Parameter impacts: 
  Parameter :   Best-fit               r            
  muIsoSf   :   +0.044  -0.994/+0.994  -0.000/+0.001
Done in 0.07 min (cpu), 0.14 min (real)

 --- MultiDimFit ---
Parameter impacts: 
 <<< Combine >>> 
>>> including systematics
   Options for Robust Minimizer :: 
        Tolerance  0.1
        Strategy   0
        Type,Algo  Minuit2,Migrad
>>> method used is MultiDimFit
>>> random number generator seed is 123456
  Parameter :   Best-fit               r            
  lumiBBDef :   +0.012  -0.992/+0.992  -0.001/+0.001
Done in 0.05 min (cpu), 0.11 min (real)
 <<< Combine >>> 
>>> including systematics
   Options for Robust Minimizer :: 
        Tolerance  0.1
        Strategy   0
        Type,Algo  Minuit2,Migrad
>>> method used is MultiDimFit
>>> random number generator seed is 123456

 --- MultiDimFit ---
Parameter impacts: 
  Parameter        :   Best-fit               r            
  jesRelativeJERHF :   -0.000  -0.994/+0.994  -0.000/-0.000
Done in 0.06 min (cpu), 0.12 min (real)
 <<< Combine >>> 
>>> including systematics
   Options for Robust Minimizer :: 
        Tolerance  0.1
        Strategy   0
        Type,Algo  Minuit2,Migrad
>>> method used is MultiDimFit
>>> random number generator seed is 123456

 --- MultiDimFit ---
Parameter impacts: 
  Parameter :   Best-fit               r            
  lumiXY    :   +0.027  -0.981/+0.981  -0.001/+0.002
Done in 0.06 min (cpu), 0.11 min (real)
 <<< Combine >>> 
>>> including systematics
   Options for Robust Minimizer :: 
        Tolerance  0.1
        Strategy   0
        Type,Algo  Minuit2,Migrad
>>> method used is MultiDimFit
>>> random number generator seed is 123456
RooArgSet:: = ()
RooArgSet:: = ()
Computing results starting from observation (a-posteriori)
Computing results starting from observation (a-posteriori)
RooArgSet:: = ()
Computing results starting from observation (a-posteriori)
RooArgSet:: = ()
Computing results starting from observation (a-posteriori)
RooArgSet:: = ()
Computing results starting from observation (a-posteriori)
RooArgSet:: = ()
Computing results starting from observation (a-posteriori)
RooArgSet:: = ()
Computing results starting from observation (a-posteriori)

 --- MultiDimFit ---
Parameter impacts: 
Error: minimization failed at jesFragmentation = 0.751895
  Parameter      :   Best-fit               r            
  jesPileUpPtEC2 :   -0.000  -0.994/+0.994  -0.000/-0.000
Done in 0.06 min (cpu), 0.11 min (real)
 <<< Combine >>> 
>>> including systematics
   Options for Robust Minimizer :: 
        Tolerance  0.1
        Strategy   0
        Type,Algo  Minuit2,Migrad
>>> method used is MultiDimFit
>>> random number generator seed is 123456

 --- MultiDimFit ---
Parameter impacts: 
RooArgSet:: = ()
Computing results starting from observation (a-posteriori)
  Parameter         :   Best-fit               r            
  jesRelativeStatHF :   -0.000  -0.994/+0.994  -0.000/-0.000
Done in 0.06 min (cpu), 0.11 min (real)
 <<< Combine >>> 
>>> including systematics
   Options for Robust Minimizer :: 
        Tolerance  0.1
        Strategy   0
        Type,Algo  Minuit2,Migrad
>>> method used is MultiDimFit
>>> random number generator seed is 123456

 --- MultiDimFit ---
Parameter impacts: 

 --- MultiDimFit ---
Parameter impacts: 

 --- MultiDimFit ---
Parameter impacts: 
  Parameter :   Best-fit               r            
  muonRes   :   -0.023  -0.970/+0.969  -0.005/-0.001
Done in 0.06 min (cpu), 0.11 min (real)
  Parameter        :   Best-fit               r            
  jesFragmentation :   -0.279  -1.008/+0.000  +0.003/-0.000
Done in 0.10 min (cpu), 0.16 min (real)
 <<< Combine >>> 
>>> including systematics
   Options for Robust Minimizer :: 
        Tolerance  0.1
        Strategy   0
        Type,Algo  Minuit2,Migrad
>>> method used is MultiDimFit
>>> random number generator seed is 123456
Error: closed range without finding crossing.

 --- MultiDimFit ---
Parameter impacts: 
  Parameter    :   Best-fit               r            
  lumiDynamicB :   +0.015  -0.990/+0.990  -0.001/+0.001
Done in 0.07 min (cpu), 0.11 min (real)
 <<< Combine >>> 
>>> including systematics
   Options for Robust Minimizer :: 
        Tolerance  0.1
        Strategy   0
        Type,Algo  Minuit2,Migrad
>>> method used is MultiDimFit
>>> random number generator seed is 123456
 <<< Combine >>> 
>>> including systematics
   Options for Robust Minimizer :: 
        Tolerance  0.1
        Strategy   0
        Type,Algo  Minuit2,Migrad
>>> method used is MultiDimFit
>>> random number generator seed is 123456
  Parameter      :   Best-fit               r            
  jesRelativeBal :   -0.005  +0.000/+0.807  -0.000/+0.009
Done in 0.10 min (cpu), 0.17 min (real)

 --- MultiDimFit ---
Parameter impacts: 
 <<< Combine >>> 
>>> including systematics
   Options for Robust Minimizer :: 
        Tolerance  0.1
        Strategy   0
        Type,Algo  Minuit2,Migrad
>>> method used is MultiDimFit
>>> random number generator seed is 123456
  Parameter       :   Best-fit               r            
  jesRelativePtBB :   +0.085  -0.992/+0.993  -0.001/+0.002
Done in 0.06 min (cpu), 0.10 min (real)
 <<< Combine >>> 
>>> including systematics
   Options for Robust Minimizer :: 
        Tolerance  0.1
        Strategy   0
        Type,Algo  Minuit2,Migrad
>>> method used is MultiDimFit
>>> random number generator seed is 123456

 --- MultiDimFit ---
Parameter impacts: 
  Parameter :   Best-fit               r            
  muIdSf    :   -0.259  -0.986/+0.989  +0.001/-0.001
Done in 0.06 min (cpu), 0.09 min (real)
RooArgSet:: = ()
 <<< Combine >>> 
Computing results starting from observation (a-posteriori)
>>> including systematics
   Options for Robust Minimizer :: 
        Tolerance  0.1
        Strategy   0
        Type,Algo  Minuit2,Migrad
>>> method used is MultiDimFit
>>> random number generator seed is 123456
RooArgSet:: = ()
Computing results starting from observation (a-posteriori)
RooArgSet:: = ()
Computing results starting from observation (a-posteriori)

 --- MultiDimFit ---
Parameter impacts: 
  Parameter :   Best-fit               r            
  prefiring :   +0.153  -0.988/+0.988  -0.001/+0.001
Done in 0.06 min (cpu), 0.14 min (real)
 <<< Combine >>> 
>>> including systematics
   Options for Robust Minimizer :: 
        Tolerance  0.1
        Strategy   0
        Type,Algo  Minuit2,Migrad
>>> method used is MultiDimFit
>>> random number generator seed is 123456
RooArgSet:: = ()
Computing results starting from observation (a-posteriori)
RooArgSet:: = ()
Computing results starting from observation (a-posteriori)
RooArgSet:: = ()
Computing results starting from observation (a-posteriori)
RooArgSet:: = ()
Computing results starting from observation (a-posteriori)
RooArgSet:: = ()
Computing results starting from observation (a-posteriori)

 --- MultiDimFit ---
Parameter impacts: 

 --- MultiDimFit ---
Parameter impacts: 
  Parameter         :   Best-fit               r            
  prop_binch1_bin11 :   -0.024  -0.982/+0.983  +0.026/-0.025
Done in 0.06 min (cpu), 0.12 min (real)
  Parameter :   Best-fit               r            
  muonScale :   +0.017  -0.958/+0.959  -0.004/-0.005
Done in 0.06 min (cpu), 0.12 min (real)
 <<< Combine >>> 
>>> including systematics
   Options for Robust Minimizer :: 
        Tolerance  0.1
        Strategy   0
        Type,Algo  Minuit2,Migrad
>>> method used is MultiDimFit
>>> random number generator seed is 123456
 <<< Combine >>> 
>>> including systematics
   Options for Robust Minimizer :: 
        Tolerance  0.1
        Strategy   0
        Type,Algo  Minuit2,Migrad
>>> method used is MultiDimFit
>>> random number generator seed is 123456

 --- MultiDimFit ---
Parameter impacts: 
  Parameter        :   Best-fit               r            
  prop_binch1_bin7 :   -0.771  -0.955/+0.957  -0.004/+0.004
Done in 0.06 min (cpu), 0.12 min (real)
RooArgSet:: = ()
Computing results starting from observation (a-posteriori)

 --- MultiDimFit ---
Parameter impacts: 
 <<< Combine >>> 
>>> including systematics
   Options for Robust Minimizer :: 
        Tolerance  0.1
        Strategy   0
        Type,Algo  Minuit2,Migrad
>>> method used is MultiDimFit
>>> random number generator seed is 123456

 --- MultiDimFit ---
Parameter impacts: 
  Parameter        :   Best-fit               r            
  prop_binch2_bin1 :   +0.384  -0.975/+0.975  -0.003/+0.003
Done in 0.07 min (cpu), 0.14 min (real)
 <<< Combine >>> 
>>> including systematics
   Options for Robust Minimizer :: 
        Tolerance  0.1
        Strategy   0
        Type,Algo  Minuit2,Migrad
>>> method used is MultiDimFit
>>> random number generator seed is 123456
  Parameter        :   Best-fit               r            
  prop_binch2_bin2 :   +0.362  -0.980/+0.981  -0.002/+0.002
Done in 0.07 min (cpu), 0.14 min (real)

 --- MultiDimFit ---
Parameter impacts: 
 <<< Combine >>> 
>>> including systematics
   Options for Robust Minimizer :: 
        Tolerance  0.1
        Strategy   0
        Type,Algo  Minuit2,Migrad
>>> method used is MultiDimFit
>>> random number generator seed is 123456

 --- MultiDimFit ---
Parameter impacts: 
  Parameter        :   Best-fit               r            
  prop_binch2_bin5 :   -0.112  -0.977/+0.978  +0.002/-0.002
Done in 0.06 min (cpu), 0.12 min (real)
  Parameter        :   Best-fit               r            
  prop_binch1_bin4 :   +0.049  -0.949/+0.950  -0.003/+0.003
Done in 0.09 min (cpu), 0.18 min (real)
 <<< Combine >>> 
>>> including systematics
   Options for Robust Minimizer :: 
        Tolerance  0.1
        Strategy   0
        Type,Algo  Minuit2,Migrad
>>> method used is MultiDimFit
>>> random number generator seed is 123456
 <<< Combine >>> 
>>> including systematics
   Options for Robust Minimizer :: 
        Tolerance  0.1
        Strategy   0
        Type,Algo  Minuit2,Migrad
>>> method used is MultiDimFit
>>> random number generator seed is 123456

 --- MultiDimFit ---
Parameter impacts: 
RooArgSet:: = ()
Computing results starting from observation (a-posteriori)
  Parameter        :   Best-fit               r            
  prop_binch1_bin1 :   -0.217  -0.950/+0.952  -0.004/+0.003
Done in 0.06 min (cpu), 0.13 min (real)
 <<< Combine >>> 
>>> including systematics
   Options for Robust Minimizer :: 
        Tolerance  0.1
        Strategy   0
        Type,Algo  Minuit2,Migrad
>>> method used is MultiDimFit
>>> random number generator seed is 123456
RooArgSet:: = ()
Computing results starting from observation (a-posteriori)
RooArgSet:: = ()
Computing results starting from observation (a-posteriori)
RooArgSet:: = ()
Computing results starting from observation (a-posteriori)
RooArgSet:: = ()
Computing results starting from observation (a-posteriori)
RooArgSet:: = ()
Computing results starting from observation (a-posteriori)

 --- MultiDimFit ---
Parameter impacts: 
RooArgSet:: = ()
Computing results starting from observation (a-posteriori)
  Parameter        :   Best-fit               r            
  prop_binch1_bin2 :   +0.309  -0.946/+0.946  +0.003/-0.003
Done in 0.07 min (cpu), 0.13 min (real)
 <<< Combine >>> 
>>> including systematics
   Options for Robust Minimizer :: 
        Tolerance  0.1
        Strategy   0
        Type,Algo  Minuit2,Migrad
>>> method used is MultiDimFit
>>> random number generator seed is 123456

 --- MultiDimFit ---
Parameter impacts: 
  Parameter        :   Best-fit               r            
  prop_binch2_bin8 :   +0.146  -0.975/+0.976  -0.002/+0.003
Done in 0.06 min (cpu), 0.12 min (real)
 <<< Combine >>> 
>>> including systematics
   Options for Robust Minimizer :: 
        Tolerance  0.1
        Strategy   0
        Type,Algo  Minuit2,Migrad
>>> method used is MultiDimFit
>>> random number generator seed is 123456
RooArgSet:: = ()
Computing results starting from observation (a-posteriori)

 --- MultiDimFit ---
Parameter impacts: 

 --- MultiDimFit ---
Parameter impacts: 
  Parameter        :   Best-fit               r            
  prop_binch1_bin8 :   -0.049  -0.959/+0.960  -0.005/+0.005
Done in 0.07 min (cpu), 0.14 min (real)
  Parameter         :   Best-fit               r            
  prop_binch2_bin10 :   -0.218  -0.971/+0.971  -0.004/+0.004
Done in 0.07 min (cpu), 0.14 min (real)
 <<< Combine >>> 
>>> including systematics
   Options for Robust Minimizer :: 
        Tolerance  0.1
        Strategy   0
        Type,Algo  Minuit2,Migrad
>>> method used is MultiDimFit
>>> random number generator seed is 123456
 <<< Combine >>> 
>>> including systematics
   Options for Robust Minimizer :: 
        Tolerance  0.1
        Strategy   0
        Type,Algo  Minuit2,Migrad
>>> method used is MultiDimFit
>>> random number generator seed is 123456

 --- MultiDimFit ---
Parameter impacts: 

 --- MultiDimFit ---
Parameter impacts: 
  Parameter        :   Best-fit               r            
  prop_binch2_bin3 :   -0.491  -0.979/+0.979  +0.001/-0.001
Done in 0.07 min (cpu), 0.14 min (real)
 <<< Combine >>> 
>>> including systematics
   Options for Robust Minimizer :: 
        Tolerance  0.1
        Strategy   0
        Type,Algo  Minuit2,Migrad
>>> method used is MultiDimFit
>>> random number generator seed is 123456
  Parameter        :   Best-fit               r            
  prop_binch2_bin6 :   +0.237  -0.978/+0.975  -0.000/+0.001
Done in 0.08 min (cpu), 0.15 min (real)
 <<< Combine >>> 
>>> including systematics
   Options for Robust Minimizer :: 
        Tolerance  0.1
        Strategy   0
        Type,Algo  Minuit2,Migrad
>>> method used is MultiDimFit
>>> random number generator seed is 123456

 --- MultiDimFit ---
Parameter impacts: 
  Parameter        :   Best-fit               r            
  prop_binch1_bin5 :   +0.059  -0.952/+0.952  -0.002/+0.002
Done in 0.07 min (cpu), 0.16 min (real)
 <<< Combine >>> 
>>> including systematics
   Options for Robust Minimizer :: 
        Tolerance  0.1
        Strategy   0
        Type,Algo  Minuit2,Migrad
>>> method used is MultiDimFit
>>> random number generator seed is 123456

 --- MultiDimFit ---
Parameter impacts: 
  Parameter         :   Best-fit               r            
  prop_binch1_bin10 :   +0.079  -0.971/+0.971  +0.018/-0.018
Done in 0.07 min (cpu), 0.15 min (real)
 <<< Combine >>> 
>>> including systematics
   Options for Robust Minimizer :: 
        Tolerance  0.1
        Strategy   0
        Type,Algo  Minuit2,Migrad
>>> method used is MultiDimFit
>>> random number generator seed is 123456
RooArgSet:: = ()
Computing results starting from observation (a-posteriori)
RooArgSet:: = ()
Computing results starting from observation (a-posteriori)
RooArgSet:: = ()
Computing results starting from observation (a-posteriori)
Error: minimization failed at prop_binch1_bin3 = -1.03116

 --- MultiDimFit ---
Parameter impacts: 
  Parameter        :   Best-fit               r            
  prop_binch1_bin3 :   -0.095  +0.000/+0.941  -0.000/-0.003
Done in 0.05 min (cpu), 0.14 min (real)
RooArgSet:: = ()
Computing results starting from observation (a-posteriori)
 <<< Combine >>> 
>>> including systematics
   Options for Robust Minimizer :: 
        Tolerance  0.1
        Strategy   0
        Type,Algo  Minuit2,Migrad
>>> method used is MultiDimFit
>>> random number generator seed is 123456
RooArgSet:: = ()
Computing results starting from observation (a-posteriori)

 --- MultiDimFit ---
Parameter impacts: 
  Parameter        :   Best-fit               r            
  prop_binch2_bin9 :   +0.122  -0.972/+0.973  -0.001/+0.001
Done in 0.06 min (cpu), 0.16 min (real)
RooArgSet:: = ()
Computing results starting from observation (a-posteriori)
RooArgSet:: = ()
Computing results starting from observation (a-posteriori)
 <<< Combine >>> 
>>> including systematics
   Options for Robust Minimizer :: 
        Tolerance  0.1
        Strategy   0
        Type,Algo  Minuit2,Migrad
>>> method used is MultiDimFit
>>> random number generator seed is 123456

 --- MultiDimFit ---
Parameter impacts: 
RooArgSet:: = ()
Computing results starting from observation (a-posteriori)
  Parameter        :   Best-fit               r            
  prop_binch1_bin9 :   +0.290  -0.963/+0.964  +0.001/-0.001
Done in 0.06 min (cpu), 0.19 min (real)

 --- MultiDimFit ---
Parameter impacts: 
 <<< Combine >>> 
>>> including systematics
   Options for Robust Minimizer :: 
        Tolerance  0.1
        Strategy   0
        Type,Algo  Minuit2,Migrad
>>> method used is MultiDimFit
>>> random number generator seed is 123456
  Parameter         :   Best-fit               r            
  prop_binch2_bin11 :   -0.260  -0.971/+0.972  -0.006/+0.005
Done in 0.06 min (cpu), 0.19 min (real)
 <<< Combine >>> 
>>> including systematics
   Options for Robust Minimizer :: 
        Tolerance  0.1
        Strategy   0
        Type,Algo  Minuit2,Migrad
>>> method used is MultiDimFit
>>> random number generator seed is 123456

 --- MultiDimFit ---
Parameter impacts: 

 --- MultiDimFit ---
Parameter impacts: 
  Parameter        :   Best-fit               r            
  prop_binch2_bin4 :   -0.084  -0.979/+0.979  +0.001/-0.001
Done in 0.07 min (cpu), 0.20 min (real)

 --- MultiDimFit ---
Parameter impacts: 
  Parameter        :   Best-fit               r            
  prop_binch1_bin6 :   +0.265  -0.953/+0.953  -0.003/+0.003
Done in 0.06 min (cpu), 0.15 min (real)
  Parameter        :   Best-fit               r            
  prop_binch2_bin7 :   -0.094  -0.979/+0.979  +0.002/-0.002
Done in 0.07 min (cpu), 0.16 min (real)
RooArgSet:: = ()
Computing results starting from observation (a-posteriori)
RooArgSet:: = ()
Computing results starting from observation (a-posteriori)

 --- MultiDimFit ---
Parameter impacts: 
  Parameter :   Best-fit               r            
  tW_norm   :   -0.129  -0.939/+0.927  +0.014/-0.015
Done in 0.09 min (cpu), 0.21 min (real)
 <<< Combine >>> 
>>> including systematics
   Options for Robust Minimizer :: 
        Tolerance  0.1
        Strategy   0
        Type,Algo  Minuit2,Migrad
>>> method used is MultiDimFit
>>> random number generator seed is 123456
RooArgSet:: = ()
Computing results starting from observation (a-posteriori)
RooArgSet:: = ()
Computing results starting from observation (a-posteriori)
Error: minimization failed at pu = 1.2837

 --- MultiDimFit ---
Parameter impacts: 

 --- MultiDimFit ---
Parameter impacts: 

 --- MultiDimFit ---
Parameter impacts: 
  Parameter :   Best-fit               r            
  pu        :   +0.344  -0.988/+0.000  +0.007/-0.000
Done in 0.09 min (cpu), 0.23 min (real)

 --- MultiDimFit ---
Parameter impacts: 
  Parameter :   Best-fit               r            
  tt_Tune   :   -0.069  -0.274/+0.262RooArgSet:: = ()
Computing results starting from observation (a-posteriori)
  Parameter :   Best-fit               r            
  tt_pdf    :   +0.069  -0.990/+0.991  +0.001/-0.001
Done in 0.07 min (cpu), 0.17 min (real)
  +0.005/+0.012
Done in 0.08 min (cpu), 0.18 min (real)
 <<< Combine >>> 
>>> including systematics
   Options for Robust Minimizer :: 
        Tolerance  0.1
        Strategy   0
        Type,Algo  Minuit2,Migrad
>>> method used is MultiDimFit
>>> random number generator seed is 123456
 <<< Combine >>> 
>>> including systematics
   Options for Robust Minimizer :: 
        Tolerance  0.1
        Strategy   0
        Type,Algo  Minuit2,Migrad
>>> method used is MultiDimFit
>>> random number generator seed is 123456
  Parameter :   Best-fit               r            
  tt_FSR    :   -0.685  -0.613/+0.594  +0.038/-0.036
Done in 0.13 min (cpu), 0.31 min (real)
 <<< Combine >>> 
>>> including systematics
   Options for Robust Minimizer :: 
        Tolerance  0.1
        Strategy   0
        Type,Algo  Minuit2,Migrad
>>> method used is MultiDimFit
>>> random number generator seed is 123456
Error: minimization failed at trigSF = 0.702029

 --- MultiDimFit ---
Parameter impacts: 
  Parameter :   Best-fit               r            
  trigSF    :   -0.199  -0.898/+0.000  +0.033/-0.000
Done in 0.09 min (cpu), 0.20 min (real)
 <<< Combine >>> 
>>> including systematics
   Options for Robust Minimizer :: 
        Tolerance  0.1
        Strategy   0
        Type,Algo  Minuit2,Migrad
>>> method used is MultiDimFit
>>> random number generator seed is 123456
RooArgSet:: = ()
Computing results starting from observation (a-posteriori)
RooArgSet:: = ()
Computing results starting from observation (a-posteriori)
RooArgSet:: = ()
Computing results starting from observation (a-posteriori)

 --- MultiDimFit ---
Parameter impacts: 
  Parameter :   Best-fit               r            
  udsgTagSF :   -0.005  -0.986/+0.986  +0.000/-0.000
Done in 0.07 min (cpu), 0.17 min (real)
RooArgSet:: = ()
Computing results starting from observation (a-posteriori)
Error: minimization failed at tt_hdamp = -0.383678

 --- MultiDimFit ---
Parameter impacts: 
  Parameter :   Best-fit               r            
  tt_hdamp  :   -0.096  +0.000/+0.292  -0.000/+0.008
Done in 0.11 min (cpu), 0.24 min (real)
 <<< Combine >>> 
>>> including systematics
   Options for Robust Minimizer :: 
        Tolerance  0.1
        Strategy   0
        Type,Algo  Minuit2,Migrad
>>> method used is MultiDimFit
>>> random number generator seed is 123456

 --- MultiDimFit ---
Parameter impacts: 
  Parameter :   Best-fit               r            
  tt_ISR    :   +0.340  -0.767/+0.886  +0.005/-0.006
Done in 0.10 min (cpu), 0.22 min (real)
 <<< Combine >>> 
>>> including systematics
   Options for Robust Minimizer :: 
        Tolerance  0.1
        Strategy   0
        Type,Algo  Minuit2,Migrad
>>> method used is MultiDimFit
>>> random number generator seed is 123456

 --- MultiDimFit ---
Parameter impacts: 
  Parameter :   Best-fit               r            
  tt_CR     :   -0.078  -0.359/+0.353  +0.056/-0.073
Done in 0.07 min (cpu), 0.16 min (real)
RooArgSet:: = ()
Computing results starting from observation (a-posteriori)
RooArgSet:: = ()
Computing results starting from observation (a-posteriori)

 --- MultiDimFit ---
Parameter impacts: 
  Parameter :   Best-fit               r            
  tt_QS     :   -0.227  -0.641/+0.574  -0.010/+0.013
Done in 0.09 min (cpu), 0.20 min (real)
Error: minimization failed at tt_norm = -0.459998

 --- MultiDimFit ---
Parameter impacts: 
  Parameter :   Best-fit               r            
  tt_norm   :   +0.127  +0.000/+0.591  -0.000/+0.024
Done in 0.18 min (cpu), 0.41 min (real)
>> combine -M MultiDimFit -n _paramFit_Test_eleRecoSf --algo impact --redefineSignalPOIs r -P eleRecoSf --floatOtherPOIs 1 --saveInactivePOI 1 --robustFit 1 --rMin -1 --rMax 1 -m 125 -d LFVVecC_2016_com.root
>> combine -M MultiDimFit -n _paramFit_Test_electronScale --algo impact --redefineSignalPOIs r -P electronScale --floatOtherPOIs 1 --saveInactivePOI 1 --robustFit 1 --rMin -1 --rMax 1 -m 125 -d LFVVecC_2016_com.root
>> combine -M MultiDimFit -n _paramFit_Test_jesAbsoluteMPFBias --algo impact --redefineSignalPOIs r -P jesAbsoluteMPFBias --floatOtherPOIs 1 --saveInactivePOI 1 --robustFit 1 --rMin -1 --rMax 1 -m 125 -d LFVVecC_2016_com.root
>> combine -M MultiDimFit -n _paramFit_Test_jesRelativeFSR --algo impact --redefineSignalPOIs r -P jesRelativeFSR --floatOtherPOIs 1 --saveInactivePOI 1 --robustFit 1 --rMin -1 --rMax 1 -m 125 -d LFVVecC_2016_com.root
>> combine -M MultiDimFit -n _paramFit_Test_jesRelativeJERHF --algo impact --redefineSignalPOIs r -P jesRelativeJERHF --floatOtherPOIs 1 --saveInactivePOI 1 --robustFit 1 --rMin -1 --rMax 1 -m 125 -d LFVVecC_2016_com.root
>> combine -M MultiDimFit -n _paramFit_Test_jesRelativePtBB --algo impact --redefineSignalPOIs r -P jesRelativePtBB --floatOtherPOIs 1 --saveInactivePOI 1 --robustFit 1 --rMin -1 --rMax 1 -m 125 -d LFVVecC_2016_com.root
>> combine -M MultiDimFit -n _paramFit_Test_prop_binch2_bin2 --algo impact --redefineSignalPOIs r -P prop_binch2_bin2 --floatOtherPOIs 1 --saveInactivePOI 1 --robustFit 1 --rMin -1 --rMax 1 -m 125 -d LFVVecC_2016_com.root
>> combine -M MultiDimFit -n _paramFit_Test_prop_binch2_bin3 --algo impact --redefineSignalPOIs r -P prop_binch2_bin3 --floatOtherPOIs 1 --saveInactivePOI 1 --robustFit 1 --rMin -1 --rMax 1 -m 125 -d LFVVecC_2016_com.root
>> combine -M MultiDimFit -n _paramFit_Test_prop_binch2_bin4 --algo impact --redefineSignalPOIs r -P prop_binch2_bin4 --floatOtherPOIs 1 --saveInactivePOI 1 --robustFit 1 --rMin -1 --rMax 1 -m 125 -d LFVVecC_2016_com.root
>> combine -M MultiDimFit -n _paramFit_Test_Y2016jesRelativeStatEC --algo impact --redefineSignalPOIs r -P Y2016jesRelativeStatEC --floatOtherPOIs 1 --saveInactivePOI 1 --robustFit 1 --rMin -1 --rMax 1 -m 125 -d LFVVecC_2016_com.root
>> combine -M MultiDimFit -n _paramFit_Test_Y2016jesRelativeStatFSR --algo impact --redefineSignalPOIs r -P Y2016jesRelativeStatFSR --floatOtherPOIs 1 --saveInactivePOI 1 --robustFit 1 --rMin -1 --rMax 1 -m 125 -d LFVVecC_2016_com.root
>> combine -M MultiDimFit -n _paramFit_Test_Y2016jesRelativeStatHF --algo impact --redefineSignalPOIs r -P Y2016jesRelativeStatHF --floatOtherPOIs 1 --saveInactivePOI 1 --robustFit 1 --rMin -1 --rMax 1 -m 125 -d LFVVecC_2016_com.root
>> combine -M MultiDimFit -n _paramFit_Test_jesAbsoluteScale --algo impact --redefineSignalPOIs r -P jesAbsoluteScale --floatOtherPOIs 1 --saveInactivePOI 1 --robustFit 1 --rMin -1 --rMax 1 -m 125 -d LFVVecC_2016_com.root
>> combine -M MultiDimFit -n _paramFit_Test_jesFlavorQCD --algo impact --redefineSignalPOIs r -P jesFlavorQCD --floatOtherPOIs 1 --saveInactivePOI 1 --robustFit 1 --rMin -1 --rMax 1 -m 125 -d LFVVecC_2016_com.root
>> combine -M MultiDimFit -n _paramFit_Test_jesFragmentation --algo impact --redefineSignalPOIs r -P jesFragmentation --floatOtherPOIs 1 --saveInactivePOI 1 --robustFit 1 --rMin -1 --rMax 1 -m 125 -d LFVVecC_2016_com.root
>> combine -M MultiDimFit -n _paramFit_Test_prop_binch1_bin4 --algo impact --redefineSignalPOIs r -P prop_binch1_bin4 --floatOtherPOIs 1 --saveInactivePOI 1 --robustFit 1 --rMin -1 --rMax 1 -m 125 -d LFVVecC_2016_com.root
>> combine -M MultiDimFit -n _paramFit_Test_prop_binch1_bin5 --algo impact --redefineSignalPOIs r -P prop_binch1_bin5 --floatOtherPOIs 1 --saveInactivePOI 1 --robustFit 1 --rMin -1 --rMax 1 -m 125 -d LFVVecC_2016_com.root
>> combine -M MultiDimFit -n _paramFit_Test_prop_binch1_bin6 --algo impact --redefineSignalPOIs r -P prop_binch1_bin6 --floatOtherPOIs 1 --saveInactivePOI 1 --robustFit 1 --rMin -1 --rMax 1 -m 125 -d LFVVecC_2016_com.root
>> combine -M MultiDimFit -n _paramFit_Test_DY_norm --algo impact --redefineSignalPOIs r -P DY_norm --floatOtherPOIs 1 --saveInactivePOI 1 --robustFit 1 --rMin -1 --rMax 1 -m 125 -d LFVVecC_2016_com.root
>> combine -M MultiDimFit -n _paramFit_Test_Jets_norm --algo impact --redefineSignalPOIs r -P Jets_norm --floatOtherPOIs 1 --saveInactivePOI 1 --robustFit 1 --rMin -1 --rMax 1 -m 125 -d LFVVecC_2016_com.root
>> combine -M MultiDimFit -n _paramFit_Test_Other_norm --algo impact --redefineSignalPOIs r -P Other_norm --floatOtherPOIs 1 --saveInactivePOI 1 --robustFit 1 --rMin -1 --rMax 1 -m 125 -d LFVVecC_2016_com.root
>> combine -M MultiDimFit -n _paramFit_Test_lumiGhostS --algo impact --redefineSignalPOIs r -P lumiGhostS --floatOtherPOIs 1 --saveInactivePOI 1 --robustFit 1 --rMin -1 --rMax 1 -m 125 -d LFVVecC_2016_com.root
>> combine -M MultiDimFit -n _paramFit_Test_lumiXY --algo impact --redefineSignalPOIs r -P lumiXY --floatOtherPOIs 1 --saveInactivePOI 1 --robustFit 1 --rMin -1 --rMax 1 -m 125 -d LFVVecC_2016_com.root
>> combine -M MultiDimFit -n _paramFit_Test_muIdSf --algo impact --redefineSignalPOIs r -P muIdSf --floatOtherPOIs 1 --saveInactivePOI 1 --robustFit 1 --rMin -1 --rMax 1 -m 125 -d LFVVecC_2016_com.root
>> combine -M MultiDimFit -n _paramFit_Test_prop_binch2_bin5 --algo impact --redefineSignalPOIs r -P prop_binch2_bin5 --floatOtherPOIs 1 --saveInactivePOI 1 --robustFit 1 --rMin -1 --rMax 1 -m 125 -d LFVVecC_2016_com.root
>> combine -M MultiDimFit -n _paramFit_Test_prop_binch2_bin6 --algo impact --redefineSignalPOIs r -P prop_binch2_bin6 --floatOtherPOIs 1 --saveInactivePOI 1 --robustFit 1 --rMin -1 --rMax 1 -m 125 -d LFVVecC_2016_com.root
>> combine -M MultiDimFit -n _paramFit_Test_prop_binch2_bin7 --algo impact --redefineSignalPOIs r -P prop_binch2_bin7 --floatOtherPOIs 1 --saveInactivePOI 1 --robustFit 1 --rMin -1 --rMax 1 -m 125 -d LFVVecC_2016_com.root
>> combine -M MultiDimFit -n _paramFit_Test_Y2016jesAbsoluteStat --algo impact --redefineSignalPOIs r -P Y2016jesAbsoluteStat --floatOtherPOIs 1 --saveInactivePOI 1 --robustFit 1 --rMin -1 --rMax 1 -m 125 -d LFVVecC_2016_com.root
>> combine -M MultiDimFit -n _paramFit_Test_Y2016jesRelativeJEREC1 --algo impact --redefineSignalPOIs r -P Y2016jesRelativeJEREC1 --floatOtherPOIs 1 --saveInactivePOI 1 --robustFit 1 --rMin -1 --rMax 1 -m 125 -d LFVVecC_2016_com.root
>> combine -M MultiDimFit -n _paramFit_Test_Y2016jesRelativeJEREC2 --algo impact --redefineSignalPOIs r -P Y2016jesRelativeJEREC2 --floatOtherPOIs 1 --saveInactivePOI 1 --robustFit 1 --rMin -1 --rMax 1 -m 125 -d LFVVecC_2016_com.root
>> combine -M MultiDimFit -n _paramFit_Test_muIsoSf --algo impact --redefineSignalPOIs r -P muIsoSf --floatOtherPOIs 1 --saveInactivePOI 1 --robustFit 1 --rMin -1 --rMax 1 -m 125 -d LFVVecC_2016_com.root
>> combine -M MultiDimFit -n _paramFit_Test_muonRes --algo impact --redefineSignalPOIs r -P muonRes --floatOtherPOIs 1 --saveInactivePOI 1 --robustFit 1 --rMin -1 --rMax 1 -m 125 -d LFVVecC_2016_com.root
>> combine -M MultiDimFit -n _paramFit_Test_muonScale --algo impact --redefineSignalPOIs r -P muonScale --floatOtherPOIs 1 --saveInactivePOI 1 --robustFit 1 --rMin -1 --rMax 1 -m 125 -d LFVVecC_2016_com.root
>> combine -M MultiDimFit -n _paramFit_Test_prop_binch2_bin8 --algo impact --redefineSignalPOIs r -P prop_binch2_bin8 --floatOtherPOIs 1 --saveInactivePOI 1 --robustFit 1 --rMin -1 --rMax 1 -m 125 -d LFVVecC_2016_com.root
>> combine -M MultiDimFit -n _paramFit_Test_prop_binch2_bin9 --algo impact --redefineSignalPOIs r -P prop_binch2_bin9 --floatOtherPOIs 1 --saveInactivePOI 1 --robustFit 1 --rMin -1 --rMax 1 -m 125 -d LFVVecC_2016_com.root
>> combine -M MultiDimFit -n _paramFit_Test_pu --algo impact --redefineSignalPOIs r -P pu --floatOtherPOIs 1 --saveInactivePOI 1 --robustFit 1 --rMin -1 --rMax 1 -m 125 -d LFVVecC_2016_com.root
>> combine -M MultiDimFit -n _paramFit_Test_Y2016jesTimePtEta --algo impact --redefineSignalPOIs r -P Y2016jesTimePtEta --floatOtherPOIs 1 --saveInactivePOI 1 --robustFit 1 --rMin -1 --rMax 1 -m 125 -d LFVVecC_2016_com.root
>> combine -M MultiDimFit -n _paramFit_Test_Y2016unclusMET --algo impact --redefineSignalPOIs r -P Y2016unclusMET --floatOtherPOIs 1 --saveInactivePOI 1 --robustFit 1 --rMin -1 --rMax 1 -m 125 -d LFVVecC_2016_com.root
>> combine -M MultiDimFit -n _paramFit_Test_eleIDSf --algo impact --redefineSignalPOIs r -P eleIDSf --floatOtherPOIs 1 --saveInactivePOI 1 --robustFit 1 --rMin -1 --rMax 1 -m 125 -d LFVVecC_2016_com.root
>> combine -M MultiDimFit -n _paramFit_Test_jesPileUpPtHF --algo impact --redefineSignalPOIs r -P jesPileUpPtHF --floatOtherPOIs 1 --saveInactivePOI 1 --robustFit 1 --rMin -1 --rMax 1 -m 125 -d LFVVecC_2016_com.root
>> combine -M MultiDimFit -n _paramFit_Test_jesPileUpPtRef --algo impact --redefineSignalPOIs r -P jesPileUpPtRef --floatOtherPOIs 1 --saveInactivePOI 1 --robustFit 1 --rMin -1 --rMax 1 -m 125 -d LFVVecC_2016_com.root
>> combine -M MultiDimFit -n _paramFit_Test_jesRelativeBal --algo impact --redefineSignalPOIs r -P jesRelativeBal --floatOtherPOIs 1 --saveInactivePOI 1 --robustFit 1 --rMin -1 --rMax 1 -m 125 -d LFVVecC_2016_com.root
>> combine -M MultiDimFit -n _paramFit_Test_prop_binch2_bin1 --algo impact --redefineSignalPOIs r -P prop_binch2_bin1 --floatOtherPOIs 1 --saveInactivePOI 1 --robustFit 1 --rMin -1 --rMax 1 -m 125 -d LFVVecC_2016_com.root
>> combine -M MultiDimFit -n _paramFit_Test_prop_binch2_bin10 --algo impact --redefineSignalPOIs r -P prop_binch2_bin10 --floatOtherPOIs 1 --saveInactivePOI 1 --robustFit 1 --rMin -1 --rMax 1 -m 125 -d LFVVecC_2016_com.root
>> combine -M MultiDimFit -n _paramFit_Test_prop_binch2_bin11 --algo impact --redefineSignalPOIs r -P prop_binch2_bin11 --floatOtherPOIs 1 --saveInactivePOI 1 --robustFit 1 --rMin -1 --rMax 1 -m 125 -d LFVVecC_2016_com.root
>> combine -M MultiDimFit -n _paramFit_Test_tt_pdf --algo impact --redefineSignalPOIs r -P tt_pdf --floatOtherPOIs 1 --saveInactivePOI 1 --robustFit 1 --rMin -1 --rMax 1 -m 125 -d LFVVecC_2016_com.root
>> combine -M MultiDimFit -n _paramFit_Test_udsgTagSF --algo impact --redefineSignalPOIs r -P udsgTagSF --floatOtherPOIs 1 --saveInactivePOI 1 --robustFit 1 --rMin -1 --rMax 1 -m 125 -d LFVVecC_2016_com.root
>> combine -M MultiDimFit -n _paramFit_Test_Signal_FSR --algo impact --redefineSignalPOIs r -P Signal_FSR --floatOtherPOIs 1 --saveInactivePOI 1 --robustFit 1 --rMin -1 --rMax 1 -m 125 -d LFVVecC_2016_com.root
>> combine -M MultiDimFit -n _paramFit_Test_Signal_ISR --algo impact --redefineSignalPOIs r -P Signal_ISR --floatOtherPOIs 1 --saveInactivePOI 1 --robustFit 1 --rMin -1 --rMax 1 -m 125 -d LFVVecC_2016_com.root
>> combine -M MultiDimFit -n _paramFit_Test_Signal_QS --algo impact --redefineSignalPOIs r -P Signal_QS --floatOtherPOIs 1 --saveInactivePOI 1 --robustFit 1 --rMin -1 --rMax 1 -m 125 -d LFVVecC_2016_com.root
>> combine -M MultiDimFit -n _paramFit_Test_jesPileUpPtBB --algo impact --redefineSignalPOIs r -P jesPileUpPtBB --floatOtherPOIs 1 --saveInactivePOI 1 --robustFit 1 --rMin -1 --rMax 1 -m 125 -d LFVVecC_2016_com.root
>> combine -M MultiDimFit -n _paramFit_Test_jesPileUpPtEC1 --algo impact --redefineSignalPOIs r -P jesPileUpPtEC1 --floatOtherPOIs 1 --saveInactivePOI 1 --robustFit 1 --rMin -1 --rMax 1 -m 125 -d LFVVecC_2016_com.root
>> combine -M MultiDimFit -n _paramFit_Test_jesPileUpPtEC2 --algo impact --redefineSignalPOIs r -P jesPileUpPtEC2 --floatOtherPOIs 1 --saveInactivePOI 1 --robustFit 1 --rMin -1 --rMax 1 -m 125 -d LFVVecC_2016_com.root
>> combine -M MultiDimFit -n _paramFit_Test_prefiring --algo impact --redefineSignalPOIs r -P prefiring --floatOtherPOIs 1 --saveInactivePOI 1 --robustFit 1 --rMin -1 --rMax 1 -m 125 -d LFVVecC_2016_com.root
>> combine -M MultiDimFit -n _paramFit_Test_prop_binch1_bin1 --algo impact --redefineSignalPOIs r -P prop_binch1_bin1 --floatOtherPOIs 1 --saveInactivePOI 1 --robustFit 1 --rMin -1 --rMax 1 -m 125 -d LFVVecC_2016_com.root
>> combine -M MultiDimFit -n _paramFit_Test_prop_binch1_bin10 --algo impact --redefineSignalPOIs r -P prop_binch1_bin10 --floatOtherPOIs 1 --saveInactivePOI 1 --robustFit 1 --rMin -1 --rMax 1 -m 125 -d LFVVecC_2016_com.root
>> combine -M MultiDimFit -n _paramFit_Test_tW_norm --algo impact --redefineSignalPOIs r -P tW_norm --floatOtherPOIs 1 --saveInactivePOI 1 --robustFit 1 --rMin -1 --rMax 1 -m 125 -d LFVVecC_2016_com.root
>> combine -M MultiDimFit -n _paramFit_Test_trigSF --algo impact --redefineSignalPOIs r -P trigSF --floatOtherPOIs 1 --saveInactivePOI 1 --robustFit 1 --rMin -1 --rMax 1 -m 125 -d LFVVecC_2016_com.root
>> combine -M MultiDimFit -n _paramFit_Test_tt_CR --algo impact --redefineSignalPOIs r -P tt_CR --floatOtherPOIs 1 --saveInactivePOI 1 --robustFit 1 --rMin -1 --rMax 1 -m 125 -d LFVVecC_2016_com.root
Have POIs: ['r']
Have parameters: 83
File higgsCombine_paramFit_Test_DY_norm.MultiDimFit.mH125.root did not contain a sufficient number of entries, skipping
File higgsCombine_paramFit_Test_Jets_norm.MultiDimFit.mH125.root did not contain a sufficient number of entries, skipping
Missing inputs: DY_norm,Jets_norm
>> Doing page 0, have 30 parameters
