Channel LFVScalarU_2016_llB1 will use autoMCStats with settings: event-threshold=10, include-signal=0, hist-mode=1
============================================================
Analysing bin errors for: prop_binLFVScalarU_2016_llB1
Poisson cut-off: 10
Processes excluded for sums: LFVTtScalarU LFVStScalarU
============================================================
Bin        Contents        Error           Notes                         
0          0.000000        0.000000        total sum                     
0          0.000000        0.000000        excluding marked processes    
  => Error is zero, ignore      
------------------------------------------------------------
1          18263.666186    76.140982       total sum                     
1          18263.019585    76.140982       excluding marked processes    
1          57532.000000    239.858291      Unweighted events, alpha=0.317452
  => Total parameter prop_binLFVScalarU_2016_llB1_bin1[0.00,-7.00,7.00] to be gaussian constrained
------------------------------------------------------------
2          35702.155899    80.465820       total sum                     
2          35699.544662    80.465820       excluding marked processes    
2          196835.000000   443.660907      Unweighted events, alpha=0.181381
  => Total parameter prop_binLFVScalarU_2016_llB1_bin2[0.00,-7.00,7.00] to be gaussian constrained
------------------------------------------------------------
3          33688.285189    76.776132       total sum                     
3          33681.852200    76.776132       excluding marked processes    
3          192460.000000   438.702633      Unweighted events, alpha=0.175040
  => Total parameter prop_binLFVScalarU_2016_llB1_bin3[0.00,-7.00,7.00] to be gaussian constrained
------------------------------------------------------------
4          21787.818260    59.099155       total sum                     
4          21776.824936    59.099155       excluding marked processes    
4          135777.000000   368.479307      Unweighted events, alpha=0.160468
  => Total parameter prop_binLFVScalarU_2016_llB1_bin4[0.00,-7.00,7.00] to be gaussian constrained
------------------------------------------------------------
5          12551.677108    37.671273       total sum                     
5          12523.725670    37.671273       excluding marked processes    
5          110521.000000   332.446988      Unweighted events, alpha=0.113568
  => Total parameter prop_binLFVScalarU_2016_llB1_bin5[0.00,-7.00,7.00] to be gaussian constrained
------------------------------------------------------------
6          8275.971830     32.574208       total sum                     
6          8209.846266     32.574208       excluding marked processes    
6          63522.000000    252.035712      Unweighted events, alpha=0.130285
  => Total parameter prop_binLFVScalarU_2016_llB1_bin6[0.00,-7.00,7.00] to be gaussian constrained
------------------------------------------------------------
7          3975.255377     19.299211       total sum                     
7          3857.205884     19.299211       excluding marked processes    
7          39945.000000    199.862453      Unweighted events, alpha=0.099518
  => Total parameter prop_binLFVScalarU_2016_llB1_bin7[0.00,-7.00,7.00] to be gaussian constrained
------------------------------------------------------------
8          2225.982401     14.160531       total sum                     
8          2059.825896     14.160531       excluding marked processes    
8          21159.000000    145.461335      Unweighted events, alpha=0.105203
  => Total parameter prop_binLFVScalarU_2016_llB1_bin8[0.00,-7.00,7.00] to be gaussian constrained
------------------------------------------------------------
9          973.132051      7.796093        total sum                     
9          792.592976      7.796093        excluding marked processes    
9          10336.000000    101.666120      Unweighted events, alpha=0.094150
  => Total parameter prop_binLFVScalarU_2016_llB1_bin9[0.00,-7.00,7.00] to be gaussian constrained
------------------------------------------------------------
10         479.945360      4.576704        total sum                     
10         282.564475      4.576704        excluding marked processes    
10         3812.000000     61.741396       Unweighted events, alpha=0.125904
  => Total parameter prop_binLFVScalarU_2016_llB1_bin10[0.00,-7.00,7.00] to be gaussian constrained
------------------------------------------------------------
11         304.295702      2.860775        total sum                     
11         104.121936      2.860775        excluding marked processes    
11         1325.000000     36.400549       Unweighted events, alpha=0.229657
  => Total parameter prop_binLFVScalarU_2016_llB1_bin11[0.00,-7.00,7.00] to be gaussian constrained
------------------------------------------------------------
12         0.000000        0.000000        total sum                     
12         0.000000        0.000000        excluding marked processes    
  => Error is zero, ignore      
------------------------------------------------------------
Have POIs: ['r']
 <<< Combine >>> 
>>> including systematics
   Options for Robust Minimizer :: 
        Tolerance  0.1
        Strategy   0
        Type,Algo  Minuit2,Migrad
>>> method used is MultiDimFit
>>> random number generator seed is 123456
RooArgSet:: = ()
Computing results starting from expected outcome (a-priori)

 --- MultiDimFit ---
best fit parameter values and profile-likelihood uncertainties: 
   r :    +1.000   -0.131/+0.128 (68%)
Done in 0.06 min (cpu), 0.09 min (real)
>> combine -M MultiDimFit -n _initialFit_Test --algo singles --redefineSignalPOIs r --robustFit 1 --rMin -3 --rMax 3 -t -1 --expectSignal=1 -m 125 -d LFVScalarU_2016_llB1.root
Have POIs: ['r']
Have parameters: 72
 <<< Combine >>> 
 <<< Combine >>> 
 <<< Combine >>> 
>>> including systematics
   Options for Robust Minimizer :: 
        Tolerance  0.1
        Strategy   0
        Type,Algo  Minuit2,Migrad
>>> method used is MultiDimFit
>>> random number generator seed is 123456
 <<< Combine >>> 
>>> including systematics
   Options for Robust Minimizer :: 
        Tolerance  0.1
        Strategy   0
        Type,Algo  Minuit2,Migrad
>>> method used is MultiDimFit
>>> random number generator seed is 123456
>>> including systematics
   Options for Robust Minimizer :: 
        Tolerance  0.1
        Strategy   0
        Type,Algo  Minuit2,Migrad
>>> method used is MultiDimFit
>>> random number generator seed is 123456
>>> including systematics
   Options for Robust Minimizer :: 
        Tolerance  0.1
        Strategy   0
        Type,Algo  Minuit2,Migrad
>>> method used is MultiDimFit
>>> random number generator seed is 123456
 <<< Combine >>> 
>>> including systematics
 <<< Combine >>> 
   Options for Robust Minimizer :: 
        Tolerance  0.1
        Strategy   0
        Type,Algo  Minuit2,Migrad
>>> method used is MultiDimFit
>>> random number generator seed is 123456
>>> including systematics
   Options for Robust Minimizer :: 
        Tolerance  0.1
        Strategy   0
        Type,Algo  Minuit2,Migrad
>>> method used is MultiDimFit
>>> random number generator seed is 123456
 <<< Combine >>> 
>>> including systematics
   Options for Robust Minimizer :: 
        Tolerance  0.1
        Strategy   0
        Type,Algo  Minuit2,Migrad
>>> method used is MultiDimFit
>>> random number generator seed is 123456
 <<< Combine >>> 
>>> including systematics
   Options for Robust Minimizer :: 
        Tolerance  0.1
        Strategy   0
        Type,Algo  Minuit2,Migrad
>>> method used is MultiDimFit
>>> random number generator seed is 123456
RooArgSet:: = ()
RooArgSet:: = ()
Computing results starting from expected outcome (a-priori)
Computing results starting from expected outcome (a-priori)
RooArgSet:: = ()
RooArgSet:: = ()
Computing results starting from expected outcome (a-priori)
Computing results starting from expected outcome (a-priori)
RooArgSet:: = ()
RooArgSet:: = ()
RooArgSet:: = ()
Computing results starting from expected outcome (a-priori)
Computing results starting from expected outcome (a-priori)
RooArgSet:: = ()
Computing results starting from expected outcome (a-priori)
Computing results starting from expected outcome (a-priori)

 --- MultiDimFit ---
Parameter impacts: 

 --- MultiDimFit ---
Parameter impacts: 

 --- MultiDimFit ---
Parameter impacts: 

 --- MultiDimFit ---
Parameter impacts: 

 --- MultiDimFit ---
Parameter impacts: 

 --- MultiDimFit ---
Parameter impacts: 

 --- MultiDimFit ---
Parameter impacts: 

 --- MultiDimFit ---
Parameter impacts: 
  Parameter             :   Best-fit               r            
  Y2016jesRelativePtEC1 :   +0.000  -0.994/+0.994  +0.000/+0.000
Done in 0.06 min (cpu), 0.21 min (real)
  Parameter  :   Best-fit               r            
  Signal_FSR :   +0.000  -0.982/+0.993  +0.014/-0.014
Done in 0.07 min (cpu), 0.21 min (real)
  Parameter :   Best-fit               r            
  eleRecoSf :   +0.000  -0.990/+0.991  +0.005/-0.005
Done in 0.09 min (cpu), 0.22 min (real)
  Parameter :   Best-fit               r            
  DY_norm   :   +0.000  -0.978/+0.962  -0.010/+0.014
Done in 0.08 min (cpu), 0.20 min (real)
  Parameter              :   Best-fit               r            
  Y2016jesRelativeStatEC :   +0.000  -0.930/+0.989  +0.004/-0.003
Done in 0.07 min (cpu), 0.20 min (real)
  Parameter  :   Best-fit               r            
  Signal_pdf :   +0.000  -0.994/+0.994  +0.007/-0.008
Done in 0.07 min (cpu), 0.20 min (real)
 <<< Combine >>> 
>>> including systematics
   Options for Robust Minimizer :: 
        Tolerance  0.1
        Strategy   0
        Type,Algo  Minuit2,Migrad
>>> method used is MultiDimFit
>>> random number generator seed is 123456
  Parameter         :   Best-fit               r            
  Y2016jesTimePtEta :   +0.000  -0.981/+0.965  -0.005/-0.006
Done in 0.07 min (cpu), 0.20 min (real)
  Parameter            :   Best-fit               r            
  Y2016jesAbsoluteStat :   +0.000  -0.986/+0.984  +0.004/-0.004
Done in 0.08 min (cpu), 0.22 min (real)
 <<< Combine >>> 
 <<< Combine >>> 
>>> including systematics
   Options for Robust Minimizer :: 
        Tolerance  0.1
        Strategy   0
        Type,Algo  Minuit2,Migrad
>>> method used is MultiDimFit
>>> random number generator seed is 123456
>>> including systematics
   Options for Robust Minimizer :: 
        Tolerance  0.1
        Strategy   0
        Type,Algo  Minuit2,Migrad
>>> method used is MultiDimFit
>>> random number generator seed is 123456
 <<< Combine >>> 
>>> including systematics
   Options for Robust Minimizer :: 
        Tolerance  0.1
        Strategy   0
        Type,Algo  Minuit2,Migrad
>>> method used is MultiDimFit
>>> random number generator seed is 123456
 <<< Combine >>> 
>>> including systematics
   Options for Robust Minimizer :: 
        Tolerance  0.1
        Strategy   0
        Type,Algo  Minuit2,Migrad
>>> method used is MultiDimFit
>>> random number generator seed is 123456
 <<< Combine >>> 
>>> including systematics
   Options for Robust Minimizer :: 
        Tolerance  0.1
        Strategy   0
        Type,Algo  Minuit2,Migrad
>>> method used is MultiDimFit
>>> random number generator seed is 123456
 <<< Combine >>> 
>>> including systematics
   Options for Robust Minimizer :: 
        Tolerance  0.1
        Strategy   0
        Type,Algo  Minuit2,Migrad
>>> method used is MultiDimFit
>>> random number generator seed is 123456
 <<< Combine >>> 
>>> including systematics
   Options for Robust Minimizer :: 
        Tolerance  0.1
        Strategy   0
        Type,Algo  Minuit2,Migrad
>>> method used is MultiDimFit
>>> random number generator seed is 123456
RooArgSet:: = ()
RooArgSet:: = ()
RooArgSet:: = ()
RooArgSet:: = ()
RooArgSet:: = ()
RooArgSet:: = ()
Computing results starting from expected outcome (a-priori)
Computing results starting from expected outcome (a-priori)
Computing results starting from expected outcome (a-priori)
Computing results starting from expected outcome (a-priori)
RooArgSet:: = ()
Computing results starting from expected outcome (a-priori)
Computing results starting from expected outcome (a-priori)
Computing results starting from expected outcome (a-priori)
RooArgSet:: = ()
Computing results starting from expected outcome (a-priori)

 --- MultiDimFit ---
Parameter impacts: 

 --- MultiDimFit ---
Parameter impacts: 
  Parameter      :   Best-fit               r            
  Y2016unclusMET :   +0.000  -0.956/+0.869  +0.000/-0.002
Done in 0.08 min (cpu), 0.16 min (real)

 --- MultiDimFit ---
Parameter impacts: 
 <<< Combine >>> 
  Parameter  :   Best-fit               r            
  Signal_ISR :   +0.000  -0.994/+0.994  +0.007/-0.007
Done in 0.08 min (cpu), 0.17 min (real)

 --- MultiDimFit ---

 --- MultiDimFit ---
Parameter impacts: 
Parameter impacts: 
>>> including systematics
   Options for Robust Minimizer :: 
        Tolerance  0.1
        Strategy   0
        Type,Algo  Minuit2,Migrad
>>> method used is MultiDimFit
>>> random number generator seed is 123456
  Parameter :   Best-fit               r            
  Jets_norm :   +0.000  -0.990/+0.987  -0.001/+0.002
Done in 0.09 min (cpu), 0.18 min (real)

 --- MultiDimFit ---
Parameter impacts: 

 --- MultiDimFit ---
Parameter impacts: 
 <<< Combine >>> 
>>> including systematics
   Options for Robust Minimizer :: 
        Tolerance  0.1
        Strategy   0
        Type,Algo  Minuit2,Migrad
>>> method used is MultiDimFit
>>> random number generator seed is 123456

 --- MultiDimFit ---
Parameter impacts: 
 <<< Combine >>> 
>>> including systematics
   Options for Robust Minimizer :: 
        Tolerance  0.1
        Strategy   0
        Type,Algo  Minuit2,Migrad
>>> method used is MultiDimFit
>>> random number generator seed is 123456
  Parameter             :   Best-fit               r            
  Y2016jesRelativePtEC2 :   +0.000  -0.994/+0.994  +0.000/+0.000
Done in 0.08 min (cpu), 0.20 min (real)
  Parameter               :   Best-fit               r            
  Y2016jesRelativeStatFSR :   +0.000  -0.993/+0.993  +0.002/-0.001
Done in 0.08 min (cpu), 0.19 min (real)
 <<< Combine >>> 
>>> including systematics
   Options for Robust Minimizer :: 
        Tolerance  0.1
        Strategy   0
        Type,Algo  Minuit2,Migrad
>>> method used is MultiDimFit
>>> random number generator seed is 123456
 <<< Combine >>> 
  Parameter              :   Best-fit               r            
  Y2016jesRelativeJEREC1 :   +0.000  -0.938/+0.974  +0.004/-0.008
Done in 0.10 min (cpu), 0.22 min (real)
  Parameter     :   Best-fit               r            
  electronScale :   -0.000  -0.981/+0.961  +0.009/-0.007
Done in 0.10 min (cpu), 0.22 min (real)
>>> including systematics
   Options for Robust Minimizer :: 
        Tolerance  0.1
        Strategy   0
        Type,Algo  Minuit2,Migrad
>>> method used is MultiDimFit
>>> random number generator seed is 123456
  Parameter    :   Best-fit               r            
  Y2016bcTagSF :   +0.000  -0.764/+0.768  +0.023/-0.021
Done in 0.10 min (cpu), 0.21 min (real)
 <<< Combine >>> 
>>> including systematics
   Options for Robust Minimizer :: 
        Tolerance  0.1
        Strategy   0
        Type,Algo  Minuit2,Migrad
>>> method used is MultiDimFit
>>> random number generator seed is 123456
 <<< Combine >>> 
>>> including systematics
   Options for Robust Minimizer :: 
        Tolerance  0.1
        Strategy   0
        Type,Algo  Minuit2,Migrad
>>> method used is MultiDimFit
>>> random number generator seed is 123456
 <<< Combine >>> 
>>> including systematics
   Options for Robust Minimizer :: 
        Tolerance  0.1
        Strategy   0
        Type,Algo  Minuit2,Migrad
>>> method used is MultiDimFit
>>> random number generator seed is 123456
RooArgSet:: = ()
Computing results starting from expected outcome (a-priori)
RooArgSet:: = ()
Computing results starting from expected outcome (a-priori)
RooArgSet:: = ()
Computing results starting from expected outcome (a-priori)
RooArgSet:: = ()
RooArgSet:: = ()
Computing results starting from expected outcome (a-priori)
Computing results starting from expected outcome (a-priori)
RooArgSet:: = ()
RooArgSet:: = ()
Computing results starting from expected outcome (a-priori)
Computing results starting from expected outcome (a-priori)
RooArgSet:: = ()
Computing results starting from expected outcome (a-priori)

 --- MultiDimFit ---
Parameter impacts: 

 --- MultiDimFit ---
  Parameter  :   Best-fit               r            
  Other_norm :   +0.000  -0.992/+0.990  -0.002/+0.003
Done in 0.08 min (cpu), 0.30 min (real)
Parameter impacts: 

 --- MultiDimFit ---
Parameter impacts: 

 --- MultiDimFit ---

 --- MultiDimFit ---
Parameter impacts: 

 --- MultiDimFit ---
Parameter impacts: 
Parameter impacts: 

 --- MultiDimFit ---
Parameter impacts: 
 <<< Combine >>> 
>>> including systematics
   Options for Robust Minimizer :: 
        Tolerance  0.1
        Strategy   0
        Type,Algo  Minuit2,Migrad
>>> method used is MultiDimFit
>>> random number generator seed is 123456

 --- MultiDimFit ---
Parameter impacts: 
  Parameter          :   Best-fit               r            
  jesAbsoluteMPFBias :   +0.000  -0.982/+0.975  +0.004/-0.003
Done in 0.09 min (cpu), 0.30 min (real)
  Parameter              :   Best-fit               r            
  Y2016jesRelativeJEREC2 :   +0.000  -0.994/+0.994  +0.000/+0.000
Done in 0.09 min (cpu), 0.31 min (real)
  Parameter              :   Best-fit               r            
  Y2016jesRelativeSample :   -0.000  -0.963/+0.860  +0.011/-0.009
Done in 0.09 min (cpu), 0.31 min (real)
  Parameter              :   Best-fit               r            
  Y2016jesRelativeStatHF :   +0.000  -0.994/+0.994  +0.000/+0.000
Done in 0.10 min (cpu), 0.32 min (real)
  Parameter :   Best-fit               r            
  Y2016jer  :   +0.000  -0.853/+0.901  -0.001/+0.008
Done in 0.09 min (cpu), 0.31 min (real)
  Parameter :   Best-fit               r            
  Signal_QS :   +0.000  -0.994/+0.994  +0.006/-0.006
Done in 0.08 min (cpu), 0.33 min (real)
 <<< Combine >>> 
>>> including systematics
   Options for Robust Minimizer :: 
        Tolerance  0.1
        Strategy   0
        Type,Algo  Minuit2,Migrad
>>> method used is MultiDimFit
>>> random number generator seed is 123456
 <<< Combine >>> 
>>> including systematics
   Options for Robust Minimizer :: 
        Tolerance  0.1
        Strategy   0
        Type,Algo  Minuit2,Migrad
>>> method used is MultiDimFit
>>> random number generator seed is 123456
 <<< Combine >>> 
>>> including systematics
   Options for Robust Minimizer :: 
        Tolerance  0.1
        Strategy   0
        Type,Algo  Minuit2,Migrad
>>> method used is MultiDimFit
>>> random number generator seed is 123456
  Parameter :   Best-fit               r            
  eleIDSf   :   +0.000  -0.969/+0.969  +0.030/-0.028
Done in 0.10 min (cpu), 0.36 min (real)
 <<< Combine >>> 
>>> including systematics
   Options for Robust Minimizer :: 
        Tolerance  0.1
        Strategy   0
        Type,Algo  Minuit2,Migrad
>>> method used is MultiDimFit
>>> random number generator seed is 123456
 <<< Combine >>> 
>>> including systematics
   Options for Robust Minimizer :: 
        Tolerance  0.1
        Strategy   0
        Type,Algo  Minuit2,Migrad
>>> method used is MultiDimFit
>>> random number generator seed is 123456
 <<< Combine >>> 
>>> including systematics
   Options for Robust Minimizer :: 
        Tolerance  0.1
        Strategy   0
        Type,Algo  Minuit2,Migrad
>>> method used is MultiDimFit
>>> random number generator seed is 123456
 <<< Combine >>> 
>>> including systematics
   Options for Robust Minimizer :: 
        Tolerance  0.1
        Strategy   0
        Type,Algo  Minuit2,Migrad
>>> method used is MultiDimFit
>>> random number generator seed is 123456
RooArgSet:: = ()
Computing results starting from expected outcome (a-priori)
RooArgSet:: = ()
Computing results starting from expected outcome (a-priori)
RooArgSet:: = ()
RooArgSet:: = ()
Computing results starting from expected outcome (a-priori)
Computing results starting from expected outcome (a-priori)
RooArgSet:: = ()
RooArgSet:: = ()
Computing results starting from expected outcome (a-priori)
Computing results starting from expected outcome (a-priori)
RooArgSet:: = ()
RooArgSet:: = ()
Computing results starting from expected outcome (a-priori)
Computing results starting from expected outcome (a-priori)

 --- MultiDimFit ---
Parameter impacts: 
  Parameter  :   Best-fit               r            
  lumiGhostS :   +0.000  -0.992/+0.992  +0.001/-0.001
Done in 0.06 min (cpu), 0.16 min (real)
 <<< Combine >>> 
>>> including systematics
   Options for Robust Minimizer :: 
        Tolerance  0.1
        Strategy   0
        Type,Algo  Minuit2,Migrad
>>> method used is MultiDimFit
>>> random number generator seed is 123456

 --- MultiDimFit ---
Parameter impacts: 

 --- MultiDimFit ---
Parameter impacts: 

 --- MultiDimFit ---
Parameter impacts: 

 --- MultiDimFit ---
Parameter impacts: 
  Parameter        :   Best-fit               r            
  jesAbsoluteScale :   +0.000  -0.990/+0.981  +0.002/-0.004
Done in 0.11 min (cpu), 0.26 min (real)
  Parameter :   Best-fit               r            
  lumi2016  :   +0.000  -0.916/+0.916  +0.004/-0.004
Done in 0.09 min (cpu), 0.24 min (real)
  Parameter     :   Best-fit               r            
  jesPileUpPtHF :   +0.000  -0.994/+0.994  +0.000/+0.000
Done in 0.09 min (cpu), 0.25 min (real)
 <<< Combine >>> 
>>> including systematics
   Options for Robust Minimizer :: 
        Tolerance  0.1
        Strategy   0
        Type,Algo  Minuit2,Migrad
>>> method used is MultiDimFit
>>> random number generator seed is 123456
  Parameter      :   Best-fit               r            
  jesRelativeFSR :   +0.000  -0.988/+0.973  -0.005/+0.000
Done in 0.09 min (cpu), 0.24 min (real)
 <<< Combine >>> 
>>> including systematics
   Options for Robust Minimizer :: 
        Tolerance  0.1
        Strategy   0
        Type,Algo  Minuit2,Migrad
>>> method used is MultiDimFit
>>> random number generator seed is 123456
 <<< Combine >>> 
>>> including systematics
   Options for Robust Minimizer :: 
        Tolerance  0.1
        Strategy   0
        Type,Algo  Minuit2,Migrad
>>> method used is MultiDimFit
>>> random number generator seed is 123456
 <<< Combine >>> 
>>> including systematics
   Options for Robust Minimizer :: 
        Tolerance  0.1
        Strategy   0
        Type,Algo  Minuit2,Migrad
>>> method used is MultiDimFit
>>> random number generator seed is 123456

 --- MultiDimFit ---
Parameter impacts: 
  Parameter       :   Best-fit               r            
  jesRelativePtHF :   +0.000  -0.994/+0.994  +0.000/+0.000
Done in 0.10 min (cpu), 0.28 min (real)
 <<< Combine >>> 
>>> including systematics
   Options for Robust Minimizer :: 
        Tolerance  0.1
        Strategy   0
        Type,Algo  Minuit2,Migrad
>>> method used is MultiDimFit
>>> random number generator seed is 123456

 --- MultiDimFit ---
Parameter impacts: 

 --- MultiDimFit ---
Parameter impacts: 
  Parameter     :   Best-fit               r            
  jesPileUpPtBB :   +0.000  -0.993/+0.988  -0.001/+0.001
Done in 0.09 min (cpu), 0.34 min (real)
  Parameter :   Best-fit               r            
  muIsoSf   :   +0.000  -0.994/+0.994  -0.001/+0.001
Done in 0.09 min (cpu), 0.35 min (real)
 <<< Combine >>> 
>>> including systematics
   Options for Robust Minimizer :: 
        Tolerance  0.1
        Strategy   0
        Type,Algo  Minuit2,Migrad
>>> method used is MultiDimFit
>>> random number generator seed is 123456
 <<< Combine >>> 
>>> including systematics
   Options for Robust Minimizer :: 
        Tolerance  0.1
        Strategy   0
        Type,Algo  Minuit2,Migrad
>>> method used is MultiDimFit
>>> random number generator seed is 123456
RooArgSet:: = ()
Computing results starting from expected outcome (a-priori)
RooArgSet:: = ()
RooArgSet:: = ()
Computing results starting from expected outcome (a-priori)
Computing results starting from expected outcome (a-priori)
RooArgSet:: = ()
RooArgSet:: = ()
Computing results starting from expected outcome (a-priori)
Computing results starting from expected outcome (a-priori)

 --- MultiDimFit ---
Parameter impacts: 
  Parameter :   Best-fit               r            
  lumiBBDef :   +0.000  -0.992/+0.992  +0.001/-0.001
Done in 0.07 min (cpu), 0.14 min (real)
RooArgSet:: = ()
Computing results starting from expected outcome (a-priori)
 <<< Combine >>> 
>>> including systematics
   Options for Robust Minimizer :: 
        Tolerance  0.1
        Strategy   0
        Type,Algo  Minuit2,Migrad
>>> method used is MultiDimFit
>>> random number generator seed is 123456
RooArgSet:: = ()
Computing results starting from expected outcome (a-priori)
RooArgSet:: = ()
Computing results starting from expected outcome (a-priori)

 --- MultiDimFit ---
Parameter impacts: 

 --- MultiDimFit ---
Parameter impacts: 
  Parameter      :   Best-fit               r            
  jesPileUpPtRef :   +0.000  -0.990/+0.990  +0.001/-0.001
Done in 0.09 min (cpu), 0.24 min (real)
 <<< Combine >>> 
>>> including systematics
   Options for Robust Minimizer :: 
        Tolerance  0.1
        Strategy   0
        Type,Algo  Minuit2,Migrad
>>> method used is MultiDimFit
>>> random number generator seed is 123456
  Parameter :   Best-fit               r            
  lumiXY    :   +0.000  -0.981/+0.982  +0.002/-0.001
Done in 0.10 min (cpu), 0.28 min (real)
 <<< Combine >>> 
>>> including systematics
   Options for Robust Minimizer :: 
        Tolerance  0.1
        Strategy   0
        Type,Algo  Minuit2,Migrad
>>> method used is MultiDimFit
>>> random number generator seed is 123456

 --- MultiDimFit ---
Parameter impacts: 

 --- MultiDimFit ---
Parameter impacts: 

 --- MultiDimFit ---
Parameter impacts: 
  Parameter        :   Best-fit               r            
  jesRelativeJERHF :   +0.000  -0.994/+0.994  +0.000/+0.000
Done in 0.09 min (cpu), 0.28 min (real)
  Parameter          :   Best-fit               r            
  jesRelativeStatFSR :   +0.000  -0.993/+0.993  +0.001/-0.001
Done in 0.08 min (cpu), 0.16 min (real)
 <<< Combine >>> 
>>> including systematics
   Options for Robust Minimizer :: 
        Tolerance  0.1
        Strategy   0
        Type,Algo  Minuit2,Migrad
>>> method used is MultiDimFit
>>> random number generator seed is 123456
  Parameter    :   Best-fit               r            
  jesFlavorQCD :   +0.000  -0.812/+0.878  +0.024/-0.023
Done in 0.09 min (cpu), 0.29 min (real)
 <<< Combine >>> 
>>> including systematics
   Options for Robust Minimizer :: 
        Tolerance  0.1
        Strategy   0
        Type,Algo  Minuit2,Migrad
>>> method used is MultiDimFit
>>> random number generator seed is 123456
 <<< Combine >>> 
>>> including systematics
   Options for Robust Minimizer :: 
        Tolerance  0.1
        Strategy   0
        Type,Algo  Minuit2,Migrad
>>> method used is MultiDimFit
>>> random number generator seed is 123456

 --- MultiDimFit ---
Parameter impacts: 

 --- MultiDimFit ---
Parameter impacts: 
  Parameter :   Best-fit               r            
  muonRes   :   -0.000  -0.993/+0.994  -0.001/-0.000
Done in 0.09 min (cpu), 0.24 min (real)
  Parameter      :   Best-fit               r            
  jesPileUpPtEC1 :   +0.000  -0.936/+0.987  +0.006/-0.003
Done in 0.08 min (cpu), 0.23 min (real)
 <<< Combine >>> 
>>> including systematics
   Options for Robust Minimizer :: 
        Tolerance  0.1
        Strategy   0
        Type,Algo  Minuit2,Migrad
>>> method used is MultiDimFit
>>> random number generator seed is 123456
 <<< Combine >>> 
>>> including systematics
   Options for Robust Minimizer :: 
        Tolerance  0.1
        Strategy   0
        Type,Algo  Minuit2,Migrad
>>> method used is MultiDimFit
>>> random number generator seed is 123456
RooArgSet:: = ()
Computing results starting from expected outcome (a-priori)
RooArgSet:: = ()
RooArgSet:: = ()
Computing results starting from expected outcome (a-priori)
Computing results starting from expected outcome (a-priori)
RooArgSet:: = ()
RooArgSet:: = ()
Computing results starting from expected outcome (a-priori)
RooArgSet:: = ()
Computing results starting from expected outcome (a-priori)
Computing results starting from expected outcome (a-priori)
RooArgSet:: = ()
Computing results starting from expected outcome (a-priori)
RooArgSet:: = ()
Computing results starting from expected outcome (a-priori)

 --- MultiDimFit ---
Parameter impacts: 
  Parameter    :   Best-fit               r            
  lumiDynamicB :   +0.000  -0.991/+0.990  +0.001/-0.001
Done in 0.09 min (cpu), 0.25 min (real)
 <<< Combine >>> 
>>> including systematics
   Options for Robust Minimizer :: 
        Tolerance  0.1
        Strategy   0
        Type,Algo  Minuit2,Migrad
>>> method used is MultiDimFit
>>> random number generator seed is 123456

 --- MultiDimFit ---
Parameter impacts: 

 --- MultiDimFit ---
Parameter impacts: 
  Parameter      :   Best-fit               r            
  jesRelativeBal :   +0.000  -0.967/+0.923  -0.007/+0.006
Done in 0.08 min (cpu), 0.27 min (real)
  Parameter :   Best-fit               r            
  muIdSf    :   +0.000  -0.989/+0.990  +0.005/-0.005
Done in 0.09 min (cpu), 0.28 min (real)
 <<< Combine >>> 
>>> including systematics
   Options for Robust Minimizer :: 
        Tolerance  0.1
        Strategy   0
        Type,Algo  Minuit2,Migrad
>>> method used is MultiDimFit
>>> random number generator seed is 123456

 --- MultiDimFit ---
Parameter impacts: 

 --- MultiDimFit ---
Parameter impacts: 
 <<< Combine >>> 
>>> including systematics
   Options for Robust Minimizer :: 
        Tolerance  0.1
        Strategy   0
        Type,Algo  Minuit2,Migrad
>>> method used is MultiDimFit
>>> random number generator seed is 123456

 --- MultiDimFit ---
Parameter impacts: 
  Parameter :   Best-fit               r            
  muonScale :   +0.000  -0.993/+0.993  -0.002/-0.002
Done in 0.07 min (cpu), 0.24 min (real)
  Parameter       :   Best-fit               r            
  jesRelativePtBB :   +0.000  -0.992/+0.993  -0.003/+0.002
Done in 0.08 min (cpu), 0.26 min (real)

 --- MultiDimFit ---
Parameter impacts: 
 <<< Combine >>> 
>>> including systematics
   Options for Robust Minimizer :: 
        Tolerance  0.1
        Strategy   0
        Type,Algo  Minuit2,Migrad
>>> method used is MultiDimFit
>>> random number generator seed is 123456
 <<< Combine >>> 
>>> including systematics
   Options for Robust Minimizer :: 
        Tolerance  0.1
        Strategy   0
        Type,Algo  Minuit2,Migrad
>>> method used is MultiDimFit
>>> random number generator seed is 123456
  Parameter        :   Best-fit               r            
  jesFragmentation :   +0.000  -0.987/+0.985  +0.007/-0.007
Done in 0.10 min (cpu), 0.28 min (real)
  Parameter         :   Best-fit               r            
  jesRelativeStatHF :   +0.000  -0.994/+0.994  +0.000/+0.000
Done in 0.09 min (cpu), 0.28 min (real)
 <<< Combine >>> 
>>> including systematics
   Options for Robust Minimizer :: 
        Tolerance  0.1
        Strategy   0
        Type,Algo  Minuit2,Migrad
>>> method used is MultiDimFit
>>> random number generator seed is 123456

 --- MultiDimFit ---
Parameter impacts: 
 <<< Combine >>> 
>>> including systematics
   Options for Robust Minimizer :: 
        Tolerance  0.1
        Strategy   0
        Type,Algo  Minuit2,Migrad
>>> method used is MultiDimFit
>>> random number generator seed is 123456
  Parameter      :   Best-fit               r            
  jesPileUpPtEC2 :   +0.000  -0.994/+0.994  +0.000/+0.000
Done in 0.09 min (cpu), 0.28 min (real)
 <<< Combine >>> 
>>> including systematics
   Options for Robust Minimizer :: 
        Tolerance  0.1
        Strategy   0
        Type,Algo  Minuit2,Migrad
>>> method used is MultiDimFit
>>> random number generator seed is 123456
RooArgSet:: = ()
Computing results starting from expected outcome (a-priori)
RooArgSet:: = ()
Computing results starting from expected outcome (a-priori)
RooArgSet:: = ()
Computing results starting from expected outcome (a-priori)
RooArgSet:: = ()
Computing results starting from expected outcome (a-priori)
RooArgSet:: = ()
Computing results starting from expected outcome (a-priori)
RooArgSet:: = ()
RooArgSet:: = ()
Computing results starting from expected outcome (a-priori)
Computing results starting from expected outcome (a-priori)
RooArgSet:: = ()
Computing results starting from expected outcome (a-priori)

 --- MultiDimFit ---
Parameter impacts: 
  Parameter                         :   Best-fit               r            
  prop_binLFVScalarU_2016_llB1_bin7 :   +0.000  -0.973/+0.969  -0.005/+0.006
Done in 0.07 min (cpu), 0.18 min (real)
 <<< Combine >>> 
>>> including systematics
   Options for Robust Minimizer :: 
        Tolerance  0.1
        Strategy   0
        Type,Algo  Minuit2,Migrad
>>> method used is MultiDimFit
>>> random number generator seed is 123456

 --- MultiDimFit ---
Parameter impacts: 

 --- MultiDimFit ---
Parameter impacts: 

 --- MultiDimFit ---
Parameter impacts: 

 --- MultiDimFit ---
Parameter impacts: 
  Parameter                          :   Best-fit               r            
  prop_binLFVScalarU_2016_llB1_bin11 :   +0.000  -0.989/+0.990  +0.009/-0.009
Done in 0.10 min (cpu), 0.28 min (real)
  Parameter :   Best-fit               r            
  pu        :   +0.000  -0.970/+0.973  -0.001/+0.001
Done in 0.08 min (cpu), 0.22 min (real)
 <<< Combine >>> 
>>> including systematics
   Options for Robust Minimizer :: 
        Tolerance  0.1
        Strategy   0
        Type,Algo  Minuit2,Migrad
>>> method used is MultiDimFit
>>> random number generator seed is 123456
 <<< Combine >>> 
>>> including systematics
   Options for Robust Minimizer :: 
        Tolerance  0.1
        Strategy   0
        Type,Algo  Minuit2,Migrad
>>> method used is MultiDimFit
>>> random number generator seed is 123456
  Parameter                         :   Best-fit               r            
  prop_binLFVScalarU_2016_llB1_bin4 :   +0.000  -0.958/+0.959  -0.002/+0.002
Done in 0.09 min (cpu), 0.24 min (real)
  Parameter :   Best-fit               r            
  prefiring :   +0.000  -0.992/+0.991  -0.003/+0.003
Done in 0.11 min (cpu), 0.32 min (real)
 <<< Combine >>> 
>>> including systematics
   Options for Robust Minimizer :: 
        Tolerance  0.1
        Strategy   0
        Type,Algo  Minuit2,Migrad
>>> method used is MultiDimFit
>>> random number generator seed is 123456
 <<< Combine >>> 
>>> including systematics
   Options for Robust Minimizer :: 
        Tolerance  0.1
        Strategy   0
        Type,Algo  Minuit2,Migrad
>>> method used is MultiDimFit
>>> random number generator seed is 123456

 --- MultiDimFit ---
Parameter impacts: 

 --- MultiDimFit ---
Parameter impacts: 
  Parameter :   Best-fit               r            
  tt_QS     :   +0.000  -0.764/+0.662  -0.011/+0.019
Done in 0.10 min (cpu), 0.29 min (real)
 <<< Combine >>> 
>>> including systematics
   Options for Robust Minimizer :: 
        Tolerance  0.1
        Strategy   0
        Type,Algo  Minuit2,Migrad
>>> method used is MultiDimFit
>>> random number generator seed is 123456
  Parameter :   Best-fit               r            
  tt_CR     :   +0.000  -0.660/+0.836  +0.027/-0.078
Done in 0.11 min (cpu), 0.32 min (real)
 <<< Combine >>> 
>>> including systematics
   Options for Robust Minimizer :: 
        Tolerance  0.1
        Strategy   0
        Type,Algo  Minuit2,Migrad
>>> method used is MultiDimFit
>>> random number generator seed is 123456

 --- MultiDimFit ---
Parameter impacts: 
  Parameter :   Best-fit               r            
  tt_norm   :   +0.000  -0.593/+0.591  -0.057/+0.060
Done in 0.14 min (cpu), 0.40 min (real)
 <<< Combine >>> 
>>> including systematics
   Options for Robust Minimizer :: 
        Tolerance  0.1
        Strategy   0
        Type,Algo  Minuit2,Migrad
>>> method used is MultiDimFit
>>> random number generator seed is 123456
RooArgSet:: = ()
Computing results starting from expected outcome (a-priori)
RooArgSet:: = ()
RooArgSet:: = ()
Computing results starting from expected outcome (a-priori)
RooArgSet:: = ()
RooArgSet:: = ()
Computing results starting from expected outcome (a-priori)
Computing results starting from expected outcome (a-priori)
Computing results starting from expected outcome (a-priori)
RooArgSet:: = ()
Computing results starting from expected outcome (a-priori)
RooArgSet:: = ()
Computing results starting from expected outcome (a-priori)
RooArgSet:: = ()
Computing results starting from expected outcome (a-priori)

 --- MultiDimFit ---
Parameter impacts: 
  Parameter                         :   Best-fit               r            
  prop_binLFVScalarU_2016_llB1_bin8 :   +0.000  -0.968/+0.970  -0.002/+0.002
Done in 0.09 min (cpu), 0.27 min (real)
 <<< Combine >>> 
>>> including systematics
   Options for Robust Minimizer :: 
        Tolerance  0.1
        Strategy   0
        Type,Algo  Minuit2,Migrad
>>> method used is MultiDimFit
>>> random number generator seed is 123456

 --- MultiDimFit ---
Parameter impacts: 

 --- MultiDimFit ---

 --- MultiDimFit ---
Parameter impacts: 
Parameter impacts: 

 --- MultiDimFit ---
Parameter impacts: 

 --- MultiDimFit ---
Parameter impacts: 

 --- MultiDimFit ---
Parameter impacts: 

 --- MultiDimFit ---
Parameter impacts: 
  Parameter                         :   Best-fit               r            
  prop_binLFVScalarU_2016_llB1_bin2 :   +0.000  -0.956/+0.958  +0.003/-0.003
Done in 0.09 min (cpu), 0.29 min (real)
  Parameter :   Best-fit               r            
  tt_pdf    :   +0.000  -0.992/+0.992  -0.002/+0.002
Done in 0.06 min (cpu), 0.12 min (real)
  Parameter :   Best-fit               r            
  tW_norm   :   +0.000  -0.973/+0.970  -0.007/+0.009
Done in 0.09 min (cpu), 0.27 min (real)
  Parameter                         :   Best-fit               r            
  prop_binLFVScalarU_2016_llB1_bin5 :   +0.000  -0.965/+0.964  +0.001/-0.001
Done in 0.10 min (cpu), 0.29 min (real)
  Parameter :   Best-fit               r            
  tt_Tune   :   +0.000  -0.759/+0.711  +0.014/+0.016
Done in 0.09 min (cpu), 0.26 min (real)
  Parameter :   Best-fit               r            
  tt_FSR    :   +0.000  -0.884/+0.959  +0.016/-0.013
Done in 0.08 min (cpu), 0.20 min (real)
  Parameter                         :   Best-fit               r            
  prop_binLFVScalarU_2016_llB1_bin1 :   +0.000  -0.958/+0.960  -0.009/+0.009
Done in 0.10 min (cpu), 0.29 min (real)
 <<< Combine >>> 
>>> including systematics
   Options for Robust Minimizer :: 
        Tolerance  0.1
        Strategy   0
        Type,Algo  Minuit2,Migrad
>>> method used is MultiDimFit
>>> random number generator seed is 123456
 <<< Combine >>> 
 <<< Combine >>> 
 <<< Combine >>> 
>>> including systematics
   Options for Robust Minimizer :: 
        Tolerance  0.1
        Strategy   0
        Type,Algo  Minuit2,Migrad
>>> method used is MultiDimFit
>>> random number generator seed is 123456
>>> including systematics
   Options for Robust Minimizer :: 
        Tolerance  0.1
        Strategy   0
        Type,Algo  Minuit2,Migrad
>>> method used is MultiDimFit
>>> random number generator seed is 123456
>>> including systematics
   Options for Robust Minimizer :: 
        Tolerance  0.1
        Strategy   0
        Type,Algo  Minuit2,Migrad
>>> method used is MultiDimFit
>>> random number generator seed is 123456
 <<< Combine >>> 
 <<< Combine >>> 
>>> including systematics
   Options for Robust Minimizer :: 
        Tolerance  0.1
        Strategy   0
        Type,Algo  Minuit2,Migrad
>>> method used is MultiDimFit
>>> random number generator seed is 123456
 <<< Combine >>> 
>>> including systematics
>>> including systematics
   Options for Robust Minimizer :: 
        Tolerance  0.1
        Strategy   0
        Type,Algo  Minuit2,Migrad
>>> method used is MultiDimFit
>>> random number generator seed is 123456
   Options for Robust Minimizer :: 
        Tolerance  0.1
        Strategy   0
        Type,Algo  Minuit2,Migrad
>>> method used is MultiDimFit
>>> random number generator seed is 123456
RooArgSet:: = ()
Computing results starting from expected outcome (a-priori)
RooArgSet:: = ()
Computing results starting from expected outcome (a-priori)
RooArgSet:: = ()
RooArgSet:: = ()
Computing results starting from expected outcome (a-priori)
Computing results starting from expected outcome (a-priori)
RooArgSet:: = ()
Computing results starting from expected outcome (a-priori)
RooArgSet:: = ()
Computing results starting from expected outcome (a-priori)
RooArgSet:: = ()
Computing results starting from expected outcome (a-priori)
RooArgSet:: = ()
Computing results starting from expected outcome (a-priori)

 --- MultiDimFit ---
Parameter impacts: 
  Parameter                         :   Best-fit               r            
  prop_binLFVScalarU_2016_llB1_bin9 :   +0.000  -0.975/+0.976  -0.002/+0.003
Done in 0.08 min (cpu), 0.18 min (real)

 --- MultiDimFit ---
Parameter impacts: 

 --- MultiDimFit ---
Parameter impacts: 

 --- MultiDimFit ---
Parameter impacts: 

 --- MultiDimFit ---
Parameter impacts: 
  Parameter :   Best-fit               r            
  udsgTagSF :   +0.000  -0.994/+0.994  -0.001/+0.001
Done in 0.08 min (cpu), 0.22 min (real)
  Parameter                         :   Best-fit               r            
  prop_binLFVScalarU_2016_llB1_bin6 :   +0.000  -0.963/+0.966  -0.001/+0.002
Done in 0.08 min (cpu), 0.21 min (real)
  Parameter                          :   Best-fit               r            
  prop_binLFVScalarU_2016_llB1_bin10 :   +0.000  -0.982/+0.983
 --- MultiDimFit ---
Parameter impacts: 
  +0.011/-0.011
Done in 0.09 min (cpu), 0.24 min (real)
  Parameter                         :   Best-fit               r            
  prop_binLFVScalarU_2016_llB1_bin3 :   -0.000  -0.956/+0.953  +0.004/-0.004
Done in 0.09 min (cpu), 0.23 min (real)

 --- MultiDimFit ---
Parameter impacts: 

 --- MultiDimFit ---
Parameter impacts: 
  Parameter :   Best-fit               r            
  trigSF    :   +0.000  -0.918/+0.922  +0.063/-0.053
Done in 0.11 min (cpu), 0.28 min (real)
  Parameter :   Best-fit               r            
  tt_hdamp  :   +0.000  -0.501/+0.584  -0.015/+0.009
Done in 0.12 min (cpu), 0.28 min (real)
  Parameter :   Best-fit               r            
  tt_ISR    :   +0.000  -0.951/+0.947  -0.003/+0.004
Done in 0.11 min (cpu), 0.27 min (real)
>> combine -M MultiDimFit -n _paramFit_Test_Y2016jesTimePtEta --algo impact --redefineSignalPOIs r -P Y2016jesTimePtEta --floatOtherPOIs 1 --saveInactivePOI 1 --robustFit 1 --rMin -3 --rMax 3 -t -1 --expectSignal=1 -m 125 -d LFVScalarU_2016_llB1.root
>> combine -M MultiDimFit -n _paramFit_Test_Y2016unclusMET --algo impact --redefineSignalPOIs r -P Y2016unclusMET --floatOtherPOIs 1 --saveInactivePOI 1 --robustFit 1 --rMin -3 --rMax 3 -t -1 --expectSignal=1 -m 125 -d LFVScalarU_2016_llB1.root
>> combine -M MultiDimFit -n _paramFit_Test_eleIDSf --algo impact --redefineSignalPOIs r -P eleIDSf --floatOtherPOIs 1 --saveInactivePOI 1 --robustFit 1 --rMin -3 --rMax 3 -t -1 --expectSignal=1 -m 125 -d LFVScalarU_2016_llB1.root
>> combine -M MultiDimFit -n _paramFit_Test_muIsoSf --algo impact --redefineSignalPOIs r -P muIsoSf --floatOtherPOIs 1 --saveInactivePOI 1 --robustFit 1 --rMin -3 --rMax 3 -t -1 --expectSignal=1 -m 125 -d LFVScalarU_2016_llB1.root
>> combine -M MultiDimFit -n _paramFit_Test_muonRes --algo impact --redefineSignalPOIs r -P muonRes --floatOtherPOIs 1 --saveInactivePOI 1 --robustFit 1 --rMin -3 --rMax 3 -t -1 --expectSignal=1 -m 125 -d LFVScalarU_2016_llB1.root
>> combine -M MultiDimFit -n _paramFit_Test_muonScale --algo impact --redefineSignalPOIs r -P muonScale --floatOtherPOIs 1 --saveInactivePOI 1 --robustFit 1 --rMin -3 --rMax 3 -t -1 --expectSignal=1 -m 125 -d LFVScalarU_2016_llB1.root
>> combine -M MultiDimFit -n _paramFit_Test_prop_binLFVScalarU_2016_llB1_bin7 --algo impact --redefineSignalPOIs r -P prop_binLFVScalarU_2016_llB1_bin7 --floatOtherPOIs 1 --saveInactivePOI 1 --robustFit 1 --rMin -3 --rMax 3 -t -1 --expectSignal=1 -m 125 -d LFVScalarU_2016_llB1.root
>> combine -M MultiDimFit -n _paramFit_Test_prop_binLFVScalarU_2016_llB1_bin8 --algo impact --redefineSignalPOIs r -P prop_binLFVScalarU_2016_llB1_bin8 --floatOtherPOIs 1 --saveInactivePOI 1 --robustFit 1 --rMin -3 --rMax 3 -t -1 --expectSignal=1 -m 125 -d LFVScalarU_2016_llB1.root
>> combine -M MultiDimFit -n _paramFit_Test_prop_binLFVScalarU_2016_llB1_bin9 --algo impact --redefineSignalPOIs r -P prop_binLFVScalarU_2016_llB1_bin9 --floatOtherPOIs 1 --saveInactivePOI 1 --robustFit 1 --rMin -3 --rMax 3 -t -1 --expectSignal=1 -m 125 -d LFVScalarU_2016_llB1.root
>> combine -M MultiDimFit -n _paramFit_Test_eleRecoSf --algo impact --redefineSignalPOIs r -P eleRecoSf --floatOtherPOIs 1 --saveInactivePOI 1 --robustFit 1 --rMin -3 --rMax 3 -t -1 --expectSignal=1 -m 125 -d LFVScalarU_2016_llB1.root
>> combine -M MultiDimFit -n _paramFit_Test_electronScale --algo impact --redefineSignalPOIs r -P electronScale --floatOtherPOIs 1 --saveInactivePOI 1 --robustFit 1 --rMin -3 --rMax 3 -t -1 --expectSignal=1 -m 125 -d LFVScalarU_2016_llB1.root
>> combine -M MultiDimFit -n _paramFit_Test_jesAbsoluteMPFBias --algo impact --redefineSignalPOIs r -P jesAbsoluteMPFBias --floatOtherPOIs 1 --saveInactivePOI 1 --robustFit 1 --rMin -3 --rMax 3 -t -1 --expectSignal=1 -m 125 -d LFVScalarU_2016_llB1.root
>> combine -M MultiDimFit -n _paramFit_Test_jesPileUpPtBB --algo impact --redefineSignalPOIs r -P jesPileUpPtBB --floatOtherPOIs 1 --saveInactivePOI 1 --robustFit 1 --rMin -3 --rMax 3 -t -1 --expectSignal=1 -m 125 -d LFVScalarU_2016_llB1.root
>> combine -M MultiDimFit -n _paramFit_Test_jesPileUpPtEC1 --algo impact --redefineSignalPOIs r -P jesPileUpPtEC1 --floatOtherPOIs 1 --saveInactivePOI 1 --robustFit 1 --rMin -3 --rMax 3 -t -1 --expectSignal=1 -m 125 -d LFVScalarU_2016_llB1.root
>> combine -M MultiDimFit -n _paramFit_Test_jesPileUpPtEC2 --algo impact --redefineSignalPOIs r -P jesPileUpPtEC2 --floatOtherPOIs 1 --saveInactivePOI 1 --robustFit 1 --rMin -3 --rMax 3 -t -1 --expectSignal=1 -m 125 -d LFVScalarU_2016_llB1.root
>> combine -M MultiDimFit -n _paramFit_Test_tt_norm --algo impact --redefineSignalPOIs r -P tt_norm --floatOtherPOIs 1 --saveInactivePOI 1 --robustFit 1 --rMin -3 --rMax 3 -t -1 --expectSignal=1 -m 125 -d LFVScalarU_2016_llB1.root
>> combine -M MultiDimFit -n _paramFit_Test_tt_pdf --algo impact --redefineSignalPOIs r -P tt_pdf --floatOtherPOIs 1 --saveInactivePOI 1 --robustFit 1 --rMin -3 --rMax 3 -t -1 --expectSignal=1 -m 125 -d LFVScalarU_2016_llB1.root
>> combine -M MultiDimFit -n _paramFit_Test_udsgTagSF --algo impact --redefineSignalPOIs r -P udsgTagSF --floatOtherPOIs 1 --saveInactivePOI 1 --robustFit 1 --rMin -3 --rMax 3 -t -1 --expectSignal=1 -m 125 -d LFVScalarU_2016_llB1.root
>> combine -M MultiDimFit -n _paramFit_Test_Signal_pdf --algo impact --redefineSignalPOIs r -P Signal_pdf --floatOtherPOIs 1 --saveInactivePOI 1 --robustFit 1 --rMin -3 --rMax 3 -t -1 --expectSignal=1 -m 125 -d LFVScalarU_2016_llB1.root
>> combine -M MultiDimFit -n _paramFit_Test_Y2016bcTagSF --algo impact --redefineSignalPOIs r -P Y2016bcTagSF --floatOtherPOIs 1 --saveInactivePOI 1 --robustFit 1 --rMin -3 --rMax 3 -t -1 --expectSignal=1 -m 125 -d LFVScalarU_2016_llB1.root
>> combine -M MultiDimFit -n _paramFit_Test_Y2016jer --algo impact --redefineSignalPOIs r -P Y2016jer --floatOtherPOIs 1 --saveInactivePOI 1 --robustFit 1 --rMin -3 --rMax 3 -t -1 --expectSignal=1 -m 125 -d LFVScalarU_2016_llB1.root
>> combine -M MultiDimFit -n _paramFit_Test_lumiGhostS --algo impact --redefineSignalPOIs r -P lumiGhostS --floatOtherPOIs 1 --saveInactivePOI 1 --robustFit 1 --rMin -3 --rMax 3 -t -1 --expectSignal=1 -m 125 -d LFVScalarU_2016_llB1.root
>> combine -M MultiDimFit -n _paramFit_Test_lumiXY --algo impact --redefineSignalPOIs r -P lumiXY --floatOtherPOIs 1 --saveInactivePOI 1 --robustFit 1 --rMin -3 --rMax 3 -t -1 --expectSignal=1 -m 125 -d LFVScalarU_2016_llB1.root
>> combine -M MultiDimFit -n _paramFit_Test_muIdSf --algo impact --redefineSignalPOIs r -P muIdSf --floatOtherPOIs 1 --saveInactivePOI 1 --robustFit 1 --rMin -3 --rMax 3 -t -1 --expectSignal=1 -m 125 -d LFVScalarU_2016_llB1.root
>> combine -M MultiDimFit -n _paramFit_Test_prop_binLFVScalarU_2016_llB1_bin4 --algo impact --redefineSignalPOIs r -P prop_binLFVScalarU_2016_llB1_bin4 --floatOtherPOIs 1 --saveInactivePOI 1 --robustFit 1 --rMin -3 --rMax 3 -t -1 --expectSignal=1 -m 125 -d LFVScalarU_2016_llB1.root
>> combine -M MultiDimFit -n _paramFit_Test_prop_binLFVScalarU_2016_llB1_bin5 --algo impact --redefineSignalPOIs r -P prop_binLFVScalarU_2016_llB1_bin5 --floatOtherPOIs 1 --saveInactivePOI 1 --robustFit 1 --rMin -3 --rMax 3 -t -1 --expectSignal=1 -m 125 -d LFVScalarU_2016_llB1.root
>> combine -M MultiDimFit -n _paramFit_Test_prop_binLFVScalarU_2016_llB1_bin6 --algo impact --redefineSignalPOIs r -P prop_binLFVScalarU_2016_llB1_bin6 --floatOtherPOIs 1 --saveInactivePOI 1 --robustFit 1 --rMin -3 --rMax 3 -t -1 --expectSignal=1 -m 125 -d LFVScalarU_2016_llB1.root
>> combine -M MultiDimFit -n _paramFit_Test_Signal_FSR --algo impact --redefineSignalPOIs r -P Signal_FSR --floatOtherPOIs 1 --saveInactivePOI 1 --robustFit 1 --rMin -3 --rMax 3 -t -1 --expectSignal=1 -m 125 -d LFVScalarU_2016_llB1.root
>> combine -M MultiDimFit -n _paramFit_Test_Signal_ISR --algo impact --redefineSignalPOIs r -P Signal_ISR --floatOtherPOIs 1 --saveInactivePOI 1 --robustFit 1 --rMin -3 --rMax 3 -t -1 --expectSignal=1 -m 125 -d LFVScalarU_2016_llB1.root
>> combine -M MultiDimFit -n _paramFit_Test_Signal_QS --algo impact --redefineSignalPOIs r -P Signal_QS --floatOtherPOIs 1 --saveInactivePOI 1 --robustFit 1 --rMin -3 --rMax 3 -t -1 --expectSignal=1 -m 125 -d LFVScalarU_2016_llB1.root
>> combine -M MultiDimFit -n _paramFit_Test_lumi2016 --algo impact --redefineSignalPOIs r -P lumi2016 --floatOtherPOIs 1 --saveInactivePOI 1 --robustFit 1 --rMin -3 --rMax 3 -t -1 --expectSignal=1 -m 125 -d LFVScalarU_2016_llB1.root
>> combine -M MultiDimFit -n _paramFit_Test_lumiBBDef --algo impact --redefineSignalPOIs r -P lumiBBDef --floatOtherPOIs 1 --saveInactivePOI 1 --robustFit 1 --rMin -3 --rMax 3 -t -1 --expectSignal=1 -m 125 -d LFVScalarU_2016_llB1.root
>> combine -M MultiDimFit -n _paramFit_Test_lumiDynamicB --algo impact --redefineSignalPOIs r -P lumiDynamicB --floatOtherPOIs 1 --saveInactivePOI 1 --robustFit 1 --rMin -3 --rMax 3 -t -1 --expectSignal=1 -m 125 -d LFVScalarU_2016_llB1.root
>> combine -M MultiDimFit -n _paramFit_Test_prefiring --algo impact --redefineSignalPOIs r -P prefiring --floatOtherPOIs 1 --saveInactivePOI 1 --robustFit 1 --rMin -3 --rMax 3 -t -1 --expectSignal=1 -m 125 -d LFVScalarU_2016_llB1.root
>> combine -M MultiDimFit -n _paramFit_Test_prop_binLFVScalarU_2016_llB1_bin1 --algo impact --redefineSignalPOIs r -P prop_binLFVScalarU_2016_llB1_bin1 --floatOtherPOIs 1 --saveInactivePOI 1 --robustFit 1 --rMin -3 --rMax 3 -t -1 --expectSignal=1 -m 125 -d LFVScalarU_2016_llB1.root
>> combine -M MultiDimFit -n _paramFit_Test_prop_binLFVScalarU_2016_llB1_bin10 --algo impact --redefineSignalPOIs r -P prop_binLFVScalarU_2016_llB1_bin10 --floatOtherPOIs 1 --saveInactivePOI 1 --robustFit 1 --rMin -3 --rMax 3 -t -1 --expectSignal=1 -m 125 -d LFVScalarU_2016_llB1.root
>> combine -M MultiDimFit -n _paramFit_Test_Y2016jesAbsoluteStat --algo impact --redefineSignalPOIs r -P Y2016jesAbsoluteStat --floatOtherPOIs 1 --saveInactivePOI 1 --robustFit 1 --rMin -3 --rMax 3 -t -1 --expectSignal=1 -m 125 -d LFVScalarU_2016_llB1.root
>> combine -M MultiDimFit -n _paramFit_Test_Y2016jesRelativeJEREC1 --algo impact --redefineSignalPOIs r -P Y2016jesRelativeJEREC1 --floatOtherPOIs 1 --saveInactivePOI 1 --robustFit 1 --rMin -3 --rMax 3 -t -1 --expectSignal=1 -m 125 -d LFVScalarU_2016_llB1.root
>> combine -M MultiDimFit -n _paramFit_Test_Y2016jesRelativeJEREC2 --algo impact --redefineSignalPOIs r -P Y2016jesRelativeJEREC2 --floatOtherPOIs 1 --saveInactivePOI 1 --robustFit 1 --rMin -3 --rMax 3 -t -1 --expectSignal=1 -m 125 -d LFVScalarU_2016_llB1.root
>> combine -M MultiDimFit -n _paramFit_Test_jesPileUpPtHF --algo impact --redefineSignalPOIs r -P jesPileUpPtHF --floatOtherPOIs 1 --saveInactivePOI 1 --robustFit 1 --rMin -3 --rMax 3 -t -1 --expectSignal=1 -m 125 -d LFVScalarU_2016_llB1.root
>> combine -M MultiDimFit -n _paramFit_Test_jesPileUpPtRef --algo impact --redefineSignalPOIs r -P jesPileUpPtRef --floatOtherPOIs 1 --saveInactivePOI 1 --robustFit 1 --rMin -3 --rMax 3 -t -1 --expectSignal=1 -m 125 -d LFVScalarU_2016_llB1.root
>> combine -M MultiDimFit -n _paramFit_Test_jesRelativeBal --algo impact --redefineSignalPOIs r -P jesRelativeBal --floatOtherPOIs 1 --saveInactivePOI 1 --robustFit 1 --rMin -3 --rMax 3 -t -1 --expectSignal=1 -m 125 -d LFVScalarU_2016_llB1.root
>> combine -M MultiDimFit -n _paramFit_Test_prop_binLFVScalarU_2016_llB1_bin11 --algo impact --redefineSignalPOIs r -P prop_binLFVScalarU_2016_llB1_bin11 --floatOtherPOIs 1 --saveInactivePOI 1 --robustFit 1 --rMin -3 --rMax 3 -t -1 --expectSignal=1 -m 125 -d LFVScalarU_2016_llB1.root
>> combine -M MultiDimFit -n _paramFit_Test_prop_binLFVScalarU_2016_llB1_bin2 --algo impact --redefineSignalPOIs r -P prop_binLFVScalarU_2016_llB1_bin2 --floatOtherPOIs 1 --saveInactivePOI 1 --robustFit 1 --rMin -3 --rMax 3 -t -1 --expectSignal=1 -m 125 -d LFVScalarU_2016_llB1.root
>> combine -M MultiDimFit -n _paramFit_Test_prop_binLFVScalarU_2016_llB1_bin3 --algo impact --redefineSignalPOIs r -P prop_binLFVScalarU_2016_llB1_bin3 --floatOtherPOIs 1 --saveInactivePOI 1 --robustFit 1 --rMin -3 --rMax 3 -t -1 --expectSignal=1 -m 125 -d LFVScalarU_2016_llB1.root
Have POIs: ['r']
Have parameters: 72
>> Doing page 0, have 30 parameters
