Channel ch1 will use autoMCStats with settings: event-threshold=10, include-signal=0, hist-mode=1
============================================================
Analysing bin errors for: prop_binch1
Poisson cut-off: 10
Processes excluded for sums: LFVStTensorC LFVTtTensorC
============================================================
Bin        Contents        Error           Notes                         
0          0.000000        0.000000        total sum                     
0          0.000000        0.000000        excluding marked processes    
  => Error is zero, ignore      
------------------------------------------------------------
1          18282.552370    76.140982       total sum                     
1          18263.019585    76.140982       excluding marked processes    
1          57532.000000    239.858291      Unweighted events, alpha=0.317781
  => Total parameter prop_binch1_bin1[0.00,-7.00,7.00] to be gaussian constrained
------------------------------------------------------------
2          35774.172199    80.465820       total sum                     
2          35699.544662    80.465820       excluding marked processes    
2          196835.000000   443.660907      Unweighted events, alpha=0.181747
  => Total parameter prop_binch1_bin2[0.00,-7.00,7.00] to be gaussian constrained
------------------------------------------------------------
3          33822.207851    76.776132       total sum                     
3          33681.852200    76.776132       excluding marked processes    
3          192460.000000   438.702633      Unweighted events, alpha=0.175736
  => Total parameter prop_binch1_bin3[0.00,-7.00,7.00] to be gaussian constrained
------------------------------------------------------------
4          21961.621696    59.099155       total sum                     
4          21776.824936    59.099155       excluding marked processes    
4          135777.000000   368.479307      Unweighted events, alpha=0.161748
  => Total parameter prop_binch1_bin4[0.00,-7.00,7.00] to be gaussian constrained
------------------------------------------------------------
5          12766.133034    37.671273       total sum                     
5          12523.725670    37.671273       excluding marked processes    
5          110521.000000   332.446988      Unweighted events, alpha=0.115509
  => Total parameter prop_binch1_bin5[0.00,-7.00,7.00] to be gaussian constrained
------------------------------------------------------------
6          8530.039412     32.574208       total sum                     
6          8209.846266     32.574208       excluding marked processes    
6          63522.000000    252.035712      Unweighted events, alpha=0.134285
  => Total parameter prop_binch1_bin6[0.00,-7.00,7.00] to be gaussian constrained
------------------------------------------------------------
7          4193.466268     19.299211       total sum                     
7          3857.205884     19.299211       excluding marked processes    
7          39945.000000    199.862453      Unweighted events, alpha=0.104981
  => Total parameter prop_binch1_bin7[0.00,-7.00,7.00] to be gaussian constrained
------------------------------------------------------------
8          2419.277384     14.160531       total sum                     
8          2059.825896     14.160531       excluding marked processes    
8          21159.000000    145.461335      Unweighted events, alpha=0.114338
  => Total parameter prop_binch1_bin8[0.00,-7.00,7.00] to be gaussian constrained
------------------------------------------------------------
9          1139.607264     7.796093        total sum                     
9          792.592976      7.796093        excluding marked processes    
9          10336.000000    101.666120      Unweighted events, alpha=0.110256
  => Total parameter prop_binch1_bin9[0.00,-7.00,7.00] to be gaussian constrained
------------------------------------------------------------
10         612.543594      4.576704        total sum                     
10         282.564475      4.576704        excluding marked processes    
10         3812.000000     61.741396       Unweighted events, alpha=0.160688
  => Total parameter prop_binch1_bin10[0.00,-7.00,7.00] to be gaussian constrained
------------------------------------------------------------
11         318.644205      2.860775        total sum                     
11         104.121936      2.860775        excluding marked processes    
11         1325.000000     36.400549       Unweighted events, alpha=0.240486
  => Total parameter prop_binch1_bin11[0.00,-7.00,7.00] to be gaussian constrained
------------------------------------------------------------
12         0.000000        0.000000        total sum                     
12         0.000000        0.000000        excluding marked processes    
  => Error is zero, ignore      
------------------------------------------------------------
Channel ch2 will use autoMCStats with settings: event-threshold=10, include-signal=0, hist-mode=1
============================================================
Analysing bin errors for: prop_binch2
Poisson cut-off: 10
Processes excluded for sums: LFVStTensorC LFVTtTensorC
============================================================
Bin        Contents        Error           Notes                         
0          0.000000        0.000000        total sum                     
0          0.000000        0.000000        excluding marked processes    
  => Error is zero, ignore      
------------------------------------------------------------
1          3018.937988     12.872851       total sum                     
1          3018.269463     12.872851       excluding marked processes    
1          54975.000000    234.467482      Unweighted events, alpha=0.054915
  => Total parameter prop_binch2_bin1[0.00,-7.00,7.00] to be gaussian constrained
------------------------------------------------------------
2          14310.297639    29.389222       total sum                     
2          14305.767326    29.389222       excluding marked processes    
2          236944.000000   486.768939      Unweighted events, alpha=0.060395
  => Total parameter prop_binch2_bin2[0.00,-7.00,7.00] to be gaussian constrained
------------------------------------------------------------
3          17756.142831    31.555927       total sum                     
3          17745.006929    31.555927       excluding marked processes    
3          316221.000000   562.335309      Unweighted events, alpha=0.056151
  => Total parameter prop_binch2_bin3[0.00,-7.00,7.00] to be gaussian constrained
------------------------------------------------------------
4          14522.552563    28.072516       total sum                     
4          14503.806204    28.072516       excluding marked processes    
4          266932.000000   516.654624      Unweighted events, alpha=0.054405
  => Total parameter prop_binch2_bin4[0.00,-7.00,7.00] to be gaussian constrained
------------------------------------------------------------
5          8910.281487     22.533698       total sum                     
5          8879.952995     22.533698       excluding marked processes    
5          155295.000000   394.074866      Unweighted events, alpha=0.057376
  => Total parameter prop_binch2_bin5[0.00,-7.00,7.00] to be gaussian constrained
------------------------------------------------------------
6          6214.773675     18.603811       total sum                     
6          6171.375523     18.603811       excluding marked processes    
6          110042.000000   331.725790      Unweighted events, alpha=0.056476
  => Total parameter prop_binch2_bin6[0.00,-7.00,7.00] to be gaussian constrained
------------------------------------------------------------
7          2928.460667     12.316630       total sum                     
7          2885.534863     12.316630       excluding marked processes    
7          54887.000000    234.279747      Unweighted events, alpha=0.053354
  => Total parameter prop_binch2_bin7[0.00,-7.00,7.00] to be gaussian constrained
------------------------------------------------------------
8          1593.959762     9.205593        total sum                     
8          1551.546461     9.205593        excluding marked processes    
8          28407.000000    168.543763      Unweighted events, alpha=0.056112
  => Total parameter prop_binch2_bin8[0.00,-7.00,7.00] to be gaussian constrained
------------------------------------------------------------
9          620.048615      5.686026        total sum                     
9          579.293864      5.686026        excluding marked processes    
9          10380.000000    101.882285      Unweighted events, alpha=0.059735
  => Total parameter prop_binch2_bin9[0.00,-7.00,7.00] to be gaussian constrained
------------------------------------------------------------
10         232.509169      3.466547        total sum                     
10         190.497546      3.466547        excluding marked processes    
10         3020.000000     54.954527       Unweighted events, alpha=0.076990
  => Total parameter prop_binch2_bin10[0.00,-7.00,7.00] to be gaussian constrained
------------------------------------------------------------
11         82.387150       2.027651        total sum                     
11         56.926912       2.027651        excluding marked processes    
11         788.000000      28.071338       Unweighted events, alpha=0.104552
  => Total parameter prop_binch2_bin11[0.00,-7.00,7.00] to be gaussian constrained
------------------------------------------------------------
12         0.000000        0.000000        total sum                     
12         0.000000        0.000000        excluding marked processes    
  => Error is zero, ignore      
------------------------------------------------------------
Have POIs: ['r']
 <<< Combine >>> 
>>> including systematics
   Options for Robust Minimizer :: 
        Tolerance  0.1
        Strategy   0
        Type,Algo  Minuit2,Migrad
>>> method used is MultiDimFit
>>> random number generator seed is 123456
RooArgSet:: = ()
Computing results starting from observation (a-posteriori)
Error: minimization failed at r = 0.0390781

 --- MultiDimFit ---
best fit parameter values and profile-likelihood uncertainties: 
 Warning - No valid high-error found, will report difference to maximum of range for : r
   r :    -0.010   -0.050/+1.010 (68%)
Done in 0.08 min (cpu), 0.15 min (real)
>> combine -M MultiDimFit -n _initialFit_Test --algo singles --redefineSignalPOIs r --robustFit 1 --rMin -1 --rMax 1 -m 125 -d LFVTensorC_2016_com.root
Have POIs: ['r']
Have parameters: 83
 <<< Combine >>> 
>>> including systematics
 <<< Combine >>> 
>>> including systematics
   Options for Robust Minimizer :: 
        Tolerance  0.1
        Strategy   0
        Type,Algo  Minuit2,Migrad
>>> method used is MultiDimFit
>>> random number generator seed is 123456
   Options for Robust Minimizer :: 
        Tolerance  0.1
        Strategy   0
        Type,Algo  Minuit2,Migrad
>>> method used is MultiDimFit
>>> random number generator seed is 123456
 <<< Combine >>> 
>>> including systematics
   Options for Robust Minimizer :: 
        Tolerance  0.1
        Strategy   0
        Type,Algo  Minuit2,Migrad
>>> method used is MultiDimFit
>>> random number generator seed is 123456
 <<< Combine >>> 
 <<< Combine >>> 
>>> including systematics
   Options for Robust Minimizer :: 
        Tolerance  0.1
        Strategy   0
        Type,Algo  Minuit2,Migrad
>>> method used is MultiDimFit
>>> random number generator seed is 123456
>>> including systematics
   Options for Robust Minimizer :: 
        Tolerance  0.1
        Strategy   0
        Type,Algo  Minuit2,Migrad
>>> method used is MultiDimFit
>>> random number generator seed is 123456
 <<< Combine >>> 
>>> including systematics
   Options for Robust Minimizer :: 
        Tolerance  0.1
        Strategy   0
        Type,Algo  Minuit2,Migrad
>>> method used is MultiDimFit
>>> random number generator seed is 123456
 <<< Combine >>> 
>>> including systematics
   Options for Robust Minimizer :: 
        Tolerance  0.1
        Strategy   0
        Type,Algo  Minuit2,Migrad
>>> method used is MultiDimFit
>>> random number generator seed is 123456
 <<< Combine >>> 
>>> including systematics
   Options for Robust Minimizer :: 
        Tolerance  0.1
        Strategy   0
        Type,Algo  Minuit2,Migrad
>>> method used is MultiDimFit
>>> random number generator seed is 123456
RooArgSet:: = ()
Computing results starting from observation (a-posteriori)
RooArgSet:: = ()
Computing results starting from observation (a-posteriori)
RooArgSet:: = ()
RooArgSet:: = ()
Computing results starting from observation (a-posteriori)
Computing results starting from observation (a-posteriori)
RooArgSet:: = ()
Computing results starting from observation (a-posteriori)
RooArgSet:: = ()
Computing results starting from observation (a-posteriori)
RooArgSet:: = ()
Computing results starting from observation (a-posteriori)
RooArgSet:: = ()
Computing results starting from observation (a-posteriori)
Error: minimization failed at Y2016jesRelativeStatEC = -0.372971

 --- MultiDimFit ---
Parameter impacts: 

 --- MultiDimFit ---
Parameter impacts: 

 --- MultiDimFit ---
Parameter impacts: 
  Parameter              :   Best-fit               r            
  Y2016jesRelativeStatEC :   +0.215  +0.000/+0.811  -0.000/-0.001
Done in 0.06 min (cpu), 0.14 min (real)

 --- MultiDimFit ---
Parameter impacts: 
Error: minimization failed at Y2016jesTimePtEta = 1.0808
  Parameter             :   Best-fit               r            
  Y2016jesRelativePtEC1 :   -0.015  -0.965/+0.963  -0.000/+0.000
Done in 0.06 min (cpu), 0.14 min (real)
 <<< Combine >>> 
>>> including systematics
   Options for Robust Minimizer :: 
        Tolerance  0.1
        Strategy   0
        Type,Algo  Minuit2,Migrad
>>> method used is MultiDimFit
>>> random number generator seed is 123456
  Parameter  :   Best-fit               r            
  Signal_FSR :   +0.003  -0.994/+0.994  +0.001/-0.000
Done in 0.06 min (cpu), 0.14 min (real)
  Parameter  :   Best-fit               r            
  Signal_pdf :   +0.005  -0.994/+0.995  +0.001/-0.001
Done in 0.06 min (cpu), 0.15 min (real)

 --- MultiDimFit ---
Parameter impacts: 
 <<< Combine >>> 
>>> including systematics
   Options for Robust Minimizer :: 
        Tolerance  0.1
        Strategy   0
        Type,Algo  Minuit2,Migrad
>>> method used is MultiDimFit
>>> random number generator seed is 123456
 <<< Combine >>> 
>>> including systematics
   Options for Robust Minimizer :: 
        Tolerance  0.1
        Strategy   0
        Type,Algo  Minuit2,Migrad
>>> method used is MultiDimFit
>>> random number generator seed is 123456
 <<< Combine >>> 
>>> including systematics
   Options for Robust Minimizer :: 
        Tolerance  0.1
        Strategy   0
        Type,Algo  Minuit2,Migrad
>>> method used is MultiDimFit
>>> random number generator seed is 123456
  Parameter :   Best-fit               r            
  eleRecoSf :   -0.196  -0.989/+0.990  +0.000/-0.000
Done in 0.07 min (cpu), 0.15 min (real)
 <<< Combine >>> 
>>> including systematics
   Options for Robust Minimizer :: 
        Tolerance  0.1
        Strategy   0
        Type,Algo  Minuit2,Migrad
>>> method used is MultiDimFit
>>> random number generator seed is 123456

 --- MultiDimFit ---
Parameter impacts: 
  Parameter         :   Best-fit               r            
  Y2016jesTimePtEta :   +0.104  -1.000/+0.000  -0.003/-0.000
Done in 0.10 min (cpu), 0.23 min (real)
 <<< Combine >>> 
>>> including systematics
   Options for Robust Minimizer :: 
        Tolerance  0.1
        Strategy   0
        Type,Algo  Minuit2,Migrad
>>> method used is MultiDimFit
>>> random number generator seed is 123456

 --- MultiDimFit ---
Parameter impacts: 
  Parameter :   Best-fit               r            
  DY_norm   :   +0.768  -1.160/+1.168  -0.002/+0.004
Done in 0.14 min (cpu), 0.33 min (real)
 <<< Combine >>> 
>>> including systematics
   Options for Robust Minimizer :: 
        Tolerance  0.1
        Strategy   0
        Type,Algo  Minuit2,Migrad
>>> method used is MultiDimFit
>>> random number generator seed is 123456
RooArgSet:: = ()
Computing results starting from observation (a-posteriori)
RooArgSet:: = ()
Computing results starting from observation (a-posteriori)
RooArgSet:: = ()
Computing results starting from observation (a-posteriori)
RooArgSet:: = ()
Computing results starting from observation (a-posteriori)
RooArgSet:: = ()
Computing results starting from observation (a-posteriori)

 --- MultiDimFit ---
Parameter impacts: 
  Parameter            :   Best-fit               r            
  Y2016jesAbsoluteStat :   -0.335  -0.980/+0.857  +0.000/-0.001
Done in 0.17 min (cpu), 0.42 min (real)
 <<< Combine >>> 
>>> including systematics
   Options for Robust Minimizer :: 
        Tolerance  0.1
        Strategy   0
        Type,Algo  Minuit2,Migrad
>>> method used is MultiDimFit
>>> random number generator seed is 123456
RooArgSet:: = ()
Computing results starting from observation (a-posteriori)

 --- MultiDimFit ---
Parameter impacts: 
  Parameter  :   Best-fit               r            
  Signal_ISR :   +0.003  -0.996/+0.996  +0.000/-0.001
Done in 0.06 min (cpu), 0.14 min (real)

 --- MultiDimFit ---
Parameter impacts: 
 <<< Combine >>> 
>>> including systematics
   Options for Robust Minimizer :: 
        Tolerance  0.1
        Strategy   0
        Type,Algo  Minuit2,Migrad
>>> method used is MultiDimFit
>>> random number generator seed is 123456
  Parameter             :   Best-fit               r            
  Y2016jesRelativePtEC2 :   -0.000  -0.994/+0.994  -0.000/-0.000
Done in 0.07 min (cpu), 0.16 min (real)
 <<< Combine >>> 
>>> including systematics
   Options for Robust Minimizer :: 
        Tolerance  0.1
        Strategy   0
        Type,Algo  Minuit2,Migrad
>>> method used is MultiDimFit
>>> random number generator seed is 123456

 --- MultiDimFit ---
Parameter impacts: 
  Parameter               :   Best-fit               r            
  Y2016jesRelativeStatFSR :   +0.105  -1.007/+0.997  -0.000/-0.000
Done in 0.07 min (cpu), 0.17 min (real)
 <<< Combine >>> 
>>> including systematics
   Options for Robust Minimizer :: 
        Tolerance  0.1
        Strategy   0
        Type,Algo  Minuit2,Migrad
>>> method used is MultiDimFit
>>> random number generator seed is 123456
RooArgSet:: = ()
Computing results starting from observation (a-posteriori)

 --- MultiDimFit ---
Parameter impacts: 

 --- MultiDimFit ---
Parameter impacts: 
  Parameter     :   Best-fit               r            
  electronScale :   -0.948  -0.953/+0.951  Parameter    :   Best-fit               r            
  Y2016bcTagSF :   -0.853  -0.224/+0.231  -0.016/+0.016
Done in 0.10 min (cpu), 0.24 min (real)
  +0.006/-0.006
Done in 0.10 min (cpu), 0.23 min (real)

 --- MultiDimFit ---
Parameter impacts: 
 <<< Combine >>> 
>>> including systematics
   Options for Robust Minimizer :: 
        Tolerance  0.1
        Strategy   0
        Type,Algo  Minuit2,Migrad
>>> method used is MultiDimFit
>>> random number generator seed is 123456
 <<< Combine >>> 
>>> including systematics
   Options for Robust Minimizer :: 
        Tolerance  0.1
        Strategy   0
        Type,Algo  Minuit2,Migrad
>>> method used is MultiDimFit
>>> random number generator seed is 123456
RooArgSet:: = ()
Computing results starting from observation (a-posteriori)
  Parameter      :   Best-fit               r            
  Y2016unclusMET :   +1.633  -0.759/+0.683  -0.002/+0.001
Done in 0.08 min (cpu), 0.20 min (real)
 <<< Combine >>> 
>>> including systematics
   Options for Robust Minimizer :: 
        Tolerance  0.1
        Strategy   0
        Type,Algo  Minuit2,Migrad
>>> method used is MultiDimFit
>>> random number generator seed is 123456
Error: minimization failed at Jets_norm = 1.13984
RooArgSet:: = ()
Computing results starting from observation (a-posteriori)
RooArgSet:: = ()
Computing results starting from observation (a-posteriori)
Error: minimization failed at Y2016jesRelativeJEREC1 = 0.929613
RooArgSet:: = ()
Computing results starting from observation (a-posteriori)
Error: minimization failed at Jets_norm = -0.985945

 --- MultiDimFit ---
Parameter impacts: 
  Parameter :   Best-fit               r            
  Jets_norm :   +0.063  +0.000/+0.000  -0.000/-0.000
Done in 0.11 min (cpu), 0.24 min (real)
 <<< Combine >>> 
>>> including systematics
   Options for Robust Minimizer :: 
        Tolerance  0.1
        Strategy   0
        Type,Algo  Minuit2,Migrad
>>> method used is MultiDimFit
>>> random number generator seed is 123456
RooArgSet:: = ()
Computing results starting from observation (a-posteriori)
Error: minimization failed at Y2016jesRelativeJEREC1 = -0.571879

 --- MultiDimFit ---
Parameter impacts: 
RooArgSet:: = ()
Computing results starting from observation (a-posteriori)
  Parameter              :   Best-fit               r            
  Y2016jesRelativeJEREC1 :   +0.084  +0.000/+0.000  -0.000/-0.000
Done in 0.09 min (cpu), 0.21 min (real)
RooArgSet:: = ()
Computing results starting from observation (a-posteriori)
 <<< Combine >>> 
>>> including systematics
   Options for Robust Minimizer :: 
        Tolerance  0.1
        Strategy   0
        Type,Algo  Minuit2,Migrad
>>> method used is MultiDimFit
>>> random number generator seed is 123456

 --- MultiDimFit ---
Parameter impacts: 
  Parameter :   Best-fit               r            
  Signal_QS :   -0.000  -0.995/+0.995  -0.000/+0.000
Done in 0.06 min (cpu), 0.15 min (real)
 <<< Combine >>> 
>>> including systematics
   Options for Robust Minimizer :: 
        Tolerance  0.1
        Strategy   0
        Type,Algo  Minuit2,Migrad
>>> method used is MultiDimFit
>>> random number generator seed is 123456

 --- MultiDimFit ---
Parameter impacts: 
Error: minimization failed at Y2016jesRelativeSample = -1.62413

 --- MultiDimFit ---
Parameter impacts: 
  Parameter              :   Best-fit               r            
  Y2016jesRelativeStatHF :   -0.000  -0.994/+0.994  -0.000/-0.000
Done in 0.06 min (cpu), 0.14 min (real)
  Parameter              :   Best-fit               r            
  Y2016jesRelativeSample :   -0.429  +0.000/+0.585  -0.000/+0.000
Done in 0.09 min (cpu), 0.20 min (real)
 <<< Combine >>> 
>>> including systematics
   Options for Robust Minimizer :: 
        Tolerance  0.1
        Strategy   0
        Type,Algo  Minuit2,Migrad
>>> method used is MultiDimFit
>>> random number generator seed is 123456
Error: minimization failed at jesAbsoluteMPFBias = 0.794928
 <<< Combine >>> 
>>> including systematics
   Options for Robust Minimizer :: 
        Tolerance  0.1
        Strategy   0
        Type,Algo  Minuit2,Migrad
>>> method used is MultiDimFit
>>> random number generator seed is 123456

 --- MultiDimFit ---
Parameter impacts: 

 --- MultiDimFit ---
Parameter impacts: 
  Parameter          :   Best-fit               r            
  jesAbsoluteMPFBias :   -0.009  -0.897/+0.000  +0.000/-0.000
Done in 0.07 min (cpu), 0.15 min (real)
 <<< Combine >>> 
>>> including systematics
   Options for Robust Minimizer :: 
        Tolerance  0.1
        Strategy   0
        Type,Algo  Minuit2,Migrad
>>> method used is MultiDimFit
>>> random number generator seed is 123456
RooArgSet:: = ()
Computing results starting from observation (a-posteriori)
  Parameter :   Best-fit               r            
  eleIDSf   :   +0.150  -0.963/+0.966  +0.003/-0.003
Done in 0.08 min (cpu), 0.18 min (real)
 <<< Combine >>> 
>>> including systematics
   Options for Robust Minimizer :: 
        Tolerance  0.1
        Strategy   0
        Type,Algo  Minuit2,Migrad
>>> method used is MultiDimFit
>>> random number generator seed is 123456
Error: minimization failed at Y2016jer = -0.522511

 --- MultiDimFit ---
Parameter impacts: 
  Parameter :   Best-fit               r            
  Y2016jer  :   +0.278  +0.000/+0.693  -0.000/+0.007
Done in 0.11 min (cpu), 0.24 min (real)
 <<< Combine >>> 
>>> including systematics
   Options for Robust Minimizer :: 
        Tolerance  0.1
        Strategy   0
        Type,Algo  Minuit2,Migrad
>>> method used is MultiDimFit
>>> random number generator seed is 123456
RooArgSet:: = ()
Computing results starting from observation (a-posteriori)
RooArgSet:: = ()
Computing results starting from observation (a-posteriori)
RooArgSet:: = ()
Computing results starting from observation (a-posteriori)
RooArgSet:: = ()
Computing results starting from observation (a-posteriori)

 --- MultiDimFit ---
Parameter impacts: 
  Parameter  :   Best-fit               r            
  Other_norm :   -0.118  -0.973/+0.965  +0.002/-0.002
Done in 0.07 min (cpu), 0.16 min (real)
 <<< Combine >>> 
>>> including systematics
   Options for Robust Minimizer :: 
        Tolerance  0.1
        Strategy   0
        Type,Algo  Minuit2,Migrad
>>> method used is MultiDimFit
>>> random number generator seed is 123456
RooArgSet:: = ()
RooArgSet:: = ()
Computing results starting from observation (a-posteriori)
Computing results starting from observation (a-posteriori)

 --- MultiDimFit ---
Parameter impacts: 

 --- MultiDimFit ---
Parameter impacts: 
  Parameter              :   Best-fit               r            
  Y2016jesRelativeJEREC2 :   -0.000  -0.994/+0.994  -0.000/-0.000
Done in 0.07 min (cpu), 0.15 min (real)
RooArgSet:: = ()
Computing results starting from observation (a-posteriori)
  Parameter        :   Best-fit               r            
  jesAbsoluteScale :   +0.032  -1.054/+1.031  +0.000/+0.002
Done in 0.06 min (cpu), 0.12 min (real)
 <<< Combine >>> 
>>> including systematics
   Options for Robust Minimizer :: 
        Tolerance  0.1
        Strategy   0
        Type,Algo  Minuit2,Migrad
>>> method used is MultiDimFit
>>> random number generator seed is 123456
 <<< Combine >>> 
>>> including systematics
   Options for Robust Minimizer :: 
        Tolerance  0.1
        Strategy   0
        Type,Algo  Minuit2,Migrad
>>> method used is MultiDimFit
>>> random number generator seed is 123456

 --- MultiDimFit ---
Parameter impacts: 

 --- MultiDimFit ---
Parameter impacts: 
  Parameter     :   Best-fit               r            
  jesPileUpPtBB :   +0.038  -0.970/+0.968  +0.000/+0.000
Done in 0.07 min (cpu), 0.15 min (real)
 <<< Combine >>> 
>>> including systematics
   Options for Robust Minimizer :: 
        Tolerance  0.1
        Strategy   0
        Type,Algo  Minuit2,Migrad
>>> method used is MultiDimFit
>>> random number generator seed is 123456
  Parameter     :   Best-fit               r            
  jesPileUpPtHF :   -0.000  -0.994/+0.994  -0.000/-0.000
Done in 0.07 min (cpu), 0.14 min (real)
 <<< Combine >>> 
>>> including systematics
   Options for Robust Minimizer :: 
        Tolerance  0.1
        Strategy   0
        Type,Algo  Minuit2,Migrad
>>> method used is MultiDimFit
>>> random number generator seed is 123456

 --- MultiDimFit ---
Parameter impacts: 
RooArgSet:: = ()
Computing results starting from observation (a-posteriori)
  Parameter       :   Best-fit               r            
  jesRelativePtHF :   -0.000  -0.994/+0.994  -0.000/-0.000
Done in 0.07 min (cpu), 0.14 min (real)
 <<< Combine >>> 
>>> including systematics
   Options for Robust Minimizer :: 
        Tolerance  0.1
        Strategy   0
        Type,Algo  Minuit2,Migrad
>>> method used is MultiDimFit
>>> random number generator seed is 123456

 --- MultiDimFit ---
Parameter impacts: 
  Parameter      :   Best-fit               r            
  jesRelativeFSR :   +0.462  -1.209/+0.934
 --- MultiDimFit ---
Parameter impacts: 
  +0.001/-0.002
Done in 0.09 min (cpu), 0.18 min (real)
 <<< Combine >>> 
>>> including systematics
   Options for Robust Minimizer :: 
        Tolerance  0.1
        Strategy   0
        Type,Algo  Minuit2,Migrad
>>> method used is MultiDimFit
>>> random number generator seed is 123456
  Parameter :   Best-fit               r            
  lumi2016  :   +0.068  -0.913/+0.911  -0.002/+0.002
Done in 0.09 min (cpu), 0.18 min (real)
RooArgSet:: = ()
Computing results starting from observation (a-posteriori)
 <<< Combine >>> 
>>> including systematics
   Options for Robust Minimizer :: 
        Tolerance  0.1
        Strategy   0
        Type,Algo  Minuit2,Migrad
>>> method used is MultiDimFit
>>> random number generator seed is 123456
RooArgSet:: = ()
Computing results starting from observation (a-posteriori)

 --- MultiDimFit ---
Parameter impacts: 
  Parameter  :   Best-fit               r            
  lumiGhostS :   +0.012  -0.992/+0.992  -0.000/+0.000
Done in 0.06 min (cpu), 0.12 min (real)
 <<< Combine >>> 
>>> including systematics
   Options for Robust Minimizer :: 
        Tolerance  0.1
        Strategy   0
        Type,Algo  Minuit2,Migrad
>>> method used is MultiDimFit
>>> random number generator seed is 123456
RooArgSet:: = ()
Computing results starting from observation (a-posteriori)
RooArgSet:: = ()
Computing results starting from observation (a-posteriori)
Error: minimization failed at jesFlavorQCD = -0.000340268
RooArgSet:: = ()
Computing results starting from observation (a-posteriori)
RooArgSet:: = ()
Computing results starting from observation (a-posteriori)

 --- MultiDimFit ---
Parameter impacts: 
  Parameter :   Best-fit               r            
  muIsoSf   :   +0.044  -0.994/+0.994  -0.000/+0.000
Done in 0.07 min (cpu), 0.15 min (real)
RooArgSet:: = ()
Computing results starting from observation (a-posteriori)
 <<< Combine >>> 
>>> including systematics
   Options for Robust Minimizer :: 
        Tolerance  0.1
        Strategy   0
        Type,Algo  Minuit2,Migrad
>>> method used is MultiDimFit
>>> random number generator seed is 123456

 --- MultiDimFit ---
Parameter impacts: 
RooArgSet:: = ()
Computing results starting from observation (a-posteriori)
  Parameter    :   Best-fit               r            
  jesFlavorQCD :   -0.599  -0.630/+0.000  -0.000/-0.000
Done in 0.09 min (cpu), 0.18 min (real)
 <<< Combine >>> 
>>> including systematics
   Options for Robust Minimizer :: 
        Tolerance  0.1
        Strategy   0
        Type,Algo  Minuit2,Migrad
>>> method used is MultiDimFit
>>> random number generator seed is 123456

 --- MultiDimFit ---
Parameter impacts: 
  Parameter      :   Best-fit               r            
  jesPileUpPtRef :   +0.253  -0.961/+0.980  +0.001/-0.000
Done in 0.06 min (cpu), 0.14 min (real)
 <<< Combine >>> 
>>> including systematics
   Options for Robust Minimizer :: 
        Tolerance  0.1
        Strategy   0
        Type,Algo  Minuit2,Migrad
>>> method used is MultiDimFit
>>> random number generator seed is 123456

 --- MultiDimFit ---
Parameter impacts: 
  Parameter      :   Best-fit               r            
  jesPileUpPtEC1 :   +0.231  -0.726/+0.871  +0.001/-0.001
Done in 0.08 min (cpu), 0.18 min (real)
 <<< Combine >>> 
>>> including systematics
   Options for Robust Minimizer :: 
        Tolerance  0.1
        Strategy   0
        Type,Algo  Minuit2,Migrad
>>> method used is MultiDimFit
>>> random number generator seed is 123456

 --- MultiDimFit ---
Parameter impacts: 
  Parameter          :   Best-fit               r            
  jesRelativeStatFSR :   +0.105  -1.007/+0.997  -0.000/-0.000
Done in 0.07 min (cpu), 0.15 min (real)

 --- MultiDimFit ---
Parameter impacts: 

 --- MultiDimFit ---
Parameter impacts: 
 <<< Combine >>> 
>>> including systematics
   Options for Robust Minimizer :: 
        Tolerance  0.1
        Strategy   0
        Type,Algo  Minuit2,Migrad
>>> method used is MultiDimFit
>>> random number generator seed is 123456
  Parameter :   Best-fit               r            
  lumiBBDef :   +0.012  -0.992/+0.992  -0.000/+0.000
Done in 0.06 min (cpu), 0.12 min (real)
  Parameter        :   Best-fit               r            
  jesRelativeJERHF :   -0.000  -0.994/+0.994  -0.000/-0.000
Done in 0.07 min (cpu), 0.15 min (real)
 <<< Combine >>> 
>>> including systematics
   Options for Robust Minimizer :: 
        Tolerance  0.1
        Strategy   0
        Type,Algo  Minuit2,Migrad
>>> method used is MultiDimFit
>>> random number generator seed is 123456
 <<< Combine >>> 
>>> including systematics
   Options for Robust Minimizer :: 
        Tolerance  0.1
        Strategy   0
        Type,Algo  Minuit2,Migrad
>>> method used is MultiDimFit
>>> random number generator seed is 123456

 --- MultiDimFit ---
Parameter impacts: 
  Parameter :   Best-fit               r            
  lumiXY    :   +0.028  -0.981/+0.981  -0.001/+0.001
Done in 0.07 min (cpu), 0.15 min (real)
RooArgSet:: = ()
Computing results starting from observation (a-posteriori)
 <<< Combine >>> 
>>> including systematics
   Options for Robust Minimizer :: 
        Tolerance  0.1
        Strategy   0
        Type,Algo  Minuit2,Migrad
>>> method used is MultiDimFit
>>> random number generator seed is 123456
RooArgSet:: = ()
Computing results starting from observation (a-posteriori)
RooArgSet:: = ()
Computing results starting from observation (a-posteriori)
RooArgSet:: = ()
Computing results starting from observation (a-posteriori)

 --- MultiDimFit ---
Parameter impacts: 
RooArgSet:: = ()
Computing results starting from observation (a-posteriori)
  Parameter :   Best-fit               r            
  muonRes   :   -0.020  -0.966/+0.967  -0.001/-0.000
Done in 0.07 min (cpu), 0.15 min (real)
 <<< Combine >>> 
>>> including systematics
   Options for Robust Minimizer :: 
        Tolerance  0.1
        Strategy   0
        Type,Algo  Minuit2,Migrad
>>> method used is MultiDimFit
>>> random number generator seed is 123456
RooArgSet:: = ()
Computing results starting from observation (a-posteriori)
RooArgSet:: = ()
Computing results starting from observation (a-posteriori)
RooArgSet:: = ()
Computing results starting from observation (a-posteriori)
Error: minimization failed at jesRelativeBal = 0.805442

 --- MultiDimFit ---
Parameter impacts: 

 --- MultiDimFit ---
Parameter impacts: 
  Parameter      :   Best-fit               r            
  jesPileUpPtEC2 :   -0.000  -0.994/+0.994  -0.000/-0.000
Done in 0.07 min (cpu), 0.15 min (real)
  Parameter         :   Best-fit               r            
  jesRelativeStatHF :   -0.000  -0.994/+0.994  -0.000/-0.000
Done in 0.07 min (cpu), 0.14 min (real)
 <<< Combine >>> 
>>> including systematics
   Options for Robust Minimizer :: 
        Tolerance  0.1
        Strategy   0
        Type,Algo  Minuit2,Migrad
>>> method used is MultiDimFit
>>> random number generator seed is 123456
 <<< Combine >>> 
>>> including systematics
   Options for Robust Minimizer :: 
        Tolerance  0.1
        Strategy   0
        Type,Algo  Minuit2,Migrad
>>> method used is MultiDimFit
>>> random number generator seed is 123456

 --- MultiDimFit ---
Parameter impacts: 
RooArgSet:: = ()
Computing results starting from observation (a-posteriori)
Error: minimization failed at jesRelativeBal = -0.647437

 --- MultiDimFit ---
Parameter impacts: 

 --- MultiDimFit ---
Parameter impacts: 
  Parameter       :   Best-fit               r            
  jesRelativePtBB :   +0.085  -0.992/+0.993  -0.000/+0.001
Done in 0.07 min (cpu), 0.15 min (real)
 <<< Combine >>> 
>>> including systematics
   Options for Robust Minimizer :: 
        Tolerance  0.1
        Strategy   0
        Type,Algo  Minuit2,Migrad
>>> method used is MultiDimFit
>>> random number generator seed is 123456
  Parameter      :   Best-fit               r            
  jesRelativeBal :   -0.003  +0.000/+0.000  -0.000/-0.000
Done in 0.10 min (cpu), 0.22 min (real)

 --- MultiDimFit ---
Parameter impacts: 
  Parameter    :   Best-fit               r            
  lumiDynamicB :   +0.015  -0.990/+0.990  -0.000/+0.000
Done in 0.07 min (cpu), 0.16 min (real)
 <<< Combine >>> 
>>> including systematics
   Options for Robust Minimizer :: 
        Tolerance  0.1
        Strategy   0
        Type,Algo  Minuit2,Migrad
>>> method used is MultiDimFit
>>> random number generator seed is 123456
 <<< Combine >>> 
>>> including systematics
   Options for Robust Minimizer :: 
        Tolerance  0.1
        Strategy   0
        Type,Algo  Minuit2,Migrad
>>> method used is MultiDimFit
>>> random number generator seed is 123456

 --- MultiDimFit ---
Parameter impacts: 
  Parameter        :   Best-fit               r            
  jesFragmentation :   -0.282  -1.008/+1.059  +0.001/-0.001
Done in 0.13 min (cpu), 0.29 min (real)
 <<< Combine >>> 
>>> including systematics
   Options for Robust Minimizer :: 
        Tolerance  0.1
        Strategy   0
        Type,Algo  Minuit2,Migrad
>>> method used is MultiDimFit
>>> random number generator seed is 123456
  Parameter :   Best-fit               r            
  muIdSf    :   -0.260  -0.987/+0.989  +0.001/-0.000
Done in 0.07 min (cpu), 0.14 min (real)
 <<< Combine >>> 
>>> including systematics
   Options for Robust Minimizer :: 
        Tolerance  0.1
        Strategy   0
        Type,Algo  Minuit2,Migrad
>>> method used is MultiDimFit
>>> random number generator seed is 123456

 --- MultiDimFit ---
Parameter impacts: 
  Parameter :   Best-fit               r            
  muonScale :   +0.016  -0.954/+0.955  -0.001/-0.001
Done in 0.06 min (cpu), 0.13 min (real)
 <<< Combine >>> 
>>> including systematics
   Options for Robust Minimizer :: 
        Tolerance  0.1
        Strategy   0
        Type,Algo  Minuit2,Migrad
>>> method used is MultiDimFit
>>> random number generator seed is 123456
RooArgSet:: = ()
Computing results starting from observation (a-posteriori)
RooArgSet:: = ()
Computing results starting from observation (a-posteriori)
RooArgSet:: = ()
Computing results starting from observation (a-posteriori)
RooArgSet:: = ()
RooArgSet:: = ()
Computing results starting from observation (a-posteriori)
Computing results starting from observation (a-posteriori)
RooArgSet:: = ()
Computing results starting from observation (a-posteriori)
RooArgSet:: = ()
Computing results starting from observation (a-posteriori)
RooArgSet:: = ()
Computing results starting from observation (a-posteriori)

 --- MultiDimFit ---
Parameter impacts: 

 --- MultiDimFit ---
Parameter impacts: 
  Parameter :   Best-fit               r            
  prefiring :   +0.153  -0.988/+0.988  -0.000/+0.001
Done in 0.07 min (cpu), 0.13 min (real)
  Parameter         :   Best-fit               r            
  prop_binch1_bin11 :   -0.048  -0.976/+0.976  +0.007/-0.007
Done in 0.08 min (cpu), 0.13 min (real)

 --- MultiDimFit ---
Parameter impacts: 
 <<< Combine >>> 
>>> including systematics
   Options for Robust Minimizer :: 
        Tolerance  0.1
        Strategy   0
        Type,Algo  Minuit2,Migrad
>>> method used is MultiDimFit
>>> random number generator seed is 123456
 <<< Combine >>> 
>>> including systematics
   Options for Robust Minimizer :: 
        Tolerance  0.1
        Strategy   0
        Type,Algo  Minuit2,Migrad
>>> method used is MultiDimFit
>>> random number generator seed is 123456

 --- MultiDimFit ---
Parameter impacts: 
  Parameter        :   Best-fit               r            
  prop_binch1_bin7 :   -0.768  -0.956/+0.957  -0.001/+0.001
Done in 0.07 min (cpu), 0.12 min (real)

 --- MultiDimFit ---
Parameter impacts: 
 <<< Combine >>> 
>>> including systematics
   Options for Robust Minimizer :: 
        Tolerance  0.1
        Strategy   0
        Type,Algo  Minuit2,Migrad
>>> method used is MultiDimFit
>>> random number generator seed is 123456

 --- MultiDimFit ---
Parameter impacts: 
  Parameter        :   Best-fit               r            
  prop_binch2_bin1 :   +0.386  -0.975/+0.975  -0.001/+0.001
Done in 0.07 min (cpu), 0.13 min (real)
 <<< Combine >>> 
>>> including systematics
   Options for Robust Minimizer :: 
        Tolerance  0.1
        Strategy   0
        Type,Algo  Minuit2,Migrad
>>> method used is MultiDimFit
>>> random number generator seed is 123456
  Parameter        :   Best-fit               r            
  prop_binch2_bin5 :   -0.111  -0.977/+0.978  +0.001/-0.001
Done in 0.07 min (cpu), 0.13 min (real)
  Parameter        :   Best-fit               r            
  prop_binch2_bin2 :   +0.362  -0.980/+0.981  -0.001/+0.001
Done in 0.07 min (cpu), 0.13 min (real)
 <<< Combine >>> 
>>> including systematics
   Options for Robust Minimizer :: 
        Tolerance  0.1
        Strategy   0
        Type,Algo  Minuit2,Migrad
>>> method used is MultiDimFit
>>> random number generator seed is 123456
 <<< Combine >>> 
>>> including systematics
   Options for Robust Minimizer :: 
        Tolerance  0.1
        Strategy   0
        Type,Algo  Minuit2,Migrad
>>> method used is MultiDimFit
>>> random number generator seed is 123456

 --- MultiDimFit ---
Parameter impacts: 

 --- MultiDimFit ---
Parameter impacts: 
  Parameter        :   Best-fit               r            
  prop_binch2_bin8 :   +0.146  -0.975/+0.976  -0.001/+0.001
Done in 0.06 min (cpu), 0.12 min (real)
 <<< Combine >>> 
>>> including systematics
  Parameter        :   Best-fit               r            
  prop_binch1_bin4 :   +0.050  -0.949/+0.950   Options for Robust Minimizer :: 
        Tolerance  0.1
        Strategy   0
        Type,Algo  Minuit2,Migrad
>>> method used is MultiDimFit
>>> random number generator seed is 123456
  -0.001/+0.001
Done in 0.10 min (cpu), 0.19 min (real)
 <<< Combine >>> 
>>> including systematics
   Options for Robust Minimizer :: 
        Tolerance  0.1
        Strategy   0
        Type,Algo  Minuit2,Migrad
>>> method used is MultiDimFit
>>> random number generator seed is 123456
RooArgSet:: = ()
Computing results starting from observation (a-posteriori)
RooArgSet:: = ()
Computing results starting from observation (a-posteriori)
RooArgSet:: = ()
Computing results starting from observation (a-posteriori)
RooArgSet:: = ()
Computing results starting from observation (a-posteriori)
RooArgSet:: = ()
Computing results starting from observation (a-posteriori)
RooArgSet:: = ()
Computing results starting from observation (a-posteriori)
RooArgSet:: = ()
Computing results starting from observation (a-posteriori)
RooArgSet:: = ()
Computing results starting from observation (a-posteriori)

 --- MultiDimFit ---
Parameter impacts: 
  Parameter        :   Best-fit               r            
  prop_binch1_bin1 :   -0.213  -0.949/+0.952  -0.001/+0.001
Done in 0.07 min (cpu), 0.11 min (real)

 --- MultiDimFit ---
Parameter impacts: 
 <<< Combine >>> 
>>> including systematics
   Options for Robust Minimizer :: 
        Tolerance  0.1
        Strategy   0
        Type,Algo  Minuit2,Migrad
>>> method used is MultiDimFit
>>> random number generator seed is 123456

 --- MultiDimFit ---
Parameter impacts: 
  Parameter        :   Best-fit               r            
  prop_binch1_bin2 :   +0.306  -0.947/+0.946  +0.001/-0.001
Done in 0.08 min (cpu), 0.14 min (real)

 --- MultiDimFit ---
Parameter impacts: 
 <<< Combine >>> 
>>> including systematics
   Options for Robust Minimizer :: 
        Tolerance  0.1
        Strategy   0
        Type,Algo  Minuit2,Migrad
>>> method used is MultiDimFit
>>> random number generator seed is 123456

 --- MultiDimFit ---
Parameter impacts: 
  Parameter        :   Best-fit               r            
  prop_binch1_bin8 :   -0.045  -0.959/+0.959  -0.001/+0.001
Done in 0.07 min (cpu), 0.11 min (real)

 --- MultiDimFit ---
Parameter impacts: 
  Parameter        :   Best-fit               r            
  prop_binch2_bin6 :   +0.237  -0.978/+0.975 <<< Combine >>> 
>>> including systematics
   Options for Robust Minimizer :: 
        Tolerance  0.1
        Strategy   0
        Type,Algo  Minuit2,Migrad
>>> method used is MultiDimFit
>>> random number generator seed is 123456
  Parameter         :   Best-fit               r            
  prop_binch2_bin10 :   -0.215  -0.971/+0.971  -0.001/+0.001
Done in 0.07 min (cpu), 0.13 min (real)

 --- MultiDimFit ---
Parameter impacts: 
  +0.000/+0.000
Done in 0.08 min (cpu), 0.12 min (real)
 <<< Combine >>> 
>>> including systematics
   Options for Robust Minimizer :: 
        Tolerance  0.1
        Strategy   0
        Type,Algo  Minuit2,Migrad
>>> method used is MultiDimFit
>>> random number generator seed is 123456
  Parameter        :   Best-fit               r            
  prop_binch2_bin9 :   +0.122  -0.972/+0.973  -0.001/+0.001
Done in 0.06 min (cpu), 0.10 min (real)
 <<< Combine >>> 
>>> including systematics
   Options for Robust Minimizer :: 
        Tolerance  0.1
        Strategy   0
        Type,Algo  Minuit2,Migrad
>>> method used is MultiDimFit
>>> random number generator seed is 123456
  Parameter        :   Best-fit               r            
  prop_binch2_bin3 :   -0.491  -0.979/+0.979  +0.000/-0.000
Done in 0.07 min (cpu), 0.12 min (real)
 <<< Combine >>> 
>>> including systematics
   Options for Robust Minimizer :: 
        Tolerance  0.1
        Strategy   0
        Type,Algo  Minuit2,Migrad
>>> method used is MultiDimFit
>>> random number generator seed is 123456
 <<< Combine >>> 
>>> including systematics
   Options for Robust Minimizer :: 
        Tolerance  0.1
        Strategy   0
        Type,Algo  Minuit2,Migrad
>>> method used is MultiDimFit
>>> random number generator seed is 123456

 --- MultiDimFit ---
Parameter impacts: 
  Parameter        :   Best-fit               r            
  prop_binch1_bin5 :   +0.060  -0.952/+0.952  -0.001/+0.001
Done in 0.07 min (cpu), 0.12 min (real)
 <<< Combine >>> 
>>> including systematics
   Options for Robust Minimizer :: 
        Tolerance  0.1
        Strategy   0
        Type,Algo  Minuit2,Migrad
>>> method used is MultiDimFit
>>> random number generator seed is 123456
RooArgSet:: = ()
Computing results starting from observation (a-posteriori)
RooArgSet:: = ()
Computing results starting from observation (a-posteriori)
RooArgSet:: = ()
RooArgSet:: = ()
Computing results starting from observation (a-posteriori)
Computing results starting from observation (a-posteriori)
RooArgSet:: = ()
Computing results starting from observation (a-posteriori)
RooArgSet:: = ()
Computing results starting from observation (a-posteriori)
RooArgSet:: = ()
Computing results starting from observation (a-posteriori)
RooArgSet:: = ()
Computing results starting from observation (a-posteriori)

 --- MultiDimFit ---
Parameter impacts: 
  Parameter         :   Best-fit               r            
  prop_binch1_bin10 :   +0.075  -0.977/+0.976  +0.008/-0.008
Done in 0.07 min (cpu), 0.12 min (real)
 <<< Combine >>> 
>>> including systematics
   Options for Robust Minimizer :: 
        Tolerance  0.1
        Strategy   0
        Type,Algo  Minuit2,Migrad
>>> method used is MultiDimFit
>>> random number generator seed is 123456

 --- MultiDimFit ---
Parameter impacts: 

 --- MultiDimFit ---
Parameter impacts: 
  Parameter        :   Best-fit               r            
  prop_binch1_bin9 :   +0.294  -0.964/+0.964  +0.002/-0.002
Done in 0.07 min (cpu), 0.11 min (real)
  Parameter        :   Best-fit               r            
  prop_binch1_bin3 :   -0.098  -0.942/+0.941
 --- MultiDimFit ---
Parameter impacts: 
 <<< Combine >>> 
>>> including systematics
   Options for Robust Minimizer :: 
        Tolerance  0.1
        Strategy   0
        Type,Algo  Minuit2,Migrad
>>> method used is MultiDimFit
>>> random number generator seed is 123456

 --- MultiDimFit ---
Parameter impacts: 
  +0.001/-0.001
Done in 0.07 min (cpu), 0.12 min (real)

 --- MultiDimFit ---
Parameter impacts: 
  Parameter        :   Best-fit               r            
  prop_binch2_bin7 :   -0.096  -0.979/+0.979  +0.001/-0.000
Done in 0.07 min (cpu), 0.11 min (real)
 <<< Combine >>> 
>>> including systematics
   Options for Robust Minimizer :: 
        Tolerance  0.1
        Strategy   0
        Type,Algo  Minuit2,Migrad
>>> method used is MultiDimFit
>>> random number generator seed is 123456
  Parameter        :   Best-fit               r            
  prop_binch2_bin4 :   -0.084  -0.978/+0.979  +0.001/-0.001
Done in 0.07 min (cpu), 0.11 min (real)
  Parameter         :   Best-fit               r            
  prop_binch2_bin11 :   -0.258  -0.972/+0.972  -0.002/+0.002
Done in 0.07 min (cpu), 0.12 min (real)
 <<< Combine >>> 
>>> including systematics
   Options for Robust Minimizer :: 
        Tolerance  0.1
        Strategy   0
        Type,Algo  Minuit2,Migrad
>>> method used is MultiDimFit
>>> random number generator seed is 123456
Error: minimization failed at pu = 1.27737

 --- MultiDimFit ---
Parameter impacts: 
  Parameter        :   Best-fit               r            
  prop_binch1_bin6 :   +0.265  -0.953/+0.953  -0.001/+0.002
Done in 0.07 min (cpu), 0.10 min (real)
RooArgSet:: = ()
Computing results starting from observation (a-posteriori)

 --- MultiDimFit ---
Parameter impacts: 
  Parameter :   Best-fit               r            
  pu        :   +0.337  -0.988/+0.000  +0.002/-0.000
Done in 0.11 min (cpu), 0.18 min (real)
RooArgSet:: = ()
Computing results starting from observation (a-posteriori)
RooArgSet:: = ()
Computing results starting from observation (a-posteriori)
RooArgSet:: = ()
Computing results starting from observation (a-posteriori)

 --- MultiDimFit ---
Parameter impacts: 
  Parameter :   Best-fit               r            
  tW_norm   :   -0.136  -0.940/+0.929  +0.006/-0.006
Done in 0.08 min (cpu), 0.12 min (real)
 <<< Combine >>> 
>>> including systematics
   Options for Robust Minimizer :: 
        Tolerance  0.1
        Strategy   0
        Type,Algo  Minuit2,Migrad
>>> method used is MultiDimFit
>>> random number generator seed is 123456

 --- MultiDimFit ---
Parameter impacts: 

 --- MultiDimFit ---
Parameter impacts: 
  Parameter :   Best-fit               r            
  tt_pdf    :   +0.069  -0.990/+0.991  +0.001/-0.001
Done in 0.06 min (cpu), 0.08 min (real)
  Parameter :   Best-fit               r            
  tt_Tune   :   -0.068  -0.275/+0.263  +0.002/+0.005
Done in 0.08 min (cpu), 0.10 min (real)
 <<< Combine >>> 
>>> including systematics
   Options for Robust Minimizer :: 
        Tolerance  0.1
        Strategy   0
        Type,Algo  Minuit2,Migrad
>>> method used is MultiDimFit
>>> random number generator seed is 123456
 <<< Combine >>> 
>>> including systematics
   Options for Robust Minimizer :: 
        Tolerance  0.1
        Strategy   0
        Type,Algo  Minuit2,Migrad
>>> method used is MultiDimFit
>>> random number generator seed is 123456
RooArgSet:: = ()
Computing results starting from observation (a-posteriori)

 --- MultiDimFit ---
Parameter impacts: 
  Parameter :   Best-fit               r            
  tt_FSR    :   -0.697  -0.616/+0.597  +0.014/-0.013
Done in 0.13 min (cpu), 0.17 min (real)
 <<< Combine >>> 
>>> including systematics
   Options for Robust Minimizer :: 
        Tolerance  0.1
        Strategy   0
        Type,Algo  Minuit2,Migrad
>>> method used is MultiDimFit
>>> random number generator seed is 123456
RooArgSet:: = ()
Computing results starting from observation (a-posteriori)
RooArgSet:: = ()
Computing results starting from observation (a-posteriori)
RooArgSet:: = ()
Computing results starting from observation (a-posteriori)

 --- MultiDimFit ---
Parameter impacts: 
Error: minimization failed at tt_hdamp = -0.373592

 --- MultiDimFit ---
Parameter impacts: 

 --- MultiDimFit ---
Parameter impacts: 
  Parameter :   Best-fit               r            
  tt_hdamp  :   -0.093  +0.000/+0.291  -0.000/+0.001
Done in 0.08 min (cpu), 0.10 min (real)
  Parameter :   Best-fit               r            
  udsgTagSF :   -0.007  -0.987/+0.986  -0.000/+0.000
Done in 0.08 min (cpu), 0.10 min (real)
  Parameter :   Best-fit               r            
  trigSF    :   -0.212  -0.907/+0.912  +0.014/-0.012
Done in 0.10 min (cpu), 0.14 min (real)
 <<< Combine >>> 
>>> including systematics
   Options for Robust Minimizer :: 
        Tolerance  0.1
        Strategy   0
        Type,Algo  Minuit2,Migrad
>>> method used is MultiDimFit
>>> random number generator seed is 123456
 <<< Combine >>> 
>>> including systematics
   Options for Robust Minimizer :: 
        Tolerance  0.1
        Strategy   0
        Type,Algo  Minuit2,Migrad
>>> method used is MultiDimFit
>>> random number generator seed is 123456

 --- MultiDimFit ---
Parameter impacts: 
  Parameter :   Best-fit               r            
  tt_ISR    :   +0.337  -0.768/+0.886  +0.002/-0.002
Done in 0.07 min (cpu), 0.10 min (real)
 <<< Combine >>> 
>>> including systematics
   Options for Robust Minimizer :: 
        Tolerance  0.1
        Strategy   0
        Type,Algo  Minuit2,Migrad
>>> method used is MultiDimFit
>>> random number generator seed is 123456
RooArgSet:: = ()
Computing results starting from observation (a-posteriori)
RooArgSet:: = ()
Computing results starting from observation (a-posteriori)
RooArgSet:: = ()
Computing results starting from observation (a-posteriori)

 --- MultiDimFit ---
Parameter impacts: 
  Parameter :   Best-fit               r            
  tt_CR     :   -0.095  -0.353/+0.342  +0.019/-0.023
Done in 0.07 min (cpu), 0.09 min (real)

 --- MultiDimFit ---
Parameter impacts: 
  Parameter :   Best-fit               r            
  tt_QS     :   -0.214  -0.640/+0.573  -0.000/+0.001
Done in 0.07 min (cpu), 0.09 min (real)

 --- MultiDimFit ---
Parameter impacts: 
  Parameter :   Best-fit               r            
  tt_norm   :   +0.134  -0.598/+0.593  -0.009/+0.010
Done in 0.15 min (cpu), 0.19 min (real)
>> combine -M MultiDimFit -n _paramFit_Test_Signal_FSR --algo impact --redefineSignalPOIs r -P Signal_FSR --floatOtherPOIs 1 --saveInactivePOI 1 --robustFit 1 --rMin -1 --rMax 1 -m 125 -d LFVTensorC_2016_com.root
>> combine -M MultiDimFit -n _paramFit_Test_Signal_ISR --algo impact --redefineSignalPOIs r -P Signal_ISR --floatOtherPOIs 1 --saveInactivePOI 1 --robustFit 1 --rMin -1 --rMax 1 -m 125 -d LFVTensorC_2016_com.root
>> combine -M MultiDimFit -n _paramFit_Test_Signal_QS --algo impact --redefineSignalPOIs r -P Signal_QS --floatOtherPOIs 1 --saveInactivePOI 1 --robustFit 1 --rMin -1 --rMax 1 -m 125 -d LFVTensorC_2016_com.root
>> combine -M MultiDimFit -n _paramFit_Test_jesAbsoluteScale --algo impact --redefineSignalPOIs r -P jesAbsoluteScale --floatOtherPOIs 1 --saveInactivePOI 1 --robustFit 1 --rMin -1 --rMax 1 -m 125 -d LFVTensorC_2016_com.root
>> combine -M MultiDimFit -n _paramFit_Test_jesFlavorQCD --algo impact --redefineSignalPOIs r -P jesFlavorQCD --floatOtherPOIs 1 --saveInactivePOI 1 --robustFit 1 --rMin -1 --rMax 1 -m 125 -d LFVTensorC_2016_com.root
>> combine -M MultiDimFit -n _paramFit_Test_jesFragmentation --algo impact --redefineSignalPOIs r -P jesFragmentation --floatOtherPOIs 1 --saveInactivePOI 1 --robustFit 1 --rMin -1 --rMax 1 -m 125 -d LFVTensorC_2016_com.root
>> combine -M MultiDimFit -n _paramFit_Test_prop_binch2_bin2 --algo impact --redefineSignalPOIs r -P prop_binch2_bin2 --floatOtherPOIs 1 --saveInactivePOI 1 --robustFit 1 --rMin -1 --rMax 1 -m 125 -d LFVTensorC_2016_com.root
>> combine -M MultiDimFit -n _paramFit_Test_prop_binch2_bin3 --algo impact --redefineSignalPOIs r -P prop_binch2_bin3 --floatOtherPOIs 1 --saveInactivePOI 1 --robustFit 1 --rMin -1 --rMax 1 -m 125 -d LFVTensorC_2016_com.root
>> combine -M MultiDimFit -n _paramFit_Test_prop_binch2_bin4 --algo impact --redefineSignalPOIs r -P prop_binch2_bin4 --floatOtherPOIs 1 --saveInactivePOI 1 --robustFit 1 --rMin -1 --rMax 1 -m 125 -d LFVTensorC_2016_com.root
>> combine -M MultiDimFit -n _paramFit_Test_Signal_pdf --algo impact --redefineSignalPOIs r -P Signal_pdf --floatOtherPOIs 1 --saveInactivePOI 1 --robustFit 1 --rMin -1 --rMax 1 -m 125 -d LFVTensorC_2016_com.root
>> combine -M MultiDimFit -n _paramFit_Test_Y2016bcTagSF --algo impact --redefineSignalPOIs r -P Y2016bcTagSF --floatOtherPOIs 1 --saveInactivePOI 1 --robustFit 1 --rMin -1 --rMax 1 -m 125 -d LFVTensorC_2016_com.root
>> combine -M MultiDimFit -n _paramFit_Test_Y2016jer --algo impact --redefineSignalPOIs r -P Y2016jer --floatOtherPOIs 1 --saveInactivePOI 1 --robustFit 1 --rMin -1 --rMax 1 -m 125 -d LFVTensorC_2016_com.root
>> combine -M MultiDimFit -n _paramFit_Test_lumi2016 --algo impact --redefineSignalPOIs r -P lumi2016 --floatOtherPOIs 1 --saveInactivePOI 1 --robustFit 1 --rMin -1 --rMax 1 -m 125 -d LFVTensorC_2016_com.root
>> combine -M MultiDimFit -n _paramFit_Test_lumiBBDef --algo impact --redefineSignalPOIs r -P lumiBBDef --floatOtherPOIs 1 --saveInactivePOI 1 --robustFit 1 --rMin -1 --rMax 1 -m 125 -d LFVTensorC_2016_com.root
>> combine -M MultiDimFit -n _paramFit_Test_lumiDynamicB --algo impact --redefineSignalPOIs r -P lumiDynamicB --floatOtherPOIs 1 --saveInactivePOI 1 --robustFit 1 --rMin -1 --rMax 1 -m 125 -d LFVTensorC_2016_com.root
>> combine -M MultiDimFit -n _paramFit_Test_prop_binch2_bin1 --algo impact --redefineSignalPOIs r -P prop_binch2_bin1 --floatOtherPOIs 1 --saveInactivePOI 1 --robustFit 1 --rMin -1 --rMax 1 -m 125 -d LFVTensorC_2016_com.root
>> combine -M MultiDimFit -n _paramFit_Test_prop_binch2_bin10 --algo impact --redefineSignalPOIs r -P prop_binch2_bin10 --floatOtherPOIs 1 --saveInactivePOI 1 --robustFit 1 --rMin -1 --rMax 1 -m 125 -d LFVTensorC_2016_com.root
>> combine -M MultiDimFit -n _paramFit_Test_prop_binch2_bin11 --algo impact --redefineSignalPOIs r -P prop_binch2_bin11 --floatOtherPOIs 1 --saveInactivePOI 1 --robustFit 1 --rMin -1 --rMax 1 -m 125 -d LFVTensorC_2016_com.root
>> combine -M MultiDimFit -n _paramFit_Test_eleRecoSf --algo impact --redefineSignalPOIs r -P eleRecoSf --floatOtherPOIs 1 --saveInactivePOI 1 --robustFit 1 --rMin -1 --rMax 1 -m 125 -d LFVTensorC_2016_com.root
>> combine -M MultiDimFit -n _paramFit_Test_electronScale --algo impact --redefineSignalPOIs r -P electronScale --floatOtherPOIs 1 --saveInactivePOI 1 --robustFit 1 --rMin -1 --rMax 1 -m 125 -d LFVTensorC_2016_com.root
>> combine -M MultiDimFit -n _paramFit_Test_jesAbsoluteMPFBias --algo impact --redefineSignalPOIs r -P jesAbsoluteMPFBias --floatOtherPOIs 1 --saveInactivePOI 1 --robustFit 1 --rMin -1 --rMax 1 -m 125 -d LFVTensorC_2016_com.root
>> combine -M MultiDimFit -n _paramFit_Test_jesRelativeFSR --algo impact --redefineSignalPOIs r -P jesRelativeFSR --floatOtherPOIs 1 --saveInactivePOI 1 --robustFit 1 --rMin -1 --rMax 1 -m 125 -d LFVTensorC_2016_com.root
>> combine -M MultiDimFit -n _paramFit_Test_jesRelativeJERHF --algo impact --redefineSignalPOIs r -P jesRelativeJERHF --floatOtherPOIs 1 --saveInactivePOI 1 --robustFit 1 --rMin -1 --rMax 1 -m 125 -d LFVTensorC_2016_com.root
>> combine -M MultiDimFit -n _paramFit_Test_jesRelativePtBB --algo impact --redefineSignalPOIs r -P jesRelativePtBB --floatOtherPOIs 1 --saveInactivePOI 1 --robustFit 1 --rMin -1 --rMax 1 -m 125 -d LFVTensorC_2016_com.root
>> combine -M MultiDimFit -n _paramFit_Test_prop_binch1_bin4 --algo impact --redefineSignalPOIs r -P prop_binch1_bin4 --floatOtherPOIs 1 --saveInactivePOI 1 --robustFit 1 --rMin -1 --rMax 1 -m 125 -d LFVTensorC_2016_com.root
>> combine -M MultiDimFit -n _paramFit_Test_prop_binch1_bin5 --algo impact --redefineSignalPOIs r -P prop_binch1_bin5 --floatOtherPOIs 1 --saveInactivePOI 1 --robustFit 1 --rMin -1 --rMax 1 -m 125 -d LFVTensorC_2016_com.root
>> combine -M MultiDimFit -n _paramFit_Test_prop_binch1_bin6 --algo impact --redefineSignalPOIs r -P prop_binch1_bin6 --floatOtherPOIs 1 --saveInactivePOI 1 --robustFit 1 --rMin -1 --rMax 1 -m 125 -d LFVTensorC_2016_com.root
Have POIs: ['r']
Have parameters: 83
File higgsCombine_paramFit_Test_trigSF.MultiDimFit.mH125.root did not contain a sufficient number of entries, skipping
Missing inputs: trigSF
>> Doing page 0, have 30 parameters
