Channel ch1 will use autoMCStats with settings: event-threshold=10, include-signal=0, hist-mode=1
============================================================
Analysing bin errors for: prop_binch1
Poisson cut-off: 10
Processes excluded for sums: LFVTtScalarU LFVStScalarU
============================================================
Bin        Contents        Error           Notes                         
0          0.000000        0.000000        total sum                     
0          0.000000        0.000000        excluding marked processes    
  => Error is zero, ignore      
------------------------------------------------------------
1          18263.666186    76.140982       total sum                     
1          18263.019585    76.140982       excluding marked processes    
1          57532.000000    239.858291      Unweighted events, alpha=0.317452
  => Total parameter prop_binch1_bin1[0.00,-7.00,7.00] to be gaussian constrained
------------------------------------------------------------
2          35702.155899    80.465820       total sum                     
2          35699.544662    80.465820       excluding marked processes    
2          196835.000000   443.660907      Unweighted events, alpha=0.181381
  => Total parameter prop_binch1_bin2[0.00,-7.00,7.00] to be gaussian constrained
------------------------------------------------------------
3          33688.285189    76.776132       total sum                     
3          33681.852200    76.776132       excluding marked processes    
3          192460.000000   438.702633      Unweighted events, alpha=0.175040
  => Total parameter prop_binch1_bin3[0.00,-7.00,7.00] to be gaussian constrained
------------------------------------------------------------
4          21787.818260    59.099155       total sum                     
4          21776.824936    59.099155       excluding marked processes    
4          135777.000000   368.479307      Unweighted events, alpha=0.160468
  => Total parameter prop_binch1_bin4[0.00,-7.00,7.00] to be gaussian constrained
------------------------------------------------------------
5          12551.677108    37.671273       total sum                     
5          12523.725670    37.671273       excluding marked processes    
5          110521.000000   332.446988      Unweighted events, alpha=0.113568
  => Total parameter prop_binch1_bin5[0.00,-7.00,7.00] to be gaussian constrained
------------------------------------------------------------
6          8275.971830     32.574208       total sum                     
6          8209.846266     32.574208       excluding marked processes    
6          63522.000000    252.035712      Unweighted events, alpha=0.130285
  => Total parameter prop_binch1_bin6[0.00,-7.00,7.00] to be gaussian constrained
------------------------------------------------------------
7          3975.255377     19.299211       total sum                     
7          3857.205884     19.299211       excluding marked processes    
7          39945.000000    199.862453      Unweighted events, alpha=0.099518
  => Total parameter prop_binch1_bin7[0.00,-7.00,7.00] to be gaussian constrained
------------------------------------------------------------
8          2225.982401     14.160531       total sum                     
8          2059.825896     14.160531       excluding marked processes    
8          21159.000000    145.461335      Unweighted events, alpha=0.105203
  => Total parameter prop_binch1_bin8[0.00,-7.00,7.00] to be gaussian constrained
------------------------------------------------------------
9          973.132051      7.796093        total sum                     
9          792.592976      7.796093        excluding marked processes    
9          10336.000000    101.666120      Unweighted events, alpha=0.094150
  => Total parameter prop_binch1_bin9[0.00,-7.00,7.00] to be gaussian constrained
------------------------------------------------------------
10         479.945360      4.576704        total sum                     
10         282.564475      4.576704        excluding marked processes    
10         3812.000000     61.741396       Unweighted events, alpha=0.125904
  => Total parameter prop_binch1_bin10[0.00,-7.00,7.00] to be gaussian constrained
------------------------------------------------------------
11         304.295702      2.860775        total sum                     
11         104.121936      2.860775        excluding marked processes    
11         1325.000000     36.400549       Unweighted events, alpha=0.229657
  => Total parameter prop_binch1_bin11[0.00,-7.00,7.00] to be gaussian constrained
------------------------------------------------------------
12         0.000000        0.000000        total sum                     
12         0.000000        0.000000        excluding marked processes    
  => Error is zero, ignore      
------------------------------------------------------------
Channel ch2 will use autoMCStats with settings: event-threshold=10, include-signal=0, hist-mode=1
============================================================
Analysing bin errors for: prop_binch2
Poisson cut-off: 10
Processes excluded for sums: LFVTtScalarU LFVStScalarU
============================================================
Bin        Contents        Error           Notes                         
0          0.000000        0.000000        total sum                     
0          0.000000        0.000000        excluding marked processes    
  => Error is zero, ignore      
------------------------------------------------------------
1          3018.269463     12.872851       total sum                     
1          3018.269463     12.872851       excluding marked processes    
1          54975.000000    234.467482      Unweighted events, alpha=0.054903
  => Total parameter prop_binch2_bin1[0.00,-7.00,7.00] to be gaussian constrained
------------------------------------------------------------
2          14305.790147    29.389222       total sum                     
2          14305.767326    29.389222       excluding marked processes    
2          236944.000000   486.768939      Unweighted events, alpha=0.060376
  => Total parameter prop_binch2_bin2[0.00,-7.00,7.00] to be gaussian constrained
------------------------------------------------------------
3          17745.162509    31.555927       total sum                     
3          17745.006929    31.555927       excluding marked processes    
3          316221.000000   562.335309      Unweighted events, alpha=0.056116
  => Total parameter prop_binch2_bin3[0.00,-7.00,7.00] to be gaussian constrained
------------------------------------------------------------
4          14504.206112    28.072516       total sum                     
4          14503.806204    28.072516       excluding marked processes    
4          266932.000000   516.654624      Unweighted events, alpha=0.054337
  => Total parameter prop_binch2_bin4[0.00,-7.00,7.00] to be gaussian constrained
------------------------------------------------------------
5          8881.059301     22.533698       total sum                     
5          8879.952995     22.533698       excluding marked processes    
5          155295.000000   394.074866      Unweighted events, alpha=0.057188
  => Total parameter prop_binch2_bin5[0.00,-7.00,7.00] to be gaussian constrained
------------------------------------------------------------
6          6175.352396     18.603811       total sum                     
6          6171.375523     18.603811       excluding marked processes    
6          110042.000000   331.725790      Unweighted events, alpha=0.056118
  => Total parameter prop_binch2_bin6[0.00,-7.00,7.00] to be gaussian constrained
------------------------------------------------------------
7          2894.795635     12.316630       total sum                     
7          2885.534863     12.316630       excluding marked processes    
7          54887.000000    234.279747      Unweighted events, alpha=0.052741
  => Total parameter prop_binch2_bin7[0.00,-7.00,7.00] to be gaussian constrained
------------------------------------------------------------
8          1566.589734     9.205593        total sum                     
8          1551.546461     9.205593        excluding marked processes    
8          28407.000000    168.543763      Unweighted events, alpha=0.055148
  => Total parameter prop_binch2_bin8[0.00,-7.00,7.00] to be gaussian constrained
------------------------------------------------------------
9          597.493408      5.686026        total sum                     
9          579.293864      5.686026        excluding marked processes    
9          10380.000000    101.882285      Unweighted events, alpha=0.057562
  => Total parameter prop_binch2_bin9[0.00,-7.00,7.00] to be gaussian constrained
------------------------------------------------------------
10         212.133389      3.466547        total sum                     
10         190.497546      3.466547        excluding marked processes    
10         3020.000000     54.954527       Unweighted events, alpha=0.070243
  => Total parameter prop_binch2_bin10[0.00,-7.00,7.00] to be gaussian constrained
------------------------------------------------------------
11         77.052882       2.027651        total sum                     
11         56.926912       2.027651        excluding marked processes    
11         788.000000      28.071338       Unweighted events, alpha=0.097783
  => Total parameter prop_binch2_bin11[0.00,-7.00,7.00] to be gaussian constrained
------------------------------------------------------------
12         0.000000        0.000000        total sum                     
12         0.000000        0.000000        excluding marked processes    
  => Error is zero, ignore      
------------------------------------------------------------
Have POIs: ['r']
 <<< Combine >>> 
>>> including systematics
   Options for Robust Minimizer :: 
        Tolerance  0.1
        Strategy   0
        Type,Algo  Minuit2,Migrad
>>> method used is MultiDimFit
>>> random number generator seed is 123456
RooArgSet:: = ()
Computing results starting from expected outcome (a-priori)

 --- MultiDimFit ---
best fit parameter values and profile-likelihood uncertainties: 
   r :    +1.000   -0.110/+0.120 (68%)
Done in 0.06 min (cpu), 0.06 min (real)
>> combine -M MultiDimFit -n _initialFit_Test --algo singles --redefineSignalPOIs r --robustFit 1 --rMin -3 --rMax 3 -t -1 --expectSignal=1 -m 125 -d LFVScalarU_2016_com.root
Have POIs: ['r']
Have parameters: 83
 <<< Combine >>> 
 <<< Combine >>> 
 <<< Combine >>> 
 <<< Combine >>> 
 <<< Combine >>> 
 <<< Combine >>> 
 <<< Combine >>> 
>>> including systematics
>>> including systematics
>>> including systematics
>>> including systematics
>>> including systematics
>>> including systematics
   Options for Robust Minimizer :: 
   Options for Robust Minimizer :: 
   Options for Robust Minimizer :: 
   Options for Robust Minimizer :: 
   Options for Robust Minimizer :: 
        Tolerance  0.1
        Tolerance  0.1
        Tolerance  0.1
        Strategy   0
        Tolerance  0.1
        Type,Algo  Minuit2,Migrad
        Strategy   0
   Options for Robust Minimizer :: 
        Strategy   0
        Type,Algo  Minuit2,Migrad
>>> method used is MultiDimFit
>>> including systematics
        Tolerance  0.1
>>> random number generator seed is 123456
>>> method used is MultiDimFit
        Tolerance  0.1
>>> random number generator seed is 123456
        Strategy   0
        Strategy   0
        Type,Algo  Minuit2,Migrad
        Strategy   0
        Type,Algo  Minuit2,Migrad
        Type,Algo  Minuit2,Migrad
>>> method used is MultiDimFit
>>> method used is MultiDimFit
>>> random number generator seed is 123456
>>> random number generator seed is 123456
>>> method used is MultiDimFit
   Options for Robust Minimizer :: 
>>> random number generator seed is 123456
        Type,Algo  Minuit2,Migrad
        Tolerance  0.1
>>> method used is MultiDimFit
        Strategy   0
>>> random number generator seed is 123456
        Type,Algo  Minuit2,Migrad
>>> method used is MultiDimFit
>>> random number generator seed is 123456
 <<< Combine >>> 
>>> including systematics
   Options for Robust Minimizer :: 
        Tolerance  0.1
        Strategy   0
        Type,Algo  Minuit2,Migrad
>>> method used is MultiDimFit
>>> random number generator seed is 123456
RooArgSet:: = ()
RooArgSet:: = ()
Computing results starting from expected outcome (a-priori)
Computing results starting from expected outcome (a-priori)
RooArgSet:: = ()
RooArgSet:: = ()
Computing results starting from expected outcome (a-priori)
Computing results starting from expected outcome (a-priori)
RooArgSet:: = ()
RooArgSet:: = ()
RooArgSet:: = ()
Computing results starting from expected outcome (a-priori)
Computing results starting from expected outcome (a-priori)
Computing results starting from expected outcome (a-priori)
RooArgSet:: = ()
Computing results starting from expected outcome (a-priori)

 --- MultiDimFit ---
Parameter impacts: 

 --- MultiDimFit ---
Parameter impacts: 

 --- MultiDimFit ---
Parameter impacts: 

 --- MultiDimFit ---
Parameter impacts: 
  Parameter  :   Best-fit               r            
  Signal_pdf :   +0.000  -0.993/+0.993  +0.006/-0.006
Done in 0.04 min (cpu), 0.04 min (real)
  Parameter            :   Best-fit               r            
  Y2016jesAbsoluteStat :   +0.000  -0.981/+0.977  +0.001/-0.001
Done in 0.04 min (cpu), 0.04 min (real)

 --- MultiDimFit ---
Parameter impacts: 

 --- MultiDimFit ---
Parameter impacts: 

 --- MultiDimFit ---
Parameter impacts: 
  Parameter              :   Best-fit               r            
  Y2016jesRelativeStatEC :   +0.000  -0.923/+0.985  +0.003/-0.002
Done in 0.04 min (cpu), 0.05 min (real)
  Parameter :   Best-fit               r            
  DY_norm   :   +0.000  -0.959/+0.928  -0.005/+0.007
Done in 0.04 min (cpu), 0.04 min (real)
 <<< Combine >>> 
>>> including systematics
   Options for Robust Minimizer :: 
        Tolerance  0.1
        Strategy   0
        Type,Algo  Minuit2,Migrad
>>> method used is MultiDimFit
>>> random number generator seed is 123456
 <<< Combine >>> 
>>> including systematics
   Options for Robust Minimizer :: 
        Tolerance  0.1
        Strategy   0
        Type,Algo  Minuit2,Migrad
>>> method used is MultiDimFit
>>> random number generator seed is 123456
 <<< Combine >>> 
>>> including systematics
   Options for Robust Minimizer :: 
        Tolerance  0.1
        Strategy   0
        Type,Algo  Minuit2,Migrad
>>> method used is MultiDimFit
>>> random number generator seed is 123456
 <<< Combine >>> 
>>> including systematics
   Options for Robust Minimizer :: 
        Tolerance  0.1
        Strategy   0
        Type,Algo  Minuit2,Migrad
>>> method used is MultiDimFit
>>> random number generator seed is 123456
  Parameter             :   Best-fit               r            
  Y2016jesRelativePtEC1 :   -0.000  -0.994/+0.994  -0.001/+0.000
Done in 0.04 min (cpu), 0.04 min (real)
  Parameter         :   Best-fit               r            
  Y2016jesTimePtEta :   -0.000  -0.935/+0.950  -0.005/-0.002
Done in 0.05 min (cpu), 0.05 min (real)
 <<< Combine >>> 
 <<< Combine >>> 
>>> including systematics
   Options for Robust Minimizer :: 
        Tolerance  0.1
        Strategy   0
        Type,Algo  Minuit2,Migrad
>>> method used is MultiDimFit
>>> random number generator seed is 123456
>>> including systematics
   Options for Robust Minimizer :: 
        Tolerance  0.1
        Strategy   0
        Type,Algo  Minuit2,Migrad
>>> method used is MultiDimFit
>>> random number generator seed is 123456
  Parameter  :   Best-fit               r            
  Signal_FSR :   +0.000  -0.979/+0.991  +0.013/-0.012
Done in 0.04 min (cpu), 0.05 min (real)

 --- MultiDimFit ---
Parameter impacts: 
 <<< Combine >>> 
>>> including systematics
   Options for Robust Minimizer :: 
        Tolerance  0.1
        Strategy   0
        Type,Algo  Minuit2,Migrad
>>> method used is MultiDimFit
>>> random number generator seed is 123456
  Parameter :   Best-fit               r            
  eleRecoSf :   +0.000  -0.990/+0.989  +0.005/-0.005
Done in 0.05 min (cpu), 0.06 min (real)
 <<< Combine >>> 
>>> including systematics
   Options for Robust Minimizer :: 
        Tolerance  0.1
        Strategy   0
        Type,Algo  Minuit2,Migrad
>>> method used is MultiDimFit
>>> random number generator seed is 123456
RooArgSet:: = ()
RooArgSet:: = ()
RooArgSet:: = ()
Computing results starting from expected outcome (a-priori)
Computing results starting from expected outcome (a-priori)
RooArgSet:: = ()
Computing results starting from expected outcome (a-priori)
RooArgSet:: = ()
RooArgSet:: = ()
Computing results starting from expected outcome (a-priori)
Computing results starting from expected outcome (a-priori)
Computing results starting from expected outcome (a-priori)
RooArgSet:: = ()
Computing results starting from expected outcome (a-priori)
RooArgSet:: = ()
Computing results starting from expected outcome (a-priori)

 --- MultiDimFit ---
Parameter impacts: 

 --- MultiDimFit ---
Parameter impacts: 

 --- MultiDimFit ---
Parameter impacts: 
  Parameter              :   Best-fit               r            
  Y2016jesRelativeJEREC1 :   +0.000  -0.931/+0.961  +0.000/-0.004
Done in 0.04 min (cpu), 0.04 min (real)
  Parameter               :   Best-fit               r            
  Y2016jesRelativeStatFSR :   +0.000  -0.993/+0.992  +0.001/-0.001
Done in 0.04 min (cpu), 0.04 min (real)

 --- MultiDimFit ---
Parameter impacts: 
 <<< Combine >>> 
>>> including systematics
   Options for Robust Minimizer :: 
        Tolerance  0.1
        Strategy   0
        Type,Algo  Minuit2,Migrad
>>> method used is MultiDimFit
>>> random number generator seed is 123456

 --- MultiDimFit ---
Parameter impacts: 
 <<< Combine >>> 
>>> including systematics
   Options for Robust Minimizer :: 
        Tolerance  0.1
        Strategy   0
        Type,Algo  Minuit2,Migrad
>>> method used is MultiDimFit
>>> random number generator seed is 123456
  Parameter  :   Best-fit               r            
  Signal_ISR :   +0.000  -0.993/+0.993  +0.006/-0.006
Done in 0.04 min (cpu), 0.04 min (real)

 --- MultiDimFit ---
Parameter impacts: 
 <<< Combine >>> 
>>> including systematics
   Options for Robust Minimizer :: 
        Tolerance  0.1
        Strategy   0
        Type,Algo  Minuit2,Migrad
>>> method used is MultiDimFit
>>> random number generator seed is 123456
  Parameter             :   Best-fit               r            
  Y2016jesRelativePtEC2 :   +0.000  -0.994/+0.994  +0.000/+0.000
Done in 0.05 min (cpu), 0.05 min (real)
  Parameter :   Best-fit               r            
  Jets_norm :   +0.000  -0.990/+0.986  -0.000/+0.001
Done in 0.04 min (cpu), 0.05 min (real)
  Parameter     :   Best-fit               r            
  electronScale :   +0.000  -0.952/+0.927  +0.009/-0.008
Done in 0.04 min (cpu), 0.05 min (real)
 <<< Combine >>> 
>>> including systematics
   Options for Robust Minimizer :: 
        Tolerance  0.1
        Strategy   0
        Type,Algo  Minuit2,Migrad
>>> method used is MultiDimFit
>>> random number generator seed is 123456
 <<< Combine >>> 
>>> including systematics
   Options for Robust Minimizer :: 
        Tolerance  0.1
        Strategy   0
        Type,Algo  Minuit2,Migrad
>>> method used is MultiDimFit
>>> random number generator seed is 123456

 --- MultiDimFit ---
Parameter impacts: 
 <<< Combine >>> 
>>> including systematics
   Options for Robust Minimizer :: 
        Tolerance  0.1
        Strategy   0
        Type,Algo  Minuit2,Migrad
>>> method used is MultiDimFit
>>> random number generator seed is 123456

 --- MultiDimFit ---
Parameter impacts: 
  Parameter      :   Best-fit               r            
  Y2016unclusMET :   +0.000  -0.910/+0.784  -0.002/+0.007
Done in 0.05 min (cpu), 0.06 min (real)
 <<< Combine >>> 
>>> including systematics
   Options for Robust Minimizer :: 
        Tolerance  0.1
        Strategy   0
        Type,Algo  Minuit2,Migrad
>>> method used is MultiDimFit
>>> random number generator seed is 123456
  Parameter    :   Best-fit               r            
  Y2016bcTagSF :   +0.000  -0.206/+0.238  -0.018/+0.017
Done in 0.06 min (cpu), 0.07 min (real)
 <<< Combine >>> 
>>> including systematics
   Options for Robust Minimizer :: 
        Tolerance  0.1
        Strategy   0
        Type,Algo  Minuit2,Migrad
>>> method used is MultiDimFit
>>> random number generator seed is 123456
RooArgSet:: = ()
RooArgSet:: = ()
RooArgSet:: = ()
RooArgSet:: = ()
RooArgSet:: = ()
Computing results starting from expected outcome (a-priori)
Computing results starting from expected outcome (a-priori)
Computing results starting from expected outcome (a-priori)
Computing results starting from expected outcome (a-priori)
Computing results starting from expected outcome (a-priori)
RooArgSet:: = ()
Computing results starting from expected outcome (a-priori)
RooArgSet:: = ()
RooArgSet:: = ()
Computing results starting from expected outcome (a-priori)
Computing results starting from expected outcome (a-priori)

 --- MultiDimFit ---
Parameter impacts: 

 --- MultiDimFit ---
Parameter impacts: 

 --- MultiDimFit ---
Parameter impacts: 

 --- MultiDimFit ---
Parameter impacts: 
  Parameter :   Best-fit               r            
  Signal_QS :   +0.000  -0.994/+0.994  +0.005/-0.006
Done in 0.04 min (cpu), 0.04 min (real)

 --- MultiDimFit ---
Parameter impacts: 

 --- MultiDimFit ---
Parameter impacts: 
 <<< Combine >>> 
>>> including systematics
   Options for Robust Minimizer :: 
        Tolerance  0.1
        Strategy   0
        Type,Algo  Minuit2,Migrad
>>> method used is MultiDimFit
>>> random number generator seed is 123456
  Parameter              :   Best-fit               r            
  Y2016jesRelativeJEREC2 :   +0.000  -0.994/+0.994  +0.000/+0.000
Done in 0.04 min (cpu), 0.05 min (real)
  Parameter              :   Best-fit               r            
  Y2016jesRelativeSample :   +0.000  -0.941/+0.823  +0.005/-0.000
Done in 0.04 min (cpu), 0.04 min (real)
  Parameter  :   Best-fit               r            
  Other_norm :   -0.000  -0.991/+0.987  -0.000/+0.001
Done in 0.04 min (cpu), 0.05 min (real)
 <<< Combine >>> 
 <<< Combine >>> 
>>> including systematics
>>> including systematics
   Options for Robust Minimizer :: 
   Options for Robust Minimizer :: 
        Tolerance  0.1
        Tolerance  0.1
        Strategy   0
        Strategy   0
        Type,Algo  Minuit2,Migrad
        Type,Algo  Minuit2,Migrad
>>> method used is MultiDimFit
>>> method used is MultiDimFit
>>> random number generator seed is 123456
>>> random number generator seed is 123456
 <<< Combine >>> 
>>> including systematics
   Options for Robust Minimizer :: 
        Tolerance  0.1
        Strategy   0
        Type,Algo  Minuit2,Migrad
>>> method used is MultiDimFit
>>> random number generator seed is 123456
  Parameter              :   Best-fit               r            
  Y2016jesRelativeStatHF :   +0.000  -0.994/+0.994  +0.000/+0.000
Done in 0.05 min (cpu), 0.05 min (real)
  Parameter          :   Best-fit               r            
  jesAbsoluteMPFBias :   +0.000  -0.962/+0.958  +0.003/+0.001
Done in 0.05 min (cpu), 0.05 min (real)
 <<< Combine >>> 
 <<< Combine >>> 
>>> including systematics
>>> including systematics
   Options for Robust Minimizer :: 
        Tolerance  0.1
        Strategy   0
        Type,Algo  Minuit2,Migrad
>>> method used is MultiDimFit
>>> random number generator seed is 123456
   Options for Robust Minimizer :: 
        Tolerance  0.1
        Strategy   0
        Type,Algo  Minuit2,Migrad
>>> method used is MultiDimFit
>>> random number generator seed is 123456

 --- MultiDimFit ---
Parameter impacts: 

 --- MultiDimFit ---
Parameter impacts: 
  Parameter :   Best-fit               r            
  Y2016jer  :   +0.000  -0.799/+0.823  -0.002/+0.014
Done in 0.05 min (cpu), 0.05 min (real)
 <<< Combine >>> 
>>> including systematics
   Options for Robust Minimizer :: 
        Tolerance  0.1
        Strategy   0
        Type,Algo  Minuit2,Migrad
>>> method used is MultiDimFit
>>> random number generator seed is 123456
  Parameter :   Best-fit               r            
  eleIDSf   :   -0.000  -0.965/+0.967  +0.032/+0.000
Done in 0.04 min (cpu), 0.06 min (real)
 <<< Combine >>> 
>>> including systematics
   Options for Robust Minimizer :: 
        Tolerance  0.1
        Strategy   0
        Type,Algo  Minuit2,Migrad
>>> method used is MultiDimFit
>>> random number generator seed is 123456
RooArgSet:: = ()
RooArgSet:: = ()
Computing results starting from expected outcome (a-priori)
RooArgSet:: = ()
Computing results starting from expected outcome (a-priori)
RooArgSet:: = ()
RooArgSet:: = ()
RooArgSet:: = ()
Computing results starting from expected outcome (a-priori)
Computing results starting from expected outcome (a-priori)
Computing results starting from expected outcome (a-priori)
Computing results starting from expected outcome (a-priori)
RooArgSet:: = ()
Computing results starting from expected outcome (a-priori)
RooArgSet:: = ()
Computing results starting from expected outcome (a-priori)

 --- MultiDimFit ---
Parameter impacts: 
  Parameter  :   Best-fit               r            
  lumiGhostS :   +0.000  -0.992/+0.992  +0.001/-0.001
Done in 0.03 min (cpu), 0.03 min (real)
 <<< Combine >>> 
>>> including systematics
   Options for Robust Minimizer :: 
        Tolerance  0.1
        Strategy   0
        Type,Algo  Minuit2,Migrad
>>> method used is MultiDimFit
>>> random number generator seed is 123456

 --- MultiDimFit ---
Parameter impacts: 

 --- MultiDimFit ---
Parameter impacts: 

 --- MultiDimFit ---
Parameter impacts: 

 --- MultiDimFit ---
Parameter impacts: 

 --- MultiDimFit ---
Parameter impacts: 

 --- MultiDimFit ---
Parameter impacts: 
  Parameter      :   Best-fit               r            
  jesRelativeFSR :   +0.000  -0.974/+0.951  -0.001/-0.003
Done in 0.05 min (cpu), 0.05 min (real)
  Parameter       :   Best-fit               r            
  jesRelativePtHF :   +0.000  -0.994/+0.994  +0.000/+0.000
Done in 0.04 min (cpu), 0.05 min (real)
  Parameter     :   Best-fit               r            
  jesPileUpPtHF :   +0.000  -0.994/+0.994  +0.000/+0.000
Done in 0.04 min (cpu), 0.05 min (real)
  Parameter     :   Best-fit               r            
  jesPileUpPtBB :   -0.000  -0.990/+0.986  -0.000/-0.000
Done in 0.05 min (cpu), 0.05 min (real)
 <<< Combine >>> 
  Parameter        :   Best-fit               r            
  jesAbsoluteScale :   +0.000  -0.975/+0.967  +0.002/-0.000
Done in 0.05 min (cpu), 0.05 min (real)
>>> including systematics
 <<< Combine >>> 
   Options for Robust Minimizer :: 
        Tolerance  0.1
        Strategy   0
        Type,Algo  Minuit2,Migrad
>>> method used is MultiDimFit
>>> random number generator seed is 123456
>>> including systematics
   Options for Robust Minimizer :: 
        Tolerance  0.1
        Strategy   0
        Type,Algo  Minuit2,Migrad
>>> method used is MultiDimFit
>>> random number generator seed is 123456

 --- MultiDimFit ---
Parameter impacts: 
 <<< Combine >>> 
>>> including systematics
   Options for Robust Minimizer :: 
        Tolerance  0.1
        Strategy   0
        Type,Algo  Minuit2,Migrad
>>> method used is MultiDimFit
>>> random number generator seed is 123456
 <<< Combine >>> 
 <<< Combine >>> 
>>> including systematics
   Options for Robust Minimizer :: 
        Tolerance  0.1
        Strategy   0
        Type,Algo  Minuit2,Migrad
>>> method used is MultiDimFit
>>> random number generator seed is 123456
>>> including systematics
   Options for Robust Minimizer :: 
        Tolerance  0.1
        Strategy   0
        Type,Algo  Minuit2,Migrad
>>> method used is MultiDimFit
>>> random number generator seed is 123456
  Parameter :   Best-fit               r            
  muIsoSf   :   -0.000  -0.994/+0.994  -0.001/+0.001
Done in 0.04 min (cpu), 0.05 min (real)
 <<< Combine >>> 
>>> including systematics
   Options for Robust Minimizer :: 
        Tolerance  0.1
        Strategy   0
        Type,Algo  Minuit2,Migrad
>>> method used is MultiDimFit
>>> random number generator seed is 123456
  Parameter :   Best-fit               r            
  lumi2016  :   +0.000  -0.911/+0.912  +0.007/-0.007
Done in 0.05 min (cpu), 0.06 min (real)
 <<< Combine >>> 
>>> including systematics
   Options for Robust Minimizer :: 
        Tolerance  0.1
        Strategy   0
        Type,Algo  Minuit2,Migrad
>>> method used is MultiDimFit
>>> random number generator seed is 123456
RooArgSet:: = ()
Computing results starting from expected outcome (a-priori)
RooArgSet:: = ()
RooArgSet:: = ()
Computing results starting from expected outcome (a-priori)
Computing results starting from expected outcome (a-priori)
RooArgSet:: = ()
RooArgSet:: = ()
Computing results starting from expected outcome (a-priori)
RooArgSet:: = ()
RooArgSet:: = ()
RooArgSet:: = ()
Computing results starting from expected outcome (a-priori)
Computing results starting from expected outcome (a-priori)
Computing results starting from expected outcome (a-priori)
Computing results starting from expected outcome (a-priori)

 --- MultiDimFit ---
Parameter impacts: 
  Parameter :   Best-fit               r            
  lumiBBDef :   +0.000  -0.992/+0.992  +0.001/-0.001
Done in 0.03 min (cpu), 0.03 min (real)

 --- MultiDimFit ---
Parameter impacts: 

 --- MultiDimFit ---
Parameter impacts: 
 <<< Combine >>> 
>>> including systematics
   Options for Robust Minimizer :: 
        Tolerance  0.1
        Strategy   0
        Type,Algo  Minuit2,Migrad
>>> method used is MultiDimFit
>>> random number generator seed is 123456

 --- MultiDimFit ---
Parameter impacts: 
  Parameter          :   Best-fit               r            
  jesRelativeStatFSR :   +0.000  -0.993/+0.992  +0.000/-0.001
Done in 0.03 min (cpu), 0.04 min (real)
 <<< Combine >>> 
>>> including systematics
   Options for Robust Minimizer :: 
        Tolerance  0.1
        Strategy   0
        Type,Algo  Minuit2,Migrad
>>> method used is MultiDimFit
>>> random number generator seed is 123456
  Parameter :   Best-fit               r            
  muonRes   :   -0.000  -0.992/+0.994  -0.002/-0.001
Done in 0.04 min (cpu), 0.04 min (real)
  Parameter :   Best-fit               r            
  lumiXY    :   +0.000  -0.981/+0.981  +0.003/-0.003
Done in 0.05 min (cpu), 0.06 min (real)
 <<< Combine >>> 
>>> including systematics
   Options for Robust Minimizer :: 
        Tolerance  0.1
        Strategy   0
        Type,Algo  Minuit2,Migrad
>>> method used is MultiDimFit
>>> random number generator seed is 123456

 --- MultiDimFit ---
Parameter impacts: 
 <<< Combine >>> 
>>> including systematics
   Options for Robust Minimizer :: 
        Tolerance  0.1
        Strategy   0
        Type,Algo  Minuit2,Migrad
>>> method used is MultiDimFit
>>> random number generator seed is 123456

 --- MultiDimFit ---
Parameter impacts: 

 --- MultiDimFit ---
Parameter impacts: 

 --- MultiDimFit ---
Parameter impacts: 
  Parameter        :   Best-fit               r            
  jesRelativeJERHF :   +0.000  -0.994/+0.994  +0.000/+0.000
Done in 0.05 min (cpu), 0.05 min (real)
  Parameter    :   Best-fit               r            
  jesFlavorQCD :   +0.000  -0.688/+0.764  +0.009/-0.010
Done in 0.05 min (cpu), 0.05 min (real)
  Parameter      :   Best-fit               r            
  jesPileUpPtRef :   +0.000  -0.987/+0.989  +0.002/-0.001
Done in 0.05 min (cpu), 0.06 min (real)
  Parameter      :   Best-fit               r            
  jesPileUpPtEC1 :   +0.000  -0.931/+0.986  +0.004/-0.004
Done in 0.05 min (cpu), 0.05 min (real)
 <<< Combine >>> 
>>> including systematics
   Options for Robust Minimizer :: 
        Tolerance  0.1
        Strategy   0
        Type,Algo  Minuit2,Migrad
>>> method used is MultiDimFit
>>> random number generator seed is 123456
 <<< Combine >>> 
>>> including systematics
   Options for Robust Minimizer :: 
        Tolerance  0.1
        Strategy   0
        Type,Algo  Minuit2,Migrad
>>> method used is MultiDimFit
>>> random number generator seed is 123456
 <<< Combine >>> 
>>> including systematics
   Options for Robust Minimizer :: 
        Tolerance  0.1
        Strategy   0
        Type,Algo  Minuit2,Migrad
>>> method used is MultiDimFit
>>> random number generator seed is 123456
 <<< Combine >>> 
>>> including systematics
   Options for Robust Minimizer :: 
        Tolerance  0.1
        Strategy   0
        Type,Algo  Minuit2,Migrad
>>> method used is MultiDimFit
>>> random number generator seed is 123456
RooArgSet:: = ()
RooArgSet:: = ()
RooArgSet:: = ()
RooArgSet:: = ()
Computing results starting from expected outcome (a-priori)
Computing results starting from expected outcome (a-priori)
Computing results starting from expected outcome (a-priori)
Computing results starting from expected outcome (a-priori)
RooArgSet:: = ()
RooArgSet:: = ()
Computing results starting from expected outcome (a-priori)
Computing results starting from expected outcome (a-priori)
RooArgSet:: = ()
Computing results starting from expected outcome (a-priori)
RooArgSet:: = ()
Computing results starting from expected outcome (a-priori)

 --- MultiDimFit ---
Parameter impacts: 

 --- MultiDimFit ---
Parameter impacts: 

 --- MultiDimFit ---
Parameter impacts: 
  Parameter    :   Best-fit               r            
  lumiDynamicB :   +0.000  -0.990/+0.990  +0.001/-0.001
Done in 0.04 min (cpu), 0.04 min (real)
  Parameter :   Best-fit               r            
  muonScale :   -0.000  -0.993/+0.992  -0.002/-0.001
Done in 0.04 min (cpu), 0.04 min (real)
 <<< Combine >>> 
 <<< Combine >>> 
>>> including systematics
>>> including systematics
   Options for Robust Minimizer :: 
        Tolerance  0.1
        Strategy   0
        Type,Algo  Minuit2,Migrad
>>> method used is MultiDimFit
>>> random number generator seed is 123456
   Options for Robust Minimizer :: 
        Tolerance  0.1
        Strategy   0
        Type,Algo  Minuit2,Migrad
>>> method used is MultiDimFit
>>> random number generator seed is 123456

 --- MultiDimFit ---
Parameter impacts: 
  Parameter :   Best-fit               r            
  muIdSf    :   +0.000  -0.988/+0.987  +0.006/-0.006
Done in 0.05 min (cpu), 0.05 min (real)

 --- MultiDimFit ---
Parameter impacts: 
 <<< Combine >>> 
>>> including systematics
   Options for Robust Minimizer :: 
        Tolerance  0.1
        Strategy   0
        Type,Algo  Minuit2,Migrad
>>> method used is MultiDimFit
>>> random number generator seed is 123456
  Parameter         :   Best-fit               r            
  jesRelativeStatHF :   +0.000  -0.994/+0.994  +0.000/+0.000
Done in 0.05 min (cpu), 0.05 min (real)
  Parameter        :   Best-fit               r            
  jesFragmentation :   -0.000  -0.982/+0.978  +0.003/-0.003
Done in 0.04 min (cpu), 0.05 min (real)

 --- MultiDimFit ---
Parameter impacts: 
 <<< Combine >>> 
>>> including systematics
   Options for Robust Minimizer :: 
        Tolerance  0.1
        Strategy   0
        Type,Algo  Minuit2,Migrad
>>> method used is MultiDimFit
>>> random number generator seed is 123456

 --- MultiDimFit ---
Parameter impacts: 
 <<< Combine >>> 
>>> including systematics
   Options for Robust Minimizer :: 
        Tolerance  0.1
        Strategy   0
        Type,Algo  Minuit2,Migrad
>>> method used is MultiDimFit
>>> random number generator seed is 123456
  Parameter      :   Best-fit               r            
  jesPileUpPtEC2 :   +0.000  -0.994/+0.994  +0.000/+0.000
Done in 0.05 min (cpu), 0.05 min (real)
  Parameter       :   Best-fit               r            
  jesRelativePtBB :   +0.000  -0.991/+0.992  -0.002/+0.001
Done in 0.05 min (cpu), 0.05 min (real)
 <<< Combine >>> 
>>> including systematics
   Options for Robust Minimizer :: 
        Tolerance  0.1
        Strategy   0
        Type,Algo  Minuit2,Migrad
>>> method used is MultiDimFit
>>> random number generator seed is 123456
 <<< Combine >>> 
>>> including systematics
   Options for Robust Minimizer :: 
        Tolerance  0.1
        Strategy   0
        Type,Algo  Minuit2,Migrad
>>> method used is MultiDimFit
>>> random number generator seed is 123456

 --- MultiDimFit ---
Parameter impacts: 
  Parameter      :   Best-fit               r            
  jesRelativeBal :   +0.000  -0.944/+0.914  -0.005/+0.005
Done in 0.05 min (cpu), 0.07 min (real)
 <<< Combine >>> 
>>> including systematics
   Options for Robust Minimizer :: 
        Tolerance  0.1
        Strategy   0
        Type,Algo  Minuit2,Migrad
>>> method used is MultiDimFit
>>> random number generator seed is 123456
RooArgSet:: = ()
RooArgSet:: = ()
Computing results starting from expected outcome (a-priori)
RooArgSet:: = ()
Computing results starting from expected outcome (a-priori)
Computing results starting from expected outcome (a-priori)
RooArgSet:: = ()
RooArgSet:: = ()
Computing results starting from expected outcome (a-priori)
Computing results starting from expected outcome (a-priori)
RooArgSet:: = ()
Computing results starting from expected outcome (a-priori)
RooArgSet:: = ()
Computing results starting from expected outcome (a-priori)
RooArgSet:: = ()
Computing results starting from expected outcome (a-priori)

 --- MultiDimFit ---
Parameter impacts: 

 --- MultiDimFit ---
Parameter impacts: 

 --- MultiDimFit ---
Parameter impacts: 

 --- MultiDimFit ---
Parameter impacts: 

 --- MultiDimFit ---
Parameter impacts: 
  Parameter        :   Best-fit               r            
  prop_binch1_bin4 :   +0.000  -0.953/+0.954  -0.004/+0.004
Done in 0.04 min (cpu), 0.04 min (real)
  Parameter        :   Best-fit               r            
  prop_binch1_bin7 :   +0.000  -0.966/+0.962  -0.003/+0.004
Done in 0.04 min (cpu), 0.05 min (real)
  Parameter :   Best-fit               r            
  prefiring :   -0.000  -0.990/+0.989  -0.003/+0.003
Done in 0.05 min (cpu), 0.05 min (real)
  Parameter        :   Best-fit               r            
  prop_binch2_bin1 :   +0.000  -0.973/+0.974  -0.002/+0.002
Done in 0.04 min (cpu), 0.04 min (real)
  Parameter         :   Best-fit               r            
  prop_binch1_bin11 :   +0.000  -0.990/+0.989  +0.010/-0.010
Done in 0.05 min (cpu), 0.05 min (real)

 --- MultiDimFit ---
Parameter impacts: 
 <<< Combine >>> 
 <<< Combine >>> 
>>> including systematics
   Options for Robust Minimizer :: 
        Tolerance  0.1
        Strategy   0
        Type,Algo  Minuit2,Migrad
>>> method used is MultiDimFit
>>> random number generator seed is 123456
>>> including systematics
   Options for Robust Minimizer :: 
        Tolerance  0.1
        Strategy   0
        Type,Algo  Minuit2,Migrad
>>> method used is MultiDimFit
>>> random number generator seed is 123456
 <<< Combine >>> 
 <<< Combine >>> 
>>> including systematics
   Options for Robust Minimizer :: 
        Tolerance  0.1
        Strategy   0
        Type,Algo  Minuit2,Migrad
>>> method used is MultiDimFit
>>> random number generator seed is 123456
>>> including systematics
   Options for Robust Minimizer :: 
        Tolerance  0.1
        Strategy   0
        Type,Algo  Minuit2,Migrad
>>> method used is MultiDimFit
>>> random number generator seed is 123456

 --- MultiDimFit ---
Parameter impacts: 
 <<< Combine >>> 
>>> including systematics
   Options for Robust Minimizer :: 
        Tolerance  0.1
        Strategy   0
        Type,Algo  Minuit2,Migrad
>>> method used is MultiDimFit
>>> random number generator seed is 123456

 --- MultiDimFit ---
Parameter impacts: 
  Parameter        :   Best-fit               r            
  prop_binch2_bin5 :   -0.000  -0.977/+0.978  -0.000/+0.000
Done in 0.05 min (cpu), 0.05 min (real)
  Parameter        :   Best-fit               r            
  prop_binch2_bin2 :   +0.000  -0.978/+0.978  -0.001/+0.001
Done in 0.04 min (cpu), 0.05 min (real)
 <<< Combine >>> 
>>> including systematics
   Options for Robust Minimizer :: 
        Tolerance  0.1
        Strategy   0
        Type,Algo  Minuit2,Migrad
>>> method used is MultiDimFit
>>> random number generator seed is 123456
  Parameter        :   Best-fit               r            
  prop_binch2_bin8 :   -0.000  -0.977/+0.977  -0.002/+0.002
Done in 0.04 min (cpu), 0.04 min (real)
 <<< Combine >>> 
>>> including systematics
   Options for Robust Minimizer :: 
        Tolerance  0.1
        Strategy   0
        Type,Algo  Minuit2,Migrad
>>> method used is MultiDimFit
>>> random number generator seed is 123456
 <<< Combine >>> 
>>> including systematics
   Options for Robust Minimizer :: 
        Tolerance  0.1
        Strategy   0
        Type,Algo  Minuit2,Migrad
>>> method used is MultiDimFit
>>> random number generator seed is 123456
RooArgSet:: = ()
RooArgSet:: = ()
RooArgSet:: = ()
RooArgSet:: = ()
Computing results starting from expected outcome (a-priori)
Computing results starting from expected outcome (a-priori)
Computing results starting from expected outcome (a-priori)
RooArgSet:: = ()
RooArgSet:: = ()
Computing results starting from expected outcome (a-priori)
RooArgSet:: = ()
Computing results starting from expected outcome (a-priori)
Computing results starting from expected outcome (a-priori)
Computing results starting from expected outcome (a-priori)
RooArgSet:: = ()
Computing results starting from expected outcome (a-priori)

 --- MultiDimFit ---
Parameter impacts: 
  Parameter        :   Best-fit               r            
  prop_binch2_bin9 :   -0.000  -0.972/+0.973  -0.002/+0.002
Done in 0.03 min (cpu), 0.03 min (real)

 --- MultiDimFit ---
Parameter impacts: 
 <<< Combine >>> 
>>> including systematics
   Options for Robust Minimizer :: 
        Tolerance  0.1
        Strategy   0
        Type,Algo  Minuit2,Migrad
>>> method used is MultiDimFit
>>> random number generator seed is 123456

 --- MultiDimFit ---
Parameter impacts: 

 --- MultiDimFit ---
Parameter impacts: 
  Parameter         :   Best-fit               r            
  prop_binch2_bin10 :   +0.000  -0.974/+0.973  -0.002/+0.002
Done in 0.04 min (cpu), 0.04 min (real)
  Parameter        :   Best-fit               r            
  prop_binch2_bin3 :   -0.000  -0.979/+0.979  Parameter        :   Best-fit               r            
  prop_binch2_bin6 :   +0.000  -0.975/+0.975  +0.000/-0.000
Done in 0.04 min (cpu), 0.04 min (real)
 <<< Combine >>> 
>>> including systematics
   Options for Robust Minimizer :: 
        Tolerance  0.1
        Strategy   0
        Type,Algo  Minuit2,Migrad
>>> method used is MultiDimFit
>>> random number generator seed is 123456
  +0.002/-0.001
Done in 0.04 min (cpu), 0.04 min (real)
 <<< Combine >>> 
>>> including systematics
   Options for Robust Minimizer :: 
        Tolerance  0.1
        Strategy   0
        Type,Algo  Minuit2,Migrad
>>> method used is MultiDimFit
>>> random number generator seed is 123456

 --- MultiDimFit ---
Parameter impacts: 
 <<< Combine >>> 
>>> including systematics
   Options for Robust Minimizer :: 
        Tolerance  0.1
        Strategy   0
        Type,Algo  Minuit2,Migrad
>>> method used is MultiDimFit
>>> random number generator seed is 123456

 --- MultiDimFit ---
Parameter impacts: 

 --- MultiDimFit ---
Parameter impacts: 

 --- MultiDimFit ---
Parameter impacts: 
  Parameter        :   Best-fit               r            
  prop_binch1_bin1 :   +0.000  -0.953/+0.956  -0.006/+0.006
Done in 0.05 min (cpu), 0.05 min (real)
  Parameter        :   Best-fit               r            
  prop_binch1_bin8 :   +0.000  -0.967/+0.967  -0.001/+0.000
Done in 0.05 min (cpu), 0.06 min (real)
  Parameter        :   Best-fit               r            
  prop_binch1_bin2 :   +0.000  -0.954/+0.955  +0.004/-0.004
Done in 0.05 min (cpu), 0.06 min (real)
  Parameter        :   Best-fit               r            
  prop_binch1_bin5 :   +0.000  -0.958/+0.958  -0.000/+0.000
Done in 0.05 min (cpu), 0.06 min (real)
 <<< Combine >>> 
>>> including systematics
   Options for Robust Minimizer :: 
        Tolerance  0.1
        Strategy   0
        Type,Algo  Minuit2,Migrad
>>> method used is MultiDimFit
>>> random number generator seed is 123456
 <<< Combine >>> 
 <<< Combine >>> 
 <<< Combine >>> 
>>> including systematics
>>> including systematics
>>> including systematics
   Options for Robust Minimizer :: 
        Tolerance  0.1
        Strategy   0
        Type,Algo  Minuit2,Migrad
>>> method used is MultiDimFit
>>> random number generator seed is 123456
   Options for Robust Minimizer :: 
   Options for Robust Minimizer :: 
        Tolerance  0.1
        Tolerance  0.1
        Strategy   0
        Type,Algo  Minuit2,Migrad
>>> method used is MultiDimFit
>>> random number generator seed is 123456
        Strategy   0
        Type,Algo  Minuit2,Migrad
>>> method used is MultiDimFit
>>> random number generator seed is 123456
RooArgSet:: = ()
Computing results starting from expected outcome (a-priori)
RooArgSet:: = ()
Computing results starting from expected outcome (a-priori)
RooArgSet:: = ()
RooArgSet:: = ()
Computing results starting from expected outcome (a-priori)
Computing results starting from expected outcome (a-priori)
RooArgSet:: = ()
Computing results starting from expected outcome (a-priori)
RooArgSet:: = ()
RooArgSet:: = ()
RooArgSet:: = ()
Computing results starting from expected outcome (a-priori)
Computing results starting from expected outcome (a-priori)
Computing results starting from expected outcome (a-priori)

 --- MultiDimFit ---
Parameter impacts: 

 --- MultiDimFit ---
Parameter impacts: 
  Parameter :   Best-fit               r            
  pu        :   +0.000  -0.956/+0.962  -0.003/+0.003
Done in 0.03 min (cpu), 0.04 min (real)
  Parameter         :   Best-fit               r            
  prop_binch2_bin11 :   +0.000  -0.979/+0.978  -0.004/+0.004
Done in 0.04 min (cpu), 0.04 min (real)
 <<< Combine >>> 

 --- MultiDimFit ---
Parameter impacts: 
>>> including systematics
   Options for Robust Minimizer :: 
        Tolerance  0.1
        Strategy   0
        Type,Algo  Minuit2,Migrad
>>> method used is MultiDimFit
>>> random number generator seed is 123456
 <<< Combine >>> 
>>> including systematics
   Options for Robust Minimizer :: 
        Tolerance  0.1
        Strategy   0
        Type,Algo  Minuit2,Migrad
>>> method used is MultiDimFit
>>> random number generator seed is 123456

 --- MultiDimFit ---
Parameter impacts: 
  Parameter        :   Best-fit               r            
  prop_binch2_bin4 :   +0.000  -0.979/+0.979  +0.001/-0.001
Done in 0.04 min (cpu), 0.05 min (real)

 --- MultiDimFit ---
Parameter impacts: 

 --- MultiDimFit ---
Parameter impacts: 
 <<< Combine >>> 
>>> including systematics
   Options for Robust Minimizer :: 
        Tolerance  0.1
        Strategy   0
        Type,Algo  Minuit2,Migrad
>>> method used is MultiDimFit
>>> random number generator seed is 123456
  Parameter        :   Best-fit               r            
  prop_binch1_bin9 :   -0.000  -0.972/+0.974  +0.001/+0.000
Done in 0.04 min (cpu), 0.04 min (real)
 <<< Combine >>> 
>>> including systematics
   Options for Robust Minimizer :: 
        Tolerance  0.1
        Strategy   0
        Type,Algo  Minuit2,Migrad
>>> method used is MultiDimFit
>>> random number generator seed is 123456

 --- MultiDimFit ---
Parameter impacts: 
  Parameter         :   Best-fit               r            
  prop_binch1_bin10 :   +0.000  -0.982/+0.982  +0.010/-0.009
Done in 0.04 min (cpu), 0.05 min (real)
  Parameter        :   Best-fit               r            
  prop_binch2_bin7 :   +0.000  -0.978/+0.977  +0.000/-0.000
Done in 0.05 min (cpu), 0.05 min (real)
  Parameter        :   Best-fit               r            
  prop_binch1_bin3 :   -0.000  -0.948/+0.947  +0.001/-0.001
Done in 0.05 min (cpu), 0.05 min (real)

 --- MultiDimFit ---
Parameter impacts: 
  Parameter        :   Best-fit               r            
  prop_binch1_bin6 :   +0.000  -0.958/+0.960  +0.000/+0.000
Done in 0.05 min (cpu), 0.06 min (real)
RooArgSet:: = ()
RooArgSet:: = ()
Computing results starting from expected outcome (a-priori)
Computing results starting from expected outcome (a-priori)
RooArgSet:: = ()
Computing results starting from expected outcome (a-priori)
RooArgSet:: = ()
Computing results starting from expected outcome (a-priori)

 --- MultiDimFit ---
Parameter impacts: 
  Parameter :   Best-fit               r            
  tW_norm   :   +0.000  -0.927/+0.916  -0.001/+0.002
Done in 0.04 min (cpu), 0.04 min (real)
 <<< Combine >>> 
>>> including systematics
   Options for Robust Minimizer :: 
        Tolerance  0.1
        Strategy   0
        Type,Algo  Minuit2,Migrad
>>> method used is MultiDimFit
>>> random number generator seed is 123456

 --- MultiDimFit ---
Parameter impacts: 

 --- MultiDimFit ---
Parameter impacts: 

 --- MultiDimFit ---
Parameter impacts: 
  Parameter :   Best-fit               r            
  tt_Tune   :   +0.000  -0.650/+0.556  +0.021/+0.023
Done in 0.05 min (cpu), 0.05 min (real)
  Parameter :   Best-fit               r            
  tt_pdf    :   -0.000  -0.992/+0.991  -0.003/+0.003
Done in 0.05 min (cpu), 0.05 min (real)
 <<< Combine >>> 
>>> including systematics
   Options for Robust Minimizer :: 
        Tolerance  0.1
        Strategy   0
        Type,Algo  Minuit2,Migrad
>>> method used is MultiDimFit
>>> random number generator seed is 123456
  Parameter :   Best-fit               r            
  tt_FSR    :   -0.000  -0.621/+0.789  +0.012/-0.012
Done in 0.06 min (cpu), 0.06 min (real)
 <<< Combine >>> 
>>> including systematics
   Options for Robust Minimizer :: 
        Tolerance  0.1
        Strategy   0
        Type,Algo  Minuit2,Migrad
>>> method used is MultiDimFit
>>> random number generator seed is 123456
 <<< Combine >>> 
>>> including systematics
   Options for Robust Minimizer :: 
        Tolerance  0.1
        Strategy   0
        Type,Algo  Minuit2,Migrad
>>> method used is MultiDimFit
>>> random number generator seed is 123456
RooArgSet:: = ()
Computing results starting from expected outcome (a-priori)
RooArgSet:: = ()
RooArgSet:: = ()
Computing results starting from expected outcome (a-priori)
Computing results starting from expected outcome (a-priori)
RooArgSet:: = ()
Computing results starting from expected outcome (a-priori)

 --- MultiDimFit ---
Parameter impacts: 
  Parameter :   Best-fit               r            
  trigSF    :   +0.000  -0.912/+0.918  +0.063/-0.055
Done in 0.05 min (cpu), 0.05 min (real)
 <<< Combine >>> 
>>> including systematics
   Options for Robust Minimizer :: 
        Tolerance  0.1
        Strategy   0
        Type,Algo  Minuit2,Migrad
>>> method used is MultiDimFit
>>> random number generator seed is 123456

 --- MultiDimFit ---
Parameter impacts: 
  Parameter :   Best-fit               r            
  udsgTagSF :   -0.000  -0.982/+0.981  -0.005/+0.004
Done in 0.05 min (cpu), 0.05 min (real)

 --- MultiDimFit ---
Parameter impacts: 
  Parameter :   Best-fit               r            
  tt_hdamp  :   +0.000  -0.382/+0.389  -0.019/+0.018
Done in 0.06 min (cpu), 0.06 min (real)
 <<< Combine >>> 
>>> including systematics
   Options for Robust Minimizer :: 
        Tolerance  0.1
        Strategy   0
        Type,Algo  Minuit2,Migrad
>>> method used is MultiDimFit
>>> random number generator seed is 123456

 --- MultiDimFit ---
Parameter impacts: 
  Parameter :   Best-fit               r            
  tt_ISR    :   -0.000  -0.918/+0.907  -0.001/+0.003
Done in 0.06 min (cpu), 0.06 min (real)
 <<< Combine >>> 
>>> including systematics
   Options for Robust Minimizer :: 
        Tolerance  0.1
        Strategy   0
        Type,Algo  Minuit2,Migrad
>>> method used is MultiDimFit
>>> random number generator seed is 123456
RooArgSet:: = ()
Computing results starting from expected outcome (a-priori)
RooArgSet:: = ()
Computing results starting from expected outcome (a-priori)
RooArgSet:: = ()
Computing results starting from expected outcome (a-priori)

 --- MultiDimFit ---
Parameter impacts: 
  Parameter :   Best-fit               r            
  tt_CR     :   +0.000  -0.490/+0.466  +0.019/-0.036
Done in 0.05 min (cpu), 0.05 min (real)

 --- MultiDimFit ---
Parameter impacts: 
  Parameter :   Best-fit               r            
  tt_norm   :   -0.000  -0.586/+0.586  -0.052/+0.057
Done in 0.05 min (cpu), 0.05 min (real)

 --- MultiDimFit ---
Parameter impacts: 
  Parameter :   Best-fit               r            
  tt_QS     :   -0.000  -0.650/+0.588  -0.018/+0.024
Done in 0.05 min (cpu), 0.05 min (real)
>> combine -M MultiDimFit -n _paramFit_Test_DY_norm --algo impact --redefineSignalPOIs r -P DY_norm --floatOtherPOIs 1 --saveInactivePOI 1 --robustFit 1 --rMin -3 --rMax 3 -t -1 --expectSignal=1 -m 125 -d LFVScalarU_2016_com.root
>> combine -M MultiDimFit -n _paramFit_Test_Jets_norm --algo impact --redefineSignalPOIs r -P Jets_norm --floatOtherPOIs 1 --saveInactivePOI 1 --robustFit 1 --rMin -3 --rMax 3 -t -1 --expectSignal=1 -m 125 -d LFVScalarU_2016_com.root
>> combine -M MultiDimFit -n _paramFit_Test_Other_norm --algo impact --redefineSignalPOIs r -P Other_norm --floatOtherPOIs 1 --saveInactivePOI 1 --robustFit 1 --rMin -3 --rMax 3 -t -1 --expectSignal=1 -m 125 -d LFVScalarU_2016_com.root
>> combine -M MultiDimFit -n _paramFit_Test_jesRelativeFSR --algo impact --redefineSignalPOIs r -P jesRelativeFSR --floatOtherPOIs 1 --saveInactivePOI 1 --robustFit 1 --rMin -3 --rMax 3 -t -1 --expectSignal=1 -m 125 -d LFVScalarU_2016_com.root
>> combine -M MultiDimFit -n _paramFit_Test_jesRelativeJERHF --algo impact --redefineSignalPOIs r -P jesRelativeJERHF --floatOtherPOIs 1 --saveInactivePOI 1 --robustFit 1 --rMin -3 --rMax 3 -t -1 --expectSignal=1 -m 125 -d LFVScalarU_2016_com.root
>> combine -M MultiDimFit -n _paramFit_Test_jesRelativePtBB --algo impact --redefineSignalPOIs r -P jesRelativePtBB --floatOtherPOIs 1 --saveInactivePOI 1 --robustFit 1 --rMin -3 --rMax 3 -t -1 --expectSignal=1 -m 125 -d LFVScalarU_2016_com.root
>> combine -M MultiDimFit -n _paramFit_Test_prop_binch2_bin5 --algo impact --redefineSignalPOIs r -P prop_binch2_bin5 --floatOtherPOIs 1 --saveInactivePOI 1 --robustFit 1 --rMin -3 --rMax 3 -t -1 --expectSignal=1 -m 125 -d LFVScalarU_2016_com.root
>> combine -M MultiDimFit -n _paramFit_Test_prop_binch2_bin6 --algo impact --redefineSignalPOIs r -P prop_binch2_bin6 --floatOtherPOIs 1 --saveInactivePOI 1 --robustFit 1 --rMin -3 --rMax 3 -t -1 --expectSignal=1 -m 125 -d LFVScalarU_2016_com.root
>> combine -M MultiDimFit -n _paramFit_Test_prop_binch2_bin7 --algo impact --redefineSignalPOIs r -P prop_binch2_bin7 --floatOtherPOIs 1 --saveInactivePOI 1 --robustFit 1 --rMin -3 --rMax 3 -t -1 --expectSignal=1 -m 125 -d LFVScalarU_2016_com.root
>> combine -M MultiDimFit -n _paramFit_Test_Y2016jesTimePtEta --algo impact --redefineSignalPOIs r -P Y2016jesTimePtEta --floatOtherPOIs 1 --saveInactivePOI 1 --robustFit 1 --rMin -3 --rMax 3 -t -1 --expectSignal=1 -m 125 -d LFVScalarU_2016_com.root
>> combine -M MultiDimFit -n _paramFit_Test_Y2016unclusMET --algo impact --redefineSignalPOIs r -P Y2016unclusMET --floatOtherPOIs 1 --saveInactivePOI 1 --robustFit 1 --rMin -3 --rMax 3 -t -1 --expectSignal=1 -m 125 -d LFVScalarU_2016_com.root
>> combine -M MultiDimFit -n _paramFit_Test_eleIDSf --algo impact --redefineSignalPOIs r -P eleIDSf --floatOtherPOIs 1 --saveInactivePOI 1 --robustFit 1 --rMin -3 --rMax 3 -t -1 --expectSignal=1 -m 125 -d LFVScalarU_2016_com.root
>> combine -M MultiDimFit -n _paramFit_Test_muIsoSf --algo impact --redefineSignalPOIs r -P muIsoSf --floatOtherPOIs 1 --saveInactivePOI 1 --robustFit 1 --rMin -3 --rMax 3 -t -1 --expectSignal=1 -m 125 -d LFVScalarU_2016_com.root
>> combine -M MultiDimFit -n _paramFit_Test_muonRes --algo impact --redefineSignalPOIs r -P muonRes --floatOtherPOIs 1 --saveInactivePOI 1 --robustFit 1 --rMin -3 --rMax 3 -t -1 --expectSignal=1 -m 125 -d LFVScalarU_2016_com.root
>> combine -M MultiDimFit -n _paramFit_Test_muonScale --algo impact --redefineSignalPOIs r -P muonScale --floatOtherPOIs 1 --saveInactivePOI 1 --robustFit 1 --rMin -3 --rMax 3 -t -1 --expectSignal=1 -m 125 -d LFVScalarU_2016_com.root
>> combine -M MultiDimFit -n _paramFit_Test_prefiring --algo impact --redefineSignalPOIs r -P prefiring --floatOtherPOIs 1 --saveInactivePOI 1 --robustFit 1 --rMin -3 --rMax 3 -t -1 --expectSignal=1 -m 125 -d LFVScalarU_2016_com.root
>> combine -M MultiDimFit -n _paramFit_Test_prop_binch1_bin1 --algo impact --redefineSignalPOIs r -P prop_binch1_bin1 --floatOtherPOIs 1 --saveInactivePOI 1 --robustFit 1 --rMin -3 --rMax 3 -t -1 --expectSignal=1 -m 125 -d LFVScalarU_2016_com.root
>> combine -M MultiDimFit -n _paramFit_Test_prop_binch1_bin10 --algo impact --redefineSignalPOIs r -P prop_binch1_bin10 --floatOtherPOIs 1 --saveInactivePOI 1 --robustFit 1 --rMin -3 --rMax 3 -t -1 --expectSignal=1 -m 125 -d LFVScalarU_2016_com.root
>> combine -M MultiDimFit -n _paramFit_Test_eleRecoSf --algo impact --redefineSignalPOIs r -P eleRecoSf --floatOtherPOIs 1 --saveInactivePOI 1 --robustFit 1 --rMin -3 --rMax 3 -t -1 --expectSignal=1 -m 125 -d LFVScalarU_2016_com.root
>> combine -M MultiDimFit -n _paramFit_Test_electronScale --algo impact --redefineSignalPOIs r -P electronScale --floatOtherPOIs 1 --saveInactivePOI 1 --robustFit 1 --rMin -3 --rMax 3 -t -1 --expectSignal=1 -m 125 -d LFVScalarU_2016_com.root
>> combine -M MultiDimFit -n _paramFit_Test_jesAbsoluteMPFBias --algo impact --redefineSignalPOIs r -P jesAbsoluteMPFBias --floatOtherPOIs 1 --saveInactivePOI 1 --robustFit 1 --rMin -3 --rMax 3 -t -1 --expectSignal=1 -m 125 -d LFVScalarU_2016_com.root
>> combine -M MultiDimFit -n _paramFit_Test_lumi2016 --algo impact --redefineSignalPOIs r -P lumi2016 --floatOtherPOIs 1 --saveInactivePOI 1 --robustFit 1 --rMin -3 --rMax 3 -t -1 --expectSignal=1 -m 125 -d LFVScalarU_2016_com.root
>> combine -M MultiDimFit -n _paramFit_Test_lumiBBDef --algo impact --redefineSignalPOIs r -P lumiBBDef --floatOtherPOIs 1 --saveInactivePOI 1 --robustFit 1 --rMin -3 --rMax 3 -t -1 --expectSignal=1 -m 125 -d LFVScalarU_2016_com.root
>> combine -M MultiDimFit -n _paramFit_Test_lumiDynamicB --algo impact --redefineSignalPOIs r -P lumiDynamicB --floatOtherPOIs 1 --saveInactivePOI 1 --robustFit 1 --rMin -3 --rMax 3 -t -1 --expectSignal=1 -m 125 -d LFVScalarU_2016_com.root
>> combine -M MultiDimFit -n _paramFit_Test_prop_binch1_bin11 --algo impact --redefineSignalPOIs r -P prop_binch1_bin11 --floatOtherPOIs 1 --saveInactivePOI 1 --robustFit 1 --rMin -3 --rMax 3 -t -1 --expectSignal=1 -m 125 -d LFVScalarU_2016_com.root
>> combine -M MultiDimFit -n _paramFit_Test_prop_binch1_bin2 --algo impact --redefineSignalPOIs r -P prop_binch1_bin2 --floatOtherPOIs 1 --saveInactivePOI 1 --robustFit 1 --rMin -3 --rMax 3 -t -1 --expectSignal=1 -m 125 -d LFVScalarU_2016_com.root
>> combine -M MultiDimFit -n _paramFit_Test_prop_binch1_bin3 --algo impact --redefineSignalPOIs r -P prop_binch1_bin3 --floatOtherPOIs 1 --saveInactivePOI 1 --robustFit 1 --rMin -3 --rMax 3 -t -1 --expectSignal=1 -m 125 -d LFVScalarU_2016_com.root
>> combine -M MultiDimFit -n _paramFit_Test_Signal_pdf --algo impact --redefineSignalPOIs r -P Signal_pdf --floatOtherPOIs 1 --saveInactivePOI 1 --robustFit 1 --rMin -3 --rMax 3 -t -1 --expectSignal=1 -m 125 -d LFVScalarU_2016_com.root
>> combine -M MultiDimFit -n _paramFit_Test_Y2016bcTagSF --algo impact --redefineSignalPOIs r -P Y2016bcTagSF --floatOtherPOIs 1 --saveInactivePOI 1 --robustFit 1 --rMin -3 --rMax 3 -t -1 --expectSignal=1 -m 125 -d LFVScalarU_2016_com.root
>> combine -M MultiDimFit -n _paramFit_Test_Y2016jer --algo impact --redefineSignalPOIs r -P Y2016jer --floatOtherPOIs 1 --saveInactivePOI 1 --robustFit 1 --rMin -3 --rMax 3 -t -1 --expectSignal=1 -m 125 -d LFVScalarU_2016_com.root
>> combine -M MultiDimFit -n _paramFit_Test_lumiGhostS --algo impact --redefineSignalPOIs r -P lumiGhostS --floatOtherPOIs 1 --saveInactivePOI 1 --robustFit 1 --rMin -3 --rMax 3 -t -1 --expectSignal=1 -m 125 -d LFVScalarU_2016_com.root
>> combine -M MultiDimFit -n _paramFit_Test_lumiXY --algo impact --redefineSignalPOIs r -P lumiXY --floatOtherPOIs 1 --saveInactivePOI 1 --robustFit 1 --rMin -3 --rMax 3 -t -1 --expectSignal=1 -m 125 -d LFVScalarU_2016_com.root
>> combine -M MultiDimFit -n _paramFit_Test_muIdSf --algo impact --redefineSignalPOIs r -P muIdSf --floatOtherPOIs 1 --saveInactivePOI 1 --robustFit 1 --rMin -3 --rMax 3 -t -1 --expectSignal=1 -m 125 -d LFVScalarU_2016_com.root
>> combine -M MultiDimFit -n _paramFit_Test_prop_binch1_bin4 --algo impact --redefineSignalPOIs r -P prop_binch1_bin4 --floatOtherPOIs 1 --saveInactivePOI 1 --robustFit 1 --rMin -3 --rMax 3 -t -1 --expectSignal=1 -m 125 -d LFVScalarU_2016_com.root
>> combine -M MultiDimFit -n _paramFit_Test_prop_binch1_bin5 --algo impact --redefineSignalPOIs r -P prop_binch1_bin5 --floatOtherPOIs 1 --saveInactivePOI 1 --robustFit 1 --rMin -3 --rMax 3 -t -1 --expectSignal=1 -m 125 -d LFVScalarU_2016_com.root
>> combine -M MultiDimFit -n _paramFit_Test_prop_binch1_bin6 --algo impact --redefineSignalPOIs r -P prop_binch1_bin6 --floatOtherPOIs 1 --saveInactivePOI 1 --robustFit 1 --rMin -3 --rMax 3 -t -1 --expectSignal=1 -m 125 -d LFVScalarU_2016_com.root
>> combine -M MultiDimFit -n _paramFit_Test_Y2016jesRelativeStatEC --algo impact --redefineSignalPOIs r -P Y2016jesRelativeStatEC --floatOtherPOIs 1 --saveInactivePOI 1 --robustFit 1 --rMin -3 --rMax 3 -t -1 --expectSignal=1 -m 125 -d LFVScalarU_2016_com.root
>> combine -M MultiDimFit -n _paramFit_Test_Y2016jesRelativeStatFSR --algo impact --redefineSignalPOIs r -P Y2016jesRelativeStatFSR --floatOtherPOIs 1 --saveInactivePOI 1 --robustFit 1 --rMin -3 --rMax 3 -t -1 --expectSignal=1 -m 125 -d LFVScalarU_2016_com.root
>> combine -M MultiDimFit -n _paramFit_Test_Y2016jesRelativeStatHF --algo impact --redefineSignalPOIs r -P Y2016jesRelativeStatHF --floatOtherPOIs 1 --saveInactivePOI 1 --robustFit 1 --rMin -3 --rMax 3 -t -1 --expectSignal=1 -m 125 -d LFVScalarU_2016_com.root
>> combine -M MultiDimFit -n _paramFit_Test_jesRelativePtHF --algo impact --redefineSignalPOIs r -P jesRelativePtHF --floatOtherPOIs 1 --saveInactivePOI 1 --robustFit 1 --rMin -3 --rMax 3 -t -1 --expectSignal=1 -m 125 -d LFVScalarU_2016_com.root
>> combine -M MultiDimFit -n _paramFit_Test_jesRelativeStatFSR --algo impact --redefineSignalPOIs r -P jesRelativeStatFSR --floatOtherPOIs 1 --saveInactivePOI 1 --robustFit 1 --rMin -3 --rMax 3 -t -1 --expectSignal=1 -m 125 -d LFVScalarU_2016_com.root
>> combine -M MultiDimFit -n _paramFit_Test_jesRelativeStatHF --algo impact --redefineSignalPOIs r -P jesRelativeStatHF --floatOtherPOIs 1 --saveInactivePOI 1 --robustFit 1 --rMin -3 --rMax 3 -t -1 --expectSignal=1 -m 125 -d LFVScalarU_2016_com.root
>> combine -M MultiDimFit -n _paramFit_Test_prop_binch1_bin7 --algo impact --redefineSignalPOIs r -P prop_binch1_bin7 --floatOtherPOIs 1 --saveInactivePOI 1 --robustFit 1 --rMin -3 --rMax 3 -t -1 --expectSignal=1 -m 125 -d LFVScalarU_2016_com.root
>> combine -M MultiDimFit -n _paramFit_Test_prop_binch1_bin8 --algo impact --redefineSignalPOIs r -P prop_binch1_bin8 --floatOtherPOIs 1 --saveInactivePOI 1 --robustFit 1 --rMin -3 --rMax 3 -t -1 --expectSignal=1 -m 125 -d LFVScalarU_2016_com.root
>> combine -M MultiDimFit -n _paramFit_Test_prop_binch1_bin9 --algo impact --redefineSignalPOIs r -P prop_binch1_bin9 --floatOtherPOIs 1 --saveInactivePOI 1 --robustFit 1 --rMin -3 --rMax 3 -t -1 --expectSignal=1 -m 125 -d LFVScalarU_2016_com.root
>> combine -M MultiDimFit -n _paramFit_Test_tt_pdf --algo impact --redefineSignalPOIs r -P tt_pdf --floatOtherPOIs 1 --saveInactivePOI 1 --robustFit 1 --rMin -3 --rMax 3 -t -1 --expectSignal=1 -m 125 -d LFVScalarU_2016_com.root
>> combine -M MultiDimFit -n _paramFit_Test_udsgTagSF --algo impact --redefineSignalPOIs r -P udsgTagSF --floatOtherPOIs 1 --saveInactivePOI 1 --robustFit 1 --rMin -3 --rMax 3 -t -1 --expectSignal=1 -m 125 -d LFVScalarU_2016_com.root
>> combine -M MultiDimFit -n _paramFit_Test_Y2016jesRelativePtEC1 --algo impact --redefineSignalPOIs r -P Y2016jesRelativePtEC1 --floatOtherPOIs 1 --saveInactivePOI 1 --robustFit 1 --rMin -3 --rMax 3 -t -1 --expectSignal=1 -m 125 -d LFVScalarU_2016_com.root
>> combine -M MultiDimFit -n _paramFit_Test_Y2016jesRelativePtEC2 --algo impact --redefineSignalPOIs r -P Y2016jesRelativePtEC2 --floatOtherPOIs 1 --saveInactivePOI 1 --robustFit 1 --rMin -3 --rMax 3 -t -1 --expectSignal=1 -m 125 -d LFVScalarU_2016_com.root
>> combine -M MultiDimFit -n _paramFit_Test_Y2016jesRelativeSample --algo impact --redefineSignalPOIs r -P Y2016jesRelativeSample --floatOtherPOIs 1 --saveInactivePOI 1 --robustFit 1 --rMin -3 --rMax 3 -t -1 --expectSignal=1 -m 125 -d LFVScalarU_2016_com.root
>> combine -M MultiDimFit -n _paramFit_Test_jesPileUpPtHF --algo impact --redefineSignalPOIs r -P jesPileUpPtHF --floatOtherPOIs 1 --saveInactivePOI 1 --robustFit 1 --rMin -3 --rMax 3 -t -1 --expectSignal=1 -m 125 -d LFVScalarU_2016_com.root
>> combine -M MultiDimFit -n _paramFit_Test_jesPileUpPtRef --algo impact --redefineSignalPOIs r -P jesPileUpPtRef --floatOtherPOIs 1 --saveInactivePOI 1 --robustFit 1 --rMin -3 --rMax 3 -t -1 --expectSignal=1 -m 125 -d LFVScalarU_2016_com.root
>> combine -M MultiDimFit -n _paramFit_Test_jesRelativeBal --algo impact --redefineSignalPOIs r -P jesRelativeBal --floatOtherPOIs 1 --saveInactivePOI 1 --robustFit 1 --rMin -3 --rMax 3 -t -1 --expectSignal=1 -m 125 -d LFVScalarU_2016_com.root
>> combine -M MultiDimFit -n _paramFit_Test_prop_binch2_bin8 --algo impact --redefineSignalPOIs r -P prop_binch2_bin8 --floatOtherPOIs 1 --saveInactivePOI 1 --robustFit 1 --rMin -3 --rMax 3 -t -1 --expectSignal=1 -m 125 -d LFVScalarU_2016_com.root
>> combine -M MultiDimFit -n _paramFit_Test_prop_binch2_bin9 --algo impact --redefineSignalPOIs r -P prop_binch2_bin9 --floatOtherPOIs 1 --saveInactivePOI 1 --robustFit 1 --rMin -3 --rMax 3 -t -1 --expectSignal=1 -m 125 -d LFVScalarU_2016_com.root
>> combine -M MultiDimFit -n _paramFit_Test_pu --algo impact --redefineSignalPOIs r -P pu --floatOtherPOIs 1 --saveInactivePOI 1 --robustFit 1 --rMin -3 --rMax 3 -t -1 --expectSignal=1 -m 125 -d LFVScalarU_2016_com.root
>> combine -M MultiDimFit -n _paramFit_Test_tW_norm --algo impact --redefineSignalPOIs r -P tW_norm --floatOtherPOIs 1 --saveInactivePOI 1 --robustFit 1 --rMin -3 --rMax 3 -t -1 --expectSignal=1 -m 125 -d LFVScalarU_2016_com.root
>> combine -M MultiDimFit -n _paramFit_Test_trigSF --algo impact --redefineSignalPOIs r -P trigSF --floatOtherPOIs 1 --saveInactivePOI 1 --robustFit 1 --rMin -3 --rMax 3 -t -1 --expectSignal=1 -m 125 -d LFVScalarU_2016_com.root
>> combine -M MultiDimFit -n _paramFit_Test_tt_CR --algo impact --redefineSignalPOIs r -P tt_CR --floatOtherPOIs 1 --saveInactivePOI 1 --robustFit 1 --rMin -3 --rMax 3 -t -1 --expectSignal=1 -m 125 -d LFVScalarU_2016_com.root
>> combine -M MultiDimFit -n _paramFit_Test_Y2016jesAbsoluteStat --algo impact --redefineSignalPOIs r -P Y2016jesAbsoluteStat --floatOtherPOIs 1 --saveInactivePOI 1 --robustFit 1 --rMin -3 --rMax 3 -t -1 --expectSignal=1 -m 125 -d LFVScalarU_2016_com.root
>> combine -M MultiDimFit -n _paramFit_Test_Y2016jesRelativeJEREC1 --algo impact --redefineSignalPOIs r -P Y2016jesRelativeJEREC1 --floatOtherPOIs 1 --saveInactivePOI 1 --robustFit 1 --rMin -3 --rMax 3 -t -1 --expectSignal=1 -m 125 -d LFVScalarU_2016_com.root
>> combine -M MultiDimFit -n _paramFit_Test_Y2016jesRelativeJEREC2 --algo impact --redefineSignalPOIs r -P Y2016jesRelativeJEREC2 --floatOtherPOIs 1 --saveInactivePOI 1 --robustFit 1 --rMin -3 --rMax 3 -t -1 --expectSignal=1 -m 125 -d LFVScalarU_2016_com.root
>> combine -M MultiDimFit -n _paramFit_Test_jesPileUpPtBB --algo impact --redefineSignalPOIs r -P jesPileUpPtBB --floatOtherPOIs 1 --saveInactivePOI 1 --robustFit 1 --rMin -3 --rMax 3 -t -1 --expectSignal=1 -m 125 -d LFVScalarU_2016_com.root
>> combine -M MultiDimFit -n _paramFit_Test_jesPileUpPtEC1 --algo impact --redefineSignalPOIs r -P jesPileUpPtEC1 --floatOtherPOIs 1 --saveInactivePOI 1 --robustFit 1 --rMin -3 --rMax 3 -t -1 --expectSignal=1 -m 125 -d LFVScalarU_2016_com.root
>> combine -M MultiDimFit -n _paramFit_Test_jesPileUpPtEC2 --algo impact --redefineSignalPOIs r -P jesPileUpPtEC2 --floatOtherPOIs 1 --saveInactivePOI 1 --robustFit 1 --rMin -3 --rMax 3 -t -1 --expectSignal=1 -m 125 -d LFVScalarU_2016_com.root
>> combine -M MultiDimFit -n _paramFit_Test_prop_binch2_bin2 --algo impact --redefineSignalPOIs r -P prop_binch2_bin2 --floatOtherPOIs 1 --saveInactivePOI 1 --robustFit 1 --rMin -3 --rMax 3 -t -1 --expectSignal=1 -m 125 -d LFVScalarU_2016_com.root
>> combine -M MultiDimFit -n _paramFit_Test_prop_binch2_bin3 --algo impact --redefineSignalPOIs r -P prop_binch2_bin3 --floatOtherPOIs 1 --saveInactivePOI 1 --robustFit 1 --rMin -3 --rMax 3 -t -1 --expectSignal=1 -m 125 -d LFVScalarU_2016_com.root
>> combine -M MultiDimFit -n _paramFit_Test_prop_binch2_bin4 --algo impact --redefineSignalPOIs r -P prop_binch2_bin4 --floatOtherPOIs 1 --saveInactivePOI 1 --robustFit 1 --rMin -3 --rMax 3 -t -1 --expectSignal=1 -m 125 -d LFVScalarU_2016_com.root
>> combine -M MultiDimFit -n _paramFit_Test_tt_Tune --algo impact --redefineSignalPOIs r -P tt_Tune --floatOtherPOIs 1 --saveInactivePOI 1 --robustFit 1 --rMin -3 --rMax 3 -t -1 --expectSignal=1 -m 125 -d LFVScalarU_2016_com.root
>> combine -M MultiDimFit -n _paramFit_Test_tt_hdamp --algo impact --redefineSignalPOIs r -P tt_hdamp --floatOtherPOIs 1 --saveInactivePOI 1 --robustFit 1 --rMin -3 --rMax 3 -t -1 --expectSignal=1 -m 125 -d LFVScalarU_2016_com.root
>> combine -M MultiDimFit -n _paramFit_Test_tt_norm --algo impact --redefineSignalPOIs r -P tt_norm --floatOtherPOIs 1 --saveInactivePOI 1 --robustFit 1 --rMin -3 --rMax 3 -t -1 --expectSignal=1 -m 125 -d LFVScalarU_2016_com.root
>> combine -M MultiDimFit -n _paramFit_Test_Signal_FSR --algo impact --redefineSignalPOIs r -P Signal_FSR --floatOtherPOIs 1 --saveInactivePOI 1 --robustFit 1 --rMin -3 --rMax 3 -t -1 --expectSignal=1 -m 125 -d LFVScalarU_2016_com.root
>> combine -M MultiDimFit -n _paramFit_Test_Signal_ISR --algo impact --redefineSignalPOIs r -P Signal_ISR --floatOtherPOIs 1 --saveInactivePOI 1 --robustFit 1 --rMin -3 --rMax 3 -t -1 --expectSignal=1 -m 125 -d LFVScalarU_2016_com.root
>> combine -M MultiDimFit -n _paramFit_Test_Signal_QS --algo impact --redefineSignalPOIs r -P Signal_QS --floatOtherPOIs 1 --saveInactivePOI 1 --robustFit 1 --rMin -3 --rMax 3 -t -1 --expectSignal=1 -m 125 -d LFVScalarU_2016_com.root
>> combine -M MultiDimFit -n _paramFit_Test_jesAbsoluteScale --algo impact --redefineSignalPOIs r -P jesAbsoluteScale --floatOtherPOIs 1 --saveInactivePOI 1 --robustFit 1 --rMin -3 --rMax 3 -t -1 --expectSignal=1 -m 125 -d LFVScalarU_2016_com.root
>> combine -M MultiDimFit -n _paramFit_Test_jesFlavorQCD --algo impact --redefineSignalPOIs r -P jesFlavorQCD --floatOtherPOIs 1 --saveInactivePOI 1 --robustFit 1 --rMin -3 --rMax 3 -t -1 --expectSignal=1 -m 125 -d LFVScalarU_2016_com.root
>> combine -M MultiDimFit -n _paramFit_Test_jesFragmentation --algo impact --redefineSignalPOIs r -P jesFragmentation --floatOtherPOIs 1 --saveInactivePOI 1 --robustFit 1 --rMin -3 --rMax 3 -t -1 --expectSignal=1 -m 125 -d LFVScalarU_2016_com.root
>> combine -M MultiDimFit -n _paramFit_Test_prop_binch2_bin1 --algo impact --redefineSignalPOIs r -P prop_binch2_bin1 --floatOtherPOIs 1 --saveInactivePOI 1 --robustFit 1 --rMin -3 --rMax 3 -t -1 --expectSignal=1 -m 125 -d LFVScalarU_2016_com.root
>> combine -M MultiDimFit -n _paramFit_Test_prop_binch2_bin10 --algo impact --redefineSignalPOIs r -P prop_binch2_bin10 --floatOtherPOIs 1 --saveInactivePOI 1 --robustFit 1 --rMin -3 --rMax 3 -t -1 --expectSignal=1 -m 125 -d LFVScalarU_2016_com.root
>> combine -M MultiDimFit -n _paramFit_Test_prop_binch2_bin11 --algo impact --redefineSignalPOIs r -P prop_binch2_bin11 --floatOtherPOIs 1 --saveInactivePOI 1 --robustFit 1 --rMin -3 --rMax 3 -t -1 --expectSignal=1 -m 125 -d LFVScalarU_2016_com.root
>> combine -M MultiDimFit -n _paramFit_Test_tt_FSR --algo impact --redefineSignalPOIs r -P tt_FSR --floatOtherPOIs 1 --saveInactivePOI 1 --robustFit 1 --rMin -3 --rMax 3 -t -1 --expectSignal=1 -m 125 -d LFVScalarU_2016_com.root
>> combine -M MultiDimFit -n _paramFit_Test_tt_ISR --algo impact --redefineSignalPOIs r -P tt_ISR --floatOtherPOIs 1 --saveInactivePOI 1 --robustFit 1 --rMin -3 --rMax 3 -t -1 --expectSignal=1 -m 125 -d LFVScalarU_2016_com.root
>> combine -M MultiDimFit -n _paramFit_Test_tt_QS --algo impact --redefineSignalPOIs r -P tt_QS --floatOtherPOIs 1 --saveInactivePOI 1 --robustFit 1 --rMin -3 --rMax 3 -t -1 --expectSignal=1 -m 125 -d LFVScalarU_2016_com.root
Have POIs: ['r']
Have parameters: 83
File higgsCombine_paramFit_Test_eleIDSf.MultiDimFit.mH125.root did not contain a sufficient number of entries, skipping
Missing inputs: eleIDSf
>> Doing page 0, have 30 parameters
