Channel ch1 will use autoMCStats with settings: event-threshold=10, include-signal=0, hist-mode=1
============================================================
Analysing bin errors for: prop_binch1
Poisson cut-off: 10
Processes excluded for sums: LFVStTensorU LFVTtTensorU
============================================================
Bin        Contents        Error           Notes                         
0          0.000000        0.000000        total sum                     
0          0.000000        0.000000        excluding marked processes    
  => Error is zero, ignore      
------------------------------------------------------------
1          20027.542779    65.116689       total sum                     
1          19995.129845    65.116689       excluding marked processes    
1          94290.000000    307.066768      Unweighted events, alpha=0.212404
  => Total parameter prop_binch1_bin1[0.00,-7.00,7.00] to be gaussian constrained
------------------------------------------------------------
2          40448.206711    78.190905       total sum                     
2          40286.378403    78.190905       excluding marked processes    
2          265463.000000   515.231016      Unweighted events, alpha=0.152369
  => Total parameter prop_binch1_bin2[0.00,-7.00,7.00] to be gaussian constrained
------------------------------------------------------------
3          39811.351654    66.772628       total sum                     
3          39470.366379    66.772628       excluding marked processes    
3          349418.000000   591.115894      Unweighted events, alpha=0.113936
  => Total parameter prop_binch1_bin3[0.00,-7.00,7.00] to be gaussian constrained
------------------------------------------------------------
4          26640.731155    50.734946       total sum                     
4          26114.218552    50.734946       excluding marked processes    
4          264935.000000   514.718370      Unweighted events, alpha=0.100556
  => Total parameter prop_binch1_bin4[0.00,-7.00,7.00] to be gaussian constrained
------------------------------------------------------------
5          16108.571987    37.169343       total sum                     
5          15243.174572    37.169343       excluding marked processes    
5          168183.000000   410.101207      Unweighted events, alpha=0.095780
  => Total parameter prop_binch1_bin5[0.00,-7.00,7.00] to be gaussian constrained
------------------------------------------------------------
6          11563.595707    27.995056       total sum                     
6          9989.092381     27.995056       excluding marked processes    
6          127318.000000   356.816479      Unweighted events, alpha=0.090825
  => Total parameter prop_binch1_bin6[0.00,-7.00,7.00] to be gaussian constrained
------------------------------------------------------------
7          7218.097755     20.817966       total sum                     
7          4683.656914     20.817966       excluding marked processes    
7          50617.000000    224.982222      Unweighted events, alpha=0.142602
  => Total parameter prop_binch1_bin7[0.00,-7.00,7.00] to be gaussian constrained
------------------------------------------------------------
8          5747.974672     13.213557       total sum                     
8          2412.860552     13.213557       excluding marked processes    
8          33345.000000    182.606134      Unweighted events, alpha=0.172379
  => Total parameter prop_binch1_bin8[0.00,-7.00,7.00] to be gaussian constrained
------------------------------------------------------------
9          4412.656364     9.842787        total sum                     
9          932.354877      9.842787        excluding marked processes    
9          8973.000000     94.725920       Unweighted events, alpha=0.491770
  => Total parameter prop_binch1_bin9[0.00,-7.00,7.00] to be gaussian constrained
------------------------------------------------------------
10         3713.716817     4.780866        total sum                     
10         323.035432      4.780866        excluding marked processes    
10         4565.000000     67.564784       Unweighted events, alpha=0.813520
  => Total parameter prop_binch1_bin10[0.00,-7.00,7.00] to be gaussian constrained
------------------------------------------------------------
11         2279.428555     2.988579        total sum                     
11         121.668382      2.988579        excluding marked processes    
11         1657.000000     40.706265       Unweighted events, alpha=1.375636
  => Total parameter prop_binch1_bin11[0.00,-7.00,7.00] to be gaussian constrained
------------------------------------------------------------
12         0.000000        0.000000        total sum                     
12         0.000000        0.000000        excluding marked processes    
  => Error is zero, ignore      
------------------------------------------------------------
Channel ch2 will use autoMCStats with settings: event-threshold=10, include-signal=0, hist-mode=1
============================================================
Analysing bin errors for: prop_binch2
Poisson cut-off: 10
Processes excluded for sums: LFVStTensorU LFVTtTensorU
============================================================
Bin        Contents        Error           Notes                         
0          0.000000        0.000000        total sum                     
0          0.000000        0.000000        excluding marked processes    
  => Error is zero, ignore      
------------------------------------------------------------
1          3330.354273     14.562572       total sum                     
1          3330.209007     14.562572       excluding marked processes    
1          52296.000000    228.683187      Unweighted events, alpha=0.063683
  => Total parameter prop_binch2_bin1[0.00,-7.00,7.00] to be gaussian constrained
------------------------------------------------------------
2          16094.330818    30.688338       total sum                     
2          16092.035984    30.688338       excluding marked processes    
2          274964.000000   524.370098      Unweighted events, alpha=0.058533
  => Total parameter prop_binch2_bin2[0.00,-7.00,7.00] to be gaussian constrained
------------------------------------------------------------
3          20478.184472    34.433530       total sum                     
3          20467.094408    34.433530       excluding marked processes    
3          353305.000000   594.394650      Unweighted events, alpha=0.057962
  => Total parameter prop_binch2_bin3[0.00,-7.00,7.00] to be gaussian constrained
------------------------------------------------------------
4          16997.224799    31.137210       total sum                     
4          16973.202997    31.137210       excluding marked processes    
4          297145.000000   545.110081      Unweighted events, alpha=0.057202
  => Total parameter prop_binch2_bin4[0.00,-7.00,7.00] to be gaussian constrained
------------------------------------------------------------
5          10603.323113    24.628368       total sum                     
5          10557.245813    24.628368       excluding marked processes    
5          183751.000000   428.661871      Unweighted events, alpha=0.057705
  => Total parameter prop_binch2_bin5[0.00,-7.00,7.00] to be gaussian constrained
------------------------------------------------------------
6          7385.396255     20.347050       total sum                     
6          7275.826387     20.347050       excluding marked processes    
6          127868.000000   357.586353      Unweighted events, alpha=0.057758
  => Total parameter prop_binch2_bin6[0.00,-7.00,7.00] to be gaussian constrained
------------------------------------------------------------
7          3496.542219     13.530622       total sum                     
7          3316.901154     13.530622       excluding marked processes    
7          60094.000000    245.140776      Unweighted events, alpha=0.058185
  => Total parameter prop_binch2_bin7[0.00,-7.00,7.00] to be gaussian constrained
------------------------------------------------------------
8          1948.806870     9.282065        total sum                     
8          1693.299070     9.282065        excluding marked processes    
8          33280.000000    182.428068      Unweighted events, alpha=0.058558
  => Total parameter prop_binch2_bin8[0.00,-7.00,7.00] to be gaussian constrained
------------------------------------------------------------
9          918.460222      5.690035        total sum                     
9          619.642242      5.690035        excluding marked processes    
9          11859.000000    108.899036      Unweighted events, alpha=0.077448
  => Total parameter prop_binch2_bin9[0.00,-7.00,7.00] to be gaussian constrained
------------------------------------------------------------
10         503.199203      3.315636        total sum                     
10         204.419094      3.315636        excluding marked processes    
10         3801.000000     61.652251       Unweighted events, alpha=0.132386
  => Total parameter prop_binch2_bin10[0.00,-7.00,7.00] to be gaussian constrained
------------------------------------------------------------
11         258.393848      1.827352        total sum                     
11         60.339461       1.827352        excluding marked processes    
11         1090.000000     33.015148       Unweighted events, alpha=0.237059
  => Total parameter prop_binch2_bin11[0.00,-7.00,7.00] to be gaussian constrained
------------------------------------------------------------
12         0.000000        0.000000        total sum                     
12         0.000000        0.000000        excluding marked processes    
  => Error is zero, ignore      
------------------------------------------------------------
Have POIs: ['r']
 <<< Combine >>> 
>>> including systematics
   Options for Robust Minimizer :: 
        Tolerance  0.1
        Strategy   0
        Type,Algo  Minuit2,Migrad
>>> method used is MultiDimFit
>>> random number generator seed is 123456
RooArgSet:: = ()
Computing results starting from observation (a-posteriori)

 --- MultiDimFit ---
best fit parameter values and profile-likelihood uncertainties: 
   r :    -0.002   -0.005/+0.005 (68%)
Done in 0.07 min (cpu), 0.07 min (real)
>> combine -M MultiDimFit -n _initialFit_Test --algo singles --redefineSignalPOIs r --robustFit 1 --rMin -1 --rMax 1 -m 125 -d LFVTensorU_2017_com.root
Have POIs: ['r']
Have parameters: 84
 <<< Combine >>> 
 <<< Combine >>> 
 <<< Combine >>> 
 <<< Combine >>> 
 <<< Combine >>> 
 <<< Combine >>> 
 <<< Combine >>> 
 <<< Combine >>> 
>>> including systematics
>>> including systematics
>>> including systematics
>>> including systematics
>>> including systematics
>>> including systematics
   Options for Robust Minimizer :: 
   Options for Robust Minimizer :: 
        Tolerance  0.1
        Tolerance  0.1
>>> including systematics
   Options for Robust Minimizer :: 
   Options for Robust Minimizer :: 
   Options for Robust Minimizer :: 
        Strategy   0
        Strategy   0
        Type,Algo  Minuit2,Migrad
        Type,Algo  Minuit2,Migrad
>>> method used is MultiDimFit
>>> method used is MultiDimFit
        Tolerance  0.1
        Tolerance  0.1
        Tolerance  0.1
>>> random number generator seed is 123456
>>> random number generator seed is 123456
        Strategy   0
        Strategy   0
        Strategy   0
        Type,Algo  Minuit2,Migrad
        Type,Algo  Minuit2,Migrad
        Type,Algo  Minuit2,Migrad
   Options for Robust Minimizer :: 
>>> method used is MultiDimFit
>>> method used is MultiDimFit
>>> method used is MultiDimFit
>>> random number generator seed is 123456
>>> random number generator seed is 123456
>>> random number generator seed is 123456
   Options for Robust Minimizer :: 
        Tolerance  0.1
        Strategy   0
        Type,Algo  Minuit2,Migrad
        Tolerance  0.1
        Strategy   0
>>> method used is MultiDimFit
        Type,Algo  Minuit2,Migrad
>>> random number generator seed is 123456
>>> method used is MultiDimFit
>>> random number generator seed is 123456
>>> including systematics
   Options for Robust Minimizer :: 
        Tolerance  0.1
        Strategy   0
        Type,Algo  Minuit2,Migrad
>>> method used is MultiDimFit
>>> random number generator seed is 123456
RooArgSet:: = ()
Computing results starting from observation (a-posteriori)
RooArgSet:: = ()
Computing results starting from observation (a-posteriori)
RooArgSet:: = ()
RooArgSet:: = ()
RooArgSet:: = ()
Computing results starting from observation (a-posteriori)
Computing results starting from observation (a-posteriori)
Computing results starting from observation (a-posteriori)
RooArgSet:: = ()
Computing results starting from observation (a-posteriori)
RooArgSet:: = ()
Computing results starting from observation (a-posteriori)
RooArgSet:: = ()
Computing results starting from observation (a-posteriori)

 --- MultiDimFit ---
Parameter impacts: 

 --- MultiDimFit ---
Parameter impacts: 
  Parameter  :   Best-fit               r            
  Signal_ISR :   +0.002  -0.994/+0.995  -0.000/+0.000
Done in 0.04 min (cpu), 0.04 min (real)
  Parameter               :   Best-fit               r            
  Y2017jesRelativeStatFSR :   +0.040  -0.943/+0.953  -0.000/-0.000
Done in 0.04 min (cpu), 0.04 min (real)

 --- MultiDimFit ---
Parameter impacts: 
 <<< Combine >>> 
>>> including systematics
   Options for Robust Minimizer :: 
        Tolerance  0.1
        Strategy   0
        Type,Algo  Minuit2,Migrad
>>> method used is MultiDimFit
>>> random number generator seed is 123456
 <<< Combine >>> 
>>> including systematics
   Options for Robust Minimizer :: 
        Tolerance  0.1
        Strategy   0
        Type,Algo  Minuit2,Migrad
>>> method used is MultiDimFit
>>> random number generator seed is 123456

 --- MultiDimFit ---
Parameter impacts: 

 --- MultiDimFit ---
Parameter impacts: 
  Parameter     :   Best-fit               r            
  electronScale :   -0.208  -0.967/+0.988  +0.001/-0.001
Done in 0.04 min (cpu), 0.04 min (real)

 --- MultiDimFit ---
Parameter impacts: 
  Parameter             :   Best-fit               r            
  Y2017jesRelativePtEC2 :   +0.000  -0.994/+0.994  +0.000/+0.000
Done in 0.04 min (cpu), 0.05 min (real)
 <<< Combine >>> 
>>> including systematics
   Options for Robust Minimizer :: 
        Tolerance  0.1
        Strategy   0
        Type,Algo  Minuit2,Migrad
>>> method used is MultiDimFit
>>> random number generator seed is 123456

 --- MultiDimFit ---
Parameter impacts: 
  Parameter      :   Best-fit               r            
  Y2017unclusMET :   +0.768  -0.777/+0.773  -0.000/+0.001
Done in 0.05 min (cpu), 0.05 min (real)
 <<< Combine >>> 
>>> including systematics
   Options for Robust Minimizer :: 
        Tolerance  0.1
        Strategy   0
        Type,Algo  Minuit2,Migrad
>>> method used is MultiDimFit
>>> random number generator seed is 123456
  Parameter :   Best-fit               r            
  DY_norm   :   -0.130  -0.941/+0.902  -0.000/+0.000
Done in 0.05 min (cpu), 0.05 min (real)
  Parameter              :   Best-fit               r            
  Y2017jesRelativeJEREC1 :   -0.039  -0.996/+0.996  -0.000/-0.000
Done in 0.05 min (cpu), 0.05 min (real)
 <<< Combine >>> 
>>> including systematics
   Options for Robust Minimizer :: 
        Tolerance  0.1
        Strategy   0
        Type,Algo  Minuit2,Migrad
>>> method used is MultiDimFit
>>> random number generator seed is 123456
 <<< Combine >>> 
 <<< Combine >>> 
>>> including systematics
   Options for Robust Minimizer :: 
>>> including systematics
        Tolerance  0.1
        Strategy   0
        Type,Algo  Minuit2,Migrad
>>> method used is MultiDimFit
>>> random number generator seed is 123456
   Options for Robust Minimizer :: 
        Tolerance  0.1
        Strategy   0
        Type,Algo  Minuit2,Migrad
>>> method used is MultiDimFit
>>> random number generator seed is 123456

 --- MultiDimFit ---
Parameter impacts: 
  Parameter    :   Best-fit               r            
  Y2017bcTagSF :   +0.003  -0.237/+0.221  -0.002/+0.002
Done in 0.06 min (cpu), 0.06 min (real)
 <<< Combine >>> 
>>> including systematics
   Options for Robust Minimizer :: 
        Tolerance  0.1
        Strategy   0
        Type,Algo  Minuit2,Migrad
>>> method used is MultiDimFit
>>> random number generator seed is 123456
RooArgSet:: = ()
Computing results starting from observation (a-posteriori)
RooArgSet:: = ()
Computing results starting from observation (a-posteriori)
RooArgSet:: = ()
Computing results starting from observation (a-posteriori)
RooArgSet:: = ()
Computing results starting from observation (a-posteriori)
RooArgSet:: = ()
Computing results starting from observation (a-posteriori)
RooArgSet:: = ()
Computing results starting from observation (a-posteriori)
RooArgSet:: = ()
Computing results starting from observation (a-posteriori)
RooArgSet:: = ()
Computing results starting from observation (a-posteriori)

 --- MultiDimFit ---
Parameter impacts: 

 --- MultiDimFit ---
Parameter impacts: 

 --- MultiDimFit ---
Parameter impacts: 
  Parameter :   Best-fit               r            
  Signal_QS :   +0.000  -0.994/+0.994  -0.000/+0.000
Done in 0.04 min (cpu), 0.04 min (real)

 --- MultiDimFit ---
Parameter impacts: 
  Parameter              :   Best-fit               r            
  Y2017jesRelativeStatHF :   +0.000  -0.994/+0.994  +0.000/+0.000
Done in 0.04 min (cpu), 0.04 min (real)
 <<< Combine >>> 
>>> including systematics
   Options for Robust Minimizer :: 
        Tolerance  0.1
        Strategy   0
        Type,Algo  Minuit2,Migrad
>>> method used is MultiDimFit
>>> random number generator seed is 123456

 --- MultiDimFit ---
Parameter impacts: 

 --- MultiDimFit ---
Parameter impacts: 
  Parameter          :   Best-fit               r            
  jesAbsoluteMPFBias :   +0.200  -0.970/+0.964  -0.000/-0.000
Done in 0.04 min (cpu), 0.04 min (real)
 <<< Combine >>> 
>>> including systematics
   Options for Robust Minimizer :: 
        Tolerance  0.1
        Strategy   0
        Type,Algo  Minuit2,Migrad
>>> method used is MultiDimFit
>>> random number generator seed is 123456
 <<< Combine >>> 
>>> including systematics
   Options for Robust Minimizer :: 
        Tolerance  0.1
        Strategy   0
        Type,Algo  Minuit2,Migrad
>>> method used is MultiDimFit
>>> random number generator seed is 123456
  Parameter  :   Best-fit               r            
  Other_norm :   -0.090  -0.977/+0.969  +0.000/-0.000
Done in 0.04 min (cpu), 0.04 min (real)
  Parameter              :   Best-fit               r            
  Y2017jesRelativeJEREC2 :   +0.000  -0.994/+0.994  +0.000/+0.000
Done in 0.04 min (cpu), 0.04 min (real)
  Parameter              :   Best-fit               r            
  Y2017jesRelativeSample :   -0.083  -0.878/+0.827  -0.000/+0.000
Done in 0.05 min (cpu), 0.05 min (real)

 --- MultiDimFit ---
Parameter impacts: 
 <<< Combine >>> 
 <<< Combine >>> 
>>> including systematics
>>> including systematics
   Options for Robust Minimizer :: 
        Tolerance  0.1
        Strategy   0
        Type,Algo  Minuit2,Migrad
>>> method used is MultiDimFit
>>> random number generator seed is 123456
   Options for Robust Minimizer :: 
        Tolerance  0.1
        Strategy   0
        Type,Algo  Minuit2,Migrad
>>> method used is MultiDimFit
>>> random number generator seed is 123456
 <<< Combine >>> 
>>> including systematics
   Options for Robust Minimizer :: 
        Tolerance  0.1
        Strategy   0
        Type,Algo  Minuit2,Migrad
>>> method used is MultiDimFit
>>> random number generator seed is 123456

 --- MultiDimFit ---
Parameter impacts: 
  Parameter :   Best-fit               r            
  eleIDSf   :   +0.167  -0.900/+0.906  +0.000/-0.000
Done in 0.05 min (cpu), 0.06 min (real)
  Parameter :   Best-fit               r            
  Y2017jer  :   -1.144  -0.452/+0.451  -0.000/+0.000
Done in 0.05 min (cpu), 0.05 min (real)
 <<< Combine >>> 
 <<< Combine >>> 
>>> including systematics
>>> including systematics
   Options for Robust Minimizer :: 
   Options for Robust Minimizer :: 
        Tolerance  0.1
        Tolerance  0.1
        Strategy   0
        Type,Algo  Minuit2,Migrad
        Strategy   0
        Type,Algo  Minuit2,Migrad
>>> method used is MultiDimFit
>>> method used is MultiDimFit
>>> random number generator seed is 123456
>>> random number generator seed is 123456
RooArgSet:: = ()
RooArgSet:: = ()
Computing results starting from observation (a-posteriori)
Computing results starting from observation (a-posteriori)
RooArgSet:: = ()
Computing results starting from observation (a-posteriori)
RooArgSet:: = ()
Computing results starting from observation (a-posteriori)
RooArgSet:: = ()
RooArgSet:: = ()
Computing results starting from observation (a-posteriori)
Computing results starting from observation (a-posteriori)
RooArgSet:: = ()
Computing results starting from observation (a-posteriori)
RooArgSet:: = ()
Computing results starting from observation (a-posteriori)

 --- MultiDimFit ---
Parameter impacts: 
  Parameter         :   Best-fit               r            
  Y2017jesTimePtEta :   +0.139  -0.843/+0.906  -0.000/-0.000
Done in 0.03 min (cpu), 0.03 min (real)

 --- MultiDimFit ---
Parameter impacts: 
 <<< Combine >>> 
>>> including systematics
   Options for Robust Minimizer :: 
        Tolerance  0.1
        Strategy   0
        Type,Algo  Minuit2,Migrad
>>> method used is MultiDimFit
>>> random number generator seed is 123456
  Parameter  :   Best-fit               r            
  Signal_FSR :   +0.003  -0.995/+0.994  -0.000/+0.000
Done in 0.04 min (cpu), 0.04 min (real)

 --- MultiDimFit ---
Parameter impacts: 

 --- MultiDimFit ---
Parameter impacts: 
 <<< Combine >>> 
>>> including systematics
   Options for Robust Minimizer :: 
        Tolerance  0.1
        Strategy   0
        Type,Algo  Minuit2,Migrad
>>> method used is MultiDimFit
>>> random number generator seed is 123456

 --- MultiDimFit ---
Parameter impacts: 

 --- MultiDimFit ---
Parameter impacts: 
  Parameter             :   Best-fit               r            
  Y2017jesRelativePtEC1 :   -0.016  -0.948/+0.945  -0.000/-0.000
Done in 0.04 min (cpu), 0.04 min (real)
  Parameter            :   Best-fit               r            
  Y2017jesAbsoluteStat :   +0.033  -0.931/+0.941  -0.000/+0.000
Done in 0.04 min (cpu), 0.04 min (real)
  Parameter :   Best-fit               r            
  eleRecoSf :   +0.052  -0.990/+0.991  -0.000/+0.000
Done in 0.04 min (cpu), 0.04 min (real)

 --- MultiDimFit ---
Parameter impacts: 
  Parameter              :   Best-fit               r            
  Y2017jesRelativeStatEC :   +0.060  -0.978/+0.972  -0.000/-0.000
Done in 0.04 min (cpu), 0.04 min (real)
 <<< Combine >>> 
 <<< Combine >>> 
>>> including systematics
>>> including systematics
   Options for Robust Minimizer :: 
   Options for Robust Minimizer :: 
        Tolerance  0.1
        Strategy   0
        Type,Algo  Minuit2,Migrad
>>> method used is MultiDimFit
        Tolerance  0.1
>>> random number generator seed is 123456
        Strategy   0
        Type,Algo  Minuit2,Migrad
>>> method used is MultiDimFit
>>> random number generator seed is 123456

 --- MultiDimFit ---
Parameter impacts: 
 <<< Combine >>> 
>>> including systematics
   Options for Robust Minimizer :: 
        Tolerance  0.1
        Strategy   0
        Type,Algo  Minuit2,Migrad
>>> method used is MultiDimFit
>>> random number generator seed is 123456
 <<< Combine >>> 
>>> including systematics
   Options for Robust Minimizer :: 
        Tolerance  0.1
        Strategy   0
        Type,Algo  Minuit2,Migrad
>>> method used is MultiDimFit
>>> random number generator seed is 123456
  Parameter  :   Best-fit               r            
  Signal_pdf :   +0.000  -0.994/+0.994  -0.000/+0.000
Done in 0.05 min (cpu), 0.05 min (real)
  Parameter        :   Best-fit               r            
  jesAbsoluteScale :   +0.198  -0.946/+0.970  -0.000/-0.000
Done in 0.05 min (cpu), 0.05 min (real)
 <<< Combine >>> 
 <<< Combine >>> 
>>> including systematics
>>> including systematics
   Options for Robust Minimizer :: 
   Options for Robust Minimizer :: 
        Tolerance  0.1
        Tolerance  0.1
        Strategy   0
        Type,Algo  Minuit2,Migrad
        Strategy   0
        Type,Algo  Minuit2,Migrad
>>> method used is MultiDimFit
>>> random number generator seed is 123456
>>> method used is MultiDimFit
>>> random number generator seed is 123456
RooArgSet:: = ()
RooArgSet:: = ()
Computing results starting from observation (a-posteriori)
Computing results starting from observation (a-posteriori)
RooArgSet:: = ()
Computing results starting from observation (a-posteriori)
RooArgSet:: = ()
Computing results starting from observation (a-posteriori)
RooArgSet:: = ()
Computing results starting from observation (a-posteriori)
RooArgSet:: = ()
Computing results starting from observation (a-posteriori)
RooArgSet:: = ()
Computing results starting from observation (a-posteriori)
RooArgSet:: = ()
Computing results starting from observation (a-posteriori)

 --- MultiDimFit ---
Parameter impacts: 

 --- MultiDimFit ---
Parameter impacts: 
  Parameter      :   Best-fit               r            
  jesPileUpPtEC1 :   -0.231  -0.960/+0.977  -0.000/-0.000
Done in 0.05 min (cpu), 0.05 min (real)

 --- MultiDimFit ---
Parameter impacts: 
  Parameter          :   Best-fit               r            
  jesRelativeStatFSR :   +0.040  -0.943/+0.953  -0.000/-0.000
Done in 0.04 min (cpu), 0.04 min (real)
 <<< Combine >>> 
>>> including systematics
   Options for Robust Minimizer :: 
        Tolerance  0.1
        Strategy   0
        Type,Algo  Minuit2,Migrad
>>> method used is MultiDimFit
>>> random number generator seed is 123456
  Parameter  :   Best-fit               r            
  lumiGhostS :   +0.006  -0.995/+0.994  -0.000/+0.000
Done in 0.04 min (cpu), 0.04 min (real)

 --- MultiDimFit ---
Parameter impacts: 
 <<< Combine >>> 
>>> including systematics
   Options for Robust Minimizer :: 
        Tolerance  0.1
        Strategy   0
        Type,Algo  Minuit2,Migrad
>>> method used is MultiDimFit
>>> random number generator seed is 123456

 --- MultiDimFit ---
Parameter impacts: 

 --- MultiDimFit ---
Parameter impacts: 

 --- MultiDimFit ---
Parameter impacts: 
 <<< Combine >>> 
>>> including systematics
   Options for Robust Minimizer :: 
        Tolerance  0.1
        Strategy   0
        Type,Algo  Minuit2,Migrad
>>> method used is MultiDimFit
>>> random number generator seed is 123456

 --- MultiDimFit ---
Parameter impacts: 
  Parameter    :   Best-fit               r            
  jesFlavorQCD :   +0.163  -0.748/+0.720  +0.000/-0.000
Done in 0.06 min (cpu), 0.06 min (real)
  Parameter      :   Best-fit               r            
  jesPileUpPtRef :   -0.166  -0.899/+0.810  -0.000/-0.000
Done in 0.05 min (cpu), 0.05 min (real)
  Parameter :   Best-fit               r            
  lumiBBDef :   +0.024  -0.992/+0.992  -0.000/+0.000
Done in 0.05 min (cpu), 0.05 min (real)
  Parameter        :   Best-fit               r            
  jesRelativeJERHF :   +0.000  -0.994/+0.994  +0.000/+0.000
Done in 0.05 min (cpu), 0.05 min (real)
  Parameter :   Best-fit               r            
  muIdSf    :   +0.149  -0.980/+0.981  -0.000/+0.000
Done in 0.05 min (cpu), 0.05 min (real)
 <<< Combine >>> 
 <<< Combine >>> 
 <<< Combine >>> 
 <<< Combine >>> 
>>> including systematics
>>> including systematics
>>> including systematics
   Options for Robust Minimizer :: 
   Options for Robust Minimizer :: 
   Options for Robust Minimizer :: 
>>> including systematics
        Tolerance  0.1
        Tolerance  0.1
        Tolerance  0.1
        Strategy   0
        Strategy   0
        Type,Algo  Minuit2,Migrad
        Type,Algo  Minuit2,Migrad
        Strategy   0
        Type,Algo  Minuit2,Migrad
>>> method used is MultiDimFit
>>> method used is MultiDimFit
>>> random number generator seed is 123456
>>> random number generator seed is 123456
>>> method used is MultiDimFit
>>> random number generator seed is 123456
   Options for Robust Minimizer :: 
        Tolerance  0.1
        Strategy   0
        Type,Algo  Minuit2,Migrad
>>> method used is MultiDimFit
>>> random number generator seed is 123456
 <<< Combine >>> 
>>> including systematics
   Options for Robust Minimizer :: 
        Tolerance  0.1
        Strategy   0
        Type,Algo  Minuit2,Migrad
>>> method used is MultiDimFit
>>> random number generator seed is 123456
RooArgSet:: = ()
RooArgSet:: = ()
RooArgSet:: = ()
RooArgSet:: = ()
RooArgSet:: = ()
RooArgSet:: = ()
RooArgSet:: = ()
RooArgSet:: = ()
Computing results starting from observation (a-posteriori)
Computing results starting from observation (a-posteriori)
Computing results starting from observation (a-posteriori)
Computing results starting from observation (a-posteriori)
Computing results starting from observation (a-posteriori)
Computing results starting from observation (a-posteriori)
Computing results starting from observation (a-posteriori)
Computing results starting from observation (a-posteriori)

 --- MultiDimFit ---
Parameter impacts: 

 --- MultiDimFit ---
Parameter impacts: 

 --- MultiDimFit ---
Parameter impacts: 

 --- MultiDimFit ---
Parameter impacts: 

 --- MultiDimFit ---
Parameter impacts: 

 --- MultiDimFit ---
Parameter impacts: 

 --- MultiDimFit ---
Parameter impacts: 
  Parameter  :   Best-fit               r            
  lumiBeamCC :   +0.018  -0.992/+0.993  -0.000/+0.000
Done in 0.04 min (cpu), 0.04 min (real)

 --- MultiDimFit ---
Parameter impacts: 
  Parameter       :   Best-fit               r            
  jesRelativePtBB :   +0.048  -0.860/+0.878  -0.000/-0.000
Done in 0.04 min (cpu), 0.04 min (real)
  Parameter :   Best-fit               r            
  muIsoSf   :   +0.016  -0.995/+0.994  -0.000/+0.000
Done in 0.04 min (cpu), 0.04 min (real)
  Parameter      :   Best-fit               r            
  jesRelativeBal :   -0.094  -0.972/+0.962  -0.000/-0.000
Done in 0.04 min (cpu), 0.04 min (real)
 <<< Combine >>> 
>>> including systematics
   Options for Robust Minimizer :: 
        Tolerance  0.1
        Strategy   0
        Type,Algo  Minuit2,Migrad
>>> method used is MultiDimFit
>>> random number generator seed is 123456
  Parameter      :   Best-fit               r            
  jesPileUpPtEC2 :   +0.000  -0.994/+0.994  +0.000/+0.000
Done in 0.04 min (cpu), 0.04 min (real)
  Parameter         :   Best-fit               r            
  jesRelativeStatHF :   +0.000  -0.994/+0.994  +0.000/+0.000
Done in 0.04 min (cpu), 0.04 min (real)
 <<< Combine >>> 
 <<< Combine >>> 
 <<< Combine >>> 
>>> including systematics
   Options for Robust Minimizer :: 
>>> including systematics
>>> including systematics
   Options for Robust Minimizer :: 
   Options for Robust Minimizer :: 
        Tolerance  0.1
        Tolerance  0.1
        Tolerance  0.1
        Strategy   0
        Type,Algo  Minuit2,Migrad
        Strategy   0
        Strategy   0
        Type,Algo  Minuit2,Migrad
        Type,Algo  Minuit2,Migrad
>>> method used is MultiDimFit
>>> random number generator seed is 123456
>>> method used is MultiDimFit
>>> method used is MultiDimFit
>>> random number generator seed is 123456
>>> random number generator seed is 123456
  Parameter   :   Best-fit               r            
  lumiLengthS :   +0.018  -0.993/+0.993  -0.000/+0.000
Done in 0.05 min (cpu), 0.05 min (real)
  Parameter        :   Best-fit               r            
  jesFragmentation :   +0.055  -0.799/+0.835  +0.000/-0.000
Done in 0.05 min (cpu), 0.05 min (real)
 <<< Combine >>> 
 <<< Combine >>> 
>>> including systematics
>>> including systematics
   Options for Robust Minimizer :: 
   Options for Robust Minimizer :: 
        Tolerance  0.1
        Tolerance  0.1
        Strategy   0
        Type,Algo  Minuit2,Migrad
        Strategy   0
>>> method used is MultiDimFit
        Type,Algo  Minuit2,Migrad
>>> random number generator seed is 123456
>>> method used is MultiDimFit
>>> random number generator seed is 123456
 <<< Combine >>> 
 <<< Combine >>> 
>>> including systematics
>>> including systematics
   Options for Robust Minimizer :: 
   Options for Robust Minimizer :: 
        Tolerance  0.1
        Tolerance  0.1
        Strategy   0
        Strategy   0
        Type,Algo  Minuit2,Migrad
        Type,Algo  Minuit2,Migrad
>>> method used is MultiDimFit
>>> method used is MultiDimFit
>>> random number generator seed is 123456
>>> random number generator seed is 123456
RooArgSet:: = ()
Computing results starting from observation (a-posteriori)
RooArgSet:: = ()
Computing results starting from observation (a-posteriori)
RooArgSet:: = ()
Computing results starting from observation (a-posteriori)
RooArgSet:: = ()
Computing results starting from observation (a-posteriori)
RooArgSet:: = ()
RooArgSet:: = ()
RooArgSet:: = ()
RooArgSet:: = ()
Computing results starting from observation (a-posteriori)
Computing results starting from observation (a-posteriori)
Computing results starting from observation (a-posteriori)
Computing results starting from observation (a-posteriori)

 --- MultiDimFit ---
Parameter impacts: 

 --- MultiDimFit ---
Parameter impacts: 

 --- MultiDimFit ---
Parameter impacts: 

 --- MultiDimFit ---
Parameter impacts: 

 --- MultiDimFit ---
Parameter impacts: 
  Parameter      :   Best-fit               r            
  jesRelativeFSR :   +0.022  -0.833/+0.846  -0.000/-0.000
Done in 0.04 min (cpu), 0.04 min (real)

 --- MultiDimFit ---
Parameter impacts: 
  Parameter :   Best-fit               r            
  muonRes   :   +0.011  -0.997/+0.998  +0.000/-0.000
Done in 0.04 min (cpu), 0.04 min (real)
 <<< Combine >>> 
>>> including systematics
   Options for Robust Minimizer :: 
        Tolerance  0.1
        Strategy   0
        Type,Algo  Minuit2,Migrad
>>> method used is MultiDimFit
>>> random number generator seed is 123456
  Parameter     :   Best-fit               r            
  jesPileUpPtBB :   -0.242  -0.975/+0.981  +0.000/-0.000
Done in 0.04 min (cpu), 0.04 min (real)
  Parameter     :   Best-fit               r            
  jesPileUpPtHF :   +0.000  -0.994/+0.994  +0.000/+0.000
Done in 0.04 min (cpu), 0.04 min (real)
 <<< Combine >>> 
>>> including systematics
   Options for Robust Minimizer :: 
        Tolerance  0.1
        Strategy   0
        Type,Algo  Minuit2,Migrad
>>> method used is MultiDimFit
>>> random number generator seed is 123456
  Parameter    :   Best-fit               r            
  lumiDynamicB :   +0.030  -0.990/+0.991  -0.000/+0.000
Done in 0.04 min (cpu), 0.04 min (real)
  Parameter       :   Best-fit               r            
  jesRelativePtHF :   +0.000  -0.994/+0.994  +0.000/+0.000
Done in 0.04 min (cpu), 0.04 min (real)

 --- MultiDimFit ---
Parameter impacts: 
 <<< Combine >>> 
 <<< Combine >>> 
>>> including systematics
>>> including systematics
   Options for Robust Minimizer :: 
   Options for Robust Minimizer :: 
        Tolerance  0.1
        Tolerance  0.1
        Strategy   0
        Strategy   0
        Type,Algo  Minuit2,Migrad
        Type,Algo  Minuit2,Migrad
>>> method used is MultiDimFit
>>> random number generator seed is 123456
>>> method used is MultiDimFit
>>> random number generator seed is 123456

 --- MultiDimFit ---
Parameter impacts: 
 <<< Combine >>> 
 <<< Combine >>> 
>>> including systematics
>>> including systematics
   Options for Robust Minimizer :: 
   Options for Robust Minimizer :: 
        Tolerance  0.1
        Tolerance  0.1
        Strategy   0
        Strategy   0
        Type,Algo  Minuit2,Migrad
        Type,Algo  Minuit2,Migrad
>>> method used is MultiDimFit
>>> method used is MultiDimFit
>>> random number generator seed is 123456
>>> random number generator seed is 123456
  Parameter :   Best-fit               r            
  lumi2017  :   +0.121  -0.930/+0.931  -0.000/+0.000
Done in 0.05 min (cpu), 0.06 min (real)
  Parameter :   Best-fit               r            
  lumiXY    :   +0.049  -0.984/+0.984  -0.000/+0.000
Done in 0.05 min (cpu), 0.05 min (real)
 <<< Combine >>> 
 <<< Combine >>> 
>>> including systematics
>>> including systematics
   Options for Robust Minimizer :: 
   Options for Robust Minimizer :: 
        Tolerance  0.1
        Tolerance  0.1
        Strategy   0
        Type,Algo  Minuit2,Migrad
        Strategy   0
        Type,Algo  Minuit2,Migrad
>>> method used is MultiDimFit
>>> random number generator seed is 123456
>>> method used is MultiDimFit
>>> random number generator seed is 123456
RooArgSet:: = ()
RooArgSet:: = ()
Computing results starting from observation (a-posteriori)
Computing results starting from observation (a-posteriori)
RooArgSet:: = ()
Computing results starting from observation (a-posteriori)
RooArgSet:: = ()
Computing results starting from observation (a-posteriori)
RooArgSet:: = ()
Computing results starting from observation (a-posteriori)
RooArgSet:: = ()
Computing results starting from observation (a-posteriori)
RooArgSet:: = ()
Computing results starting from observation (a-posteriori)
RooArgSet:: = ()
Computing results starting from observation (a-posteriori)

 --- MultiDimFit ---
Parameter impacts: 
  Parameter         :   Best-fit               r            
  prop_binch1_bin10 :   +0.001  -0.976/+0.976  +0.001/-0.001
Done in 0.04 min (cpu), 0.04 min (real)

 --- MultiDimFit ---
Parameter impacts: 

 --- MultiDimFit ---
Parameter impacts: 

 --- MultiDimFit ---
Parameter impacts: 

 --- MultiDimFit ---
Parameter impacts: 

 --- MultiDimFit ---
Parameter impacts: 
 <<< Combine >>> 
>>> including systematics
   Options for Robust Minimizer :: 
        Tolerance  0.1
        Strategy   0
        Type,Algo  Minuit2,Migrad
>>> method used is MultiDimFit
>>> random number generator seed is 123456

 --- MultiDimFit ---
Parameter impacts: 

 --- MultiDimFit ---
Parameter impacts: 
  Parameter        :   Best-fit               r            
  prop_binch1_bin9 :   +0.182  -0.957/+0.958  +0.000/-0.000
Done in 0.05 min (cpu), 0.05 min (real)
  Parameter :   Best-fit               r            
  muonScale :   -0.027  -0.997/+0.998  -0.000/+0.000
Done in 0.05 min (cpu), 0.05 min (real)
  Parameter        :   Best-fit               r            
  prop_binch1_bin6 :   +0.046  -0.974/+0.974  -0.000/+0.000
Done in 0.04 min (cpu), 0.04 min (real)
  Parameter        :   Best-fit               r            
  prop_binch1_bin3 :   +0.080  -0.963/+0.963  +0.000/-0.000
Done in 0.04 min (cpu), 0.04 min (real)
  Parameter        :   Best-fit               r            
  prop_binch2_bin4 :   +0.018  -0.979/+0.979  +0.000/-0.000
Done in 0.04 min (cpu), 0.04 min (real)
 <<< Combine >>> 
 <<< Combine >>> 
 <<< Combine >>> 
 <<< Combine >>> 
 <<< Combine >>> 
>>> including systematics
>>> including systematics
>>> including systematics
>>> including systematics
   Options for Robust Minimizer :: 
        Tolerance  0.1
        Strategy   0
        Type,Algo  Minuit2,Migrad
   Options for Robust Minimizer :: 
   Options for Robust Minimizer :: 
>>> method used is MultiDimFit
>>> random number generator seed is 123456
   Options for Robust Minimizer :: 
        Tolerance  0.1
        Tolerance  0.1
        Strategy   0
        Strategy   0
        Type,Algo  Minuit2,Migrad
        Tolerance  0.1
        Type,Algo  Minuit2,Migrad
        Strategy   0
        Type,Algo  Minuit2,Migrad
>>> method used is MultiDimFit
>>> method used is MultiDimFit
>>> random number generator seed is 123456
>>> random number generator seed is 123456
>>> method used is MultiDimFit
>>> random number generator seed is 123456
>>> including systematics
   Options for Robust Minimizer :: 
        Tolerance  0.1
        Strategy   0
        Type,Algo  Minuit2,Migrad
>>> method used is MultiDimFit
>>> random number generator seed is 123456
  Parameter        :   Best-fit               r            
  prop_binch2_bin7 :   +0.312  -0.977/+0.977  -0.000/+0.000
Done in 0.04 min (cpu), 0.05 min (real)
  Parameter         :   Best-fit               r            
  prop_binch2_bin11 :   -0.317  -0.978/+0.978  -0.000/+0.000
Done in 0.05 min (cpu), 0.05 min (real)
 <<< Combine >>> 
 <<< Combine >>> 
>>> including systematics
>>> including systematics
   Options for Robust Minimizer :: 
   Options for Robust Minimizer :: 
        Tolerance  0.1
        Tolerance  0.1
        Strategy   0
        Type,Algo  Minuit2,Migrad
        Strategy   0
        Type,Algo  Minuit2,Migrad
>>> method used is MultiDimFit
>>> random number generator seed is 123456
>>> method used is MultiDimFit
>>> random number generator seed is 123456
RooArgSet:: = ()
Computing results starting from observation (a-posteriori)
RooArgSet:: = ()
Computing results starting from observation (a-posteriori)
RooArgSet:: = ()
Computing results starting from observation (a-posteriori)
RooArgSet:: = ()
Computing results starting from observation (a-posteriori)
RooArgSet:: = ()
Computing results starting from observation (a-posteriori)
RooArgSet:: = ()
Computing results starting from observation (a-posteriori)
RooArgSet:: = ()
RooArgSet:: = ()
Computing results starting from observation (a-posteriori)
Computing results starting from observation (a-posteriori)

 --- MultiDimFit ---
Parameter impacts: 

 --- MultiDimFit ---
Parameter impacts: 

 --- MultiDimFit ---
Parameter impacts: 

 --- MultiDimFit ---
Parameter impacts: 
  Parameter         :   Best-fit               r            
  prop_binch1_bin11 :   +0.001  -0.977/+0.978  +0.001/-0.001
Done in 0.04 min (cpu), 0.04 min (real)

 --- MultiDimFit ---
Parameter impacts: 
  Parameter        :   Best-fit               r            
  prop_binch2_bin8 :   -0.023  -0.977/+0.978  +0.000/-0.000
Done in 0.04 min (cpu), 0.04 min (real)
  Parameter        :   Best-fit               r            
  prop_binch2_bin2 :   +0.250  -0.981/+0.982  -0.000/+0.000
Done in 0.04 min (cpu), 0.04 min (real)
 <<< Combine >>> 
>>> including systematics
   Options for Robust Minimizer :: 
        Tolerance  0.1
        Strategy   0
        Type,Algo  Minuit2,Migrad
>>> method used is MultiDimFit
>>> random number generator seed is 123456
  Parameter        :   Best-fit               r            
  prop_binch1_bin4 :   -0.007  -0.968/+0.968  +0.000/-0.000
Done in 0.04 min (cpu), 0.04 min (real)
 <<< Combine >>> 
 <<< Combine >>> 

 --- MultiDimFit ---

 --- MultiDimFit ---
Parameter impacts: 
Parameter impacts: 
>>> including systematics
>>> including systematics
   Options for Robust Minimizer :: 
   Options for Robust Minimizer :: 
        Tolerance  0.1
        Tolerance  0.1
        Strategy   0
        Type,Algo  Minuit2,Migrad
        Strategy   0
>>> method used is MultiDimFit
        Type,Algo  Minuit2,Migrad
>>> random number generator seed is 123456
>>> method used is MultiDimFit
>>> random number generator seed is 123456
 <<< Combine >>> 
>>> including systematics
   Options for Robust Minimizer :: 
        Tolerance  0.1
        Strategy   0
        Type,Algo  Minuit2,Migrad
>>> method used is MultiDimFit
>>> random number generator seed is 123456
  Parameter        :   Best-fit               r            
  prop_binch1_bin7 :   -0.058  -0.962/+0.962  -0.000/+0.000
Done in 0.04 min (cpu), 0.04 min (real)
  Parameter        :   Best-fit               r            
  prop_binch2_bin1 :   +0.165  -0.972/+0.972  -0.000/+0.000
Done in 0.04 min (cpu), 0.04 min (real)
  Parameter        :   Best-fit               r            
  prop_binch2_bin5 :   -0.118  -0.979/+0.979  +0.000/-0.000
Done in 0.05 min (cpu), 0.05 min (real)

 --- MultiDimFit ---
Parameter impacts: 
 <<< Combine >>> 
>>> including systematics
   Options for Robust Minimizer :: 
        Tolerance  0.1
        Strategy   0
        Type,Algo  Minuit2,Migrad
>>> method used is MultiDimFit
>>> random number generator seed is 123456
 <<< Combine >>> 
 <<< Combine >>> 
>>> including systematics
>>> including systematics
   Options for Robust Minimizer :: 
   Options for Robust Minimizer :: 
        Tolerance  0.1
        Tolerance  0.1
        Strategy   0
        Strategy   0
        Type,Algo  Minuit2,Migrad
        Type,Algo  Minuit2,Migrad
>>> method used is MultiDimFit
>>> method used is MultiDimFit
>>> random number generator seed is 123456
>>> random number generator seed is 123456
  Parameter :   Best-fit               r            
  prefiring :   +0.034  -0.983/+0.983  -0.000/+0.000
Done in 0.05 min (cpu), 0.06 min (real)
 <<< Combine >>> 
>>> including systematics
   Options for Robust Minimizer :: 
        Tolerance  0.1
        Strategy   0
        Type,Algo  Minuit2,Migrad
>>> method used is MultiDimFit
>>> random number generator seed is 123456
RooArgSet:: = ()
Computing results starting from observation (a-posteriori)
RooArgSet:: = ()
Computing results starting from observation (a-posteriori)
RooArgSet:: = ()
RooArgSet:: = ()
Computing results starting from observation (a-posteriori)
Computing results starting from observation (a-posteriori)
RooArgSet:: = ()
RooArgSet:: = ()
Computing results starting from observation (a-posteriori)
RooArgSet:: = ()
Computing results starting from observation (a-posteriori)
Computing results starting from observation (a-posteriori)
RooArgSet:: = ()
Computing results starting from observation (a-posteriori)

 --- MultiDimFit ---
Parameter impacts: 

 --- MultiDimFit ---
Parameter impacts: 

 --- MultiDimFit ---
Parameter impacts: 

 --- MultiDimFit ---
Parameter impacts: 
  Parameter        :   Best-fit               r            
  prop_binch1_bin5 :   +0.035  -0.970/+0.970  -0.000/+0.000
Done in 0.04 min (cpu), 0.04 min (real)
  Parameter        :   Best-fit               r            
  prop_binch1_bin2 :   -0.033  -0.964/+0.964  +0.000/-0.000
Done in 0.04 min (cpu), 0.04 min (real)

 --- MultiDimFit ---
Parameter impacts: 
 <<< Combine >>> 
>>> including systematics
   Options for Robust Minimizer :: 
        Tolerance  0.1
        Strategy   0
        Type,Algo  Minuit2,Migrad
>>> method used is MultiDimFit
>>> random number generator seed is 123456
 <<< Combine >>> 
>>> including systematics
   Options for Robust Minimizer :: 
        Tolerance  0.1
        Strategy   0
        Type,Algo  Minuit2,Migrad
>>> method used is MultiDimFit
>>> random number generator seed is 123456
  Parameter        :   Best-fit               r            
  prop_binch1_bin1 :   -0.114  -0.974/+0.975  -0.000/+0.000
Done in 0.04 min (cpu), 0.04 min (real)

 --- MultiDimFit ---
Parameter impacts: 

 --- MultiDimFit ---
Parameter impacts: 
  Parameter        :   Best-fit               r            
  prop_binch1_bin8 :   -0.151  -0.972/+0.972  +0.000/-0.000
Done in 0.04 min (cpu), 0.04 min (real)
  Parameter         :   Best-fit               r            
  prop_binch2_bin10 :   +0.119  -0.973/+0.973  -0.000/+0.000
Done in 0.04 min (cpu), 0.04 min (real)
 <<< Combine >>> 
>>> including systematics
   Options for Robust Minimizer :: 
        Tolerance  0.1
        Strategy   0
        Type,Algo  Minuit2,Migrad
>>> method used is MultiDimFit
>>> random number generator seed is 123456
 <<< Combine >>> 
>>> including systematics
   Options for Robust Minimizer :: 
        Tolerance  0.1
        Strategy   0
        Type,Algo  Minuit2,Migrad
>>> method used is MultiDimFit
>>> random number generator seed is 123456

 --- MultiDimFit ---
Parameter impacts: 
  Parameter        :   Best-fit               r            
  prop_binch2_bin9 :   -0.099  -0.979/+0.979  -0.000/+0.000
Done in 0.05 min (cpu), 0.05 min (real)
  Parameter        :   Best-fit               r            
  prop_binch2_bin3 :   -0.257  -0.977/+0.978  +0.000/-0.000
Done in 0.05 min (cpu), 0.05 min (real)
  Parameter        :   Best-fit               r            
  prop_binch2_bin6 :   -0.083  -0.977/+0.977  +0.000/-0.000
Done in 0.05 min (cpu), 0.05 min (real)
RooArgSet:: = ()
RooArgSet:: = ()
Computing results starting from observation (a-posteriori)
Computing results starting from observation (a-posteriori)
RooArgSet:: = ()
RooArgSet:: = ()
Computing results starting from observation (a-posteriori)
Computing results starting from observation (a-posteriori)

 --- MultiDimFit ---
Parameter impacts: 
  Parameter :   Best-fit               r            
  pu        :   +0.015  -0.922/+0.918  +0.000/-0.000
Done in 0.04 min (cpu), 0.04 min (real)
 <<< Combine >>> 
>>> including systematics
   Options for Robust Minimizer :: 
        Tolerance  0.1
        Strategy   0
        Type,Algo  Minuit2,Migrad
>>> method used is MultiDimFit
>>> random number generator seed is 123456

 --- MultiDimFit ---
Parameter impacts: 

 --- MultiDimFit ---
Parameter impacts: 

 --- MultiDimFit ---
Parameter impacts: 
  Parameter :   Best-fit               r            
  tt_CR     :   -0.209  -0.400/+0.512  +0.002/-0.003
Done in 0.04 min (cpu), 0.04 min (real)
  Parameter :   Best-fit               r            
  tt_QS     :   +0.431  -0.580/+0.523  +0.001/-0.001
Done in 0.04 min (cpu), 0.04 min (real)
 <<< Combine >>> 
>>> including systematics
   Options for Robust Minimizer :: 
        Tolerance  0.1
        Strategy   0
        Type,Algo  Minuit2,Migrad
>>> method used is MultiDimFit
>>> random number generator seed is 123456
 <<< Combine >>> 
>>> including systematics
   Options for Robust Minimizer :: 
        Tolerance  0.1
        Strategy   0
        Type,Algo  Minuit2,Migrad
>>> method used is MultiDimFit
>>> random number generator seed is 123456
  Parameter :   Best-fit               r            
  tt_norm   :   +0.488  -0.605/+0.605  -0.001/+0.001
Done in 0.05 min (cpu), 0.05 min (real)
 <<< Combine >>> 
>>> including systematics
   Options for Robust Minimizer :: 
        Tolerance  0.1
        Strategy   0
        Type,Algo  Minuit2,Migrad
>>> method used is MultiDimFit
>>> random number generator seed is 123456
RooArgSet:: = ()
Computing results starting from observation (a-posteriori)
RooArgSet:: = ()
RooArgSet:: = ()
Computing results starting from observation (a-posteriori)
Computing results starting from observation (a-posteriori)
RooArgSet:: = ()
Computing results starting from observation (a-posteriori)

 --- MultiDimFit ---
Parameter impacts: 
  Parameter :   Best-fit               r            
  tt_Tune   :   -0.099  -0.405/+0.470  -0.000/+0.000
Done in 0.03 min (cpu), 0.03 min (real)
 <<< Combine >>> 
>>> including systematics
   Options for Robust Minimizer :: 
        Tolerance  0.1
        Strategy   0
        Type,Algo  Minuit2,Migrad
>>> method used is MultiDimFit
>>> random number generator seed is 123456

 --- MultiDimFit ---
Parameter impacts: 
  Parameter :   Best-fit               r            
  tt_pdf    :   +0.056  -0.991/+0.990  +0.000/-0.000
Done in 0.04 min (cpu), 0.04 min (real)

 --- MultiDimFit ---
Parameter impacts: 
 <<< Combine >>> 
>>> including systematics
   Options for Robust Minimizer :: 
        Tolerance  0.1
        Strategy   0
        Type,Algo  Minuit2,Migrad
>>> method used is MultiDimFit
>>> random number generator seed is 123456
  Parameter :   Best-fit               r            
  tW_norm   :   -0.320  -0.914/+0.902  +0.000/-0.000
Done in 0.06 min (cpu), 0.06 min (real)
 <<< Combine >>> 
>>> including systematics
   Options for Robust Minimizer :: 
        Tolerance  0.1
        Strategy   0
        Type,Algo  Minuit2,Migrad
>>> method used is MultiDimFit
>>> random number generator seed is 123456

 --- MultiDimFit ---
Parameter impacts: 
RooArgSet:: = ()
Computing results starting from observation (a-posteriori)
  Parameter :   Best-fit               r            
  tt_FSR    :   -0.635  -0.561/+0.599  +0.002/-0.002
Done in 0.06 min (cpu), 0.06 min (real)
 <<< Combine >>> 
>>> including systematics
   Options for Robust Minimizer :: 
        Tolerance  0.1
        Strategy   0
        Type,Algo  Minuit2,Migrad
>>> method used is MultiDimFit
>>> random number generator seed is 123456
RooArgSet:: = ()
Computing results starting from observation (a-posteriori)
RooArgSet:: = ()
Computing results starting from observation (a-posteriori)
RooArgSet:: = ()
Computing results starting from observation (a-posteriori)

 --- MultiDimFit ---
Parameter impacts: 

 --- MultiDimFit ---
Parameter impacts: 
  Parameter :   Best-fit               r            
  tt_hdamp  :   -0.480  -0.409/+0.430  -0.001/+0.001
Done in 0.06 min (cpu), 0.06 min (real)

 --- MultiDimFit ---
Parameter impacts: 
  Parameter :   Best-fit               r            
  udsgTagSF :   -0.056  -0.988/+0.988  -0.000/+0.000
Done in 0.05 min (cpu), 0.05 min (real)
  Parameter :   Best-fit               r            
  trigSF    :   +0.093  -0.974/+0.975  +0.000/-0.000
Done in 0.05 min (cpu), 0.05 min (real)

 --- MultiDimFit ---
Parameter impacts: 
  Parameter :   Best-fit               r            
  tt_ISR    :   +0.567  -0.891/+0.897  -0.000/+0.000
Done in 0.05 min (cpu), 0.05 min (real)
>> combine -M MultiDimFit -n _paramFit_Test_Y2017jesRelativePtEC2 --algo impact --redefineSignalPOIs r -P Y2017jesRelativePtEC2 --floatOtherPOIs 1 --saveInactivePOI 1 --robustFit 1 --rMin -1 --rMax 1 -m 125 -d LFVTensorU_2017_com.root
>> combine -M MultiDimFit -n _paramFit_Test_Y2017jesRelativeSample --algo impact --redefineSignalPOIs r -P Y2017jesRelativeSample --floatOtherPOIs 1 --saveInactivePOI 1 --robustFit 1 --rMin -1 --rMax 1 -m 125 -d LFVTensorU_2017_com.root
>> combine -M MultiDimFit -n _paramFit_Test_Y2017jesRelativeStatEC --algo impact --redefineSignalPOIs r -P Y2017jesRelativeStatEC --floatOtherPOIs 1 --saveInactivePOI 1 --robustFit 1 --rMin -1 --rMax 1 -m 125 -d LFVTensorU_2017_com.root
>> combine -M MultiDimFit -n _paramFit_Test_lumiBBDef --algo impact --redefineSignalPOIs r -P lumiBBDef --floatOtherPOIs 1 --saveInactivePOI 1 --robustFit 1 --rMin -1 --rMax 1 -m 125 -d LFVTensorU_2017_com.root
>> combine -M MultiDimFit -n _paramFit_Test_lumiBeamCC --algo impact --redefineSignalPOIs r -P lumiBeamCC --floatOtherPOIs 1 --saveInactivePOI 1 --robustFit 1 --rMin -1 --rMax 1 -m 125 -d LFVTensorU_2017_com.root
>> combine -M MultiDimFit -n _paramFit_Test_lumiDynamicB --algo impact --redefineSignalPOIs r -P lumiDynamicB --floatOtherPOIs 1 --saveInactivePOI 1 --robustFit 1 --rMin -1 --rMax 1 -m 125 -d LFVTensorU_2017_com.root
>> combine -M MultiDimFit -n _paramFit_Test_prop_binch1_bin9 --algo impact --redefineSignalPOIs r -P prop_binch1_bin9 --floatOtherPOIs 1 --saveInactivePOI 1 --robustFit 1 --rMin -1 --rMax 1 -m 125 -d LFVTensorU_2017_com.root
>> combine -M MultiDimFit -n _paramFit_Test_prop_binch2_bin1 --algo impact --redefineSignalPOIs r -P prop_binch2_bin1 --floatOtherPOIs 1 --saveInactivePOI 1 --robustFit 1 --rMin -1 --rMax 1 -m 125 -d LFVTensorU_2017_com.root
>> combine -M MultiDimFit -n _paramFit_Test_prop_binch2_bin10 --algo impact --redefineSignalPOIs r -P prop_binch2_bin10 --floatOtherPOIs 1 --saveInactivePOI 1 --robustFit 1 --rMin -1 --rMax 1 -m 125 -d LFVTensorU_2017_com.root
>> combine -M MultiDimFit -n _paramFit_Test_electronScale --algo impact --redefineSignalPOIs r -P electronScale --floatOtherPOIs 1 --saveInactivePOI 1 --robustFit 1 --rMin -1 --rMax 1 -m 125 -d LFVTensorU_2017_com.root
>> combine -M MultiDimFit -n _paramFit_Test_jesAbsoluteMPFBias --algo impact --redefineSignalPOIs r -P jesAbsoluteMPFBias --floatOtherPOIs 1 --saveInactivePOI 1 --robustFit 1 --rMin -1 --rMax 1 -m 125 -d LFVTensorU_2017_com.root
>> combine -M MultiDimFit -n _paramFit_Test_jesAbsoluteScale --algo impact --redefineSignalPOIs r -P jesAbsoluteScale --floatOtherPOIs 1 --saveInactivePOI 1 --robustFit 1 --rMin -1 --rMax 1 -m 125 -d LFVTensorU_2017_com.root
>> combine -M MultiDimFit -n _paramFit_Test_lumiGhostS --algo impact --redefineSignalPOIs r -P lumiGhostS --floatOtherPOIs 1 --saveInactivePOI 1 --robustFit 1 --rMin -1 --rMax 1 -m 125 -d LFVTensorU_2017_com.root
>> combine -M MultiDimFit -n _paramFit_Test_lumiLengthS --algo impact --redefineSignalPOIs r -P lumiLengthS --floatOtherPOIs 1 --saveInactivePOI 1 --robustFit 1 --rMin -1 --rMax 1 -m 125 -d LFVTensorU_2017_com.root
>> combine -M MultiDimFit -n _paramFit_Test_lumiXY --algo impact --redefineSignalPOIs r -P lumiXY --floatOtherPOIs 1 --saveInactivePOI 1 --robustFit 1 --rMin -1 --rMax 1 -m 125 -d LFVTensorU_2017_com.root
>> combine -M MultiDimFit -n _paramFit_Test_prop_binch2_bin7 --algo impact --redefineSignalPOIs r -P prop_binch2_bin7 --floatOtherPOIs 1 --saveInactivePOI 1 --robustFit 1 --rMin -1 --rMax 1 -m 125 -d LFVTensorU_2017_com.root
>> combine -M MultiDimFit -n _paramFit_Test_prop_binch2_bin8 --algo impact --redefineSignalPOIs r -P prop_binch2_bin8 --floatOtherPOIs 1 --saveInactivePOI 1 --robustFit 1 --rMin -1 --rMax 1 -m 125 -d LFVTensorU_2017_com.root
>> combine -M MultiDimFit -n _paramFit_Test_prop_binch2_bin9 --algo impact --redefineSignalPOIs r -P prop_binch2_bin9 --floatOtherPOIs 1 --saveInactivePOI 1 --robustFit 1 --rMin -1 --rMax 1 -m 125 -d LFVTensorU_2017_com.root
>> combine -M MultiDimFit -n _paramFit_Test_Y2017bcTagSF --algo impact --redefineSignalPOIs r -P Y2017bcTagSF --floatOtherPOIs 1 --saveInactivePOI 1 --robustFit 1 --rMin -1 --rMax 1 -m 125 -d LFVTensorU_2017_com.root
>> combine -M MultiDimFit -n _paramFit_Test_Y2017jer --algo impact --redefineSignalPOIs r -P Y2017jer --floatOtherPOIs 1 --saveInactivePOI 1 --robustFit 1 --rMin -1 --rMax 1 -m 125 -d LFVTensorU_2017_com.root
>> combine -M MultiDimFit -n _paramFit_Test_Y2017jesAbsoluteStat --algo impact --redefineSignalPOIs r -P Y2017jesAbsoluteStat --floatOtherPOIs 1 --saveInactivePOI 1 --robustFit 1 --rMin -1 --rMax 1 -m 125 -d LFVTensorU_2017_com.root
>> combine -M MultiDimFit -n _paramFit_Test_jesRelativeJERHF --algo impact --redefineSignalPOIs r -P jesRelativeJERHF --floatOtherPOIs 1 --saveInactivePOI 1 --robustFit 1 --rMin -1 --rMax 1 -m 125 -d LFVTensorU_2017_com.root
>> combine -M MultiDimFit -n _paramFit_Test_jesRelativePtBB --algo impact --redefineSignalPOIs r -P jesRelativePtBB --floatOtherPOIs 1 --saveInactivePOI 1 --robustFit 1 --rMin -1 --rMax 1 -m 125 -d LFVTensorU_2017_com.root
>> combine -M MultiDimFit -n _paramFit_Test_jesRelativePtHF --algo impact --redefineSignalPOIs r -P jesRelativePtHF --floatOtherPOIs 1 --saveInactivePOI 1 --robustFit 1 --rMin -1 --rMax 1 -m 125 -d LFVTensorU_2017_com.root
>> combine -M MultiDimFit -n _paramFit_Test_prop_binch2_bin11 --algo impact --redefineSignalPOIs r -P prop_binch2_bin11 --floatOtherPOIs 1 --saveInactivePOI 1 --robustFit 1 --rMin -1 --rMax 1 -m 125 -d LFVTensorU_2017_com.root
>> combine -M MultiDimFit -n _paramFit_Test_prop_binch2_bin2 --algo impact --redefineSignalPOIs r -P prop_binch2_bin2 --floatOtherPOIs 1 --saveInactivePOI 1 --robustFit 1 --rMin -1 --rMax 1 -m 125 -d LFVTensorU_2017_com.root
>> combine -M MultiDimFit -n _paramFit_Test_prop_binch2_bin3 --algo impact --redefineSignalPOIs r -P prop_binch2_bin3 --floatOtherPOIs 1 --saveInactivePOI 1 --robustFit 1 --rMin -1 --rMax 1 -m 125 -d LFVTensorU_2017_com.root
>> combine -M MultiDimFit -n _paramFit_Test_Y2017unclusMET --algo impact --redefineSignalPOIs r -P Y2017unclusMET --floatOtherPOIs 1 --saveInactivePOI 1 --robustFit 1 --rMin -1 --rMax 1 -m 125 -d LFVTensorU_2017_com.root
>> combine -M MultiDimFit -n _paramFit_Test_eleIDSf --algo impact --redefineSignalPOIs r -P eleIDSf --floatOtherPOIs 1 --saveInactivePOI 1 --robustFit 1 --rMin -1 --rMax 1 -m 125 -d LFVTensorU_2017_com.root
>> combine -M MultiDimFit -n _paramFit_Test_eleRecoSf --algo impact --redefineSignalPOIs r -P eleRecoSf --floatOtherPOIs 1 --saveInactivePOI 1 --robustFit 1 --rMin -1 --rMax 1 -m 125 -d LFVTensorU_2017_com.root
>> combine -M MultiDimFit -n _paramFit_Test_jesRelativeStatFSR --algo impact --redefineSignalPOIs r -P jesRelativeStatFSR --floatOtherPOIs 1 --saveInactivePOI 1 --robustFit 1 --rMin -1 --rMax 1 -m 125 -d LFVTensorU_2017_com.root
>> combine -M MultiDimFit -n _paramFit_Test_jesRelativeStatHF --algo impact --redefineSignalPOIs r -P jesRelativeStatHF --floatOtherPOIs 1 --saveInactivePOI 1 --robustFit 1 --rMin -1 --rMax 1 -m 125 -d LFVTensorU_2017_com.root
>> combine -M MultiDimFit -n _paramFit_Test_lumi2017 --algo impact --redefineSignalPOIs r -P lumi2017 --floatOtherPOIs 1 --saveInactivePOI 1 --robustFit 1 --rMin -1 --rMax 1 -m 125 -d LFVTensorU_2017_com.root
>> combine -M MultiDimFit -n _paramFit_Test_prop_binch2_bin4 --algo impact --redefineSignalPOIs r -P prop_binch2_bin4 --floatOtherPOIs 1 --saveInactivePOI 1 --robustFit 1 --rMin -1 --rMax 1 -m 125 -d LFVTensorU_2017_com.root
>> combine -M MultiDimFit -n _paramFit_Test_prop_binch2_bin5 --algo impact --redefineSignalPOIs r -P prop_binch2_bin5 --floatOtherPOIs 1 --saveInactivePOI 1 --robustFit 1 --rMin -1 --rMax 1 -m 125 -d LFVTensorU_2017_com.root
>> combine -M MultiDimFit -n _paramFit_Test_prop_binch2_bin6 --algo impact --redefineSignalPOIs r -P prop_binch2_bin6 --floatOtherPOIs 1 --saveInactivePOI 1 --robustFit 1 --rMin -1 --rMax 1 -m 125 -d LFVTensorU_2017_com.root
>> combine -M MultiDimFit -n _paramFit_Test_Y2017jesRelativeJEREC1 --algo impact --redefineSignalPOIs r -P Y2017jesRelativeJEREC1 --floatOtherPOIs 1 --saveInactivePOI 1 --robustFit 1 --rMin -1 --rMax 1 -m 125 -d LFVTensorU_2017_com.root
>> combine -M MultiDimFit -n _paramFit_Test_Y2017jesRelativeJEREC2 --algo impact --redefineSignalPOIs r -P Y2017jesRelativeJEREC2 --floatOtherPOIs 1 --saveInactivePOI 1 --robustFit 1 --rMin -1 --rMax 1 -m 125 -d LFVTensorU_2017_com.root
>> combine -M MultiDimFit -n _paramFit_Test_Y2017jesRelativePtEC1 --algo impact --redefineSignalPOIs r -P Y2017jesRelativePtEC1 --floatOtherPOIs 1 --saveInactivePOI 1 --robustFit 1 --rMin -1 --rMax 1 -m 125 -d LFVTensorU_2017_com.root
>> combine -M MultiDimFit -n _paramFit_Test_jesPileUpPtRef --algo impact --redefineSignalPOIs r -P jesPileUpPtRef --floatOtherPOIs 1 --saveInactivePOI 1 --robustFit 1 --rMin -1 --rMax 1 -m 125 -d LFVTensorU_2017_com.root
>> combine -M MultiDimFit -n _paramFit_Test_jesRelativeBal --algo impact --redefineSignalPOIs r -P jesRelativeBal --floatOtherPOIs 1 --saveInactivePOI 1 --robustFit 1 --rMin -1 --rMax 1 -m 125 -d LFVTensorU_2017_com.root
>> combine -M MultiDimFit -n _paramFit_Test_jesRelativeFSR --algo impact --redefineSignalPOIs r -P jesRelativeFSR --floatOtherPOIs 1 --saveInactivePOI 1 --robustFit 1 --rMin -1 --rMax 1 -m 125 -d LFVTensorU_2017_com.root
>> combine -M MultiDimFit -n _paramFit_Test_muonScale --algo impact --redefineSignalPOIs r -P muonScale --floatOtherPOIs 1 --saveInactivePOI 1 --robustFit 1 --rMin -1 --rMax 1 -m 125 -d LFVTensorU_2017_com.root
>> combine -M MultiDimFit -n _paramFit_Test_prefiring --algo impact --redefineSignalPOIs r -P prefiring --floatOtherPOIs 1 --saveInactivePOI 1 --robustFit 1 --rMin -1 --rMax 1 -m 125 -d LFVTensorU_2017_com.root
>> combine -M MultiDimFit -n _paramFit_Test_prop_binch1_bin1 --algo impact --redefineSignalPOIs r -P prop_binch1_bin1 --floatOtherPOIs 1 --saveInactivePOI 1 --robustFit 1 --rMin -1 --rMax 1 -m 125 -d LFVTensorU_2017_com.root
>> combine -M MultiDimFit -n _paramFit_Test_tt_QS --algo impact --redefineSignalPOIs r -P tt_QS --floatOtherPOIs 1 --saveInactivePOI 1 --robustFit 1 --rMin -1 --rMax 1 -m 125 -d LFVTensorU_2017_com.root
>> combine -M MultiDimFit -n _paramFit_Test_tt_Tune --algo impact --redefineSignalPOIs r -P tt_Tune --floatOtherPOIs 1 --saveInactivePOI 1 --robustFit 1 --rMin -1 --rMax 1 -m 125 -d LFVTensorU_2017_com.root
>> combine -M MultiDimFit -n _paramFit_Test_tt_hdamp --algo impact --redefineSignalPOIs r -P tt_hdamp --floatOtherPOIs 1 --saveInactivePOI 1 --robustFit 1 --rMin -1 --rMax 1 -m 125 -d LFVTensorU_2017_com.root
>> combine -M MultiDimFit -n _paramFit_Test_DY_norm --algo impact --redefineSignalPOIs r -P DY_norm --floatOtherPOIs 1 --saveInactivePOI 1 --robustFit 1 --rMin -1 --rMax 1 -m 125 -d LFVTensorU_2017_com.root
>> combine -M MultiDimFit -n _paramFit_Test_Other_norm --algo impact --redefineSignalPOIs r -P Other_norm --floatOtherPOIs 1 --saveInactivePOI 1 --robustFit 1 --rMin -1 --rMax 1 -m 125 -d LFVTensorU_2017_com.root
>> combine -M MultiDimFit -n _paramFit_Test_Signal_FSR --algo impact --redefineSignalPOIs r -P Signal_FSR --floatOtherPOIs 1 --saveInactivePOI 1 --robustFit 1 --rMin -1 --rMax 1 -m 125 -d LFVTensorU_2017_com.root
>> combine -M MultiDimFit -n _paramFit_Test_jesPileUpPtEC1 --algo impact --redefineSignalPOIs r -P jesPileUpPtEC1 --floatOtherPOIs 1 --saveInactivePOI 1 --robustFit 1 --rMin -1 --rMax 1 -m 125 -d LFVTensorU_2017_com.root
>> combine -M MultiDimFit -n _paramFit_Test_jesPileUpPtEC2 --algo impact --redefineSignalPOIs r -P jesPileUpPtEC2 --floatOtherPOIs 1 --saveInactivePOI 1 --robustFit 1 --rMin -1 --rMax 1 -m 125 -d LFVTensorU_2017_com.root
>> combine -M MultiDimFit -n _paramFit_Test_jesPileUpPtHF --algo impact --redefineSignalPOIs r -P jesPileUpPtHF --floatOtherPOIs 1 --saveInactivePOI 1 --robustFit 1 --rMin -1 --rMax 1 -m 125 -d LFVTensorU_2017_com.root
>> combine -M MultiDimFit -n _paramFit_Test_prop_binch1_bin6 --algo impact --redefineSignalPOIs r -P prop_binch1_bin6 --floatOtherPOIs 1 --saveInactivePOI 1 --robustFit 1 --rMin -1 --rMax 1 -m 125 -d LFVTensorU_2017_com.root
>> combine -M MultiDimFit -n _paramFit_Test_prop_binch1_bin7 --algo impact --redefineSignalPOIs r -P prop_binch1_bin7 --floatOtherPOIs 1 --saveInactivePOI 1 --robustFit 1 --rMin -1 --rMax 1 -m 125 -d LFVTensorU_2017_com.root
>> combine -M MultiDimFit -n _paramFit_Test_prop_binch1_bin8 --algo impact --redefineSignalPOIs r -P prop_binch1_bin8 --floatOtherPOIs 1 --saveInactivePOI 1 --robustFit 1 --rMin -1 --rMax 1 -m 125 -d LFVTensorU_2017_com.root
>> combine -M MultiDimFit -n _paramFit_Test_tt_norm --algo impact --redefineSignalPOIs r -P tt_norm --floatOtherPOIs 1 --saveInactivePOI 1 --robustFit 1 --rMin -1 --rMax 1 -m 125 -d LFVTensorU_2017_com.root
>> combine -M MultiDimFit -n _paramFit_Test_tt_pdf --algo impact --redefineSignalPOIs r -P tt_pdf --floatOtherPOIs 1 --saveInactivePOI 1 --robustFit 1 --rMin -1 --rMax 1 -m 125 -d LFVTensorU_2017_com.root
>> combine -M MultiDimFit -n _paramFit_Test_udsgTagSF --algo impact --redefineSignalPOIs r -P udsgTagSF --floatOtherPOIs 1 --saveInactivePOI 1 --robustFit 1 --rMin -1 --rMax 1 -m 125 -d LFVTensorU_2017_com.root
>> combine -M MultiDimFit -n _paramFit_Test_Y2017jesRelativeStatFSR --algo impact --redefineSignalPOIs r -P Y2017jesRelativeStatFSR --floatOtherPOIs 1 --saveInactivePOI 1 --robustFit 1 --rMin -1 --rMax 1 -m 125 -d LFVTensorU_2017_com.root
>> combine -M MultiDimFit -n _paramFit_Test_Y2017jesRelativeStatHF --algo impact --redefineSignalPOIs r -P Y2017jesRelativeStatHF --floatOtherPOIs 1 --saveInactivePOI 1 --robustFit 1 --rMin -1 --rMax 1 -m 125 -d LFVTensorU_2017_com.root
>> combine -M MultiDimFit -n _paramFit_Test_Y2017jesTimePtEta --algo impact --redefineSignalPOIs r -P Y2017jesTimePtEta --floatOtherPOIs 1 --saveInactivePOI 1 --robustFit 1 --rMin -1 --rMax 1 -m 125 -d LFVTensorU_2017_com.root
>> combine -M MultiDimFit -n _paramFit_Test_jesFlavorQCD --algo impact --redefineSignalPOIs r -P jesFlavorQCD --floatOtherPOIs 1 --saveInactivePOI 1 --robustFit 1 --rMin -1 --rMax 1 -m 125 -d LFVTensorU_2017_com.root
>> combine -M MultiDimFit -n _paramFit_Test_jesFragmentation --algo impact --redefineSignalPOIs r -P jesFragmentation --floatOtherPOIs 1 --saveInactivePOI 1 --robustFit 1 --rMin -1 --rMax 1 -m 125 -d LFVTensorU_2017_com.root
>> combine -M MultiDimFit -n _paramFit_Test_jesPileUpPtBB --algo impact --redefineSignalPOIs r -P jesPileUpPtBB --floatOtherPOIs 1 --saveInactivePOI 1 --robustFit 1 --rMin -1 --rMax 1 -m 125 -d LFVTensorU_2017_com.root
>> combine -M MultiDimFit -n _paramFit_Test_prop_binch1_bin3 --algo impact --redefineSignalPOIs r -P prop_binch1_bin3 --floatOtherPOIs 1 --saveInactivePOI 1 --robustFit 1 --rMin -1 --rMax 1 -m 125 -d LFVTensorU_2017_com.root
>> combine -M MultiDimFit -n _paramFit_Test_prop_binch1_bin4 --algo impact --redefineSignalPOIs r -P prop_binch1_bin4 --floatOtherPOIs 1 --saveInactivePOI 1 --robustFit 1 --rMin -1 --rMax 1 -m 125 -d LFVTensorU_2017_com.root
>> combine -M MultiDimFit -n _paramFit_Test_prop_binch1_bin5 --algo impact --redefineSignalPOIs r -P prop_binch1_bin5 --floatOtherPOIs 1 --saveInactivePOI 1 --robustFit 1 --rMin -1 --rMax 1 -m 125 -d LFVTensorU_2017_com.root
>> combine -M MultiDimFit -n _paramFit_Test_pu --algo impact --redefineSignalPOIs r -P pu --floatOtherPOIs 1 --saveInactivePOI 1 --robustFit 1 --rMin -1 --rMax 1 -m 125 -d LFVTensorU_2017_com.root
>> combine -M MultiDimFit -n _paramFit_Test_tW_norm --algo impact --redefineSignalPOIs r -P tW_norm --floatOtherPOIs 1 --saveInactivePOI 1 --robustFit 1 --rMin -1 --rMax 1 -m 125 -d LFVTensorU_2017_com.root
>> combine -M MultiDimFit -n _paramFit_Test_trigSF --algo impact --redefineSignalPOIs r -P trigSF --floatOtherPOIs 1 --saveInactivePOI 1 --robustFit 1 --rMin -1 --rMax 1 -m 125 -d LFVTensorU_2017_com.root
>> combine -M MultiDimFit -n _paramFit_Test_Signal_ISR --algo impact --redefineSignalPOIs r -P Signal_ISR --floatOtherPOIs 1 --saveInactivePOI 1 --robustFit 1 --rMin -1 --rMax 1 -m 125 -d LFVTensorU_2017_com.root
>> combine -M MultiDimFit -n _paramFit_Test_Signal_QS --algo impact --redefineSignalPOIs r -P Signal_QS --floatOtherPOIs 1 --saveInactivePOI 1 --robustFit 1 --rMin -1 --rMax 1 -m 125 -d LFVTensorU_2017_com.root
>> combine -M MultiDimFit -n _paramFit_Test_Signal_pdf --algo impact --redefineSignalPOIs r -P Signal_pdf --floatOtherPOIs 1 --saveInactivePOI 1 --robustFit 1 --rMin -1 --rMax 1 -m 125 -d LFVTensorU_2017_com.root
>> combine -M MultiDimFit -n _paramFit_Test_muIdSf --algo impact --redefineSignalPOIs r -P muIdSf --floatOtherPOIs 1 --saveInactivePOI 1 --robustFit 1 --rMin -1 --rMax 1 -m 125 -d LFVTensorU_2017_com.root
>> combine -M MultiDimFit -n _paramFit_Test_muIsoSf --algo impact --redefineSignalPOIs r -P muIsoSf --floatOtherPOIs 1 --saveInactivePOI 1 --robustFit 1 --rMin -1 --rMax 1 -m 125 -d LFVTensorU_2017_com.root
>> combine -M MultiDimFit -n _paramFit_Test_muonRes --algo impact --redefineSignalPOIs r -P muonRes --floatOtherPOIs 1 --saveInactivePOI 1 --robustFit 1 --rMin -1 --rMax 1 -m 125 -d LFVTensorU_2017_com.root
>> combine -M MultiDimFit -n _paramFit_Test_prop_binch1_bin10 --algo impact --redefineSignalPOIs r -P prop_binch1_bin10 --floatOtherPOIs 1 --saveInactivePOI 1 --robustFit 1 --rMin -1 --rMax 1 -m 125 -d LFVTensorU_2017_com.root
>> combine -M MultiDimFit -n _paramFit_Test_prop_binch1_bin11 --algo impact --redefineSignalPOIs r -P prop_binch1_bin11 --floatOtherPOIs 1 --saveInactivePOI 1 --robustFit 1 --rMin -1 --rMax 1 -m 125 -d LFVTensorU_2017_com.root
>> combine -M MultiDimFit -n _paramFit_Test_prop_binch1_bin2 --algo impact --redefineSignalPOIs r -P prop_binch1_bin2 --floatOtherPOIs 1 --saveInactivePOI 1 --robustFit 1 --rMin -1 --rMax 1 -m 125 -d LFVTensorU_2017_com.root
>> combine -M MultiDimFit -n _paramFit_Test_tt_CR --algo impact --redefineSignalPOIs r -P tt_CR --floatOtherPOIs 1 --saveInactivePOI 1 --robustFit 1 --rMin -1 --rMax 1 -m 125 -d LFVTensorU_2017_com.root
>> combine -M MultiDimFit -n _paramFit_Test_tt_FSR --algo impact --redefineSignalPOIs r -P tt_FSR --floatOtherPOIs 1 --saveInactivePOI 1 --robustFit 1 --rMin -1 --rMax 1 -m 125 -d LFVTensorU_2017_com.root
>> combine -M MultiDimFit -n _paramFit_Test_tt_ISR --algo impact --redefineSignalPOIs r -P tt_ISR --floatOtherPOIs 1 --saveInactivePOI 1 --robustFit 1 --rMin -1 --rMax 1 -m 125 -d LFVTensorU_2017_com.root
Have POIs: ['r']
Have parameters: 84
>> Doing page 0, have 30 parameters
