Channel LFVScalarU_2017_llB1 will use autoMCStats with settings: event-threshold=10, include-signal=0, hist-mode=1
============================================================
Analysing bin errors for: prop_binLFVScalarU_2017_llB1
Poisson cut-off: 10
Processes excluded for sums: LFVTtScalarU LFVStScalarU
============================================================
Bin        Contents        Error           Notes                         
0          0.000000        0.000000        total sum                     
0          0.000000        0.000000        excluding marked processes    
  => Error is zero, ignore      
------------------------------------------------------------
1          19995.617197    65.116689       total sum                     
1          19995.129845    65.116689       excluding marked processes    
1          94290.000000    307.066768      Unweighted events, alpha=0.212065
  => Total parameter prop_binLFVScalarU_2017_llB1_bin1[0.00,-7.00,7.00] to be gaussian constrained
------------------------------------------------------------
2          40289.445764    78.190905       total sum                     
2          40286.378403    78.190905       excluding marked processes    
2          265463.000000   515.231016      Unweighted events, alpha=0.151770
  => Total parameter prop_binLFVScalarU_2017_llB1_bin2[0.00,-7.00,7.00] to be gaussian constrained
------------------------------------------------------------
3          39478.203380    66.772628       total sum                     
3          39470.366379    66.772628       excluding marked processes    
3          349418.000000   591.115894      Unweighted events, alpha=0.112983
  => Total parameter prop_binLFVScalarU_2017_llB1_bin3[0.00,-7.00,7.00] to be gaussian constrained
------------------------------------------------------------
4          26128.713769    50.734946       total sum                     
4          26114.218552    50.734946       excluding marked processes    
4          264935.000000   514.718370      Unweighted events, alpha=0.098623
  => Total parameter prop_binLFVScalarU_2017_llB1_bin4[0.00,-7.00,7.00] to be gaussian constrained
------------------------------------------------------------
5          15276.739018    37.169343       total sum                     
5          15243.174572    37.169343       excluding marked processes    
5          168183.000000   410.101207      Unweighted events, alpha=0.090834
  => Total parameter prop_binLFVScalarU_2017_llB1_bin5[0.00,-7.00,7.00] to be gaussian constrained
------------------------------------------------------------
6          10069.913379    27.995056       total sum                     
6          9989.092381     27.995056       excluding marked processes    
6          127318.000000   356.816479      Unweighted events, alpha=0.079093
  => Total parameter prop_binLFVScalarU_2017_llB1_bin6[0.00,-7.00,7.00] to be gaussian constrained
------------------------------------------------------------
7          4822.532281     20.817966       total sum                     
7          4683.656914     20.817966       excluding marked processes    
7          50617.000000    224.982222      Unweighted events, alpha=0.095275
  => Total parameter prop_binLFVScalarU_2017_llB1_bin7[0.00,-7.00,7.00] to be gaussian constrained
------------------------------------------------------------
8          2599.252118     13.213557       total sum                     
8          2412.860552     13.213557       excluding marked processes    
8          33345.000000    182.606134      Unweighted events, alpha=0.077950
  => Total parameter prop_binLFVScalarU_2017_llB1_bin8[0.00,-7.00,7.00] to be gaussian constrained
------------------------------------------------------------
9          1127.866548     9.842787        total sum                     
9          932.354877      9.842787        excluding marked processes    
9          8973.000000     94.725920       Unweighted events, alpha=0.125696
  => Total parameter prop_binLFVScalarU_2017_llB1_bin9[0.00,-7.00,7.00] to be gaussian constrained
------------------------------------------------------------
10         529.587416      4.780866        total sum                     
10         323.035432      4.780866        excluding marked processes    
10         4565.000000     67.564784       Unweighted events, alpha=0.116010
  => Total parameter prop_binLFVScalarU_2017_llB1_bin10[0.00,-7.00,7.00] to be gaussian constrained
------------------------------------------------------------
11         333.695067      2.988579        total sum                     
11         121.668382      2.988579        excluding marked processes    
11         1657.000000     40.706265       Unweighted events, alpha=0.201385
  => Total parameter prop_binLFVScalarU_2017_llB1_bin11[0.00,-7.00,7.00] to be gaussian constrained
------------------------------------------------------------
12         0.000000        0.000000        total sum                     
12         0.000000        0.000000        excluding marked processes    
  => Error is zero, ignore      
------------------------------------------------------------
Have POIs: ['r']
 <<< Combine >>> 
>>> including systematics
   Options for Robust Minimizer :: 
        Tolerance  0.1
        Strategy   0
        Type,Algo  Minuit2,Migrad
>>> method used is MultiDimFit
>>> random number generator seed is 123456
RooArgSet:: = ()
Computing results starting from observation (a-posteriori)

 --- MultiDimFit ---
best fit parameter values and profile-likelihood uncertainties: 
   r :    -0.029   -0.086/+0.073 (68%)
Done in 0.03 min (cpu), 0.03 min (real)
>> combine -M MultiDimFit -n _initialFit_Test --algo singles --redefineSignalPOIs r --robustFit 1 --rMin -1 --rMax 1 -m 125 -d LFVScalarU_2017_llB1.root
Have POIs: ['r']
Have parameters: 73
 <<< Combine >>> 
 <<< Combine >>> 
 <<< Combine >>> 
 <<< Combine >>> 
 <<< Combine >>> 
 <<< Combine >>> 
 <<< Combine >>> 
 <<< Combine >>> 
>>> including systematics
>>> including systematics
>>> including systematics
>>> including systematics
>>> including systematics
>>> including systematics
>>> including systematics
>>> including systematics
   Options for Robust Minimizer :: 
   Options for Robust Minimizer :: 
   Options for Robust Minimizer :: 
   Options for Robust Minimizer :: 
   Options for Robust Minimizer :: 
   Options for Robust Minimizer :: 
   Options for Robust Minimizer :: 
        Tolerance  0.1
        Tolerance  0.1
        Tolerance  0.1
        Tolerance  0.1
   Options for Robust Minimizer :: 
        Tolerance  0.1
        Tolerance  0.1
        Strategy   0
        Strategy   0
        Strategy   0
        Strategy   0
        Tolerance  0.1
        Type,Algo  Minuit2,Migrad
        Strategy   0
        Type,Algo  Minuit2,Migrad
        Type,Algo  Minuit2,Migrad
        Strategy   0
        Type,Algo  Minuit2,Migrad
        Tolerance  0.1
        Strategy   0
        Type,Algo  Minuit2,Migrad
>>> method used is MultiDimFit
        Type,Algo  Minuit2,Migrad
>>> method used is MultiDimFit
>>> method used is MultiDimFit
>>> method used is MultiDimFit
        Type,Algo  Minuit2,Migrad
        Strategy   0
>>> random number generator seed is 123456
>>> method used is MultiDimFit
>>> random number generator seed is 123456
>>> random number generator seed is 123456
>>> random number generator seed is 123456
>>> method used is MultiDimFit
        Type,Algo  Minuit2,Migrad
>>> method used is MultiDimFit
>>> random number generator seed is 123456
>>> random number generator seed is 123456
>>> random number generator seed is 123456
>>> method used is MultiDimFit
>>> random number generator seed is 123456
RooArgSet:: = ()
Computing results starting from observation (a-posteriori)
RooArgSet:: = ()
RooArgSet:: = ()
Computing results starting from observation (a-posteriori)
Computing results starting from observation (a-posteriori)
RooArgSet:: = ()
Computing results starting from observation (a-posteriori)
RooArgSet:: = ()
RooArgSet:: = ()
RooArgSet:: = ()
RooArgSet:: = ()
Computing results starting from observation (a-posteriori)
Computing results starting from observation (a-posteriori)
Computing results starting from observation (a-posteriori)
Computing results starting from observation (a-posteriori)

 --- MultiDimFit ---
Parameter impacts: 

 --- MultiDimFit ---
Parameter impacts: 
  Parameter  :   Best-fit               r            
  Signal_ISR :   +0.000  -0.994/+0.994  -0.000/+0.000
Done in 0.02 min (cpu), 0.02 min (real)
  Parameter              :   Best-fit               r            
  Y2017jesRelativeJEREC1 :   -0.015  -0.995/+0.996  -0.001/-0.002
Done in 0.02 min (cpu), 0.02 min (real)
 <<< Combine >>> 
>>> including systematics
   Options for Robust Minimizer :: 
        Tolerance  0.1
        Strategy   0
        Type,Algo  Minuit2,Migrad
>>> method used is MultiDimFit
>>> random number generator seed is 123456

 --- MultiDimFit ---
Parameter impacts: 

 --- MultiDimFit ---
Parameter impacts: 

 --- MultiDimFit ---
Parameter impacts: 

 --- MultiDimFit ---
Parameter impacts: 
 <<< Combine >>> 
>>> including systematics
   Options for Robust Minimizer :: 
        Tolerance  0.1
        Strategy   0
        Type,Algo  Minuit2,Migrad
>>> method used is MultiDimFit
>>> random number generator seed is 123456

 --- MultiDimFit ---
Parameter impacts: 
  Parameter     :   Best-fit               r            
  electronScale :   +0.062  -0.966/+0.975  +0.013/-0.011
Done in 0.02 min (cpu), 0.02 min (real)
  Parameter               :   Best-fit               r            
  Y2017jesRelativeStatFSR :   -0.004  -1.009/+1.009  -0.000/-0.001
Done in 0.02 min (cpu), 0.02 min (real)

 --- MultiDimFit ---
Parameter impacts: 
  Parameter    :   Best-fit               r            
  Y2017bcTagSF :   +0.153  -0.850/+0.862  -0.011/+0.016
Done in 0.02 min (cpu), 0.02 min (real)
  Parameter :   Best-fit               r            
  DY_norm   :   -0.024  -0.979/+0.966  -0.007/+0.011
Done in 0.02 min (cpu), 0.02 min (real)
  Parameter             :   Best-fit               r            
  Y2017jesRelativePtEC2 :   -0.000  -0.994/+0.994  -0.000/-0.000
Done in 0.02 min (cpu), 0.02 min (real)
 <<< Combine >>> 
 <<< Combine >>> 
>>> including systematics
>>> including systematics
   Options for Robust Minimizer :: 
   Options for Robust Minimizer :: 
        Tolerance  0.1
        Tolerance  0.1
        Strategy   0
        Type,Algo  Minuit2,Migrad
        Strategy   0
>>> method used is MultiDimFit
        Type,Algo  Minuit2,Migrad
>>> random number generator seed is 123456
>>> method used is MultiDimFit
>>> random number generator seed is 123456
 <<< Combine >>> 
>>> including systematics
   Options for Robust Minimizer :: 
        Tolerance  0.1
        Strategy   0
        Type,Algo  Minuit2,Migrad
>>> method used is MultiDimFit
>>> random number generator seed is 123456
 <<< Combine >>> 
>>> including systematics
   Options for Robust Minimizer :: 
        Tolerance  0.1
        Strategy   0
        Type,Algo  Minuit2,Migrad
>>> method used is MultiDimFit
>>> random number generator seed is 123456
 <<< Combine >>> 
>>> including systematics
   Options for Robust Minimizer :: 
        Tolerance  0.1
        Strategy   0
        Type,Algo  Minuit2,Migrad
>>> method used is MultiDimFit
>>> random number generator seed is 123456
  Parameter      :   Best-fit               r            
  Y2017unclusMET :   +0.520  -1.075/+0.824  +0.004/-0.006
Done in 0.02 min (cpu), 0.03 min (real)
 <<< Combine >>> 
>>> including systematics
   Options for Robust Minimizer :: 
        Tolerance  0.1
        Strategy   0
        Type,Algo  Minuit2,Migrad
>>> method used is MultiDimFit
>>> random number generator seed is 123456
RooArgSet:: = ()
RooArgSet:: = ()
Computing results starting from observation (a-posteriori)
Computing results starting from observation (a-posteriori)
RooArgSet:: = ()
RooArgSet:: = ()
RooArgSet:: = ()
RooArgSet:: = ()
Computing results starting from observation (a-posteriori)
Computing results starting from observation (a-posteriori)
Computing results starting from observation (a-posteriori)
Computing results starting from observation (a-posteriori)
RooArgSet:: = ()
Computing results starting from observation (a-posteriori)
RooArgSet:: = ()
Computing results starting from observation (a-posteriori)

 --- MultiDimFit ---
Parameter impacts: 

 --- MultiDimFit ---
Parameter impacts: 
  Parameter :   Best-fit               r            
  Signal_QS :   +0.000  -0.994/+0.994  -0.000/+0.000
Done in 0.02 min (cpu), 0.02 min (real)
  Parameter              :   Best-fit               r            
  Y2017jesRelativeJEREC2 :   -0.000  -0.994/+0.994  -0.000/-0.000
Done in 0.02 min (cpu), 0.02 min (real)
 <<< Combine >>> 
 <<< Combine >>> 
>>> including systematics
>>> including systematics
   Options for Robust Minimizer :: 
   Options for Robust Minimizer :: 
        Tolerance  0.1
        Tolerance  0.1
        Strategy   0
        Strategy   0
        Type,Algo  Minuit2,Migrad
        Type,Algo  Minuit2,Migrad
>>> method used is MultiDimFit
>>> method used is MultiDimFit
>>> random number generator seed is 123456
>>> random number generator seed is 123456

 --- MultiDimFit ---
Parameter impacts: 

 --- MultiDimFit ---
Parameter impacts: 

 --- MultiDimFit ---
Parameter impacts: 

 --- MultiDimFit ---
Parameter impacts: 
  Parameter              :   Best-fit               r            
  Y2017jesRelativeSample :   -0.015  -0.921/+0.914  -0.003/+0.001
Done in 0.02 min (cpu), 0.02 min (real)
  Parameter  :   Best-fit               r            
  Other_norm :   -0.030  -0.987/+0.982  +0.001/-0.002
Done in 0.02 min (cpu), 0.02 min (real)

 --- MultiDimFit ---
Parameter impacts: 
  Parameter          :   Best-fit               r            
  jesAbsoluteMPFBias :   -0.002  -0.878/+0.901  -0.006/+0.001
Done in 0.02 min (cpu), 0.02 min (real)

 --- MultiDimFit ---
Parameter impacts: 
  Parameter :   Best-fit               r            
  Y2017jer  :   -1.068  -0.584/+0.579  -0.011/+0.009
Done in 0.02 min (cpu), 0.02 min (real)
 <<< Combine >>> 
>>> including systematics
   Options for Robust Minimizer :: 
        Tolerance  0.1
        Strategy   0
        Type,Algo  Minuit2,Migrad
>>> method used is MultiDimFit
>>> random number generator seed is 123456
 <<< Combine >>> 
>>> including systematics
   Options for Robust Minimizer :: 
        Tolerance  0.1
        Strategy   0
        Type,Algo  Minuit2,Migrad
>>> method used is MultiDimFit
>>> random number generator seed is 123456
  Parameter              :   Best-fit               r            
  Y2017jesRelativeStatHF :   -0.000  -0.994/+0.994  -0.000/-0.000
Done in 0.02 min (cpu), 0.02 min (real)
 <<< Combine >>> 
>>> including systematics
   Options for Robust Minimizer :: 
        Tolerance  0.1
        Strategy   0
        Type,Algo  Minuit2,Migrad
>>> method used is MultiDimFit
>>> random number generator seed is 123456
  Parameter :   Best-fit               r            
  eleIDSf   :   +0.064  -0.905/+0.908  +0.002/-0.002
Done in 0.03 min (cpu), 0.03 min (real)
 <<< Combine >>> 
>>> including systematics
   Options for Robust Minimizer :: 
        Tolerance  0.1
        Strategy   0
        Type,Algo  Minuit2,Migrad
>>> method used is MultiDimFit
>>> random number generator seed is 123456
 <<< Combine >>> 
>>> including systematics
   Options for Robust Minimizer :: 
        Tolerance  0.1
        Strategy   0
        Type,Algo  Minuit2,Migrad
>>> method used is MultiDimFit
>>> random number generator seed is 123456
 <<< Combine >>> 
>>> including systematics
   Options for Robust Minimizer :: 
        Tolerance  0.1
        Strategy   0
        Type,Algo  Minuit2,Migrad
>>> method used is MultiDimFit
>>> random number generator seed is 123456
RooArgSet:: = ()
RooArgSet:: = ()
Computing results starting from observation (a-posteriori)
Computing results starting from observation (a-posteriori)
RooArgSet:: = ()
RooArgSet:: = ()
Computing results starting from observation (a-posteriori)
RooArgSet:: = ()
RooArgSet:: = ()
RooArgSet:: = ()
Computing results starting from observation (a-posteriori)
Computing results starting from observation (a-posteriori)
Computing results starting from observation (a-posteriori)
Computing results starting from observation (a-posteriori)
RooArgSet:: = ()
Computing results starting from observation (a-posteriori)

 

 ---------------------------

 WARNING: MultiDimFit failed

 ---------------------------

 
Done in 0.02 min (cpu), 0.02 min (real)
 <<< Combine >>> 
>>> including systematics
   Options for Robust Minimizer :: 
        Tolerance  0.1
        Strategy   0
        Type,Algo  Minuit2,Migrad
>>> method used is MultiDimFit
>>> random number generator seed is 123456

 --- MultiDimFit ---
Parameter impacts: 
  Parameter  :   Best-fit               r            
  Signal_pdf :   +0.000  -0.994/+0.994  -0.000/+0.000
Done in 0.02 min (cpu), 0.02 min (real)
 <<< Combine >>> 
>>> including systematics
   Options for Robust Minimizer :: 
        Tolerance  0.1
        Strategy   0
        Type,Algo  Minuit2,Migrad
>>> method used is MultiDimFit
>>> random number generator seed is 123456

 --- MultiDimFit ---
Parameter impacts: 

 --- MultiDimFit ---
Parameter impacts: 

 --- MultiDimFit ---
Parameter impacts: 

 --- MultiDimFit ---
Parameter impacts: 

 --- MultiDimFit ---
Parameter impacts: 
  Parameter        :   Best-fit               r            
  jesAbsoluteScale :   -0.003  -0.977/+0.978  -0.003/+0.000
Done in 0.02 min (cpu), 0.02 min (real)

 --- MultiDimFit ---
Parameter impacts: 
  Parameter         :   Best-fit               r            
  Y2017jesTimePtEta :   +0.051  -0.971/+0.971  -0.004/-0.003
Done in 0.02 min (cpu), 0.02 min (real)
  Parameter              :   Best-fit               r            
  Y2017jesRelativeStatEC :   -0.041  -0.986/+0.985  -0.002/-0.000
Done in 0.02 min (cpu), 0.03 min (real)
  Parameter :   Best-fit               r            
  eleRecoSf :   +0.043  -0.992/+0.991  -0.001/+0.001
Done in 0.02 min (cpu), 0.03 min (real)
  Parameter  :   Best-fit               r            
  Signal_FSR :   +0.001  -0.994/+0.994  -0.000/+0.000
Done in 0.02 min (cpu), 0.03 min (real)
  Parameter            :   Best-fit               r            
  Y2017jesAbsoluteStat :   -0.011  -0.991/+0.990  -0.000/-0.000
Done in 0.02 min (cpu), 0.03 min (real)
 <<< Combine >>> 
>>> including systematics
   Options for Robust Minimizer :: 
        Tolerance  0.1
        Strategy   0
        Type,Algo  Minuit2,Migrad
>>> method used is MultiDimFit
>>> random number generator seed is 123456
 <<< Combine >>> 
>>> including systematics
   Options for Robust Minimizer :: 
        Tolerance  0.1
        Strategy   0
        Type,Algo  Minuit2,Migrad
>>> method used is MultiDimFit
>>> random number generator seed is 123456
 <<< Combine >>> 
 <<< Combine >>> 
>>> including systematics
>>> including systematics
   Options for Robust Minimizer :: 
   Options for Robust Minimizer :: 
        Tolerance  0.1
        Tolerance  0.1
        Strategy   0
        Strategy   0
        Type,Algo  Minuit2,Migrad
        Type,Algo  Minuit2,Migrad
>>> method used is MultiDimFit
>>> method used is MultiDimFit
>>> random number generator seed is 123456
>>> random number generator seed is 123456
 <<< Combine >>> 
>>> including systematics
   Options for Robust Minimizer :: 
        Tolerance  0.1
        Strategy   0
        Type,Algo  Minuit2,Migrad
>>> method used is MultiDimFit
>>> random number generator seed is 123456
 <<< Combine >>> 
>>> including systematics
   Options for Robust Minimizer :: 
        Tolerance  0.1
        Strategy   0
        Type,Algo  Minuit2,Migrad
>>> method used is MultiDimFit
>>> random number generator seed is 123456
RooArgSet:: = ()
Computing results starting from observation (a-posteriori)

 --- MultiDimFit ---
Parameter impacts: 
RooArgSet:: = ()
Computing results starting from observation (a-posteriori)
  Parameter    :   Best-fit               r            
  jesFlavorQCD :   -0.065  -0.843/+0.828  +0.004/-0.004
Done in 0.03 min (cpu), 0.04 min (real)
 <<< Combine >>> 
>>> including systematics
   Options for Robust Minimizer :: 
        Tolerance  0.1
        Strategy   0
        Type,Algo  Minuit2,Migrad
>>> method used is MultiDimFit
>>> random number generator seed is 123456
RooArgSet:: = ()
RooArgSet:: = ()
RooArgSet:: = ()
Computing results starting from observation (a-posteriori)
Computing results starting from observation (a-posteriori)
Computing results starting from observation (a-posteriori)
RooArgSet:: = ()
Computing results starting from observation (a-posteriori)
RooArgSet:: = ()
RooArgSet:: = ()
Computing results starting from observation (a-posteriori)
Computing results starting from observation (a-posteriori)

 --- MultiDimFit ---
Parameter impacts: 
  Parameter      :   Best-fit               r            
  jesPileUpPtEC1 :   -0.094  -0.999/+1.005  +0.002/-0.006
Done in 0.03 min (cpu), 0.04 min (real)
 <<< Combine >>> 
>>> including systematics
   Options for Robust Minimizer :: 
        Tolerance  0.1
        Strategy   0
        Type,Algo  Minuit2,Migrad
>>> method used is MultiDimFit
>>> random number generator seed is 123456

 --- MultiDimFit ---
Parameter impacts: 

 --- MultiDimFit ---
Parameter impacts: 

 --- MultiDimFit ---
Parameter impacts: 

 --- MultiDimFit ---
Parameter impacts: 

 --- MultiDimFit ---
Parameter impacts: 

 --- MultiDimFit ---
Parameter impacts: 
  Parameter      :   Best-fit               r            
  jesPileUpPtRef :   -0.060  -0.963/+0.948  +0.003/-0.004
Done in 0.02 min (cpu), 0.04 min (real)
  Parameter :   Best-fit               r            
  muIdSf    :   +0.070  -0.984/+0.984  -0.003/+0.003
Done in 0.03 min (cpu), 0.04 min (real)
  Parameter :   Best-fit               r            
  lumiBBDef :   +0.041  -0.992/+0.992  -0.001/+0.001
Done in 0.03 min (cpu), 0.04 min (real)
  Parameter        :   Best-fit               r            
  jesRelativeJERHF :   -0.000  -0.994/+0.994  -0.000/-0.000
Done in 0.03 min (cpu), 0.04 min (real)
  Parameter  :   Best-fit               r            
  lumiGhostS :   +0.010  -0.994/+0.994  -0.000/+0.000
Done in 0.03 min (cpu), 0.04 min (real)
  Parameter          :   Best-fit               r            
  jesRelativeStatFSR :   -0.004  -1.009/+1.009  -0.000/-0.001
Done in 0.03 min (cpu), 0.05 min (real)
 <<< Combine >>> 
 <<< Combine >>> 
 <<< Combine >>> 
>>> including systematics
>>> including systematics
   Options for Robust Minimizer :: 
   Options for Robust Minimizer :: 
>>> including systematics
        Tolerance  0.1
        Tolerance  0.1
        Strategy   0
        Strategy   0
        Type,Algo  Minuit2,Migrad
        Type,Algo  Minuit2,Migrad
>>> method used is MultiDimFit
>>> method used is MultiDimFit
>>> random number generator seed is 123456
>>> random number generator seed is 123456
   Options for Robust Minimizer :: 
        Tolerance  0.1
        Strategy   0
        Type,Algo  Minuit2,Migrad
>>> method used is MultiDimFit
>>> random number generator seed is 123456
 <<< Combine >>> 
 <<< Combine >>> 
 <<< Combine >>> 
>>> including systematics
>>> including systematics
   Options for Robust Minimizer :: 
   Options for Robust Minimizer :: 
        Tolerance  0.1
        Tolerance  0.1
        Strategy   0
        Type,Algo  Minuit2,Migrad
        Strategy   0
        Type,Algo  Minuit2,Migrad
>>> method used is MultiDimFit
>>> random number generator seed is 123456
>>> method used is MultiDimFit
>>> random number generator seed is 123456
>>> including systematics
   Options for Robust Minimizer :: 
        Tolerance  0.1
        Strategy   0
        Type,Algo  Minuit2,Migrad
>>> method used is MultiDimFit
>>> random number generator seed is 123456
RooArgSet:: = ()
Computing results starting from observation (a-posteriori)

 --- MultiDimFit ---
Parameter impacts: 
  Parameter        :   Best-fit               r            
  jesFragmentation :   -0.033  -0.963/+0.953  -0.000/-0.002
Done in 0.03 min (cpu), 0.04 min (real)
 <<< Combine >>> 
>>> including systematics
   Options for Robust Minimizer :: 
        Tolerance  0.1
        Strategy   0
        Type,Algo  Minuit2,Migrad
>>> method used is MultiDimFit
>>> random number generator seed is 123456
RooArgSet:: = ()
Computing results starting from observation (a-posteriori)
RooArgSet:: = ()
Computing results starting from observation (a-posteriori)
RooArgSet:: = ()
Computing results starting from observation (a-posteriori)
RooArgSet:: = ()
Computing results starting from observation (a-posteriori)

 --- MultiDimFit ---
Parameter impacts: 
RooArgSet:: = ()
RooArgSet:: = ()
RooArgSet:: = ()
Computing results starting from observation (a-posteriori)
Computing results starting from observation (a-posteriori)
Computing results starting from observation (a-posteriori)
  Parameter      :   Best-fit               r            
  jesPileUpPtEC2 :   -0.000  -0.994/+0.994  -0.000/-0.000
Done in 0.03 min (cpu), 0.04 min (real)
 <<< Combine >>> 
>>> including systematics
   Options for Robust Minimizer :: 
        Tolerance  0.1
        Strategy   0
        Type,Algo  Minuit2,Migrad
>>> method used is MultiDimFit
>>> random number generator seed is 123456

 --- MultiDimFit ---
Parameter impacts: 

 --- MultiDimFit ---
Parameter impacts: 

 --- MultiDimFit ---
Parameter impacts: 
  Parameter   :   Best-fit               r            
  lumiLengthS :   +0.031  -0.993/+0.993  -0.001/+0.001
Done in 0.03 min (cpu), 0.04 min (real)
  Parameter      :   Best-fit               r            
  jesRelativeBal :   -0.044  -1.001/+0.998  -0.001/-0.003
Done in 0.03 min (cpu), 0.05 min (real)
  Parameter :   Best-fit               r            
  muIsoSf   :   +0.014  -0.993/+0.994  -0.000/+0.000
Done in 0.03 min (cpu), 0.05 min (real)
 <<< Combine >>> 
 <<< Combine >>> 
>>> including systematics
>>> including systematics
   Options for Robust Minimizer :: 
        Tolerance  0.1
        Strategy   0
        Type,Algo  Minuit2,Migrad
   Options for Robust Minimizer :: 
>>> method used is MultiDimFit
>>> random number generator seed is 123456
        Tolerance  0.1
        Strategy   0
        Type,Algo  Minuit2,Migrad
>>> method used is MultiDimFit
>>> random number generator seed is 123456
 <<< Combine >>> 
>>> including systematics
   Options for Robust Minimizer :: 
        Tolerance  0.1
        Strategy   0
        Type,Algo  Minuit2,Migrad
>>> method used is MultiDimFit
>>> random number generator seed is 123456

 --- MultiDimFit ---
Parameter impacts: 

 --- MultiDimFit ---
Parameter impacts: 

 --- MultiDimFit ---
Parameter impacts: 
  Parameter       :   Best-fit               r            
  jesRelativePtBB :   +0.007  -0.946/+0.943  -0.002/-0.001
Done in 0.02 min (cpu), 0.03 min (real)
  Parameter  :   Best-fit               r            
  lumiBeamCC :   +0.031  -0.993/+0.993  -0.000/+0.001
Done in 0.02 min (cpu), 0.03 min (real)
  Parameter         :   Best-fit               r            
  jesRelativeStatHF :   -0.000  -0.994/+0.994  -0.000/-0.000
Done in 0.03 min (cpu), 0.03 min (real)
 <<< Combine >>> 
 <<< Combine >>> 
>>> including systematics
>>> including systematics
   Options for Robust Minimizer :: 
   Options for Robust Minimizer :: 
        Tolerance  0.1
        Tolerance  0.1
        Strategy   0
        Strategy   0
        Type,Algo  Minuit2,Migrad
        Type,Algo  Minuit2,Migrad
>>> method used is MultiDimFit
>>> method used is MultiDimFit
>>> random number generator seed is 123456
>>> random number generator seed is 123456
 <<< Combine >>> 
>>> including systematics
   Options for Robust Minimizer :: 
        Tolerance  0.1
        Strategy   0
        Type,Algo  Minuit2,Migrad
>>> method used is MultiDimFit
>>> random number generator seed is 123456
RooArgSet:: = ()
Computing results starting from observation (a-posteriori)
RooArgSet:: = ()
Computing results starting from observation (a-posteriori)

 --- MultiDimFit ---
Parameter impacts: 
  Parameter     :   Best-fit               r            
  jesPileUpPtBB :   -0.028  -0.964/+0.959  +0.004/-0.003
Done in 0.03 min (cpu), 0.05 min (real)
RooArgSet:: = ()
RooArgSet:: = ()
Computing results starting from observation (a-posteriori)
Computing results starting from observation (a-posteriori)
 <<< Combine >>> 
>>> including systematics
   Options for Robust Minimizer :: 
        Tolerance  0.1
        Strategy   0
        Type,Algo  Minuit2,Migrad
>>> method used is MultiDimFit
>>> random number generator seed is 123456
RooArgSet:: = ()
Computing results starting from observation (a-posteriori)

 --- MultiDimFit ---
Parameter impacts: 
RooArgSet:: = ()
Computing results starting from observation (a-posteriori)
RooArgSet:: = ()
Computing results starting from observation (a-posteriori)
  Parameter     :   Best-fit               r            
  jesPileUpPtHF :   -0.000  -0.994/+0.994  -0.000/-0.000
Done in 0.03 min (cpu), 0.04 min (real)
RooArgSet:: = ()
Computing results starting from observation (a-posteriori)

 --- MultiDimFit ---
Parameter impacts: 
 <<< Combine >>> 
>>> including systematics
   Options for Robust Minimizer :: 
        Tolerance  0.1
        Strategy   0
        Type,Algo  Minuit2,Migrad
>>> method used is MultiDimFit
>>> random number generator seed is 123456

 --- MultiDimFit ---
Parameter impacts: 
  Parameter      :   Best-fit               r            
  jesRelativeFSR :   -0.009  -0.960/+0.961  -0.003/-0.002
Done in 0.03 min (cpu), 0.04 min (real)

 --- MultiDimFit ---
Parameter impacts: 
  Parameter :   Best-fit               r            
  lumiXY    :   +0.081  -0.985/+0.985  -0.001/+0.001
Done in 0.03 min (cpu), 0.04 min (real)
 <<< Combine >>> 
>>> including systematics
   Options for Robust Minimizer :: 
        Tolerance  0.1
        Strategy   0
        Type,Algo  Minuit2,Migrad
>>> method used is MultiDimFit
>>> random number generator seed is 123456
  Parameter :   Best-fit               r            
  muonRes   :   -0.003  -1.012/+1.013  +0.003/-0.001
Done in 0.03 min (cpu), 0.05 min (real)
 <<< Combine >>> 
>>> including systematics
   Options for Robust Minimizer :: 
        Tolerance  0.1
        Strategy   0
        Type,Algo  Minuit2,Migrad
>>> method used is MultiDimFit
>>> random number generator seed is 123456
 <<< Combine >>> 
>>> including systematics
   Options for Robust Minimizer :: 
        Tolerance  0.1
        Strategy   0
        Type,Algo  Minuit2,Migrad
>>> method used is MultiDimFit
>>> random number generator seed is 123456

 --- MultiDimFit ---
Parameter impacts: 

 --- MultiDimFit ---
Parameter impacts: 
  Parameter       :   Best-fit               r            
  jesRelativePtHF :   -0.000  -0.994/+0.994  -0.000/-0.000
Done in 0.03 min (cpu), 0.03 min (real)
  Parameter    :   Best-fit               r            
  lumiDynamicB :   +0.051  -0.991/+0.991  -0.001/+0.001
Done in 0.03 min (cpu), 0.04 min (real)

 --- MultiDimFit ---
Parameter impacts: 
  Parameter :   Best-fit               r            
  lumi2017  :   +0.202  -0.933/+0.933  -0.004/+0.004
Done in 0.03 min (cpu), 0.06 min (real)
 <<< Combine >>> 
 <<< Combine >>> 
>>> including systematics
   Options for Robust Minimizer :: 
>>> including systematics
        Tolerance  0.1
        Strategy   0
        Type,Algo  Minuit2,Migrad
>>> method used is MultiDimFit
>>> random number generator seed is 123456
   Options for Robust Minimizer :: 
        Tolerance  0.1
        Strategy   0
        Type,Algo  Minuit2,Migrad
>>> method used is MultiDimFit
>>> random number generator seed is 123456
 <<< Combine >>> 
>>> including systematics
   Options for Robust Minimizer :: 
        Tolerance  0.1
        Strategy   0
        Type,Algo  Minuit2,Migrad
>>> method used is MultiDimFit
>>> random number generator seed is 123456
RooArgSet:: = ()
Computing results starting from observation (a-posteriori)
RooArgSet:: = ()
Computing results starting from observation (a-posteriori)
RooArgSet:: = ()
RooArgSet:: = ()
RooArgSet:: = ()
Computing results starting from observation (a-posteriori)
Computing results starting from observation (a-posteriori)
Computing results starting from observation (a-posteriori)

 --- MultiDimFit ---
Parameter impacts: 
  Parameter :   Best-fit               r            
  muonScale :   -0.001  -0.998/+0.997  -0.000/+0.002
Done in 0.02 min (cpu), 0.03 min (real)
 <<< Combine >>> 
>>> including systematics
   Options for Robust Minimizer :: 
        Tolerance  0.1
        Strategy   0
        Type,Algo  Minuit2,Migrad
>>> method used is MultiDimFit
>>> random number generator seed is 123456

 --- MultiDimFit ---
Parameter impacts: 

 --- MultiDimFit ---
Parameter impacts: 

 --- MultiDimFit ---
Parameter impacts: 
  Parameter                          :   Best-fit               r            
  prop_binLFVScalarU_2017_llB1_bin10 :   +0.007  -0.973/+0.973  +0.008/-0.008
Done in 0.02 min (cpu), 0.03 min (real)

 --- MultiDimFit ---
Parameter impacts: 
  Parameter                         :   Best-fit               r            
  prop_binLFVScalarU_2017_llB1_bin6 :   -0.010  -0.977/+0.978  -0.004/+0.004
Done in 0.02 min (cpu), 0.02 min (real)
  Parameter                         :   Best-fit               r            
  prop_binLFVScalarU_2017_llB1_bin3 :   +0.112  -0.965/+0.964  +0.001/-0.001
Done in 0.02 min (cpu), 0.02 min (real)
  Parameter                         :   Best-fit               r            
  prop_binLFVScalarU_2017_llB1_bin9 :   +0.146  -0.960/+0.961  +0.002/-0.002
Done in 0.02 min (cpu), 0.03 min (real)
RooArgSet:: = ()
RooArgSet:: = ()
RooArgSet:: = ()
Computing results starting from observation (a-posteriori)
Computing results starting from observation (a-posteriori)
Computing results starting from observation (a-posteriori)
 <<< Combine >>> 
>>> including systematics
   Options for Robust Minimizer :: 
        Tolerance  0.1
        Strategy   0
        Type,Algo  Minuit2,Migrad
>>> method used is MultiDimFit
>>> random number generator seed is 123456
 <<< Combine >>> 
>>> including systematics
 <<< Combine >>> 
 <<< Combine >>> 
>>> including systematics
>>> including systematics
   Options for Robust Minimizer :: 
   Options for Robust Minimizer :: 
        Tolerance  0.1
        Tolerance  0.1
        Strategy   0
        Type,Algo  Minuit2,Migrad
   Options for Robust Minimizer :: 
        Strategy   0
>>> method used is MultiDimFit
        Type,Algo  Minuit2,Migrad
>>> random number generator seed is 123456
>>> method used is MultiDimFit
>>> random number generator seed is 123456
        Tolerance  0.1
        Strategy   0
        Type,Algo  Minuit2,Migrad
>>> method used is MultiDimFit
>>> random number generator seed is 123456

 --- MultiDimFit ---
Parameter impacts: 
  Parameter :   Best-fit               r            
  tt_ISR    :   +0.091  -0.904/+0.910  -0.003/+0.005
Done in 0.02 min (cpu), 0.04 min (real)

 --- MultiDimFit ---
Parameter impacts: 

 --- MultiDimFit ---
Parameter impacts: 
 <<< Combine >>> 
>>> including systematics
   Options for Robust Minimizer :: 
        Tolerance  0.1
        Strategy   0
        Type,Algo  Minuit2,Migrad
>>> method used is MultiDimFit
>>> random number generator seed is 123456
  Parameter :   Best-fit               r            
  trigSF    :   +0.102  -0.974/+0.975  -0.000/+0.000
Done in 0.03 min (cpu), 0.05 min (real)
  Parameter :   Best-fit               r            
  tt_hdamp  :   -0.345  -0.557/+0.535  -0.013/+0.008
Done in 0.03 min (cpu), 0.05 min (real)
 <<< Combine >>> 
>>> including systematics
   Options for Robust Minimizer :: 
        Tolerance  0.1
        Strategy   0
        Type,Algo  Minuit2,Migrad
>>> method used is MultiDimFit
>>> random number generator seed is 123456
 <<< Combine >>> 
>>> including systematics
   Options for Robust Minimizer :: 
        Tolerance  0.1
        Strategy   0
        Type,Algo  Minuit2,Migrad
>>> method used is MultiDimFit
>>> random number generator seed is 123456
RooArgSet:: = ()
Computing results starting from observation (a-posteriori)
RooArgSet:: = ()
Computing results starting from observation (a-posteriori)
RooArgSet:: = ()
Computing results starting from observation (a-posteriori)
RooArgSet:: = ()
Computing results starting from observation (a-posteriori)
RooArgSet:: = ()
Computing results starting from observation (a-posteriori)

 --- MultiDimFit ---
Parameter impacts: 
  Parameter                         :   Best-fit               r            
  prop_binLFVScalarU_2017_llB1_bin7 :   -0.021  -0.964/+0.963  -0.004/+0.004
Done in 0.02 min (cpu), 0.03 min (real)

 --- MultiDimFit ---
Parameter impacts: 

 --- MultiDimFit ---
Parameter impacts: 
  Parameter                          :   Best-fit               r            
  prop_binLFVScalarU_2017_llB1_bin11 :   -0.024  -0.987/+0.987  +0.010/-0.009
Done in 0.02 min (cpu), 0.04 min (real)
 <<< Combine >>> 
>>> including systematics
   Options for Robust Minimizer :: 
        Tolerance  0.1
        Strategy   0
        Type,Algo  Minuit2,Migrad
>>> method used is MultiDimFit
>>> random number generator seed is 123456
  Parameter :   Best-fit               r            
  prefiring :   -0.015  -0.987/+0.987  -0.003/+0.002
Done in 0.03 min (cpu), 0.04 min (real)
 <<< Combine >>> 
>>> including systematics
   Options for Robust Minimizer :: 
        Tolerance  0.1
        Strategy   0
        Type,Algo  Minuit2,Migrad
>>> method used is MultiDimFit
>>> random number generator seed is 123456
 <<< Combine >>> 
>>> including systematics
   Options for Robust Minimizer :: 
        Tolerance  0.1
        Strategy   0
        Type,Algo  Minuit2,Migrad
>>> method used is MultiDimFit
>>> random number generator seed is 123456

 --- MultiDimFit ---
Parameter impacts: 
  Parameter                         :   Best-fit               r            
  prop_binLFVScalarU_2017_llB1_bin4 :   -0.125  -0.973/+0.973  +0.004/-0.003
Done in 0.03 min (cpu), 0.04 min (real)

 --- MultiDimFit ---
Parameter impacts: 
 <<< Combine >>> 
>>> including systematics
   Options for Robust Minimizer :: 
        Tolerance  0.1
        Strategy   0
        Type,Algo  Minuit2,Migrad
>>> method used is MultiDimFit
>>> random number generator seed is 123456
RooArgSet:: = ()
RooArgSet:: = ()
RooArgSet:: = ()
Computing results starting from observation (a-posteriori)
Computing results starting from observation (a-posteriori)
Computing results starting from observation (a-posteriori)
  Parameter :   Best-fit               r            
  pu        :   +0.053  -0.976/+0.967  +0.006/-0.007
Done in 0.03 min (cpu), 0.05 min (real)
 <<< Combine >>> 
>>> including systematics
   Options for Robust Minimizer :: 
        Tolerance  0.1
        Strategy   0
        Type,Algo  Minuit2,Migrad
>>> method used is MultiDimFit
>>> random number generator seed is 123456

 --- MultiDimFit ---
Parameter impacts: 

 --- MultiDimFit ---
Parameter impacts: 
  Parameter :   Best-fit               r            
  tt_QS     :   +0.147  -0.667/+0.584  +0.003/-0.003
Done in 0.02 min (cpu), 0.04 min (real)
  Parameter :   Best-fit               r            
  tt_CR     :   -0.134  -0.656/+0.823  +0.049/-0.070
Done in 0.03 min (cpu), 0.05 min (real)

 --- MultiDimFit ---
Parameter impacts: 
 <<< Combine >>> 
 <<< Combine >>> 
>>> including systematics
>>> including systematics
   Options for Robust Minimizer :: 
   Options for Robust Minimizer :: 
        Tolerance  0.1
        Strategy   0
        Tolerance  0.1
        Type,Algo  Minuit2,Migrad
        Strategy   0
>>> method used is MultiDimFit
        Type,Algo  Minuit2,Migrad
>>> random number generator seed is 123456
>>> method used is MultiDimFit
>>> random number generator seed is 123456
  Parameter :   Best-fit               r            
  tt_norm   :   +0.490  -0.615/+0.617  -0.008/+0.010
Done in 0.04 min (cpu), 0.07 min (real)
 <<< Combine >>> 
>>> including systematics
   Options for Robust Minimizer :: 
        Tolerance  0.1
        Strategy   0
        Type,Algo  Minuit2,Migrad
>>> method used is MultiDimFit
>>> random number generator seed is 123456
RooArgSet:: = ()
Computing results starting from observation (a-posteriori)
RooArgSet:: = ()
Computing results starting from observation (a-posteriori)
RooArgSet:: = ()
Computing results starting from observation (a-posteriori)
RooArgSet:: = ()
Computing results starting from observation (a-posteriori)
RooArgSet:: = ()
Computing results starting from observation (a-posteriori)

 --- MultiDimFit ---
Parameter impacts: 

 --- MultiDimFit ---
Parameter impacts: 

 --- MultiDimFit ---
Parameter impacts: 
  Parameter                         :   Best-fit               r            
  prop_binLFVScalarU_2017_llB1_bin8 :   -0.097  -0.973/+0.972  +0.000/-0.000
Done in 0.02 min (cpu), 0.04 min (real)

 --- MultiDimFit ---
Parameter impacts: 
  Parameter                         :   Best-fit               r            
  prop_binLFVScalarU_2017_llB1_bin2 :   +0.138  -0.972/+0.970  +0.001/-0.001
Done in 0.02 min (cpu), 0.03 min (real)
  Parameter                         :   Best-fit               r            
  prop_binLFVScalarU_2017_llB1_bin5 :   +0.002  -0.973/+0.975  -0.002/+0.002
Done in 0.02 min (cpu), 0.03 min (real)
  Parameter                         :   Best-fit               r            
  prop_binLFVScalarU_2017_llB1_bin1 :   -0.173  -0.981/+0.982  -0.005/+0.005
Done in 0.03 min (cpu), 0.04 min (real)
 <<< Combine >>> 
>>> including systematics
   Options for Robust Minimizer :: 
        Tolerance  0.1
        Strategy   0
        Type,Algo  Minuit2,Migrad
>>> method used is MultiDimFit
>>> random number generator seed is 123456

 --- MultiDimFit ---
Parameter impacts: 
  Parameter :   Best-fit               r            
  tW_norm   :   +0.030  -0.975/+0.971  -0.001/+0.001
Done in 0.03 min (cpu), 0.05 min (real)
RooArgSet:: = ()
RooArgSet:: = ()
Computing results starting from observation (a-posteriori)
Computing results starting from observation (a-posteriori)
RooArgSet:: = ()
Computing results starting from observation (a-posteriori)

 --- MultiDimFit ---
Parameter impacts: 

 --- MultiDimFit ---
Parameter impacts: 
  Parameter :   Best-fit               r            
  tt_Tune   :   +0.123  -0.771/+0.652  -0.006/-0.004
Done in 0.03 min (cpu), 0.05 min (real)
  Parameter :   Best-fit               r            
  tt_FSR    :   -0.312  -0.936/+1.015  +0.017/-0.010
Done in 0.03 min (cpu), 0.05 min (real)

 --- MultiDimFit ---
Parameter impacts: 
  Parameter :   Best-fit               r            
  tt_pdf    :   +0.028  -0.992/+0.992  +0.002/-0.002
Done in 0.02 min (cpu), 0.04 min (real)
RooArgSet:: = ()
Computing results starting from observation (a-posteriori)

 --- MultiDimFit ---
Parameter impacts: 
  Parameter :   Best-fit               r            
  udsgTagSF :   +0.027  -0.994/+0.994  -0.000/+0.000
Done in 0.03 min (cpu), 0.05 min (real)
>> combine -M MultiDimFit -n _paramFit_Test_Signal_ISR --algo impact --redefineSignalPOIs r -P Signal_ISR --floatOtherPOIs 1 --saveInactivePOI 1 --robustFit 1 --rMin -1 --rMax 1 -m 125 -d LFVScalarU_2017_llB1.root
>> combine -M MultiDimFit -n _paramFit_Test_Signal_QS --algo impact --redefineSignalPOIs r -P Signal_QS --floatOtherPOIs 1 --saveInactivePOI 1 --robustFit 1 --rMin -1 --rMax 1 -m 125 -d LFVScalarU_2017_llB1.root
>> combine -M MultiDimFit -n _paramFit_Test_Signal_pdf --algo impact --redefineSignalPOIs r -P Signal_pdf --floatOtherPOIs 1 --saveInactivePOI 1 --robustFit 1 --rMin -1 --rMax 1 -m 125 -d LFVScalarU_2017_llB1.root
>> combine -M MultiDimFit -n _paramFit_Test_jesPileUpPtEC1 --algo impact --redefineSignalPOIs r -P jesPileUpPtEC1 --floatOtherPOIs 1 --saveInactivePOI 1 --robustFit 1 --rMin -1 --rMax 1 -m 125 -d LFVScalarU_2017_llB1.root
>> combine -M MultiDimFit -n _paramFit_Test_jesPileUpPtEC2 --algo impact --redefineSignalPOIs r -P jesPileUpPtEC2 --floatOtherPOIs 1 --saveInactivePOI 1 --robustFit 1 --rMin -1 --rMax 1 -m 125 -d LFVScalarU_2017_llB1.root
>> combine -M MultiDimFit -n _paramFit_Test_jesPileUpPtHF --algo impact --redefineSignalPOIs r -P jesPileUpPtHF --floatOtherPOIs 1 --saveInactivePOI 1 --robustFit 1 --rMin -1 --rMax 1 -m 125 -d LFVScalarU_2017_llB1.root
>> combine -M MultiDimFit -n _paramFit_Test_prop_binLFVScalarU_2017_llB1_bin10 --algo impact --redefineSignalPOIs r -P prop_binLFVScalarU_2017_llB1_bin10 --floatOtherPOIs 1 --saveInactivePOI 1 --robustFit 1 --rMin -1 --rMax 1 -m 125 -d LFVScalarU_2017_llB1.root
>> combine -M MultiDimFit -n _paramFit_Test_prop_binLFVScalarU_2017_llB1_bin11 --algo impact --redefineSignalPOIs r -P prop_binLFVScalarU_2017_llB1_bin11 --floatOtherPOIs 1 --saveInactivePOI 1 --robustFit 1 --rMin -1 --rMax 1 -m 125 -d LFVScalarU_2017_llB1.root
>> combine -M MultiDimFit -n _paramFit_Test_prop_binLFVScalarU_2017_llB1_bin2 --algo impact --redefineSignalPOIs r -P prop_binLFVScalarU_2017_llB1_bin2 --floatOtherPOIs 1 --saveInactivePOI 1 --robustFit 1 --rMin -1 --rMax 1 -m 125 -d LFVScalarU_2017_llB1.root
>> combine -M MultiDimFit -n _paramFit_Test_electronScale --algo impact --redefineSignalPOIs r -P electronScale --floatOtherPOIs 1 --saveInactivePOI 1 --robustFit 1 --rMin -1 --rMax 1 -m 125 -d LFVScalarU_2017_llB1.root
>> combine -M MultiDimFit -n _paramFit_Test_jesAbsoluteMPFBias --algo impact --redefineSignalPOIs r -P jesAbsoluteMPFBias --floatOtherPOIs 1 --saveInactivePOI 1 --robustFit 1 --rMin -1 --rMax 1 -m 125 -d LFVScalarU_2017_llB1.root
>> combine -M MultiDimFit -n _paramFit_Test_jesAbsoluteScale --algo impact --redefineSignalPOIs r -P jesAbsoluteScale --floatOtherPOIs 1 --saveInactivePOI 1 --robustFit 1 --rMin -1 --rMax 1 -m 125 -d LFVScalarU_2017_llB1.root
>> combine -M MultiDimFit -n _paramFit_Test_jesPileUpPtRef --algo impact --redefineSignalPOIs r -P jesPileUpPtRef --floatOtherPOIs 1 --saveInactivePOI 1 --robustFit 1 --rMin -1 --rMax 1 -m 125 -d LFVScalarU_2017_llB1.root
>> combine -M MultiDimFit -n _paramFit_Test_jesRelativeBal --algo impact --redefineSignalPOIs r -P jesRelativeBal --floatOtherPOIs 1 --saveInactivePOI 1 --robustFit 1 --rMin -1 --rMax 1 -m 125 -d LFVScalarU_2017_llB1.root
>> combine -M MultiDimFit -n _paramFit_Test_jesRelativeFSR --algo impact --redefineSignalPOIs r -P jesRelativeFSR --floatOtherPOIs 1 --saveInactivePOI 1 --robustFit 1 --rMin -1 --rMax 1 -m 125 -d LFVScalarU_2017_llB1.root
>> combine -M MultiDimFit -n _paramFit_Test_prop_binLFVScalarU_2017_llB1_bin3 --algo impact --redefineSignalPOIs r -P prop_binLFVScalarU_2017_llB1_bin3 --floatOtherPOIs 1 --saveInactivePOI 1 --robustFit 1 --rMin -1 --rMax 1 -m 125 -d LFVScalarU_2017_llB1.root
>> combine -M MultiDimFit -n _paramFit_Test_prop_binLFVScalarU_2017_llB1_bin4 --algo impact --redefineSignalPOIs r -P prop_binLFVScalarU_2017_llB1_bin4 --floatOtherPOIs 1 --saveInactivePOI 1 --robustFit 1 --rMin -1 --rMax 1 -m 125 -d LFVScalarU_2017_llB1.root
>> combine -M MultiDimFit -n _paramFit_Test_prop_binLFVScalarU_2017_llB1_bin5 --algo impact --redefineSignalPOIs r -P prop_binLFVScalarU_2017_llB1_bin5 --floatOtherPOIs 1 --saveInactivePOI 1 --robustFit 1 --rMin -1 --rMax 1 -m 125 -d LFVScalarU_2017_llB1.root
>> combine -M MultiDimFit -n _paramFit_Test_Y2017jesRelativeJEREC1 --algo impact --redefineSignalPOIs r -P Y2017jesRelativeJEREC1 --floatOtherPOIs 1 --saveInactivePOI 1 --robustFit 1 --rMin -1 --rMax 1 -m 125 -d LFVScalarU_2017_llB1.root
>> combine -M MultiDimFit -n _paramFit_Test_Y2017jesRelativeJEREC2 --algo impact --redefineSignalPOIs r -P Y2017jesRelativeJEREC2 --floatOtherPOIs 1 --saveInactivePOI 1 --robustFit 1 --rMin -1 --rMax 1 -m 125 -d LFVScalarU_2017_llB1.root
>> combine -M MultiDimFit -n _paramFit_Test_Y2017jesRelativePtEC1 --algo impact --redefineSignalPOIs r -P Y2017jesRelativePtEC1 --floatOtherPOIs 1 --saveInactivePOI 1 --robustFit 1 --rMin -1 --rMax 1 -m 125 -d LFVScalarU_2017_llB1.root
>> combine -M MultiDimFit -n _paramFit_Test_jesFlavorQCD --algo impact --redefineSignalPOIs r -P jesFlavorQCD --floatOtherPOIs 1 --saveInactivePOI 1 --robustFit 1 --rMin -1 --rMax 1 -m 125 -d LFVScalarU_2017_llB1.root
>> combine -M MultiDimFit -n _paramFit_Test_jesFragmentation --algo impact --redefineSignalPOIs r -P jesFragmentation --floatOtherPOIs 1 --saveInactivePOI 1 --robustFit 1 --rMin -1 --rMax 1 -m 125 -d LFVScalarU_2017_llB1.root
>> combine -M MultiDimFit -n _paramFit_Test_jesPileUpPtBB --algo impact --redefineSignalPOIs r -P jesPileUpPtBB --floatOtherPOIs 1 --saveInactivePOI 1 --robustFit 1 --rMin -1 --rMax 1 -m 125 -d LFVScalarU_2017_llB1.root
>> combine -M MultiDimFit -n _paramFit_Test_muonScale --algo impact --redefineSignalPOIs r -P muonScale --floatOtherPOIs 1 --saveInactivePOI 1 --robustFit 1 --rMin -1 --rMax 1 -m 125 -d LFVScalarU_2017_llB1.root
>> combine -M MultiDimFit -n _paramFit_Test_prefiring --algo impact --redefineSignalPOIs r -P prefiring --floatOtherPOIs 1 --saveInactivePOI 1 --robustFit 1 --rMin -1 --rMax 1 -m 125 -d LFVScalarU_2017_llB1.root
>> combine -M MultiDimFit -n _paramFit_Test_prop_binLFVScalarU_2017_llB1_bin1 --algo impact --redefineSignalPOIs r -P prop_binLFVScalarU_2017_llB1_bin1 --floatOtherPOIs 1 --saveInactivePOI 1 --robustFit 1 --rMin -1 --rMax 1 -m 125 -d LFVScalarU_2017_llB1.root
>> combine -M MultiDimFit -n _paramFit_Test_Y2017bcTagSF --algo impact --redefineSignalPOIs r -P Y2017bcTagSF --floatOtherPOIs 1 --saveInactivePOI 1 --robustFit 1 --rMin -1 --rMax 1 -m 125 -d LFVScalarU_2017_llB1.root
>> combine -M MultiDimFit -n _paramFit_Test_Y2017jer --algo impact --redefineSignalPOIs r -P Y2017jer --floatOtherPOIs 1 --saveInactivePOI 1 --robustFit 1 --rMin -1 --rMax 1 -m 125 -d LFVScalarU_2017_llB1.root
>> combine -M MultiDimFit -n _paramFit_Test_Y2017jesAbsoluteStat --algo impact --redefineSignalPOIs r -P Y2017jesAbsoluteStat --floatOtherPOIs 1 --saveInactivePOI 1 --robustFit 1 --rMin -1 --rMax 1 -m 125 -d LFVScalarU_2017_llB1.root
>> combine -M MultiDimFit -n _paramFit_Test_muIdSf --algo impact --redefineSignalPOIs r -P muIdSf --floatOtherPOIs 1 --saveInactivePOI 1 --robustFit 1 --rMin -1 --rMax 1 -m 125 -d LFVScalarU_2017_llB1.root
>> combine -M MultiDimFit -n _paramFit_Test_muIsoSf --algo impact --redefineSignalPOIs r -P muIsoSf --floatOtherPOIs 1 --saveInactivePOI 1 --robustFit 1 --rMin -1 --rMax 1 -m 125 -d LFVScalarU_2017_llB1.root
>> combine -M MultiDimFit -n _paramFit_Test_muonRes --algo impact --redefineSignalPOIs r -P muonRes --floatOtherPOIs 1 --saveInactivePOI 1 --robustFit 1 --rMin -1 --rMax 1 -m 125 -d LFVScalarU_2017_llB1.root
>> combine -M MultiDimFit -n _paramFit_Test_prop_binLFVScalarU_2017_llB1_bin9 --algo impact --redefineSignalPOIs r -P prop_binLFVScalarU_2017_llB1_bin9 --floatOtherPOIs 1 --saveInactivePOI 1 --robustFit 1 --rMin -1 --rMax 1 -m 125 -d LFVScalarU_2017_llB1.root
>> combine -M MultiDimFit -n _paramFit_Test_pu --algo impact --redefineSignalPOIs r -P pu --floatOtherPOIs 1 --saveInactivePOI 1 --robustFit 1 --rMin -1 --rMax 1 -m 125 -d LFVScalarU_2017_llB1.root
>> combine -M MultiDimFit -n _paramFit_Test_tW_norm --algo impact --redefineSignalPOIs r -P tW_norm --floatOtherPOIs 1 --saveInactivePOI 1 --robustFit 1 --rMin -1 --rMax 1 -m 125 -d LFVScalarU_2017_llB1.root
>> combine -M MultiDimFit -n _paramFit_Test_Y2017unclusMET --algo impact --redefineSignalPOIs r -P Y2017unclusMET --floatOtherPOIs 1 --saveInactivePOI 1 --robustFit 1 --rMin -1 --rMax 1 -m 125 -d LFVScalarU_2017_llB1.root
>> combine -M MultiDimFit -n _paramFit_Test_eleIDSf --algo impact --redefineSignalPOIs r -P eleIDSf --floatOtherPOIs 1 --saveInactivePOI 1 --robustFit 1 --rMin -1 --rMax 1 -m 125 -d LFVScalarU_2017_llB1.root
>> combine -M MultiDimFit -n _paramFit_Test_eleRecoSf --algo impact --redefineSignalPOIs r -P eleRecoSf --floatOtherPOIs 1 --saveInactivePOI 1 --robustFit 1 --rMin -1 --rMax 1 -m 125 -d LFVScalarU_2017_llB1.root
>> combine -M MultiDimFit -n _paramFit_Test_lumiBBDef --algo impact --redefineSignalPOIs r -P lumiBBDef --floatOtherPOIs 1 --saveInactivePOI 1 --robustFit 1 --rMin -1 --rMax 1 -m 125 -d LFVScalarU_2017_llB1.root
>> combine -M MultiDimFit -n _paramFit_Test_lumiBeamCC --algo impact --redefineSignalPOIs r -P lumiBeamCC --floatOtherPOIs 1 --saveInactivePOI 1 --robustFit 1 --rMin -1 --rMax 1 -m 125 -d LFVScalarU_2017_llB1.root
>> combine -M MultiDimFit -n _paramFit_Test_lumiDynamicB --algo impact --redefineSignalPOIs r -P lumiDynamicB --floatOtherPOIs 1 --saveInactivePOI 1 --robustFit 1 --rMin -1 --rMax 1 -m 125 -d LFVScalarU_2017_llB1.root
>> combine -M MultiDimFit -n _paramFit_Test_trigSF --algo impact --redefineSignalPOIs r -P trigSF --floatOtherPOIs 1 --saveInactivePOI 1 --robustFit 1 --rMin -1 --rMax 1 -m 125 -d LFVScalarU_2017_llB1.root
>> combine -M MultiDimFit -n _paramFit_Test_tt_CR --algo impact --redefineSignalPOIs r -P tt_CR --floatOtherPOIs 1 --saveInactivePOI 1 --robustFit 1 --rMin -1 --rMax 1 -m 125 -d LFVScalarU_2017_llB1.root
>> combine -M MultiDimFit -n _paramFit_Test_tt_FSR --algo impact --redefineSignalPOIs r -P tt_FSR --floatOtherPOIs 1 --saveInactivePOI 1 --robustFit 1 --rMin -1 --rMax 1 -m 125 -d LFVScalarU_2017_llB1.root
>> combine -M MultiDimFit -n _paramFit_Test_Y2017jesRelativeStatFSR --algo impact --redefineSignalPOIs r -P Y2017jesRelativeStatFSR --floatOtherPOIs 1 --saveInactivePOI 1 --robustFit 1 --rMin -1 --rMax 1 -m 125 -d LFVScalarU_2017_llB1.root
>> combine -M MultiDimFit -n _paramFit_Test_Y2017jesRelativeStatHF --algo impact --redefineSignalPOIs r -P Y2017jesRelativeStatHF --floatOtherPOIs 1 --saveInactivePOI 1 --robustFit 1 --rMin -1 --rMax 1 -m 125 -d LFVScalarU_2017_llB1.root
>> combine -M MultiDimFit -n _paramFit_Test_Y2017jesTimePtEta --algo impact --redefineSignalPOIs r -P Y2017jesTimePtEta --floatOtherPOIs 1 --saveInactivePOI 1 --robustFit 1 --rMin -1 --rMax 1 -m 125 -d LFVScalarU_2017_llB1.root
>> combine -M MultiDimFit -n _paramFit_Test_jesRelativeJERHF --algo impact --redefineSignalPOIs r -P jesRelativeJERHF --floatOtherPOIs 1 --saveInactivePOI 1 --robustFit 1 --rMin -1 --rMax 1 -m 125 -d LFVScalarU_2017_llB1.root
>> combine -M MultiDimFit -n _paramFit_Test_jesRelativePtBB --algo impact --redefineSignalPOIs r -P jesRelativePtBB --floatOtherPOIs 1 --saveInactivePOI 1 --robustFit 1 --rMin -1 --rMax 1 -m 125 -d LFVScalarU_2017_llB1.root
>> combine -M MultiDimFit -n _paramFit_Test_jesRelativePtHF --algo impact --redefineSignalPOIs r -P jesRelativePtHF --floatOtherPOIs 1 --saveInactivePOI 1 --robustFit 1 --rMin -1 --rMax 1 -m 125 -d LFVScalarU_2017_llB1.root
>> combine -M MultiDimFit -n _paramFit_Test_tt_ISR --algo impact --redefineSignalPOIs r -P tt_ISR --floatOtherPOIs 1 --saveInactivePOI 1 --robustFit 1 --rMin -1 --rMax 1 -m 125 -d LFVScalarU_2017_llB1.root
>> combine -M MultiDimFit -n _paramFit_Test_tt_QS --algo impact --redefineSignalPOIs r -P tt_QS --floatOtherPOIs 1 --saveInactivePOI 1 --robustFit 1 --rMin -1 --rMax 1 -m 125 -d LFVScalarU_2017_llB1.root
>> combine -M MultiDimFit -n _paramFit_Test_tt_Tune --algo impact --redefineSignalPOIs r -P tt_Tune --floatOtherPOIs 1 --saveInactivePOI 1 --robustFit 1 --rMin -1 --rMax 1 -m 125 -d LFVScalarU_2017_llB1.root
>> combine -M MultiDimFit -n _paramFit_Test_Y2017jesRelativePtEC2 --algo impact --redefineSignalPOIs r -P Y2017jesRelativePtEC2 --floatOtherPOIs 1 --saveInactivePOI 1 --robustFit 1 --rMin -1 --rMax 1 -m 125 -d LFVScalarU_2017_llB1.root
>> combine -M MultiDimFit -n _paramFit_Test_Y2017jesRelativeSample --algo impact --redefineSignalPOIs r -P Y2017jesRelativeSample --floatOtherPOIs 1 --saveInactivePOI 1 --robustFit 1 --rMin -1 --rMax 1 -m 125 -d LFVScalarU_2017_llB1.root
>> combine -M MultiDimFit -n _paramFit_Test_Y2017jesRelativeStatEC --algo impact --redefineSignalPOIs r -P Y2017jesRelativeStatEC --floatOtherPOIs 1 --saveInactivePOI 1 --robustFit 1 --rMin -1 --rMax 1 -m 125 -d LFVScalarU_2017_llB1.root
>> combine -M MultiDimFit -n _paramFit_Test_jesRelativeStatFSR --algo impact --redefineSignalPOIs r -P jesRelativeStatFSR --floatOtherPOIs 1 --saveInactivePOI 1 --robustFit 1 --rMin -1 --rMax 1 -m 125 -d LFVScalarU_2017_llB1.root
>> combine -M MultiDimFit -n _paramFit_Test_jesRelativeStatHF --algo impact --redefineSignalPOIs r -P jesRelativeStatHF --floatOtherPOIs 1 --saveInactivePOI 1 --robustFit 1 --rMin -1 --rMax 1 -m 125 -d LFVScalarU_2017_llB1.root
>> combine -M MultiDimFit -n _paramFit_Test_lumi2017 --algo impact --redefineSignalPOIs r -P lumi2017 --floatOtherPOIs 1 --saveInactivePOI 1 --robustFit 1 --rMin -1 --rMax 1 -m 125 -d LFVScalarU_2017_llB1.root
>> combine -M MultiDimFit -n _paramFit_Test_tt_hdamp --algo impact --redefineSignalPOIs r -P tt_hdamp --floatOtherPOIs 1 --saveInactivePOI 1 --robustFit 1 --rMin -1 --rMax 1 -m 125 -d LFVScalarU_2017_llB1.root
>> combine -M MultiDimFit -n _paramFit_Test_tt_norm --algo impact --redefineSignalPOIs r -P tt_norm --floatOtherPOIs 1 --saveInactivePOI 1 --robustFit 1 --rMin -1 --rMax 1 -m 125 -d LFVScalarU_2017_llB1.root
>> combine -M MultiDimFit -n _paramFit_Test_tt_pdf --algo impact --redefineSignalPOIs r -P tt_pdf --floatOtherPOIs 1 --saveInactivePOI 1 --robustFit 1 --rMin -1 --rMax 1 -m 125 -d LFVScalarU_2017_llB1.root
>> combine -M MultiDimFit -n _paramFit_Test_DY_norm --algo impact --redefineSignalPOIs r -P DY_norm --floatOtherPOIs 1 --saveInactivePOI 1 --robustFit 1 --rMin -1 --rMax 1 -m 125 -d LFVScalarU_2017_llB1.root
>> combine -M MultiDimFit -n _paramFit_Test_Other_norm --algo impact --redefineSignalPOIs r -P Other_norm --floatOtherPOIs 1 --saveInactivePOI 1 --robustFit 1 --rMin -1 --rMax 1 -m 125 -d LFVScalarU_2017_llB1.root
>> combine -M MultiDimFit -n _paramFit_Test_Signal_FSR --algo impact --redefineSignalPOIs r -P Signal_FSR --floatOtherPOIs 1 --saveInactivePOI 1 --robustFit 1 --rMin -1 --rMax 1 -m 125 -d LFVScalarU_2017_llB1.root
>> combine -M MultiDimFit -n _paramFit_Test_lumiGhostS --algo impact --redefineSignalPOIs r -P lumiGhostS --floatOtherPOIs 1 --saveInactivePOI 1 --robustFit 1 --rMin -1 --rMax 1 -m 125 -d LFVScalarU_2017_llB1.root
>> combine -M MultiDimFit -n _paramFit_Test_lumiLengthS --algo impact --redefineSignalPOIs r -P lumiLengthS --floatOtherPOIs 1 --saveInactivePOI 1 --robustFit 1 --rMin -1 --rMax 1 -m 125 -d LFVScalarU_2017_llB1.root
>> combine -M MultiDimFit -n _paramFit_Test_lumiXY --algo impact --redefineSignalPOIs r -P lumiXY --floatOtherPOIs 1 --saveInactivePOI 1 --robustFit 1 --rMin -1 --rMax 1 -m 125 -d LFVScalarU_2017_llB1.root
>> combine -M MultiDimFit -n _paramFit_Test_prop_binLFVScalarU_2017_llB1_bin6 --algo impact --redefineSignalPOIs r -P prop_binLFVScalarU_2017_llB1_bin6 --floatOtherPOIs 1 --saveInactivePOI 1 --robustFit 1 --rMin -1 --rMax 1 -m 125 -d LFVScalarU_2017_llB1.root
>> combine -M MultiDimFit -n _paramFit_Test_prop_binLFVScalarU_2017_llB1_bin7 --algo impact --redefineSignalPOIs r -P prop_binLFVScalarU_2017_llB1_bin7 --floatOtherPOIs 1 --saveInactivePOI 1 --robustFit 1 --rMin -1 --rMax 1 -m 125 -d LFVScalarU_2017_llB1.root
>> combine -M MultiDimFit -n _paramFit_Test_prop_binLFVScalarU_2017_llB1_bin8 --algo impact --redefineSignalPOIs r -P prop_binLFVScalarU_2017_llB1_bin8 --floatOtherPOIs 1 --saveInactivePOI 1 --robustFit 1 --rMin -1 --rMax 1 -m 125 -d LFVScalarU_2017_llB1.root
>> combine -M MultiDimFit -n _paramFit_Test_udsgTagSF --algo impact --redefineSignalPOIs r -P udsgTagSF --floatOtherPOIs 1 --saveInactivePOI 1 --robustFit 1 --rMin -1 --rMax 1 -m 125 -d LFVScalarU_2017_llB1.root
Have POIs: ['r']
Have parameters: 73
File higgsCombine_paramFit_Test_Y2017jesRelativePtEC1.MultiDimFit.mH125.root did not contain a sufficient number of entries, skipping
Missing inputs: Y2017jesRelativePtEC1
>> Doing page 0, have 30 parameters
