Channel LFVVecU_2017_llB1 will use autoMCStats with settings: event-threshold=10, include-signal=0, hist-mode=1
============================================================
Analysing bin errors for: prop_binLFVVecU_2017_llB1
Poisson cut-off: 10
Processes excluded for sums: LFVTtVecU LFVStVecU
============================================================
Bin        Contents        Error           Notes                         
0          0.000000        0.000000        total sum                     
0          0.000000        0.000000        excluding marked processes    
  => Error is zero, ignore      
------------------------------------------------------------
1          20000.360014    65.116689       total sum                     
1          19995.129845    65.116689       excluding marked processes    
1          94290.000000    307.066768      Unweighted events, alpha=0.212115
  => Total parameter prop_binLFVVecU_2017_llB1_bin1[0.00,-7.00,7.00] to be gaussian constrained
------------------------------------------------------------
2          40314.123695    78.190905       total sum                     
2          40286.378403    78.190905       excluding marked processes    
2          265463.000000   515.231016      Unweighted events, alpha=0.151863
  => Total parameter prop_binLFVVecU_2017_llB1_bin2[0.00,-7.00,7.00] to be gaussian constrained
------------------------------------------------------------
3          39527.643621    66.772628       total sum                     
3          39470.366379    66.772628       excluding marked processes    
3          349418.000000   591.115894      Unweighted events, alpha=0.113124
  => Total parameter prop_binLFVVecU_2017_llB1_bin3[0.00,-7.00,7.00] to be gaussian constrained
------------------------------------------------------------
4          26209.223785    50.734946       total sum                     
4          26114.218552    50.734946       excluding marked processes    
4          264935.000000   514.718370      Unweighted events, alpha=0.098927
  => Total parameter prop_binLFVVecU_2017_llB1_bin4[0.00,-7.00,7.00] to be gaussian constrained
------------------------------------------------------------
5          15420.018314    37.169343       total sum                     
5          15243.174572    37.169343       excluding marked processes    
5          168183.000000   410.101207      Unweighted events, alpha=0.091686
  => Total parameter prop_binLFVVecU_2017_llB1_bin5[0.00,-7.00,7.00] to be gaussian constrained
------------------------------------------------------------
6          10355.392929    27.995056       total sum                     
6          9989.092381     27.995056       excluding marked processes    
6          127318.000000   356.816479      Unweighted events, alpha=0.081335
  => Total parameter prop_binLFVVecU_2017_llB1_bin6[0.00,-7.00,7.00] to be gaussian constrained
------------------------------------------------------------
7          5294.570257     20.817966       total sum                     
7          4683.656914     20.817966       excluding marked processes    
7          50617.000000    224.982222      Unweighted events, alpha=0.104601
  => Total parameter prop_binLFVVecU_2017_llB1_bin7[0.00,-7.00,7.00] to be gaussian constrained
------------------------------------------------------------
8          3213.686153     13.213557       total sum                     
8          2412.860552     13.213557       excluding marked processes    
8          33345.000000    182.606134      Unweighted events, alpha=0.096377
  => Total parameter prop_binLFVVecU_2017_llB1_bin8[0.00,-7.00,7.00] to be gaussian constrained
------------------------------------------------------------
9          1768.928701     9.842787        total sum                     
9          932.354877      9.842787        excluding marked processes    
9          8973.000000     94.725920       Unweighted events, alpha=0.197139
  => Total parameter prop_binLFVVecU_2017_llB1_bin9[0.00,-7.00,7.00] to be gaussian constrained
------------------------------------------------------------
10         1197.112242     4.780866        total sum                     
10         323.035432      4.780866        excluding marked processes    
10         4565.000000     67.564784       Unweighted events, alpha=0.262237
  => Total parameter prop_binLFVVecU_2017_llB1_bin10[0.00,-7.00,7.00] to be gaussian constrained
------------------------------------------------------------
11         917.273357      2.988579        total sum                     
11         121.668382      2.988579        excluding marked processes    
11         1657.000000     40.706265       Unweighted events, alpha=0.553575
  => Total parameter prop_binLFVVecU_2017_llB1_bin11[0.00,-7.00,7.00] to be gaussian constrained
------------------------------------------------------------
12         0.000000        0.000000        total sum                     
12         0.000000        0.000000        excluding marked processes    
  => Error is zero, ignore      
------------------------------------------------------------
Have POIs: ['r']
 <<< Combine >>> 
>>> including systematics
   Options for Robust Minimizer :: 
        Tolerance  0.1
        Strategy   0
        Type,Algo  Minuit2,Migrad
>>> method used is MultiDimFit
>>> random number generator seed is 123456
RooArgSet:: = ()
Computing results starting from expected outcome (a-priori)

 --- MultiDimFit ---
best fit parameter values and profile-likelihood uncertainties: 
   r :    +1.000   -0.066/+0.075 (68%)
Done in 0.10 min (cpu), 0.10 min (real)
>> combine -M MultiDimFit -n _initialFit_Test --algo singles --redefineSignalPOIs r --robustFit 1 --rMin -3 --rMax 3 -t -1 --expectSignal=1 -m 125 -d LFVVecU_2017_llB1.root
Have POIs: ['r']
Have parameters: 73
 <<< Combine >>> 
 <<< Combine >>> 
>>> including systematics
   Options for Robust Minimizer :: 
        Tolerance  0.1
        Strategy   0
        Type,Algo  Minuit2,Migrad
>>> method used is MultiDimFit
>>> random number generator seed is 123456
>>> including systematics
   Options for Robust Minimizer :: 
        Tolerance  0.1
        Strategy   0
        Type,Algo  Minuit2,Migrad
>>> method used is MultiDimFit
>>> random number generator seed is 123456
 <<< Combine >>> 
>>> including systematics
   Options for Robust Minimizer :: 
        Tolerance  0.1
        Strategy   0
        Type,Algo  Minuit2,Migrad
>>> method used is MultiDimFit
>>> random number generator seed is 123456
 <<< Combine >>> 
>>> including systematics
   Options for Robust Minimizer :: 
        Tolerance  0.1
        Strategy   0
        Type,Algo  Minuit2,Migrad
>>> method used is MultiDimFit
>>> random number generator seed is 123456
 <<< Combine >>> 
>>> including systematics
   Options for Robust Minimizer :: 
        Tolerance  0.1
        Strategy   0
        Type,Algo  Minuit2,Migrad
>>> method used is MultiDimFit
>>> random number generator seed is 123456
 <<< Combine >>> 
 <<< Combine >>> 
>>> including systematics
   Options for Robust Minimizer :: 
        Tolerance  0.1
        Strategy   0
        Type,Algo  Minuit2,Migrad
>>> method used is MultiDimFit
>>> random number generator seed is 123456
>>> including systematics
   Options for Robust Minimizer :: 
        Tolerance  0.1
        Strategy   0
        Type,Algo  Minuit2,Migrad
>>> method used is MultiDimFit
>>> random number generator seed is 123456
 <<< Combine >>> 
>>> including systematics
   Options for Robust Minimizer :: 
        Tolerance  0.1
        Strategy   0
        Type,Algo  Minuit2,Migrad
>>> method used is MultiDimFit
>>> random number generator seed is 123456
RooArgSet:: = ()
RooArgSet:: = ()
Computing results starting from expected outcome (a-priori)
Computing results starting from expected outcome (a-priori)
RooArgSet:: = ()
Computing results starting from expected outcome (a-priori)
RooArgSet:: = ()
RooArgSet:: = ()
Computing results starting from expected outcome (a-priori)
Computing results starting from expected outcome (a-priori)
RooArgSet:: = ()
Computing results starting from expected outcome (a-priori)
RooArgSet:: = ()
Computing results starting from expected outcome (a-priori)
RooArgSet:: = ()
Computing results starting from expected outcome (a-priori)

 --- MultiDimFit ---
Parameter impacts: 
  Parameter  :   Best-fit               r            
  Signal_ISR :   -0.000  -0.993/+0.993  +0.005/-0.005
Done in 0.06 min (cpu), 0.09 min (real)

 --- MultiDimFit ---
Parameter impacts: 
 <<< Combine >>> 
>>> including systematics
   Options for Robust Minimizer :: 
        Tolerance  0.1
        Strategy   0
        Type,Algo  Minuit2,Migrad
>>> method used is MultiDimFit
>>> random number generator seed is 123456

 --- MultiDimFit ---
Parameter impacts: 
  Parameter :   Best-fit               r            
  DY_norm   :   +0.000  -0.973/+0.952  -0.007/+0.011
Done in 0.07 min (cpu), 0.11 min (real)

 --- MultiDimFit ---
Parameter impacts: 
  Parameter               :   Best-fit               r            
  Y2017jesRelativeStatFSR :   -0.000  -0.994/+0.993  -0.000/-0.000
Done in 0.07 min (cpu), 0.11 min (real)

 --- MultiDimFit ---
Parameter impacts: 
 <<< Combine >>> 
>>> including systematics
   Options for Robust Minimizer :: 
        Tolerance  0.1
        Strategy   0
        Type,Algo  Minuit2,Migrad
>>> method used is MultiDimFit
>>> random number generator seed is 123456

 --- MultiDimFit ---
Parameter impacts: 

 --- MultiDimFit ---
Parameter impacts: 
 <<< Combine >>> 
>>> including systematics
   Options for Robust Minimizer :: 
        Tolerance  0.1
        Strategy   0
        Type,Algo  Minuit2,Migrad
>>> method used is MultiDimFit
>>> random number generator seed is 123456
  Parameter     :   Best-fit               r            
  electronScale :   +0.000  -0.984/+0.986  +0.007/-0.006
Done in 0.08 min (cpu), 0.12 min (real)
 <<< Combine >>> 
>>> including systematics
   Options for Robust Minimizer :: 
        Tolerance  0.1
        Strategy   0
        Type,Algo  Minuit2,Migrad
>>> method used is MultiDimFit
>>> random number generator seed is 123456

 --- MultiDimFit ---
Parameter impacts: 
  Parameter      :   Best-fit               r            
  Y2017unclusMET :   +0.000  -0.940/+0.868  -0.008/+0.013
Done in 0.07 min (cpu), 0.11 min (real)
  Parameter              :   Best-fit               r            
  Y2017jesRelativeJEREC1 :   +0.000  -0.993/+0.993  -0.000/-0.001
Done in 0.07 min (cpu), 0.12 min (real)
 <<< Combine >>> 
>>> including systematics
   Options for Robust Minimizer :: 
        Tolerance  0.1
        Strategy   0
        Type,Algo  Minuit2,Migrad
>>> method used is MultiDimFit
>>> random number generator seed is 123456
 <<< Combine >>> 
>>> including systematics
   Options for Robust Minimizer :: 
        Tolerance  0.1
        Strategy   0
        Type,Algo  Minuit2,Migrad
>>> method used is MultiDimFit
>>> random number generator seed is 123456
  Parameter    :   Best-fit               r            
  Y2017bcTagSF :   -0.000  -0.868/+0.866  +0.026/-0.023
Done in 0.08 min (cpu), 0.14 min (real)
 <<< Combine >>> 
>>> including systematics
   Options for Robust Minimizer :: 
        Tolerance  0.1
        Strategy   0
        Type,Algo  Minuit2,Migrad
>>> method used is MultiDimFit
>>> random number generator seed is 123456
  Parameter             :   Best-fit               r            
  Y2017jesRelativePtEC2 :   +0.000  -0.994/+0.994  +0.000/+0.000
Done in 0.08 min (cpu), 0.12 min (real)
 <<< Combine >>> 
>>> including systematics
   Options for Robust Minimizer :: 
        Tolerance  0.1
        Strategy   0
        Type,Algo  Minuit2,Migrad
>>> method used is MultiDimFit
>>> random number generator seed is 123456
RooArgSet:: = ()
Computing results starting from expected outcome (a-priori)
RooArgSet:: = ()
Computing results starting from expected outcome (a-priori)
RooArgSet:: = ()
Computing results starting from expected outcome (a-priori)
RooArgSet:: = ()
RooArgSet:: = ()
RooArgSet:: = ()
RooArgSet:: = ()
RooArgSet:: = ()
Computing results starting from expected outcome (a-priori)
Computing results starting from expected outcome (a-priori)
Computing results starting from expected outcome (a-priori)
Computing results starting from expected outcome (a-priori)
Computing results starting from expected outcome (a-priori)

 --- MultiDimFit ---
Parameter impacts: 
  Parameter :   Best-fit               r            
  Signal_QS :   -0.000  -0.993/+0.994  +0.007/-0.008
Done in 0.08 min (cpu), 0.15 min (real)

 --- MultiDimFit ---
Parameter impacts: 
 <<< Combine >>> 
>>> including systematics
   Options for Robust Minimizer :: 
        Tolerance  0.1
        Strategy   0
        Type,Algo  Minuit2,Migrad
>>> method used is MultiDimFit
>>> random number generator seed is 123456
  Parameter              :   Best-fit               r            
  Y2017jesRelativeStatHF :   +0.000  -0.994/+0.994  +0.000/+0.000
Done in 0.08 min (cpu), 0.17 min (real)

 --- MultiDimFit ---
Parameter impacts: 
 <<< Combine >>> 
>>> including systematics
   Options for Robust Minimizer :: 
        Tolerance  0.1
        Strategy   0
        Type,Algo  Minuit2,Migrad
>>> method used is MultiDimFit
>>> random number generator seed is 123456

 --- MultiDimFit ---
Parameter impacts: 
  Parameter  :   Best-fit               r            
  Other_norm :   +0.000  -0.992/+0.991  -0.001/+0.001
Done in 0.09 min (cpu), 0.19 min (real)

 --- MultiDimFit ---
Parameter impacts: 
 <<< Combine >>> 
>>> including systematics
   Options for Robust Minimizer :: 
        Tolerance  0.1
        Strategy   0
        Type,Algo  Minuit2,Migrad
>>> method used is MultiDimFit
>>> random number generator seed is 123456

 --- MultiDimFit ---
Parameter impacts: 
  Parameter              :   Best-fit               r            
  Y2017jesRelativeSample :   -0.000  -0.985/+0.981  -0.001/+0.002
Done in 0.08 min (cpu), 0.18 min (real)
  Parameter              :   Best-fit               r            
  Y2017jesRelativeJEREC2 :   +0.000  -0.994/+0.994  +0.000/+0.000
Done in 0.08 min (cpu), 0.18 min (real)
 <<< Combine >>> 
>>> including systematics
   Options for Robust Minimizer :: 
        Tolerance  0.1
        Strategy   0
        Type,Algo  Minuit2,Migrad
>>> method used is MultiDimFit
>>> random number generator seed is 123456
 <<< Combine >>> 
>>> including systematics
   Options for Robust Minimizer :: 
        Tolerance  0.1
        Strategy   0
        Type,Algo  Minuit2,Migrad
>>> method used is MultiDimFit
>>> random number generator seed is 123456

 --- MultiDimFit ---
Parameter impacts: 
  Parameter :   Best-fit               r            
  eleIDSf   :   +0.000  -0.911/+0.914  +0.047/-0.043
Done in 0.09 min (cpu), 0.21 min (real)
 <<< Combine >>> 
>>> including systematics
   Options for Robust Minimizer :: 
        Tolerance  0.1
        Strategy   0
        Type,Algo  Minuit2,Migrad
>>> method used is MultiDimFit
>>> random number generator seed is 123456
  Parameter          :   Best-fit               r            
  jesAbsoluteMPFBias :   +0.000  -0.939/+0.984  +0.002/-0.001
Done in 0.10 min (cpu), 0.22 min (real)

 --- MultiDimFit ---
Parameter impacts: 
 <<< Combine >>> 
>>> including systematics
   Options for Robust Minimizer :: 
        Tolerance  0.1
        Strategy   0
        Type,Algo  Minuit2,Migrad
>>> method used is MultiDimFit
>>> random number generator seed is 123456
  Parameter :   Best-fit               r            
  Y2017jer  :   +0.000  -0.590/+0.721  -0.002/+0.005
Done in 0.11 min (cpu), 0.27 min (real)
 <<< Combine >>> 
>>> including systematics
   Options for Robust Minimizer :: 
        Tolerance  0.1
        Strategy   0
        Type,Algo  Minuit2,Migrad
>>> method used is MultiDimFit
>>> random number generator seed is 123456
RooArgSet:: = ()
Computing results starting from expected outcome (a-priori)
RooArgSet:: = ()
Computing results starting from expected outcome (a-priori)
RooArgSet:: = ()
Computing results starting from expected outcome (a-priori)
RooArgSet:: = ()
Computing results starting from expected outcome (a-priori)
RooArgSet:: = ()
RooArgSet:: = ()
Computing results starting from expected outcome (a-priori)
Computing results starting from expected outcome (a-priori)

 --- MultiDimFit ---
Parameter impacts: 
  Parameter  :   Best-fit               r            
  Signal_pdf :   -0.000  -0.993/+0.993  +0.006/-0.006
Done in 0.08 min (cpu), 0.22 min (real)
 <<< Combine >>> 
>>> including systematics
   Options for Robust Minimizer :: 
        Tolerance  0.1
        Strategy   0
        Type,Algo  Minuit2,Migrad
>>> method used is MultiDimFit
>>> random number generator seed is 123456

 --- MultiDimFit ---
Parameter impacts: 
RooArgSet:: = ()
Computing results starting from expected outcome (a-priori)
  Parameter         :   Best-fit               r            
  Y2017jesTimePtEta :   +0.000  -0.985/+0.985  +0.000/-0.002
Done in 0.09 min (cpu), 0.22 min (real)
 <<< Combine >>> 
>>> including systematics
   Options for Robust Minimizer :: 
        Tolerance  0.1
        Strategy   0
        Type,Algo  Minuit2,Migrad
>>> method used is MultiDimFit
>>> random number generator seed is 123456
RooArgSet:: = ()
Computing results starting from expected outcome (a-priori)

 --- MultiDimFit ---
Parameter impacts: 
  Parameter  :   Best-fit               r            
  Signal_FSR :   -0.000  -0.990/+0.990  +0.019/-0.011
Done in 0.09 min (cpu), 0.19 min (real)

 --- MultiDimFit ---
Parameter impacts: 
 <<< Combine >>> 
>>> including systematics
   Options for Robust Minimizer :: 
        Tolerance  0.1
        Strategy   0
        Type,Algo  Minuit2,Migrad
>>> method used is MultiDimFit
>>> random number generator seed is 123456
  Parameter             :   Best-fit               r            
  Y2017jesRelativePtEC1 :   +0.000  -0.989/+0.991  +0.000/-0.002
Done in 0.10 min (cpu), 0.24 min (real)
 <<< Combine >>> 

 --- MultiDimFit ---
Parameter impacts: 

 --- MultiDimFit ---
Parameter impacts: 
>>> including systematics
   Options for Robust Minimizer :: 
        Tolerance  0.1
        Strategy   0
        Type,Algo  Minuit2,Migrad
>>> method used is MultiDimFit
>>> random number generator seed is 123456
  Parameter :   Best-fit               r            
  eleRecoSf :   +0.000  -0.992/+0.991  +0.001/-0.001
Done in 0.08 min (cpu), 0.30 min (real)
  Parameter              :   Best-fit               r            
  Y2017jesRelativeStatEC :   -0.000  -0.988/+0.987  -0.001/+0.000
Done in 0.08 min (cpu), 0.30 min (real)
 <<< Combine >>> 
>>> including systematics
   Options for Robust Minimizer :: 
        Tolerance  0.1
        Strategy   0
        Type,Algo  Minuit2,Migrad
>>> method used is MultiDimFit
>>> random number generator seed is 123456
 <<< Combine >>> 
>>> including systematics
   Options for Robust Minimizer :: 
        Tolerance  0.1
        Strategy   0
        Type,Algo  Minuit2,Migrad
>>> method used is MultiDimFit
>>> random number generator seed is 123456

 --- MultiDimFit ---
Parameter impacts: 
  Parameter        :   Best-fit               r            
  jesAbsoluteScale :   -0.000  -0.989/+0.992  +0.001/+0.000
Done in 0.07 min (cpu), 0.27 min (real)
 <<< Combine >>> 
>>> including systematics
   Options for Robust Minimizer :: 
        Tolerance  0.1
        Strategy   0
        Type,Algo  Minuit2,Migrad
>>> method used is MultiDimFit
>>> random number generator seed is 123456

 --- MultiDimFit ---
Parameter impacts: 
  Parameter            :   Best-fit               r            
  Y2017jesAbsoluteStat :   -0.000  -0.994/+0.994  +0.000/-0.000
Done in 0.09 min (cpu), 0.30 min (real)
 <<< Combine >>> 
>>> including systematics
   Options for Robust Minimizer :: 
        Tolerance  0.1
        Strategy   0
        Type,Algo  Minuit2,Migrad
>>> method used is MultiDimFit
>>> random number generator seed is 123456
RooArgSet:: = ()
Computing results starting from expected outcome (a-priori)
RooArgSet:: = ()
Computing results starting from expected outcome (a-priori)
RooArgSet:: = ()
RooArgSet:: = ()
Computing results starting from expected outcome (a-priori)
Computing results starting from expected outcome (a-priori)
RooArgSet:: = ()
Computing results starting from expected outcome (a-priori)
RooArgSet:: = ()
Computing results starting from expected outcome (a-priori)

 --- MultiDimFit ---
Parameter impacts: 
RooArgSet:: = ()
Computing results starting from expected outcome (a-priori)
  Parameter    :   Best-fit               r            
  jesFlavorQCD :   +0.000  -0.853/+0.867  +0.017/-0.012
Done in 0.09 min (cpu), 0.25 min (real)
RooArgSet:: = ()
Computing results starting from expected outcome (a-priori)
 <<< Combine >>> 
>>> including systematics
   Options for Robust Minimizer :: 
        Tolerance  0.1
        Strategy   0
        Type,Algo  Minuit2,Migrad
>>> method used is MultiDimFit
>>> random number generator seed is 123456

 --- MultiDimFit ---

 --- MultiDimFit ---
Parameter impacts: 
Parameter impacts: 

 --- MultiDimFit ---

 --- MultiDimFit ---
Parameter impacts: 
Parameter impacts: 

 --- MultiDimFit ---
Parameter impacts: 
  Parameter          :   Best-fit               r            
  jesRelativeStatFSR :   -0.000  -0.994/+0.992  -0.000/-0.000
Done in 0.07 min (cpu), 0.20 min (real)
  Parameter        :   Best-fit               r            
  jesRelativeJERHF :   +0.000  -0.994/+0.994  +0.000/+0.000
Done in 0.08 min (cpu), 0.27 min (real)

 --- MultiDimFit ---
Parameter impacts: 
  Parameter      :   Best-fit               r            
  jesPileUpPtRef :   +0.000  -0.984/+0.980  +0.003/-0.002
Done in 0.08 min (cpu), 0.27 min (real)
  Parameter      :   Best-fit               r            
  jesPileUpPtEC1 :   +0.000  -0.975/+0.969  +0.004/-0.005
Done in 0.09 min (cpu), 0.35 min (real)
  Parameter :   Best-fit               r            
  lumiBBDef :   +0.000  -0.992/+0.992  +0.002/-0.001
Done in 0.06 min (cpu), 0.19 min (real)
 <<< Combine >>> 
>>> including systematics
   Options for Robust Minimizer :: 
        Tolerance  0.1
        Strategy   0
        Type,Algo  Minuit2,Migrad
>>> method used is MultiDimFit
>>> random number generator seed is 123456
 <<< Combine >>> 
>>> including systematics
   Options for Robust Minimizer :: 
        Tolerance  0.1
        Strategy   0
        Type,Algo  Minuit2,Migrad
>>> method used is MultiDimFit
>>> random number generator seed is 123456
 <<< Combine >>> 
>>> including systematics
   Options for Robust Minimizer :: 
        Tolerance  0.1
        Strategy   0
        Type,Algo  Minuit2,Migrad
>>> method used is MultiDimFit
>>> random number generator seed is 123456
 <<< Combine >>> 
>>> including systematics
   Options for Robust Minimizer :: 
        Tolerance  0.1
        Strategy   0
        Type,Algo  Minuit2,Migrad
>>> method used is MultiDimFit
>>> random number generator seed is 123456
 <<< Combine >>> 
>>> including systematics
   Options for Robust Minimizer :: 
        Tolerance  0.1
        Strategy   0
        Type,Algo  Minuit2,Migrad
>>> method used is MultiDimFit
>>> random number generator seed is 123456
  Parameter  :   Best-fit               r            
  lumiGhostS :   +0.000  -0.994/+0.994  +0.001/-0.000
Done in 0.07 min (cpu), 0.16 min (real)
 <<< Combine >>> 
>>> including systematics
   Options for Robust Minimizer :: 
        Tolerance  0.1
        Strategy   0
        Type,Algo  Minuit2,Migrad
>>> method used is MultiDimFit
>>> random number generator seed is 123456

 --- MultiDimFit ---
Parameter impacts: 
  Parameter :   Best-fit               r            
  muIdSf    :   +0.000  -0.984/+0.985  -0.002/+0.002
Done in 0.10 min (cpu), 0.27 min (real)
 <<< Combine >>> 
>>> including systematics
   Options for Robust Minimizer :: 
        Tolerance  0.1
        Strategy   0
        Type,Algo  Minuit2,Migrad
>>> method used is MultiDimFit
>>> random number generator seed is 123456
RooArgSet:: = ()
Computing results starting from expected outcome (a-priori)
RooArgSet:: = ()
RooArgSet:: = ()
Computing results starting from expected outcome (a-priori)
Computing results starting from expected outcome (a-priori)
RooArgSet:: = ()
Computing results starting from expected outcome (a-priori)
RooArgSet:: = ()
Computing results starting from expected outcome (a-priori)
RooArgSet:: = ()
Computing results starting from expected outcome (a-priori)
RooArgSet:: = ()
Computing results starting from expected outcome (a-priori)
RooArgSet:: = ()
Computing results starting from expected outcome (a-priori)

 --- MultiDimFit ---
Parameter impacts: 
  Parameter        :   Best-fit               r            
  jesFragmentation :   +0.000  -0.987/+0.983  +0.002/-0.001
Done in 0.09 min (cpu), 0.23 min (real)

 --- MultiDimFit ---
Parameter impacts: 

 --- MultiDimFit ---
Parameter impacts: 

 --- MultiDimFit ---
Parameter impacts: 

 --- MultiDimFit ---
Parameter impacts: 
  Parameter      :   Best-fit               r            
  jesRelativeBal :   -0.000  -0.991/+0.983  -0.001/-0.001
Done in 0.08 min (cpu), 0.20 min (real)
  Parameter         :   Best-fit               r            
  jesRelativeStatHF :   +0.000  -0.994/+0.994  +0.000/+0.000
Done in 0.08 min (cpu), 0.22 min (real)
  Parameter       :   Best-fit               r            
  jesRelativePtBB :   +0.000  -0.990/+0.987  +0.000/+0.001
Done in 0.09 min (cpu), 0.22 min (real)

 --- MultiDimFit ---
Parameter impacts: 
 <<< Combine >>> 
>>> including systematics
   Options for Robust Minimizer :: 
        Tolerance  0.1
        Strategy   0
        Type,Algo  Minuit2,Migrad
>>> method used is MultiDimFit
>>> random number generator seed is 123456
  Parameter  :   Best-fit               r            
  lumiBeamCC :   +0.000  -0.993/+0.993  +0.001/-0.001
Done in 0.08 min (cpu), 0.21 min (real)
 <<< Combine >>> 
>>> including systematics
   Options for Robust Minimizer :: 
        Tolerance  0.1
        Strategy   0
        Type,Algo  Minuit2,Migrad
>>> method used is MultiDimFit
>>> random number generator seed is 123456
 <<< Combine >>> 
>>> including systematics
   Options for Robust Minimizer :: 
        Tolerance  0.1
        Strategy   0
        Type,Algo  Minuit2,Migrad
>>> method used is MultiDimFit
>>> random number generator seed is 123456
 <<< Combine >>> 
>>> including systematics
   Options for Robust Minimizer :: 
        Tolerance  0.1
        Strategy   0
        Type,Algo  Minuit2,Migrad
>>> method used is MultiDimFit
>>> random number generator seed is 123456
 <<< Combine >>> 
>>> including systematics
   Options for Robust Minimizer :: 
        Tolerance  0.1
        Strategy   0
        Type,Algo  Minuit2,Migrad
>>> method used is MultiDimFit
>>> random number generator seed is 123456

 --- MultiDimFit ---
Parameter impacts: 
  Parameter   :   Best-fit               r            
  lumiLengthS :   +0.000  -0.993/+0.993  +0.001/-0.001
Done in 0.08 min (cpu), 0.22 min (real)
 <<< Combine >>> 
>>> including systematics
   Options for Robust Minimizer :: 
        Tolerance  0.1
        Strategy   0
        Type,Algo  Minuit2,Migrad
>>> method used is MultiDimFit
>>> random number generator seed is 123456
  Parameter      :   Best-fit               r            
  jesPileUpPtEC2 :   +0.000  -0.994/+0.994  +0.000/+0.000
Done in 0.08 min (cpu), 0.23 min (real)
 <<< Combine >>> 
>>> including systematics
   Options for Robust Minimizer :: 
        Tolerance  0.1
        Strategy   0
        Type,Algo  Minuit2,Migrad
>>> method used is MultiDimFit
>>> random number generator seed is 123456

 --- MultiDimFit ---
Parameter impacts: 
  Parameter :   Best-fit               r            
  muIsoSf   :   +0.000  -0.994/+0.994  +0.000/-0.000
Done in 0.07 min (cpu), 0.23 min (real)
 <<< Combine >>> 
>>> including systematics
   Options for Robust Minimizer :: 
        Tolerance  0.1
        Strategy   0
        Type,Algo  Minuit2,Migrad
>>> method used is MultiDimFit
>>> random number generator seed is 123456
RooArgSet:: = ()
Computing results starting from expected outcome (a-priori)
RooArgSet:: = ()
RooArgSet:: = ()
RooArgSet:: = ()
Computing results starting from expected outcome (a-priori)
Computing results starting from expected outcome (a-priori)
Computing results starting from expected outcome (a-priori)
RooArgSet:: = ()
Computing results starting from expected outcome (a-priori)
RooArgSet:: = ()
Computing results starting from expected outcome (a-priori)
RooArgSet:: = ()
Computing results starting from expected outcome (a-priori)
RooArgSet:: = ()
Computing results starting from expected outcome (a-priori)

 --- MultiDimFit ---
Parameter impacts: 

 --- MultiDimFit ---
Parameter impacts: 

 --- MultiDimFit ---
Parameter impacts: 
  Parameter      :   Best-fit               r            
  jesRelativeFSR :   -0.000  -0.983/+0.982  -0.003/+0.002
Done in 0.09 min (cpu), 0.25 min (real)
  Parameter    :   Best-fit               r            
  lumiDynamicB :   +0.000  -0.990/+0.991  +0.002/-0.002
Done in 0.08 min (cpu), 0.25 min (real)
 <<< Combine >>> 
>>> including systematics
   Options for Robust Minimizer :: 
        Tolerance  0.1
        Strategy   0
        Type,Algo  Minuit2,Migrad
>>> method used is MultiDimFit
>>> random number generator seed is 123456
  Parameter     :   Best-fit               r            
  jesPileUpPtBB :   +0.000  -0.989/+0.989  +0.002/-0.000
Done in 0.09 min (cpu), 0.25 min (real)

 --- MultiDimFit ---
 <<< Combine >>> 
Parameter impacts: 

 --- MultiDimFit ---
Parameter impacts: 
>>> including systematics
   Options for Robust Minimizer :: 
        Tolerance  0.1
        Strategy   0
        Type,Algo  Minuit2,Migrad
>>> method used is MultiDimFit
>>> random number generator seed is 123456
 <<< Combine >>> 
>>> including systematics
   Options for Robust Minimizer :: 
        Tolerance  0.1
        Strategy   0
        Type,Algo  Minuit2,Migrad
>>> method used is MultiDimFit
>>> random number generator seed is 123456

 --- MultiDimFit ---
Parameter impacts: 

 --- MultiDimFit ---
Parameter impacts: 
  Parameter     :   Best-fit               r            
  jesPileUpPtHF :   +0.000  -0.994/+0.994  +0.000/+0.000
Done in 0.09 min (cpu), 0.23 min (real)
  Parameter       :   Best-fit               r            
  jesRelativePtHF :   +0.000  -0.994/+0.994  +0.000/+0.000
Done in 0.08 min (cpu), 0.25 min (real)
 <<< Combine >>> 
>>> including systematics
   Options for Robust Minimizer :: 
        Tolerance  0.1
        Strategy   0
        Type,Algo  Minuit2,Migrad
>>> method used is MultiDimFit
>>> random number generator seed is 123456
 <<< Combine >>> 
>>> including systematics
   Options for Robust Minimizer :: 
        Tolerance  0.1
        Strategy   0
        Type,Algo  Minuit2,Migrad
>>> method used is MultiDimFit
>>> random number generator seed is 123456
  Parameter :   Best-fit               r            
  lumiXY    :   +0.000  -0.985/+0.985  +0.003/-0.003
Done in 0.09 min (cpu), 0.26 min (real)
  Parameter :   Best-fit               r            
  lumi2017  :   +0.000  -0.933/+0.934  +0.008/-0.008
Done in 0.11 min (cpu), 0.31 min (real)
 <<< Combine >>> 
>>> including systematics
   Options for Robust Minimizer :: 
        Tolerance  0.1
        Strategy   0
        Type,Algo  Minuit2,Migrad
>>> method used is MultiDimFit
>>> random number generator seed is 123456
 <<< Combine >>> 
>>> including systematics
   Options for Robust Minimizer :: 
        Tolerance  0.1
        Strategy   0
        Type,Algo  Minuit2,Migrad
>>> method used is MultiDimFit
>>> random number generator seed is 123456

 --- MultiDimFit ---
Parameter impacts: 
  Parameter :   Best-fit               r            
  muonRes   :   +0.000  -0.994/+0.994  +0.000/-0.000
Done in 0.07 min (cpu), 0.23 min (real)
 <<< Combine >>> 
>>> including systematics
   Options for Robust Minimizer :: 
        Tolerance  0.1
        Strategy   0
        Type,Algo  Minuit2,Migrad
>>> method used is MultiDimFit
>>> random number generator seed is 123456
RooArgSet:: = ()
Computing results starting from expected outcome (a-priori)
RooArgSet:: = ()
RooArgSet:: = ()
Computing results starting from expected outcome (a-priori)
Computing results starting from expected outcome (a-priori)
RooArgSet:: = ()
RooArgSet:: = ()
Computing results starting from expected outcome (a-priori)
Computing results starting from expected outcome (a-priori)
RooArgSet:: = ()
Computing results starting from expected outcome (a-priori)
RooArgSet:: = ()
Computing results starting from expected outcome (a-priori)
RooArgSet:: = ()
Computing results starting from expected outcome (a-priori)

 --- MultiDimFit ---
Parameter impacts: 
  Parameter :   Best-fit               r            
  muonScale :   +0.000  -0.994/+0.992  -0.000/+0.000
Done in 0.06 min (cpu), 0.24 min (real)
 <<< Combine >>> 
>>> including systematics
   Options for Robust Minimizer :: 
        Tolerance  0.1
        Strategy   0
        Type,Algo  Minuit2,Migrad
>>> method used is MultiDimFit
>>> random number generator seed is 123456

 --- MultiDimFit ---
Parameter impacts: 
  Parameter                      :   Best-fit               r            
  prop_binLFVVecU_2017_llB1_bin3 :   +0.000  -0.964/+0.965  +0.002/-0.002
Done in 0.08 min (cpu), 0.25 min (real)
 <<< Combine >>> 
>>> including systematics
   Options for Robust Minimizer :: 
        Tolerance  0.1
        Strategy   0
        Type,Algo  Minuit2,Migrad
>>> method used is MultiDimFit
>>> random number generator seed is 123456

 --- MultiDimFit ---
Parameter impacts: 

 --- MultiDimFit ---
Parameter impacts: 
  Parameter                       :   Best-fit               r            
  prop_binLFVVecU_2017_llB1_bin10 :   -0.000  -0.989/+0.989  +0.002/-0.002
Done in 0.09 min (cpu), 0.29 min (real)

 --- MultiDimFit ---
Parameter impacts: 
  Parameter                      :   Best-fit               r            
  prop_binLFVVecU_2017_llB1_bin9 :   +0.000  -0.975/+0.975  +0.002/-0.002
Done in 0.07 min (cpu), 0.25 min (real)
 <<< Combine >>> 
>>> including systematics
   Options for Robust Minimizer :: 
        Tolerance  0.1
        Strategy   0
        Type,Algo  Minuit2,Migrad
>>> method used is MultiDimFit
>>> random number generator seed is 123456
  Parameter                      :   Best-fit               r            
  prop_binLFVVecU_2017_llB1_bin6 :   -0.000  -0.976/+0.976  -0.002/+0.002
Done in 0.08 min (cpu), 0.26 min (real)
 <<< Combine >>> 
>>> including systematics
   Options for Robust Minimizer :: 
        Tolerance  0.1
        Strategy   0
        Type,Algo  Minuit2,Migrad
>>> method used is MultiDimFit
>>> random number generator seed is 123456
 <<< Combine >>> 
>>> including systematics
   Options for Robust Minimizer :: 
        Tolerance  0.1
        Strategy   0
        Type,Algo  Minuit2,Migrad
>>> method used is MultiDimFit
>>> random number generator seed is 123456

 --- MultiDimFit ---
Parameter impacts: 

 --- MultiDimFit ---
Parameter impacts: 
  Parameter :   Best-fit               r            
  tt_ISR    :   +0.000  -0.947/+0.942  -0.006/+0.007
Done in 0.09 min (cpu), 0.27 min (real)
 <<< Combine >>> 
>>> including systematics
   Options for Robust Minimizer :: 
        Tolerance  0.1
        Strategy   0
        Type,Algo  Minuit2,Migrad
>>> method used is MultiDimFit
>>> random number generator seed is 123456
  Parameter :   Best-fit               r            
  trigSF    :   +0.000  -0.975/+0.975  +0.009/-0.008
Done in 0.10 min (cpu), 0.31 min (real)
 <<< Combine >>> 
>>> including systematics
   Options for Robust Minimizer :: 
        Tolerance  0.1
        Strategy   0
        Type,Algo  Minuit2,Migrad
>>> method used is MultiDimFit
>>> random number generator seed is 123456

 --- MultiDimFit ---
Parameter impacts: 
  Parameter :   Best-fit               r            
  tt_hdamp  :   -0.000  -0.607/+0.543  -0.001/-0.004
Done in 0.10 min (cpu), 0.33 min (real)
 <<< Combine >>> 
>>> including systematics
   Options for Robust Minimizer :: 
        Tolerance  0.1
        Strategy   0
        Type,Algo  Minuit2,Migrad
>>> method used is MultiDimFit
>>> random number generator seed is 123456
RooArgSet:: = ()
Computing results starting from expected outcome (a-priori)
RooArgSet:: = ()
Computing results starting from expected outcome (a-priori)
RooArgSet:: = ()
RooArgSet:: = ()
Computing results starting from expected outcome (a-priori)
Computing results starting from expected outcome (a-priori)
RooArgSet:: = ()
Computing results starting from expected outcome (a-priori)
RooArgSet:: = ()
RooArgSet:: = ()
Computing results starting from expected outcome (a-priori)
Computing results starting from expected outcome (a-priori)

 --- MultiDimFit ---
Parameter impacts: 

 --- MultiDimFit ---
Parameter impacts: 
  Parameter                      :   Best-fit               r            
  prop_binLFVVecU_2017_llB1_bin4 :   +0.000  -0.972/+0.972  +0.001/-0.001
Done in 0.07 min (cpu), 0.21 min (real)
 <<< Combine >>> 
>>> including systematics
   Options for Robust Minimizer :: 
        Tolerance  0.1
        Strategy   0
        Type,Algo  Minuit2,Migrad
>>> method used is MultiDimFit
>>> random number generator seed is 123456
  Parameter                       :   Best-fit               r            
  prop_binLFVVecU_2017_llB1_bin11 :   +0.000  -0.992/+0.992  +0.002/-0.002
Done in 0.05 min (cpu), 0.14 min (real)
RooArgSet:: = ()
Computing results starting from expected outcome (a-priori)
 <<< Combine >>> 
>>> including systematics
   Options for Robust Minimizer :: 
        Tolerance  0.1
        Strategy   0
        Type,Algo  Minuit2,Migrad
>>> method used is MultiDimFit
>>> random number generator seed is 123456

 --- MultiDimFit ---
Parameter impacts: 
  Parameter :   Best-fit               r            
  prefiring :   -0.000  -0.987/+0.987  -0.007/+0.007
Done in 0.10 min (cpu), 0.27 min (real)

 --- MultiDimFit ---
Parameter impacts: 
 <<< Combine >>> 
>>> including systematics
   Options for Robust Minimizer :: 
        Tolerance  0.1
        Strategy   0
        Type,Algo  Minuit2,Migrad
>>> method used is MultiDimFit
>>> random number generator seed is 123456
  Parameter :   Best-fit               r            
  pu        :   +0.000  -0.967/+0.959  -0.000/+0.001
Done in 0.08 min (cpu), 0.22 min (real)
 <<< Combine >>> 
>>> including systematics
   Options for Robust Minimizer :: 
        Tolerance  0.1
        Strategy   0
        Type,Algo  Minuit2,Migrad
>>> method used is MultiDimFit
>>> random number generator seed is 123456

 --- MultiDimFit ---
Parameter impacts: 
  Parameter                      :   Best-fit               r            
  prop_binLFVVecU_2017_llB1_bin7 :   +0.000  -0.969/+0.969  -0.002/+0.002
Done in 0.08 min (cpu), 0.24 min (real)
 <<< Combine >>> 
>>> including systematics
   Options for Robust Minimizer :: 
        Tolerance  0.1
        Strategy   0
        Type,Algo  Minuit2,Migrad
>>> method used is MultiDimFit
>>> random number generator seed is 123456

 --- MultiDimFit ---
Parameter impacts: 
  Parameter :   Best-fit               r            
  tt_CR     :   +0.000  -0.737/+0.923  -0.003/-0.017
Done in 0.08 min (cpu), 0.25 min (real)
 <<< Combine >>> 
>>> including systematics
   Options for Robust Minimizer :: 
        Tolerance  0.1
        Strategy   0
        Type,Algo  Minuit2,Migrad
>>> method used is MultiDimFit
>>> random number generator seed is 123456

 --- MultiDimFit ---
Parameter impacts: 

 --- MultiDimFit ---
Parameter impacts: 
  Parameter :   Best-fit               r            
  tt_QS     :   +0.000  -0.810/+0.707  -0.001/+0.001
Done in 0.10 min (cpu), 0.31 min (real)
  Parameter :   Best-fit               r            
  tt_norm   :   +0.000  -0.624/+0.628  -0.039/+0.042
Done in 0.12 min (cpu), 0.30 min (real)
 <<< Combine >>> 
>>> including systematics
   Options for Robust Minimizer :: 
        Tolerance  0.1
        Strategy   0
        Type,Algo  Minuit2,Migrad
>>> method used is MultiDimFit
>>> random number generator seed is 123456
 <<< Combine >>> 
>>> including systematics
   Options for Robust Minimizer :: 
        Tolerance  0.1
        Strategy   0
        Type,Algo  Minuit2,Migrad
>>> method used is MultiDimFit
>>> random number generator seed is 123456
RooArgSet:: = ()
Computing results starting from expected outcome (a-priori)
RooArgSet:: = ()
Computing results starting from expected outcome (a-priori)
RooArgSet:: = ()
Computing results starting from expected outcome (a-priori)
RooArgSet:: = ()
Computing results starting from expected outcome (a-priori)
RooArgSet:: = ()
Computing results starting from expected outcome (a-priori)
RooArgSet:: = ()
RooArgSet:: = ()
Computing results starting from expected outcome (a-priori)
Computing results starting from expected outcome (a-priori)
RooArgSet:: = ()
Computing results starting from expected outcome (a-priori)

 --- MultiDimFit ---
Parameter impacts: 

 --- MultiDimFit ---
Parameter impacts: 
  Parameter                      :   Best-fit               r            
  prop_binLFVVecU_2017_llB1_bin1 :   -0.000  -0.973/+0.975  -0.005/+0.005
Done in 0.06 min (cpu), 0.15 min (real)
 <<< Combine >>> 
>>> including systematics
   Options for Robust Minimizer :: 
        Tolerance  0.1
        Strategy   0
        Type,Algo  Minuit2,Migrad
>>> method used is MultiDimFit
>>> random number generator seed is 123456
  Parameter                      :   Best-fit               r            
  prop_binLFVVecU_2017_llB1_bin5 :   +0.000  -0.971/+0.972  -0.002/+0.002
Done in 0.09 min (cpu), 0.26 min (real)

 --- MultiDimFit ---
Parameter impacts: 
  Parameter                      :   Best-fit               r            
  prop_binLFVVecU_2017_llB1_bin2 :   +0.000  -0.966/+0.965  +0.001/-0.002
Done in 0.09 min (cpu), 0.23 min (real)

 --- MultiDimFit ---
Parameter impacts: 
  Parameter                      :   Best-fit               r            
  prop_binLFVVecU_2017_llB1_bin8 :   -0.000  -0.976/+0.976  +0.001/-0.001
Done in 0.07 min (cpu), 0.16 min (real)

 --- MultiDimFit ---
Parameter impacts: 

 --- MultiDimFit ---
Parameter impacts: 

 --- MultiDimFit ---
Parameter impacts: 
  Parameter :   Best-fit               r            
  tt_pdf    :   +0.000  -0.993/+0.993  -0.001/+0.001
Done in 0.07 min (cpu), 0.15 min (real)
  Parameter :   Best-fit               r            
  tt_FSR    :   +0.000  -0.948/+0.956  -0.002/+0.004
Done in 0.06 min (cpu), 0.15 min (real)
  Parameter :   Best-fit               r            
  tW_norm   :   +0.000  -0.973/+0.971  -0.008/+0.008
Done in 0.09 min (cpu), 0.22 min (real)

 --- MultiDimFit ---
Parameter impacts: 
  Parameter :   Best-fit               r            
  tt_Tune   :   -0.000  -0.691/+0.739  -0.003/-0.005
Done in 0.10 min (cpu), 0.25 min (real)
RooArgSet:: = ()
Computing results starting from expected outcome (a-priori)

 --- MultiDimFit ---
Parameter impacts: 
  Parameter :   Best-fit               r            
  udsgTagSF :   +0.000  -0.994/+0.994  -0.001/+0.001
Done in 0.08 min (cpu), 0.15 min (real)
>> combine -M MultiDimFit -n _paramFit_Test_Signal_ISR --algo impact --redefineSignalPOIs r -P Signal_ISR --floatOtherPOIs 1 --saveInactivePOI 1 --robustFit 1 --rMin -3 --rMax 3 -t -1 --expectSignal=1 -m 125 -d LFVVecU_2017_llB1.root
>> combine -M MultiDimFit -n _paramFit_Test_Signal_QS --algo impact --redefineSignalPOIs r -P Signal_QS --floatOtherPOIs 1 --saveInactivePOI 1 --robustFit 1 --rMin -3 --rMax 3 -t -1 --expectSignal=1 -m 125 -d LFVVecU_2017_llB1.root
>> combine -M MultiDimFit -n _paramFit_Test_Signal_pdf --algo impact --redefineSignalPOIs r -P Signal_pdf --floatOtherPOIs 1 --saveInactivePOI 1 --robustFit 1 --rMin -3 --rMax 3 -t -1 --expectSignal=1 -m 125 -d LFVVecU_2017_llB1.root
>> combine -M MultiDimFit -n _paramFit_Test_jesFlavorQCD --algo impact --redefineSignalPOIs r -P jesFlavorQCD --floatOtherPOIs 1 --saveInactivePOI 1 --robustFit 1 --rMin -3 --rMax 3 -t -1 --expectSignal=1 -m 125 -d LFVVecU_2017_llB1.root
>> combine -M MultiDimFit -n _paramFit_Test_jesFragmentation --algo impact --redefineSignalPOIs r -P jesFragmentation --floatOtherPOIs 1 --saveInactivePOI 1 --robustFit 1 --rMin -3 --rMax 3 -t -1 --expectSignal=1 -m 125 -d LFVVecU_2017_llB1.root
>> combine -M MultiDimFit -n _paramFit_Test_jesPileUpPtBB --algo impact --redefineSignalPOIs r -P jesPileUpPtBB --floatOtherPOIs 1 --saveInactivePOI 1 --robustFit 1 --rMin -3 --rMax 3 -t -1 --expectSignal=1 -m 125 -d LFVVecU_2017_llB1.root
>> combine -M MultiDimFit -n _paramFit_Test_prop_binLFVVecU_2017_llB1_bin3 --algo impact --redefineSignalPOIs r -P prop_binLFVVecU_2017_llB1_bin3 --floatOtherPOIs 1 --saveInactivePOI 1 --robustFit 1 --rMin -3 --rMax 3 -t -1 --expectSignal=1 -m 125 -d LFVVecU_2017_llB1.root
>> combine -M MultiDimFit -n _paramFit_Test_prop_binLFVVecU_2017_llB1_bin4 --algo impact --redefineSignalPOIs r -P prop_binLFVVecU_2017_llB1_bin4 --floatOtherPOIs 1 --saveInactivePOI 1 --robustFit 1 --rMin -3 --rMax 3 -t -1 --expectSignal=1 -m 125 -d LFVVecU_2017_llB1.root
>> combine -M MultiDimFit -n _paramFit_Test_prop_binLFVVecU_2017_llB1_bin5 --algo impact --redefineSignalPOIs r -P prop_binLFVVecU_2017_llB1_bin5 --floatOtherPOIs 1 --saveInactivePOI 1 --robustFit 1 --rMin -3 --rMax 3 -t -1 --expectSignal=1 -m 125 -d LFVVecU_2017_llB1.root
>> combine -M MultiDimFit -n _paramFit_Test_Y2017jesRelativePtEC2 --algo impact --redefineSignalPOIs r -P Y2017jesRelativePtEC2 --floatOtherPOIs 1 --saveInactivePOI 1 --robustFit 1 --rMin -3 --rMax 3 -t -1 --expectSignal=1 -m 125 -d LFVVecU_2017_llB1.root
>> combine -M MultiDimFit -n _paramFit_Test_Y2017jesRelativeSample --algo impact --redefineSignalPOIs r -P Y2017jesRelativeSample --floatOtherPOIs 1 --saveInactivePOI 1 --robustFit 1 --rMin -3 --rMax 3 -t -1 --expectSignal=1 -m 125 -d LFVVecU_2017_llB1.root
>> combine -M MultiDimFit -n _paramFit_Test_Y2017jesRelativeStatEC --algo impact --redefineSignalPOIs r -P Y2017jesRelativeStatEC --floatOtherPOIs 1 --saveInactivePOI 1 --robustFit 1 --rMin -3 --rMax 3 -t -1 --expectSignal=1 -m 125 -d LFVVecU_2017_llB1.root
>> combine -M MultiDimFit -n _paramFit_Test_lumiBBDef --algo impact --redefineSignalPOIs r -P lumiBBDef --floatOtherPOIs 1 --saveInactivePOI 1 --robustFit 1 --rMin -3 --rMax 3 -t -1 --expectSignal=1 -m 125 -d LFVVecU_2017_llB1.root
>> combine -M MultiDimFit -n _paramFit_Test_lumiBeamCC --algo impact --redefineSignalPOIs r -P lumiBeamCC --floatOtherPOIs 1 --saveInactivePOI 1 --robustFit 1 --rMin -3 --rMax 3 -t -1 --expectSignal=1 -m 125 -d LFVVecU_2017_llB1.root
>> combine -M MultiDimFit -n _paramFit_Test_lumiDynamicB --algo impact --redefineSignalPOIs r -P lumiDynamicB --floatOtherPOIs 1 --saveInactivePOI 1 --robustFit 1 --rMin -3 --rMax 3 -t -1 --expectSignal=1 -m 125 -d LFVVecU_2017_llB1.root
>> combine -M MultiDimFit -n _paramFit_Test_prop_binLFVVecU_2017_llB1_bin10 --algo impact --redefineSignalPOIs r -P prop_binLFVVecU_2017_llB1_bin10 --floatOtherPOIs 1 --saveInactivePOI 1 --robustFit 1 --rMin -3 --rMax 3 -t -1 --expectSignal=1 -m 125 -d LFVVecU_2017_llB1.root
>> combine -M MultiDimFit -n _paramFit_Test_prop_binLFVVecU_2017_llB1_bin11 --algo impact --redefineSignalPOIs r -P prop_binLFVVecU_2017_llB1_bin11 --floatOtherPOIs 1 --saveInactivePOI 1 --robustFit 1 --rMin -3 --rMax 3 -t -1 --expectSignal=1 -m 125 -d LFVVecU_2017_llB1.root
>> combine -M MultiDimFit -n _paramFit_Test_prop_binLFVVecU_2017_llB1_bin2 --algo impact --redefineSignalPOIs r -P prop_binLFVVecU_2017_llB1_bin2 --floatOtherPOIs 1 --saveInactivePOI 1 --robustFit 1 --rMin -3 --rMax 3 -t -1 --expectSignal=1 -m 125 -d LFVVecU_2017_llB1.root
>> combine -M MultiDimFit -n _paramFit_Test_Y2017jesRelativeStatFSR --algo impact --redefineSignalPOIs r -P Y2017jesRelativeStatFSR --floatOtherPOIs 1 --saveInactivePOI 1 --robustFit 1 --rMin -3 --rMax 3 -t -1 --expectSignal=1 -m 125 -d LFVVecU_2017_llB1.root
>> combine -M MultiDimFit -n _paramFit_Test_Y2017jesRelativeStatHF --algo impact --redefineSignalPOIs r -P Y2017jesRelativeStatHF --floatOtherPOIs 1 --saveInactivePOI 1 --robustFit 1 --rMin -3 --rMax 3 -t -1 --expectSignal=1 -m 125 -d LFVVecU_2017_llB1.root
>> combine -M MultiDimFit -n _paramFit_Test_Y2017jesTimePtEta --algo impact --redefineSignalPOIs r -P Y2017jesTimePtEta --floatOtherPOIs 1 --saveInactivePOI 1 --robustFit 1 --rMin -3 --rMax 3 -t -1 --expectSignal=1 -m 125 -d LFVVecU_2017_llB1.root
>> combine -M MultiDimFit -n _paramFit_Test_jesPileUpPtEC1 --algo impact --redefineSignalPOIs r -P jesPileUpPtEC1 --floatOtherPOIs 1 --saveInactivePOI 1 --robustFit 1 --rMin -3 --rMax 3 -t -1 --expectSignal=1 -m 125 -d LFVVecU_2017_llB1.root
>> combine -M MultiDimFit -n _paramFit_Test_jesPileUpPtEC2 --algo impact --redefineSignalPOIs r -P jesPileUpPtEC2 --floatOtherPOIs 1 --saveInactivePOI 1 --robustFit 1 --rMin -3 --rMax 3 -t -1 --expectSignal=1 -m 125 -d LFVVecU_2017_llB1.root
>> combine -M MultiDimFit -n _paramFit_Test_jesPileUpPtHF --algo impact --redefineSignalPOIs r -P jesPileUpPtHF --floatOtherPOIs 1 --saveInactivePOI 1 --robustFit 1 --rMin -3 --rMax 3 -t -1 --expectSignal=1 -m 125 -d LFVVecU_2017_llB1.root
>> combine -M MultiDimFit -n _paramFit_Test_prop_binLFVVecU_2017_llB1_bin6 --algo impact --redefineSignalPOIs r -P prop_binLFVVecU_2017_llB1_bin6 --floatOtherPOIs 1 --saveInactivePOI 1 --robustFit 1 --rMin -3 --rMax 3 -t -1 --expectSignal=1 -m 125 -d LFVVecU_2017_llB1.root
>> combine -M MultiDimFit -n _paramFit_Test_prop_binLFVVecU_2017_llB1_bin7 --algo impact --redefineSignalPOIs r -P prop_binLFVVecU_2017_llB1_bin7 --floatOtherPOIs 1 --saveInactivePOI 1 --robustFit 1 --rMin -3 --rMax 3 -t -1 --expectSignal=1 -m 125 -d LFVVecU_2017_llB1.root
>> combine -M MultiDimFit -n _paramFit_Test_prop_binLFVVecU_2017_llB1_bin8 --algo impact --redefineSignalPOIs r -P prop_binLFVVecU_2017_llB1_bin8 --floatOtherPOIs 1 --saveInactivePOI 1 --robustFit 1 --rMin -3 --rMax 3 -t -1 --expectSignal=1 -m 125 -d LFVVecU_2017_llB1.root
>> combine -M MultiDimFit -n _paramFit_Test_Y2017bcTagSF --algo impact --redefineSignalPOIs r -P Y2017bcTagSF --floatOtherPOIs 1 --saveInactivePOI 1 --robustFit 1 --rMin -3 --rMax 3 -t -1 --expectSignal=1 -m 125 -d LFVVecU_2017_llB1.root
>> combine -M MultiDimFit -n _paramFit_Test_Y2017jer --algo impact --redefineSignalPOIs r -P Y2017jer --floatOtherPOIs 1 --saveInactivePOI 1 --robustFit 1 --rMin -3 --rMax 3 -t -1 --expectSignal=1 -m 125 -d LFVVecU_2017_llB1.root
>> combine -M MultiDimFit -n _paramFit_Test_Y2017jesAbsoluteStat --algo impact --redefineSignalPOIs r -P Y2017jesAbsoluteStat --floatOtherPOIs 1 --saveInactivePOI 1 --robustFit 1 --rMin -3 --rMax 3 -t -1 --expectSignal=1 -m 125 -d LFVVecU_2017_llB1.root
>> combine -M MultiDimFit -n _paramFit_Test_muIdSf --algo impact --redefineSignalPOIs r -P muIdSf --floatOtherPOIs 1 --saveInactivePOI 1 --robustFit 1 --rMin -3 --rMax 3 -t -1 --expectSignal=1 -m 125 -d LFVVecU_2017_llB1.root
>> combine -M MultiDimFit -n _paramFit_Test_muIsoSf --algo impact --redefineSignalPOIs r -P muIsoSf --floatOtherPOIs 1 --saveInactivePOI 1 --robustFit 1 --rMin -3 --rMax 3 -t -1 --expectSignal=1 -m 125 -d LFVVecU_2017_llB1.root
>> combine -M MultiDimFit -n _paramFit_Test_muonRes --algo impact --redefineSignalPOIs r -P muonRes --floatOtherPOIs 1 --saveInactivePOI 1 --robustFit 1 --rMin -3 --rMax 3 -t -1 --expectSignal=1 -m 125 -d LFVVecU_2017_llB1.root
>> combine -M MultiDimFit -n _paramFit_Test_tt_hdamp --algo impact --redefineSignalPOIs r -P tt_hdamp --floatOtherPOIs 1 --saveInactivePOI 1 --robustFit 1 --rMin -3 --rMax 3 -t -1 --expectSignal=1 -m 125 -d LFVVecU_2017_llB1.root
>> combine -M MultiDimFit -n _paramFit_Test_tt_norm --algo impact --redefineSignalPOIs r -P tt_norm --floatOtherPOIs 1 --saveInactivePOI 1 --robustFit 1 --rMin -3 --rMax 3 -t -1 --expectSignal=1 -m 125 -d LFVVecU_2017_llB1.root
>> combine -M MultiDimFit -n _paramFit_Test_tt_pdf --algo impact --redefineSignalPOIs r -P tt_pdf --floatOtherPOIs 1 --saveInactivePOI 1 --robustFit 1 --rMin -3 --rMax 3 -t -1 --expectSignal=1 -m 125 -d LFVVecU_2017_llB1.root
>> combine -M MultiDimFit -n _paramFit_Test_Y2017jesRelativeJEREC1 --algo impact --redefineSignalPOIs r -P Y2017jesRelativeJEREC1 --floatOtherPOIs 1 --saveInactivePOI 1 --robustFit 1 --rMin -3 --rMax 3 -t -1 --expectSignal=1 -m 125 -d LFVVecU_2017_llB1.root
>> combine -M MultiDimFit -n _paramFit_Test_Y2017jesRelativeJEREC2 --algo impact --redefineSignalPOIs r -P Y2017jesRelativeJEREC2 --floatOtherPOIs 1 --saveInactivePOI 1 --robustFit 1 --rMin -3 --rMax 3 -t -1 --expectSignal=1 -m 125 -d LFVVecU_2017_llB1.root
>> combine -M MultiDimFit -n _paramFit_Test_Y2017jesRelativePtEC1 --algo impact --redefineSignalPOIs r -P Y2017jesRelativePtEC1 --floatOtherPOIs 1 --saveInactivePOI 1 --robustFit 1 --rMin -3 --rMax 3 -t -1 --expectSignal=1 -m 125 -d LFVVecU_2017_llB1.root
>> combine -M MultiDimFit -n _paramFit_Test_jesRelativeJERHF --algo impact --redefineSignalPOIs r -P jesRelativeJERHF --floatOtherPOIs 1 --saveInactivePOI 1 --robustFit 1 --rMin -3 --rMax 3 -t -1 --expectSignal=1 -m 125 -d LFVVecU_2017_llB1.root
>> combine -M MultiDimFit -n _paramFit_Test_jesRelativePtBB --algo impact --redefineSignalPOIs r -P jesRelativePtBB --floatOtherPOIs 1 --saveInactivePOI 1 --robustFit 1 --rMin -3 --rMax 3 -t -1 --expectSignal=1 -m 125 -d LFVVecU_2017_llB1.root
>> combine -M MultiDimFit -n _paramFit_Test_jesRelativePtHF --algo impact --redefineSignalPOIs r -P jesRelativePtHF --floatOtherPOIs 1 --saveInactivePOI 1 --robustFit 1 --rMin -3 --rMax 3 -t -1 --expectSignal=1 -m 125 -d LFVVecU_2017_llB1.root
>> combine -M MultiDimFit -n _paramFit_Test_prop_binLFVVecU_2017_llB1_bin9 --algo impact --redefineSignalPOIs r -P prop_binLFVVecU_2017_llB1_bin9 --floatOtherPOIs 1 --saveInactivePOI 1 --robustFit 1 --rMin -3 --rMax 3 -t -1 --expectSignal=1 -m 125 -d LFVVecU_2017_llB1.root
>> combine -M MultiDimFit -n _paramFit_Test_pu --algo impact --redefineSignalPOIs r -P pu --floatOtherPOIs 1 --saveInactivePOI 1 --robustFit 1 --rMin -3 --rMax 3 -t -1 --expectSignal=1 -m 125 -d LFVVecU_2017_llB1.root
>> combine -M MultiDimFit -n _paramFit_Test_tW_norm --algo impact --redefineSignalPOIs r -P tW_norm --floatOtherPOIs 1 --saveInactivePOI 1 --robustFit 1 --rMin -3 --rMax 3 -t -1 --expectSignal=1 -m 125 -d LFVVecU_2017_llB1.root
>> combine -M MultiDimFit -n _paramFit_Test_electronScale --algo impact --redefineSignalPOIs r -P electronScale --floatOtherPOIs 1 --saveInactivePOI 1 --robustFit 1 --rMin -3 --rMax 3 -t -1 --expectSignal=1 -m 125 -d LFVVecU_2017_llB1.root
>> combine -M MultiDimFit -n _paramFit_Test_jesAbsoluteMPFBias --algo impact --redefineSignalPOIs r -P jesAbsoluteMPFBias --floatOtherPOIs 1 --saveInactivePOI 1 --robustFit 1 --rMin -3 --rMax 3 -t -1 --expectSignal=1 -m 125 -d LFVVecU_2017_llB1.root
>> combine -M MultiDimFit -n _paramFit_Test_jesAbsoluteScale --algo impact --redefineSignalPOIs r -P jesAbsoluteScale --floatOtherPOIs 1 --saveInactivePOI 1 --robustFit 1 --rMin -3 --rMax 3 -t -1 --expectSignal=1 -m 125 -d LFVVecU_2017_llB1.root
>> combine -M MultiDimFit -n _paramFit_Test_lumiGhostS --algo impact --redefineSignalPOIs r -P lumiGhostS --floatOtherPOIs 1 --saveInactivePOI 1 --robustFit 1 --rMin -3 --rMax 3 -t -1 --expectSignal=1 -m 125 -d LFVVecU_2017_llB1.root
>> combine -M MultiDimFit -n _paramFit_Test_lumiLengthS --algo impact --redefineSignalPOIs r -P lumiLengthS --floatOtherPOIs 1 --saveInactivePOI 1 --robustFit 1 --rMin -3 --rMax 3 -t -1 --expectSignal=1 -m 125 -d LFVVecU_2017_llB1.root
>> combine -M MultiDimFit -n _paramFit_Test_lumiXY --algo impact --redefineSignalPOIs r -P lumiXY --floatOtherPOIs 1 --saveInactivePOI 1 --robustFit 1 --rMin -3 --rMax 3 -t -1 --expectSignal=1 -m 125 -d LFVVecU_2017_llB1.root
>> combine -M MultiDimFit -n _paramFit_Test_trigSF --algo impact --redefineSignalPOIs r -P trigSF --floatOtherPOIs 1 --saveInactivePOI 1 --robustFit 1 --rMin -3 --rMax 3 -t -1 --expectSignal=1 -m 125 -d LFVVecU_2017_llB1.root
>> combine -M MultiDimFit -n _paramFit_Test_tt_CR --algo impact --redefineSignalPOIs r -P tt_CR --floatOtherPOIs 1 --saveInactivePOI 1 --robustFit 1 --rMin -3 --rMax 3 -t -1 --expectSignal=1 -m 125 -d LFVVecU_2017_llB1.root
>> combine -M MultiDimFit -n _paramFit_Test_tt_FSR --algo impact --redefineSignalPOIs r -P tt_FSR --floatOtherPOIs 1 --saveInactivePOI 1 --robustFit 1 --rMin -3 --rMax 3 -t -1 --expectSignal=1 -m 125 -d LFVVecU_2017_llB1.root
>> combine -M MultiDimFit -n _paramFit_Test_Y2017unclusMET --algo impact --redefineSignalPOIs r -P Y2017unclusMET --floatOtherPOIs 1 --saveInactivePOI 1 --robustFit 1 --rMin -3 --rMax 3 -t -1 --expectSignal=1 -m 125 -d LFVVecU_2017_llB1.root
>> combine -M MultiDimFit -n _paramFit_Test_eleIDSf --algo impact --redefineSignalPOIs r -P eleIDSf --floatOtherPOIs 1 --saveInactivePOI 1 --robustFit 1 --rMin -3 --rMax 3 -t -1 --expectSignal=1 -m 125 -d LFVVecU_2017_llB1.root
>> combine -M MultiDimFit -n _paramFit_Test_eleRecoSf --algo impact --redefineSignalPOIs r -P eleRecoSf --floatOtherPOIs 1 --saveInactivePOI 1 --robustFit 1 --rMin -3 --rMax 3 -t -1 --expectSignal=1 -m 125 -d LFVVecU_2017_llB1.root
>> combine -M MultiDimFit -n _paramFit_Test_jesRelativeStatFSR --algo impact --redefineSignalPOIs r -P jesRelativeStatFSR --floatOtherPOIs 1 --saveInactivePOI 1 --robustFit 1 --rMin -3 --rMax 3 -t -1 --expectSignal=1 -m 125 -d LFVVecU_2017_llB1.root
>> combine -M MultiDimFit -n _paramFit_Test_jesRelativeStatHF --algo impact --redefineSignalPOIs r -P jesRelativeStatHF --floatOtherPOIs 1 --saveInactivePOI 1 --robustFit 1 --rMin -3 --rMax 3 -t -1 --expectSignal=1 -m 125 -d LFVVecU_2017_llB1.root
>> combine -M MultiDimFit -n _paramFit_Test_lumi2017 --algo impact --redefineSignalPOIs r -P lumi2017 --floatOtherPOIs 1 --saveInactivePOI 1 --robustFit 1 --rMin -3 --rMax 3 -t -1 --expectSignal=1 -m 125 -d LFVVecU_2017_llB1.root
>> combine -M MultiDimFit -n _paramFit_Test_tt_ISR --algo impact --redefineSignalPOIs r -P tt_ISR --floatOtherPOIs 1 --saveInactivePOI 1 --robustFit 1 --rMin -3 --rMax 3 -t -1 --expectSignal=1 -m 125 -d LFVVecU_2017_llB1.root
>> combine -M MultiDimFit -n _paramFit_Test_tt_QS --algo impact --redefineSignalPOIs r -P tt_QS --floatOtherPOIs 1 --saveInactivePOI 1 --robustFit 1 --rMin -3 --rMax 3 -t -1 --expectSignal=1 -m 125 -d LFVVecU_2017_llB1.root
>> combine -M MultiDimFit -n _paramFit_Test_tt_Tune --algo impact --redefineSignalPOIs r -P tt_Tune --floatOtherPOIs 1 --saveInactivePOI 1 --robustFit 1 --rMin -3 --rMax 3 -t -1 --expectSignal=1 -m 125 -d LFVVecU_2017_llB1.root
>> combine -M MultiDimFit -n _paramFit_Test_DY_norm --algo impact --redefineSignalPOIs r -P DY_norm --floatOtherPOIs 1 --saveInactivePOI 1 --robustFit 1 --rMin -3 --rMax 3 -t -1 --expectSignal=1 -m 125 -d LFVVecU_2017_llB1.root
>> combine -M MultiDimFit -n _paramFit_Test_Other_norm --algo impact --redefineSignalPOIs r -P Other_norm --floatOtherPOIs 1 --saveInactivePOI 1 --robustFit 1 --rMin -3 --rMax 3 -t -1 --expectSignal=1 -m 125 -d LFVVecU_2017_llB1.root
>> combine -M MultiDimFit -n _paramFit_Test_Signal_FSR --algo impact --redefineSignalPOIs r -P Signal_FSR --floatOtherPOIs 1 --saveInactivePOI 1 --robustFit 1 --rMin -3 --rMax 3 -t -1 --expectSignal=1 -m 125 -d LFVVecU_2017_llB1.root
>> combine -M MultiDimFit -n _paramFit_Test_jesPileUpPtRef --algo impact --redefineSignalPOIs r -P jesPileUpPtRef --floatOtherPOIs 1 --saveInactivePOI 1 --robustFit 1 --rMin -3 --rMax 3 -t -1 --expectSignal=1 -m 125 -d LFVVecU_2017_llB1.root
>> combine -M MultiDimFit -n _paramFit_Test_jesRelativeBal --algo impact --redefineSignalPOIs r -P jesRelativeBal --floatOtherPOIs 1 --saveInactivePOI 1 --robustFit 1 --rMin -3 --rMax 3 -t -1 --expectSignal=1 -m 125 -d LFVVecU_2017_llB1.root
>> combine -M MultiDimFit -n _paramFit_Test_jesRelativeFSR --algo impact --redefineSignalPOIs r -P jesRelativeFSR --floatOtherPOIs 1 --saveInactivePOI 1 --robustFit 1 --rMin -3 --rMax 3 -t -1 --expectSignal=1 -m 125 -d LFVVecU_2017_llB1.root
>> combine -M MultiDimFit -n _paramFit_Test_muonScale --algo impact --redefineSignalPOIs r -P muonScale --floatOtherPOIs 1 --saveInactivePOI 1 --robustFit 1 --rMin -3 --rMax 3 -t -1 --expectSignal=1 -m 125 -d LFVVecU_2017_llB1.root
>> combine -M MultiDimFit -n _paramFit_Test_prefiring --algo impact --redefineSignalPOIs r -P prefiring --floatOtherPOIs 1 --saveInactivePOI 1 --robustFit 1 --rMin -3 --rMax 3 -t -1 --expectSignal=1 -m 125 -d LFVVecU_2017_llB1.root
>> combine -M MultiDimFit -n _paramFit_Test_prop_binLFVVecU_2017_llB1_bin1 --algo impact --redefineSignalPOIs r -P prop_binLFVVecU_2017_llB1_bin1 --floatOtherPOIs 1 --saveInactivePOI 1 --robustFit 1 --rMin -3 --rMax 3 -t -1 --expectSignal=1 -m 125 -d LFVVecU_2017_llB1.root
>> combine -M MultiDimFit -n _paramFit_Test_udsgTagSF --algo impact --redefineSignalPOIs r -P udsgTagSF --floatOtherPOIs 1 --saveInactivePOI 1 --robustFit 1 --rMin -3 --rMax 3 -t -1 --expectSignal=1 -m 125 -d LFVVecU_2017_llB1.root
Have POIs: ['r']
Have parameters: 73
File higgsCombine_paramFit_Test_pu.MultiDimFit.mH125.root did not contain a sufficient number of entries, skipping
Missing inputs: pu
>> Doing page 0, have 30 parameters
