Channel LFVVecU_2017_llB1 will use autoMCStats with settings: event-threshold=10, include-signal=0, hist-mode=1
============================================================
Analysing bin errors for: prop_binLFVVecU_2017_llB1
Poisson cut-off: 10
Processes excluded for sums: LFVTtVecU LFVStVecU
============================================================
Bin        Contents        Error           Notes                         
0          0.000000        0.000000        total sum                     
0          0.000000        0.000000        excluding marked processes    
  => Error is zero, ignore      
------------------------------------------------------------
1          20000.360014    65.116689       total sum                     
1          19995.129845    65.116689       excluding marked processes    
1          94290.000000    307.066768      Unweighted events, alpha=0.212115
  => Total parameter prop_binLFVVecU_2017_llB1_bin1[0.00,-7.00,7.00] to be gaussian constrained
------------------------------------------------------------
2          40314.123695    78.190905       total sum                     
2          40286.378403    78.190905       excluding marked processes    
2          265463.000000   515.231016      Unweighted events, alpha=0.151863
  => Total parameter prop_binLFVVecU_2017_llB1_bin2[0.00,-7.00,7.00] to be gaussian constrained
------------------------------------------------------------
3          39527.643621    66.772628       total sum                     
3          39470.366379    66.772628       excluding marked processes    
3          349418.000000   591.115894      Unweighted events, alpha=0.113124
  => Total parameter prop_binLFVVecU_2017_llB1_bin3[0.00,-7.00,7.00] to be gaussian constrained
------------------------------------------------------------
4          26209.223785    50.734946       total sum                     
4          26114.218552    50.734946       excluding marked processes    
4          264935.000000   514.718370      Unweighted events, alpha=0.098927
  => Total parameter prop_binLFVVecU_2017_llB1_bin4[0.00,-7.00,7.00] to be gaussian constrained
------------------------------------------------------------
5          15420.018314    37.169343       total sum                     
5          15243.174572    37.169343       excluding marked processes    
5          168183.000000   410.101207      Unweighted events, alpha=0.091686
  => Total parameter prop_binLFVVecU_2017_llB1_bin5[0.00,-7.00,7.00] to be gaussian constrained
------------------------------------------------------------
6          10355.392929    27.995056       total sum                     
6          9989.092381     27.995056       excluding marked processes    
6          127318.000000   356.816479      Unweighted events, alpha=0.081335
  => Total parameter prop_binLFVVecU_2017_llB1_bin6[0.00,-7.00,7.00] to be gaussian constrained
------------------------------------------------------------
7          5294.570257     20.817966       total sum                     
7          4683.656914     20.817966       excluding marked processes    
7          50617.000000    224.982222      Unweighted events, alpha=0.104601
  => Total parameter prop_binLFVVecU_2017_llB1_bin7[0.00,-7.00,7.00] to be gaussian constrained
------------------------------------------------------------
8          3213.686153     13.213557       total sum                     
8          2412.860552     13.213557       excluding marked processes    
8          33345.000000    182.606134      Unweighted events, alpha=0.096377
  => Total parameter prop_binLFVVecU_2017_llB1_bin8[0.00,-7.00,7.00] to be gaussian constrained
------------------------------------------------------------
9          1768.928701     9.842787        total sum                     
9          932.354877      9.842787        excluding marked processes    
9          8973.000000     94.725920       Unweighted events, alpha=0.197139
  => Total parameter prop_binLFVVecU_2017_llB1_bin9[0.00,-7.00,7.00] to be gaussian constrained
------------------------------------------------------------
10         1197.112242     4.780866        total sum                     
10         323.035432      4.780866        excluding marked processes    
10         4565.000000     67.564784       Unweighted events, alpha=0.262237
  => Total parameter prop_binLFVVecU_2017_llB1_bin10[0.00,-7.00,7.00] to be gaussian constrained
------------------------------------------------------------
11         917.273357      2.988579        total sum                     
11         121.668382      2.988579        excluding marked processes    
11         1657.000000     40.706265       Unweighted events, alpha=0.553575
  => Total parameter prop_binLFVVecU_2017_llB1_bin11[0.00,-7.00,7.00] to be gaussian constrained
------------------------------------------------------------
12         0.000000        0.000000        total sum                     
12         0.000000        0.000000        excluding marked processes    
  => Error is zero, ignore      
------------------------------------------------------------
Have POIs: ['r']
 <<< Combine >>> 
>>> including systematics
   Options for Robust Minimizer :: 
        Tolerance  0.1
        Strategy   0
        Type,Algo  Minuit2,Migrad
>>> method used is MultiDimFit
>>> random number generator seed is 123456
RooArgSet:: = ()
Computing results starting from observation (a-posteriori)

 --- MultiDimFit ---
best fit parameter values and profile-likelihood uncertainties: 
   r :    -0.007   -0.022/+0.019 (68%)
Done in 0.03 min (cpu), 0.03 min (real)
>> combine -M MultiDimFit -n _initialFit_Test --algo singles --redefineSignalPOIs r --robustFit 1 --rMin -1 --rMax 1 -m 125 -d LFVVecU_2017_llB1.root
Have POIs: ['r']
Have parameters: 73
 <<< Combine >>> 
 <<< Combine >>> 
 <<< Combine >>> 
 <<< Combine >>> 
 <<< Combine >>> 
 <<< Combine >>> 
 <<< Combine >>> 
 <<< Combine >>> 
>>> including systematics
>>> including systematics
>>> including systematics
>>> including systematics
>>> including systematics
>>> including systematics
>>> including systematics
   Options for Robust Minimizer :: 
   Options for Robust Minimizer :: 
   Options for Robust Minimizer :: 
   Options for Robust Minimizer :: 
   Options for Robust Minimizer :: 
>>> including systematics
   Options for Robust Minimizer :: 
   Options for Robust Minimizer :: 
        Tolerance  0.1
        Tolerance  0.1
        Tolerance  0.1
        Tolerance  0.1
        Tolerance  0.1
        Strategy   0
        Tolerance  0.1
        Strategy   0
        Strategy   0
        Strategy   0
        Type,Algo  Minuit2,Migrad
        Tolerance  0.1
        Strategy   0
        Type,Algo  Minuit2,Migrad
        Type,Algo  Minuit2,Migrad
        Type,Algo  Minuit2,Migrad
        Strategy   0
        Type,Algo  Minuit2,Migrad
>>> method used is MultiDimFit
        Strategy   0
        Type,Algo  Minuit2,Migrad
>>> method used is MultiDimFit
>>> method used is MultiDimFit
        Type,Algo  Minuit2,Migrad
>>> method used is MultiDimFit
>>> random number generator seed is 123456
>>> random number generator seed is 123456
>>> random number generator seed is 123456
>>> method used is MultiDimFit
>>> method used is MultiDimFit
>>> random number generator seed is 123456
>>> random number generator seed is 123456
>>> random number generator seed is 123456
>>> method used is MultiDimFit
>>> random number generator seed is 123456
   Options for Robust Minimizer :: 
        Tolerance  0.1
        Strategy   0
        Type,Algo  Minuit2,Migrad
>>> method used is MultiDimFit
>>> random number generator seed is 123456
RooArgSet:: = ()
Computing results starting from observation (a-posteriori)
RooArgSet:: = ()
Computing results starting from observation (a-posteriori)
RooArgSet:: = ()
RooArgSet:: = ()
Computing results starting from observation (a-posteriori)
Computing results starting from observation (a-posteriori)
RooArgSet:: = ()
Computing results starting from observation (a-posteriori)
RooArgSet:: = ()
Computing results starting from observation (a-posteriori)
RooArgSet:: = ()
RooArgSet:: = ()
Computing results starting from observation (a-posteriori)
Computing results starting from observation (a-posteriori)

 --- MultiDimFit ---
Parameter impacts: 

 --- MultiDimFit ---
Parameter impacts: 

 --- MultiDimFit ---
Parameter impacts: 
  Parameter              :   Best-fit               r            
  Y2017jesRelativeJEREC1 :   -0.016  -0.996/+0.996  -0.000/-0.000
Done in 0.02 min (cpu), 0.03 min (real)

 --- MultiDimFit ---
Parameter impacts: 

 --- MultiDimFit ---
Parameter impacts: 

 --- MultiDimFit ---
Parameter impacts: 
  Parameter :   Best-fit               r            
  DY_norm   :   -0.022  -0.979/+0.967  -0.002/-0.000
Done in 0.02 min (cpu), 0.03 min (real)
  Parameter               :   Best-fit               r            
  Y2017jesRelativeStatFSR :   -0.004  -1.009/+1.009  -0.000/-0.000
Done in 0.02 min (cpu), 0.03 min (real)
 <<< Combine >>> 
>>> including systematics
   Options for Robust Minimizer :: 
        Tolerance  0.1
        Strategy   0
        Type,Algo  Minuit2,Migrad
>>> method used is MultiDimFit
>>> random number generator seed is 123456

 --- MultiDimFit ---
Parameter impacts: 

 --- MultiDimFit ---
Parameter impacts: 
  Parameter    :   Best-fit               r            
  Y2017bcTagSF :   +0.153  -0.852/+0.864  -0.003/+0.004
Done in 0.02 min (cpu), 0.03 min (real)
  Parameter      :   Best-fit               r            
  Y2017unclusMET :   +0.512  -1.072/+0.824  +0.001/-0.001
Done in 0.02 min (cpu), 0.03 min (real)
  Parameter  :   Best-fit               r            
  Signal_ISR :   +0.000  -0.994/+0.994  -0.000/+0.000
Done in 0.02 min (cpu), 0.03 min (real)
  Parameter             :   Best-fit               r            
  Y2017jesRelativePtEC2 :   -0.000  -0.994/+0.994  -0.000/-0.000
Done in 0.02 min (cpu), 0.03 min (real)
 <<< Combine >>> 
 <<< Combine >>> 
>>> including systematics
   Options for Robust Minimizer :: 
        Tolerance  0.1
        Strategy   0
        Type,Algo  Minuit2,Migrad
>>> method used is MultiDimFit
>>> including systematics
>>> random number generator seed is 123456
   Options for Robust Minimizer :: 
        Tolerance  0.1
        Strategy   0
        Type,Algo  Minuit2,Migrad
>>> method used is MultiDimFit
>>> random number generator seed is 123456
  Parameter     :   Best-fit               r            
  electronScale :   +0.062  -0.967/+0.975  +0.003/-0.003
Done in 0.02 min (cpu), 0.03 min (real)
 <<< Combine >>> 
 <<< Combine >>> 
 <<< Combine >>> 
 <<< Combine >>> 
 <<< Combine >>> 
>>> including systematics
>>> including systematics
>>> including systematics
>>> including systematics
   Options for Robust Minimizer :: 
   Options for Robust Minimizer :: 
   Options for Robust Minimizer :: 
        Tolerance  0.1
        Tolerance  0.1
        Tolerance  0.1
        Strategy   0
        Strategy   0
        Type,Algo  Minuit2,Migrad
        Type,Algo  Minuit2,Migrad
        Strategy   0
   Options for Robust Minimizer :: 
>>> method used is MultiDimFit
        Type,Algo  Minuit2,Migrad
>>> method used is MultiDimFit
>>> random number generator seed is 123456
>>> random number generator seed is 123456
>>> method used is MultiDimFit
        Tolerance  0.1
>>> random number generator seed is 123456
        Strategy   0
        Type,Algo  Minuit2,Migrad
>>> method used is MultiDimFit
>>> random number generator seed is 123456
>>> including systematics
   Options for Robust Minimizer :: 
        Tolerance  0.1
        Strategy   0
        Type,Algo  Minuit2,Migrad
>>> method used is MultiDimFit
>>> random number generator seed is 123456
RooArgSet:: = ()
Computing results starting from observation (a-posteriori)
RooArgSet:: = ()
Computing results starting from observation (a-posteriori)
RooArgSet:: = ()
Computing results starting from observation (a-posteriori)
RooArgSet:: = ()
Computing results starting from observation (a-posteriori)
RooArgSet:: = ()
RooArgSet:: = ()
Computing results starting from observation (a-posteriori)
Computing results starting from observation (a-posteriori)
RooArgSet:: = ()
Computing results starting from observation (a-posteriori)
RooArgSet:: = ()
Computing results starting from observation (a-posteriori)

 --- MultiDimFit ---
Parameter impacts: 

 --- MultiDimFit ---
Parameter impacts: 
  Parameter :   Best-fit               r            
  Y2017jer  :   -1.071  -0.587/+0.580  -0.003/+0.003
Done in 0.02 min (cpu), 0.02 min (real)
 <<< Combine >>> 
>>> including systematics
   Options for Robust Minimizer :: 
        Tolerance  0.1
        Strategy   0
        Type,Algo  Minuit2,Migrad
>>> method used is MultiDimFit
>>> random number generator seed is 123456
  Parameter  :   Best-fit               r            
  Other_norm :   -0.030  -0.987/+0.982  +0.000/-0.001
Done in 0.02 min (cpu), 0.02 min (real)

 --- MultiDimFit ---
Parameter impacts: 

 --- MultiDimFit ---
Parameter impacts: 

 --- MultiDimFit ---
Parameter impacts: 

 --- MultiDimFit ---
Parameter impacts: 

 --- MultiDimFit ---
Parameter impacts: 

 --- MultiDimFit ---
Parameter impacts: 
  Parameter :   Best-fit               r            
  Signal_QS :   +0.000  -0.994/+0.994 <<< Combine >>> 
>>> including systematics
   Options for Robust Minimizer :: 
        Tolerance  0.1
        Strategy   0
        Type,Algo  Minuit2,Migrad
>>> method used is MultiDimFit
>>> random number generator seed is 123456
  Parameter              :   Best-fit               r            
  Y2017jesRelativeSample :   -0.016  -0.923/+0.914  -0.001/+0.000
Done in 0.02 min (cpu), 0.02 min (real)
  Parameter              :   Best-fit               r            
  Y2017jesRelativeStatHF :   -0.000  -0.994/+0.994  -0.000/-0.000
Done in 0.02 min (cpu), 0.02 min (real)
  Parameter              :   Best-fit               r            
  Y2017jesRelativeJEREC2 :   -0.000  -0.994/+0.994  -0.000/-0.000
Done in 0.02 min (cpu), 0.02 min (real)
  Parameter          :   Best-fit               r            
  jesAbsoluteMPFBias :   -0.002  -0.878/+0.901  -0.001/+0.000
Done in 0.02 min (cpu), 0.02 min (real)
  -0.000/+0.000
Done in 0.02 min (cpu), 0.02 min (real)
  Parameter :   Best-fit               r            
  eleIDSf   :   +0.065  -0.905/+0.908  +0.001/-0.001
Done in 0.02 min (cpu), 0.03 min (real)
 <<< Combine >>> 
 <<< Combine >>> 
 <<< Combine >>> 
 <<< Combine >>> 
 <<< Combine >>> 
>>> including systematics
>>> including systematics
>>> including systematics
>>> including systematics
>>> including systematics
   Options for Robust Minimizer :: 
   Options for Robust Minimizer :: 
   Options for Robust Minimizer :: 
        Tolerance  0.1
        Tolerance  0.1
        Strategy   0
   Options for Robust Minimizer :: 
   Options for Robust Minimizer :: 
        Type,Algo  Minuit2,Migrad
        Tolerance  0.1
        Strategy   0
>>> method used is MultiDimFit
        Type,Algo  Minuit2,Migrad
        Tolerance  0.1
        Strategy   0
>>> random number generator seed is 123456
        Tolerance  0.1
>>> method used is MultiDimFit
        Type,Algo  Minuit2,Migrad
        Strategy   0
>>> random number generator seed is 123456
        Strategy   0
        Type,Algo  Minuit2,Migrad
>>> method used is MultiDimFit
 <<< Combine >>> 
        Type,Algo  Minuit2,Migrad
>>> random number generator seed is 123456
>>> method used is MultiDimFit
>>> method used is MultiDimFit
>>> random number generator seed is 123456
>>> random number generator seed is 123456
>>> including systematics
   Options for Robust Minimizer :: 
        Tolerance  0.1
        Strategy   0
        Type,Algo  Minuit2,Migrad
>>> method used is MultiDimFit
>>> random number generator seed is 123456
RooArgSet:: = ()
Computing results starting from observation (a-posteriori)
RooArgSet:: = ()
Computing results starting from observation (a-posteriori)
RooArgSet:: = ()
Computing results starting from observation (a-posteriori)
RooArgSet:: = ()
Computing results starting from observation (a-posteriori)
RooArgSet:: = ()
Computing results starting from observation (a-posteriori)
RooArgSet:: = ()
Computing results starting from observation (a-posteriori)
RooArgSet:: = ()
Computing results starting from observation (a-posteriori)
RooArgSet:: = ()
Computing results starting from observation (a-posteriori)

 --- MultiDimFit ---
Parameter impacts: 
  Parameter        :   Best-fit               r            
  jesAbsoluteScale :   -0.002  -0.977/+0.977  -0.001/+0.000
Done in 0.02 min (cpu), 0.02 min (real)

 --- MultiDimFit ---
Parameter impacts: 

 --- MultiDimFit ---
Parameter impacts: 

 --- MultiDimFit ---
Parameter impacts: 

 --- MultiDimFit ---
Parameter impacts: 

 --- MultiDimFit ---
Parameter impacts: 

 --- MultiDimFit ---
Parameter impacts: 
  Parameter  :   Best-fit               r            
  Signal_FSR :   +0.000  -0.995/+0.995  -0.000/+0.000
Done in 0.02 min (cpu), 0.02 min (real)
  Parameter :   Best-fit               r            
  eleRecoSf :   +0.043  -0.992/+0.991  -0.000/+0.000
Done in 0.02 min (cpu), 0.02 min (real)
  Parameter         :   Best-fit               r            
  Y2017jesTimePtEta :   +0.051  -0.972/+0.970  -0.001/-0.001
Done in 0.02 min (cpu), 0.02 min (real)
  Parameter            :   Best-fit               r            
  Y2017jesAbsoluteStat :   -0.011  -0.990/+0.990  -0.000/-0.000
Done in 0.02 min (cpu), 0.02 min (real)
 <<< Combine >>> 
>>> including systematics
   Options for Robust Minimizer :: 
        Tolerance  0.1
        Strategy   0
        Type,Algo  Minuit2,Migrad
>>> method used is MultiDimFit
>>> random number generator seed is 123456
  Parameter             :   Best-fit               r            
  Y2017jesRelativePtEC1 :   -0.000  -0.989/+0.989  -0.000/-0.001
Done in 0.02 min (cpu), 0.02 min (real)

 --- MultiDimFit ---
Parameter impacts: 
 <<< Combine >>> 
 <<< Combine >>> 
 <<< Combine >>> 
 <<< Combine >>> 
 <<< Combine >>> 
>>> including systematics
   Options for Robust Minimizer :: 
>>> including systematics
        Tolerance  0.1
        Strategy   0
        Type,Algo  Minuit2,Migrad
>>> method used is MultiDimFit
>>> random number generator seed is 123456
   Options for Robust Minimizer :: 
>>> including systematics
        Tolerance  0.1
        Strategy   0
        Type,Algo  Minuit2,Migrad
>>> method used is MultiDimFit
>>> random number generator seed is 123456
   Options for Robust Minimizer :: 
        Tolerance  0.1
        Strategy   0
        Type,Algo  Minuit2,Migrad
>>> method used is MultiDimFit
>>> random number generator seed is 123456
>>> including systematics
>>> including systematics
   Options for Robust Minimizer :: 
        Tolerance  0.1
        Strategy   0
        Type,Algo  Minuit2,Migrad
>>> method used is MultiDimFit
>>> random number generator seed is 123456
   Options for Robust Minimizer :: 
        Tolerance  0.1
        Strategy   0
        Type,Algo  Minuit2,Migrad
>>> method used is MultiDimFit
>>> random number generator seed is 123456
  Parameter  :   Best-fit               r            
  Signal_pdf :   +0.000  -0.994/+0.994  -0.000/+0.000
Done in 0.02 min (cpu), 0.02 min (real)
  Parameter              :   Best-fit               r            
  Y2017jesRelativeStatEC :   -0.040  -0.985/+0.985  -0.001/-0.000
Done in 0.02 min (cpu), 0.03 min (real)
 <<< Combine >>> 
>>> including systematics
   Options for Robust Minimizer :: 
        Tolerance  0.1
        Strategy   0
        Type,Algo  Minuit2,Migrad
>>> method used is MultiDimFit
>>> random number generator seed is 123456
 <<< Combine >>> 
>>> including systematics
   Options for Robust Minimizer :: 
        Tolerance  0.1
        Strategy   0
        Type,Algo  Minuit2,Migrad
>>> method used is MultiDimFit
>>> random number generator seed is 123456
RooArgSet:: = ()
Computing results starting from observation (a-posteriori)
RooArgSet:: = ()
Computing results starting from observation (a-posteriori)
RooArgSet:: = ()
Computing results starting from observation (a-posteriori)
RooArgSet:: = ()
Computing results starting from observation (a-posteriori)
RooArgSet:: = ()
RooArgSet:: = ()
Computing results starting from observation (a-posteriori)
Computing results starting from observation (a-posteriori)
RooArgSet:: = ()
Computing results starting from observation (a-posteriori)
RooArgSet:: = ()
Computing results starting from observation (a-posteriori)

 --- MultiDimFit ---
Parameter impacts: 

 --- MultiDimFit ---
Parameter impacts: 

 --- MultiDimFit ---
Parameter impacts: 

 --- MultiDimFit ---
Parameter impacts: 
  Parameter :   Best-fit               r            
  lumiBBDef :   +0.041  -0.992/+0.992  -0.000/+0.000
Done in 0.02 min (cpu), 0.02 min (real)
  Parameter      :   Best-fit               r            
  jesPileUpPtRef :   -0.062  -0.962/+0.948  +0.001/-0.001
Done in 0.02 min (cpu), 0.02 min (real)

 --- MultiDimFit ---
Parameter impacts: 

 --- MultiDimFit ---
Parameter impacts: 
  Parameter  :   Best-fit               r            
  lumiGhostS :   +0.010  -0.994/+0.994  -0.000/+0.000
Done in 0.02 min (cpu), 0.02 min (real)

 --- MultiDimFit ---
Parameter impacts: 
  Parameter :   Best-fit               r            
  muIdSf    :   +0.070  -0.984/+0.984  -0.001/+0.001
Done in 0.02 min (cpu), 0.02 min (real)
  Parameter          :   Best-fit               r            
  jesRelativeStatFSR :   -0.004  -1.009/+1.009  -0.000/-0.000
Done in 0.02 min (cpu), 0.03 min (real)
  Parameter        :   Best-fit               r            
  jesRelativeJERHF :   -0.000  -0.994/+0.994  -0.000/-0.000
Done in 0.02 min (cpu), 0.02 min (real)
 <<< Combine >>> 
 <<< Combine >>> 
>>> including systematics
   Options for Robust Minimizer :: 
        Tolerance  0.1
        Strategy   0
        Type,Algo  Minuit2,Migrad
>>> method used is MultiDimFit
>>> random number generator seed is 123456
>>> including systematics
   Options for Robust Minimizer :: 
        Tolerance  0.1
        Strategy   0
        Type,Algo  Minuit2,Migrad
>>> method used is MultiDimFit
>>> random number generator seed is 123456

 --- MultiDimFit ---
Parameter impacts: 
 <<< Combine >>> 
>>> including systematics
   Options for Robust Minimizer :: 
        Tolerance  0.1
        Strategy   0
        Type,Algo  Minuit2,Migrad
>>> method used is MultiDimFit
>>> random number generator seed is 123456
 <<< Combine >>> 
>>> including systematics
   Options for Robust Minimizer :: 
        Tolerance  0.1
        Strategy   0
        Type,Algo  Minuit2,Migrad
>>> method used is MultiDimFit
>>> random number generator seed is 123456
  Parameter    :   Best-fit               r            
  jesFlavorQCD :   -0.064  -0.843/+0.830  +0.001/-0.001
Done in 0.02 min (cpu), 0.03 min (real)
  Parameter      :   Best-fit               r            
  jesPileUpPtEC1 :   -0.095  -0.999/+1.005  +0.001/-0.002
Done in 0.03 min (cpu), 0.03 min (real)
 <<< Combine >>> 
 <<< Combine >>> 
>>> including systematics
>>> including systematics
   Options for Robust Minimizer :: 
   Options for Robust Minimizer :: 
        Tolerance  0.1
        Tolerance  0.1
        Strategy   0
        Strategy   0
        Type,Algo  Minuit2,Migrad
        Type,Algo  Minuit2,Migrad
>>> method used is MultiDimFit
>>> method used is MultiDimFit
>>> random number generator seed is 123456
>>> random number generator seed is 123456
 <<< Combine >>> 
 <<< Combine >>> 
>>> including systematics
>>> including systematics
   Options for Robust Minimizer :: 
   Options for Robust Minimizer :: 
        Tolerance  0.1
        Tolerance  0.1
        Strategy   0
        Type,Algo  Minuit2,Migrad
        Strategy   0
        Type,Algo  Minuit2,Migrad
>>> method used is MultiDimFit
>>> random number generator seed is 123456
>>> method used is MultiDimFit
>>> random number generator seed is 123456
RooArgSet:: = ()
Computing results starting from observation (a-posteriori)
RooArgSet:: = ()
Computing results starting from observation (a-posteriori)
RooArgSet:: = ()
RooArgSet:: = ()
Computing results starting from observation (a-posteriori)
Computing results starting from observation (a-posteriori)
RooArgSet:: = ()
RooArgSet:: = ()
Computing results starting from observation (a-posteriori)
Computing results starting from observation (a-posteriori)
RooArgSet:: = ()
Computing results starting from observation (a-posteriori)
RooArgSet:: = ()
Computing results starting from observation (a-posteriori)

 --- MultiDimFit ---
Parameter impacts: 

 --- MultiDimFit ---
Parameter impacts: 

 --- MultiDimFit ---
Parameter impacts: 

 --- MultiDimFit ---
Parameter impacts: 

 --- MultiDimFit ---
Parameter impacts: 

 --- MultiDimFit ---
Parameter impacts: 

 --- MultiDimFit ---
Parameter impacts: 
  Parameter      :   Best-fit               r            
  jesPileUpPtEC2 :   -0.000  -0.994/+0.994  -0.000/-0.000
Done in 0.02 min (cpu), 0.02 min (real)
  Parameter       :   Best-fit               r            
  jesRelativePtBB :   +0.008  -0.947/+0.943  -0.000/-0.000
Done in 0.02 min (cpu), 0.02 min (real)
  Parameter   :   Best-fit               r            
  lumiLengthS :   +0.031  -0.993/+0.993  -0.000/+0.000
Done in 0.02 min (cpu), 0.02 min (real)
  Parameter  :   Best-fit               r            
  lumiBeamCC :   +0.031  -0.993/+0.993  -0.000/+0.000
Done in 0.02 min (cpu), 0.02 min (real)

 --- MultiDimFit ---
Parameter impacts: 
  Parameter        :   Best-fit               r            
  jesFragmentation :   -0.033  -0.963/+0.952  -0.000/-0.001
Done in 0.02 min (cpu), 0.02 min (real)
  Parameter         :   Best-fit               r            
  jesRelativeStatHF :   -0.000  -0.994/+0.994  -0.000/-0.000
Done in 0.02 min (cpu), 0.02 min (real)
 <<< Combine >>> 
 <<< Combine >>> 
 <<< Combine >>> 
>>> including systematics
>>> including systematics
>>> including systematics
   Options for Robust Minimizer :: 
   Options for Robust Minimizer :: 
   Options for Robust Minimizer :: 
        Tolerance  0.1
        Strategy   0
        Type,Algo  Minuit2,Migrad
        Tolerance  0.1
        Tolerance  0.1
>>> method used is MultiDimFit
>>> random number generator seed is 123456
        Strategy   0
        Strategy   0
        Type,Algo  Minuit2,Migrad
        Type,Algo  Minuit2,Migrad
>>> method used is MultiDimFit
>>> method used is MultiDimFit
>>> random number generator seed is 123456
>>> random number generator seed is 123456
 <<< Combine >>> 
>>> including systematics
   Options for Robust Minimizer :: 
        Tolerance  0.1
        Strategy   0
        Type,Algo  Minuit2,Migrad
>>> method used is MultiDimFit
>>> random number generator seed is 123456
  Parameter :   Best-fit               r            
  muIsoSf   :   +0.014  -0.993/+0.994  -0.000/+0.000
Done in 0.02 min (cpu), 0.03 min (real)
  Parameter      :   Best-fit               r            
  jesRelativeBal :   -0.044  -1.002/+0.997  -0.000/-0.001
Done in 0.02 min (cpu), 0.03 min (real)
 <<< Combine >>> 
 <<< Combine >>> 
>>> including systematics
>>> including systematics
   Options for Robust Minimizer :: 
   Options for Robust Minimizer :: 
        Tolerance  0.1
        Tolerance  0.1
        Strategy   0
        Type,Algo  Minuit2,Migrad
        Strategy   0
        Type,Algo  Minuit2,Migrad
>>> method used is MultiDimFit
>>> random number generator seed is 123456
>>> method used is MultiDimFit
>>> random number generator seed is 123456
 <<< Combine >>> 
 <<< Combine >>> 
>>> including systematics
>>> including systematics
   Options for Robust Minimizer :: 
   Options for Robust Minimizer :: 
        Tolerance  0.1
        Strategy   0
        Type,Algo  Minuit2,Migrad
        Tolerance  0.1
>>> method used is MultiDimFit
>>> random number generator seed is 123456
        Strategy   0
        Type,Algo  Minuit2,Migrad
>>> method used is MultiDimFit
>>> random number generator seed is 123456
RooArgSet:: = ()
RooArgSet:: = ()
RooArgSet:: = ()
RooArgSet:: = ()
Computing results starting from observation (a-posteriori)
Computing results starting from observation (a-posteriori)
Computing results starting from observation (a-posteriori)
Computing results starting from observation (a-posteriori)
RooArgSet:: = ()
Computing results starting from observation (a-posteriori)
RooArgSet:: = ()
Computing results starting from observation (a-posteriori)
RooArgSet:: = ()
Computing results starting from observation (a-posteriori)
RooArgSet:: = ()
Computing results starting from observation (a-posteriori)

 --- MultiDimFit ---
Parameter impacts: 

 --- MultiDimFit ---
Parameter impacts: 

 --- MultiDimFit ---
Parameter impacts: 
  Parameter    :   Best-fit               r            
  lumiDynamicB :   +0.051  -0.991/+0.991  -0.000/+0.000
Done in 0.02 min (cpu), 0.02 min (real)

 --- MultiDimFit ---
Parameter impacts: 

 --- MultiDimFit ---
Parameter impacts: 

 --- MultiDimFit ---
Parameter impacts: 

 --- MultiDimFit ---
Parameter impacts: 
  Parameter     :   Best-fit               r            
  jesPileUpPtHF :   -0.000  -0.994/+0.994  -0.000/-0.000
Done in 0.02 min (cpu), 0.02 min (real)
  Parameter       :   Best-fit               r            
  jesRelativePtHF :   -0.000  -0.994/+0.994  -0.000/-0.000
Done in 0.02 min (cpu), 0.02 min (real)
 <<< Combine >>> 
>>> including systematics
   Options for Robust Minimizer :: 
        Tolerance  0.1
        Strategy   0
        Type,Algo  Minuit2,Migrad
>>> method used is MultiDimFit
>>> random number generator seed is 123456
  Parameter :   Best-fit               r            
  muonRes   :   -0.003  -1.013/+1.014  +0.001/-0.000
Done in 0.02 min (cpu), 0.02 min (real)
  Parameter :   Best-fit               r            
  lumiXY    :   +0.081  -0.985/+0.985  -0.000/+0.000
Done in 0.02 min (cpu), 0.03 min (real)
  Parameter     :   Best-fit               r            
  jesPileUpPtBB :   -0.029  -0.964/+0.959  +0.001/-0.001
Done in 0.02 min (cpu), 0.02 min (real)
  Parameter      :   Best-fit               r            
  jesRelativeFSR :   -0.008  -0.959/+0.961  -0.001/-0.001
Done in 0.02 min (cpu), 0.02 min (real)
 <<< Combine >>> 
 <<< Combine >>> 
>>> including systematics
>>> including systematics
   Options for Robust Minimizer :: 
   Options for Robust Minimizer :: 
        Tolerance  0.1
        Tolerance  0.1
        Strategy   0
        Strategy   0
        Type,Algo  Minuit2,Migrad
        Type,Algo  Minuit2,Migrad
>>> method used is MultiDimFit
>>> method used is MultiDimFit
>>> random number generator seed is 123456
>>> random number generator seed is 123456
 <<< Combine >>> 
>>> including systematics
   Options for Robust Minimizer :: 
        Tolerance  0.1
        Strategy   0
        Type,Algo  Minuit2,Migrad
>>> method used is MultiDimFit
>>> random number generator seed is 123456
 <<< Combine >>> 
 <<< Combine >>> 
>>> including systematics
>>> including systematics
   Options for Robust Minimizer :: 
        Tolerance  0.1
        Strategy   0
        Type,Algo  Minuit2,Migrad
   Options for Robust Minimizer :: 
>>> method used is MultiDimFit
>>> random number generator seed is 123456
        Tolerance  0.1
        Strategy   0
        Type,Algo  Minuit2,Migrad
>>> method used is MultiDimFit
>>> random number generator seed is 123456
 <<< Combine >>> 
>>> including systematics
   Options for Robust Minimizer :: 
        Tolerance  0.1
        Strategy   0
        Type,Algo  Minuit2,Migrad
>>> method used is MultiDimFit
>>> random number generator seed is 123456

 --- MultiDimFit ---
Parameter impacts: 
  Parameter :   Best-fit               r            
  lumi2017  :   +0.202  -0.933/+0.933  -0.001/+0.001
Done in 0.03 min (cpu), 0.04 min (real)
 <<< Combine >>> 
>>> including systematics
   Options for Robust Minimizer :: 
        Tolerance  0.1
        Strategy   0
        Type,Algo  Minuit2,Migrad
>>> method used is MultiDimFit
>>> random number generator seed is 123456
RooArgSet:: = ()
RooArgSet:: = ()
RooArgSet:: = ()
RooArgSet:: = ()
RooArgSet:: = ()
RooArgSet:: = ()
RooArgSet:: = ()
Computing results starting from observation (a-posteriori)
Computing results starting from observation (a-posteriori)
Computing results starting from observation (a-posteriori)
Computing results starting from observation (a-posteriori)
Computing results starting from observation (a-posteriori)
Computing results starting from observation (a-posteriori)
RooArgSet:: = ()
Computing results starting from observation (a-posteriori)
Computing results starting from observation (a-posteriori)

 --- MultiDimFit ---
Parameter impacts: 

 --- MultiDimFit ---
Parameter impacts: 

 --- MultiDimFit ---
Parameter impacts: 
  Parameter                       :   Best-fit               r            
  prop_binLFVVecU_2017_llB1_bin10 :   +0.010  -0.975/+0.975  +0.002/-0.002
Done in 0.02 min (cpu), 0.03 min (real)
  Parameter                      :   Best-fit               r            
  prop_binLFVVecU_2017_llB1_bin3 :   +0.112  -0.965/+0.964  +0.000/-0.000
Done in 0.02 min (cpu), 0.03 min (real)

 --- MultiDimFit ---
Parameter impacts: 

 --- MultiDimFit ---
Parameter impacts: 
  Parameter :   Best-fit               r            
  muonScale :   -0.001  -0.998/+0.997  -0.000/+0.000
Done in 0.02 min (cpu), 0.03 min (real)
 <<< Combine >>> 
 <<< Combine >>> 
>>> including systematics
>>> including systematics
   Options for Robust Minimizer :: 
        Tolerance  0.1
   Options for Robust Minimizer :: 
        Strategy   0
        Type,Algo  Minuit2,Migrad
>>> method used is MultiDimFit
>>> random number generator seed is 123456
        Tolerance  0.1
        Strategy   0
        Type,Algo  Minuit2,Migrad
>>> method used is MultiDimFit
>>> random number generator seed is 123456
  Parameter                      :   Best-fit               r            
  prop_binLFVVecU_2017_llB1_bin9 :   +0.148  -0.961/+0.961  +0.001/-0.001
Done in 0.02 min (cpu), 0.03 min (real)

 --- MultiDimFit ---
Parameter impacts: 
  Parameter                      :   Best-fit               r            
  prop_binLFVVecU_2017_llB1_bin6 :   -0.010  -0.978/+0.978  -0.001/+0.001
Done in 0.02 min (cpu), 0.03 min (real)
 <<< Combine >>> 
>>> including systematics
   Options for Robust Minimizer :: 
        Tolerance  0.1
        Strategy   0
        Type,Algo  Minuit2,Migrad
>>> method used is MultiDimFit
>>> random number generator seed is 123456

 --- MultiDimFit ---
Parameter impacts: 
  Parameter :   Best-fit               r            
  tt_ISR    :   +0.091  -0.905/+0.911  -0.001/+0.001
Done in 0.02 min (cpu), 0.03 min (real)
 <<< Combine >>> 
 <<< Combine >>> 
>>> including systematics
   Options for Robust Minimizer :: 
        Tolerance  0.1
        Strategy   0
        Type,Algo  Minuit2,Migrad
>>> including systematics
>>> method used is MultiDimFit
>>> random number generator seed is 123456
   Options for Robust Minimizer :: 
        Tolerance  0.1
        Strategy   0
        Type,Algo  Minuit2,Migrad
>>> method used is MultiDimFit
>>> random number generator seed is 123456

 --- MultiDimFit ---
Parameter impacts: 
  Parameter :   Best-fit               r            
  trigSF    :   +0.102  -0.974/+0.976  -0.000/+0.000
Done in 0.03 min (cpu), 0.03 min (real)
 <<< Combine >>> 
>>> including systematics
   Options for Robust Minimizer :: 
        Tolerance  0.1
        Strategy   0
        Type,Algo  Minuit2,Migrad
>>> method used is MultiDimFit
>>> random number generator seed is 123456
  Parameter :   Best-fit               r            
  tt_hdamp  :   -0.342  -0.558/+0.536  -0.003/+0.001
Done in 0.03 min (cpu), 0.04 min (real)
 <<< Combine >>> 
>>> including systematics
   Options for Robust Minimizer :: 
        Tolerance  0.1
        Strategy   0
        Type,Algo  Minuit2,Migrad
>>> method used is MultiDimFit
>>> random number generator seed is 123456
 <<< Combine >>> 
>>> including systematics
   Options for Robust Minimizer :: 
        Tolerance  0.1
        Strategy   0
        Type,Algo  Minuit2,Migrad
>>> method used is MultiDimFit
>>> random number generator seed is 123456
RooArgSet:: = ()
RooArgSet:: = ()
RooArgSet:: = ()
RooArgSet:: = ()
RooArgSet:: = ()
RooArgSet:: = ()
RooArgSet:: = ()
RooArgSet:: = ()
Computing results starting from observation (a-posteriori)
Computing results starting from observation (a-posteriori)
Computing results starting from observation (a-posteriori)
Computing results starting from observation (a-posteriori)
Computing results starting from observation (a-posteriori)
Computing results starting from observation (a-posteriori)
Computing results starting from observation (a-posteriori)
Computing results starting from observation (a-posteriori)

 --- MultiDimFit ---
Parameter impacts: 

 --- MultiDimFit ---
Parameter impacts: 

 --- MultiDimFit ---
Parameter impacts: 
  Parameter :   Best-fit               r            
  tt_CR     :   -0.149  -0.643/+0.832  +0.012/-0.018
Done in 0.02 min (cpu), 0.03 min (real)

 --- MultiDimFit ---
Parameter impacts: 

 --- MultiDimFit ---
Parameter impacts: 
  Parameter                       :   Best-fit               r            
  prop_binLFVVecU_2017_llB1_bin11 :   -0.030  -0.986/+0.985  +0.002/-0.002
Done in 0.02 min (cpu), 0.03 min (real)

 --- MultiDimFit ---
Parameter impacts: 
  Parameter :   Best-fit               r            
  pu        :   +0.051  -0.975/+0.967  +0.002/-0.002
Done in 0.02 min (cpu), 0.03 min (real)
  Parameter                      :   Best-fit               r            
  prop_binLFVVecU_2017_llB1_bin7 :   -0.020  -0.964/+0.963  -0.001/+0.001
Done in 0.02 min (cpu), 0.03 min (real)

 --- MultiDimFit ---
Parameter impacts: 
  Parameter                      :   Best-fit               r            
  prop_binLFVVecU_2017_llB1_bin4 :   -0.127  -0.974/+0.973  +0.001/-0.001
Done in 0.02 min (cpu), 0.03 min (real)
 <<< Combine >>> 
>>> including systematics
   Options for Robust Minimizer :: 
        Tolerance  0.1
        Strategy   0
        Type,Algo  Minuit2,Migrad
>>> method used is MultiDimFit
>>> random number generator seed is 123456
 <<< Combine >>> 
>>> including systematics
   Options for Robust Minimizer :: 
        Tolerance  0.1
        Strategy   0
        Type,Algo  Minuit2,Migrad
>>> method used is MultiDimFit
>>> random number generator seed is 123456
 <<< Combine >>> 
>>> including systematics
   Options for Robust Minimizer :: 
        Tolerance  0.1
        Strategy   0
        Type,Algo  Minuit2,Migrad
>>> method used is MultiDimFit
>>> random number generator seed is 123456
  Parameter :   Best-fit               r            
  tt_QS     :   +0.152  -0.668/+0.586  +0.001/-0.001
Done in 0.03 min (cpu), 0.04 min (real)
 <<< Combine >>> 
>>> including systematics
   Options for Robust Minimizer :: 
        Tolerance  0.1
        Strategy   0
        Type,Algo  Minuit2,Migrad
>>> method used is MultiDimFit
>>> random number generator seed is 123456
 <<< Combine >>> 
>>> including systematics
   Options for Robust Minimizer :: 
        Tolerance  0.1
        Strategy   0
        Type,Algo  Minuit2,Migrad
>>> method used is MultiDimFit
>>> random number generator seed is 123456
  Parameter :   Best-fit               r            
  prefiring :   -0.015  -0.988/+0.987  -0.001/+0.001
Done in 0.03 min (cpu), 0.04 min (real)

 --- MultiDimFit ---
Parameter impacts: 
 <<< Combine >>> 
>>> including systematics
   Options for Robust Minimizer :: 
        Tolerance  0.1
        Strategy   0
        Type,Algo  Minuit2,Migrad
>>> method used is MultiDimFit
>>> random number generator seed is 123456
 <<< Combine >>> 
>>> including systematics
   Options for Robust Minimizer :: 
        Tolerance  0.1
        Strategy   0
        Type,Algo  Minuit2,Migrad
>>> method used is MultiDimFit
>>> random number generator seed is 123456
  Parameter :   Best-fit               r            
  tt_norm   :   +0.489  -0.615/+0.618  -0.002/+0.003
Done in 0.03 min (cpu), 0.04 min (real)
 <<< Combine >>> 
>>> including systematics
   Options for Robust Minimizer :: 
        Tolerance  0.1
        Strategy   0
        Type,Algo  Minuit2,Migrad
>>> method used is MultiDimFit
>>> random number generator seed is 123456
RooArgSet:: = ()
RooArgSet:: = ()
RooArgSet:: = ()
Computing results starting from observation (a-posteriori)
Computing results starting from observation (a-posteriori)
RooArgSet:: = ()
Computing results starting from observation (a-posteriori)
Computing results starting from observation (a-posteriori)
RooArgSet:: = ()
Computing results starting from observation (a-posteriori)
RooArgSet:: = ()
Computing results starting from observation (a-posteriori)
RooArgSet:: = ()
Computing results starting from observation (a-posteriori)
RooArgSet:: = ()
Computing results starting from observation (a-posteriori)

 --- MultiDimFit ---
Parameter impacts: 

 --- MultiDimFit ---
Parameter impacts: 

 --- MultiDimFit ---
Parameter impacts: 
  Parameter                      :   Best-fit               r            
  prop_binLFVVecU_2017_llB1_bin5 :   +0.003  -0.973/+0.975  -0.000/+0.001
Done in 0.02 min (cpu), 0.02 min (real)

 --- MultiDimFit ---
Parameter impacts: 
  Parameter                      :   Best-fit               r            
  prop_binLFVVecU_2017_llB1_bin2 :   +0.137  -0.972/+0.970  +0.000/-0.000
Done in 0.02 min (cpu), 0.02 min (real)
 <<< Combine >>> 
>>> including systematics
   Options for Robust Minimizer :: 
        Tolerance  0.1
        Strategy   0
        Type,Algo  Minuit2,Migrad
>>> method used is MultiDimFit
>>> random number generator seed is 123456

 --- MultiDimFit ---
Parameter impacts: 
  Parameter :   Best-fit               r            
  tt_FSR    :   -0.317  -0.935/+1.016  +0.004/-0.002
Done in 0.02 min (cpu), 0.02 min (real)

 --- MultiDimFit ---
Parameter impacts: 
  Parameter                      :   Best-fit               r            
  prop_binLFVVecU_2017_llB1_bin8 :   -0.097  -0.972/+0.972  +0.000/-0.000
Done in 0.02 min (cpu), 0.03 min (real)
  Parameter                      :   Best-fit               r            
  prop_binLFVVecU_2017_llB1_bin1 :   -0.172  -0.981/+0.982  -0.001/+0.001
Done in 0.02 min (cpu), 0.03 min (real)
  Parameter :   Best-fit               r            
  tW_norm   :   +0.031  -0.975/+0.971  -0.000/+0.000
Done in 0.02 min (cpu), 0.03 min (real)

 --- MultiDimFit ---
Parameter impacts: 
  Parameter :   Best-fit               r            
  tt_Tune   :   +0.113  -0.759/+0.653  -0.002/-0.000
Done in 0.03 min (cpu), 0.03 min (real)

 --- MultiDimFit ---
Parameter impacts: 
  Parameter :   Best-fit               r            
  tt_pdf    :   +0.028  -0.992/+0.992  +0.001/-0.001
Done in 0.02 min (cpu), 0.02 min (real)
RooArgSet:: = ()
Computing results starting from observation (a-posteriori)

 --- MultiDimFit ---
Parameter impacts: 
  Parameter :   Best-fit               r            
  udsgTagSF :   +0.026  -0.994/+0.994  -0.000/+0.000
Done in 0.02 min (cpu), 0.03 min (real)
>> combine -M MultiDimFit -n _paramFit_Test_DY_norm --algo impact --redefineSignalPOIs r -P DY_norm --floatOtherPOIs 1 --saveInactivePOI 1 --robustFit 1 --rMin -1 --rMax 1 -m 125 -d LFVVecU_2017_llB1.root
>> combine -M MultiDimFit -n _paramFit_Test_Other_norm --algo impact --redefineSignalPOIs r -P Other_norm --floatOtherPOIs 1 --saveInactivePOI 1 --robustFit 1 --rMin -1 --rMax 1 -m 125 -d LFVVecU_2017_llB1.root
>> combine -M MultiDimFit -n _paramFit_Test_Signal_FSR --algo impact --redefineSignalPOIs r -P Signal_FSR --floatOtherPOIs 1 --saveInactivePOI 1 --robustFit 1 --rMin -1 --rMax 1 -m 125 -d LFVVecU_2017_llB1.root
>> combine -M MultiDimFit -n _paramFit_Test_jesPileUpPtEC1 --algo impact --redefineSignalPOIs r -P jesPileUpPtEC1 --floatOtherPOIs 1 --saveInactivePOI 1 --robustFit 1 --rMin -1 --rMax 1 -m 125 -d LFVVecU_2017_llB1.root
>> combine -M MultiDimFit -n _paramFit_Test_jesPileUpPtEC2 --algo impact --redefineSignalPOIs r -P jesPileUpPtEC2 --floatOtherPOIs 1 --saveInactivePOI 1 --robustFit 1 --rMin -1 --rMax 1 -m 125 -d LFVVecU_2017_llB1.root
>> combine -M MultiDimFit -n _paramFit_Test_jesPileUpPtHF --algo impact --redefineSignalPOIs r -P jesPileUpPtHF --floatOtherPOIs 1 --saveInactivePOI 1 --robustFit 1 --rMin -1 --rMax 1 -m 125 -d LFVVecU_2017_llB1.root
>> combine -M MultiDimFit -n _paramFit_Test_prop_binLFVVecU_2017_llB1_bin10 --algo impact --redefineSignalPOIs r -P prop_binLFVVecU_2017_llB1_bin10 --floatOtherPOIs 1 --saveInactivePOI 1 --robustFit 1 --rMin -1 --rMax 1 -m 125 -d LFVVecU_2017_llB1.root
>> combine -M MultiDimFit -n _paramFit_Test_prop_binLFVVecU_2017_llB1_bin11 --algo impact --redefineSignalPOIs r -P prop_binLFVVecU_2017_llB1_bin11 --floatOtherPOIs 1 --saveInactivePOI 1 --robustFit 1 --rMin -1 --rMax 1 -m 125 -d LFVVecU_2017_llB1.root
>> combine -M MultiDimFit -n _paramFit_Test_prop_binLFVVecU_2017_llB1_bin2 --algo impact --redefineSignalPOIs r -P prop_binLFVVecU_2017_llB1_bin2 --floatOtherPOIs 1 --saveInactivePOI 1 --robustFit 1 --rMin -1 --rMax 1 -m 125 -d LFVVecU_2017_llB1.root
>> combine -M MultiDimFit -n _paramFit_Test_Y2017unclusMET --algo impact --redefineSignalPOIs r -P Y2017unclusMET --floatOtherPOIs 1 --saveInactivePOI 1 --robustFit 1 --rMin -1 --rMax 1 -m 125 -d LFVVecU_2017_llB1.root
>> combine -M MultiDimFit -n _paramFit_Test_eleIDSf --algo impact --redefineSignalPOIs r -P eleIDSf --floatOtherPOIs 1 --saveInactivePOI 1 --robustFit 1 --rMin -1 --rMax 1 -m 125 -d LFVVecU_2017_llB1.root
>> combine -M MultiDimFit -n _paramFit_Test_eleRecoSf --algo impact --redefineSignalPOIs r -P eleRecoSf --floatOtherPOIs 1 --saveInactivePOI 1 --robustFit 1 --rMin -1 --rMax 1 -m 125 -d LFVVecU_2017_llB1.root
>> combine -M MultiDimFit -n _paramFit_Test_jesPileUpPtRef --algo impact --redefineSignalPOIs r -P jesPileUpPtRef --floatOtherPOIs 1 --saveInactivePOI 1 --robustFit 1 --rMin -1 --rMax 1 -m 125 -d LFVVecU_2017_llB1.root
>> combine -M MultiDimFit -n _paramFit_Test_jesRelativeBal --algo impact --redefineSignalPOIs r -P jesRelativeBal --floatOtherPOIs 1 --saveInactivePOI 1 --robustFit 1 --rMin -1 --rMax 1 -m 125 -d LFVVecU_2017_llB1.root
>> combine -M MultiDimFit -n _paramFit_Test_jesRelativeFSR --algo impact --redefineSignalPOIs r -P jesRelativeFSR --floatOtherPOIs 1 --saveInactivePOI 1 --robustFit 1 --rMin -1 --rMax 1 -m 125 -d LFVVecU_2017_llB1.root
>> combine -M MultiDimFit -n _paramFit_Test_trigSF --algo impact --redefineSignalPOIs r -P trigSF --floatOtherPOIs 1 --saveInactivePOI 1 --robustFit 1 --rMin -1 --rMax 1 -m 125 -d LFVVecU_2017_llB1.root
>> combine -M MultiDimFit -n _paramFit_Test_tt_CR --algo impact --redefineSignalPOIs r -P tt_CR --floatOtherPOIs 1 --saveInactivePOI 1 --robustFit 1 --rMin -1 --rMax 1 -m 125 -d LFVVecU_2017_llB1.root
>> combine -M MultiDimFit -n _paramFit_Test_tt_FSR --algo impact --redefineSignalPOIs r -P tt_FSR --floatOtherPOIs 1 --saveInactivePOI 1 --robustFit 1 --rMin -1 --rMax 1 -m 125 -d LFVVecU_2017_llB1.root
>> combine -M MultiDimFit -n _paramFit_Test_Y2017jesRelativePtEC2 --algo impact --redefineSignalPOIs r -P Y2017jesRelativePtEC2 --floatOtherPOIs 1 --saveInactivePOI 1 --robustFit 1 --rMin -1 --rMax 1 -m 125 -d LFVVecU_2017_llB1.root
>> combine -M MultiDimFit -n _paramFit_Test_Y2017jesRelativeSample --algo impact --redefineSignalPOIs r -P Y2017jesRelativeSample --floatOtherPOIs 1 --saveInactivePOI 1 --robustFit 1 --rMin -1 --rMax 1 -m 125 -d LFVVecU_2017_llB1.root
>> combine -M MultiDimFit -n _paramFit_Test_Y2017jesRelativeStatEC --algo impact --redefineSignalPOIs r -P Y2017jesRelativeStatEC --floatOtherPOIs 1 --saveInactivePOI 1 --robustFit 1 --rMin -1 --rMax 1 -m 125 -d LFVVecU_2017_llB1.root
>> combine -M MultiDimFit -n _paramFit_Test_muIdSf --algo impact --redefineSignalPOIs r -P muIdSf --floatOtherPOIs 1 --saveInactivePOI 1 --robustFit 1 --rMin -1 --rMax 1 -m 125 -d LFVVecU_2017_llB1.root
>> combine -M MultiDimFit -n _paramFit_Test_muIsoSf --algo impact --redefineSignalPOIs r -P muIsoSf --floatOtherPOIs 1 --saveInactivePOI 1 --robustFit 1 --rMin -1 --rMax 1 -m 125 -d LFVVecU_2017_llB1.root
>> combine -M MultiDimFit -n _paramFit_Test_muonRes --algo impact --redefineSignalPOIs r -P muonRes --floatOtherPOIs 1 --saveInactivePOI 1 --robustFit 1 --rMin -1 --rMax 1 -m 125 -d LFVVecU_2017_llB1.root
>> combine -M MultiDimFit -n _paramFit_Test_prop_binLFVVecU_2017_llB1_bin6 --algo impact --redefineSignalPOIs r -P prop_binLFVVecU_2017_llB1_bin6 --floatOtherPOIs 1 --saveInactivePOI 1 --robustFit 1 --rMin -1 --rMax 1 -m 125 -d LFVVecU_2017_llB1.root
>> combine -M MultiDimFit -n _paramFit_Test_prop_binLFVVecU_2017_llB1_bin7 --algo impact --redefineSignalPOIs r -P prop_binLFVVecU_2017_llB1_bin7 --floatOtherPOIs 1 --saveInactivePOI 1 --robustFit 1 --rMin -1 --rMax 1 -m 125 -d LFVVecU_2017_llB1.root
>> combine -M MultiDimFit -n _paramFit_Test_prop_binLFVVecU_2017_llB1_bin8 --algo impact --redefineSignalPOIs r -P prop_binLFVVecU_2017_llB1_bin8 --floatOtherPOIs 1 --saveInactivePOI 1 --robustFit 1 --rMin -1 --rMax 1 -m 125 -d LFVVecU_2017_llB1.root
>> combine -M MultiDimFit -n _paramFit_Test_Y2017jesRelativeJEREC1 --algo impact --redefineSignalPOIs r -P Y2017jesRelativeJEREC1 --floatOtherPOIs 1 --saveInactivePOI 1 --robustFit 1 --rMin -1 --rMax 1 -m 125 -d LFVVecU_2017_llB1.root
>> combine -M MultiDimFit -n _paramFit_Test_Y2017jesRelativeJEREC2 --algo impact --redefineSignalPOIs r -P Y2017jesRelativeJEREC2 --floatOtherPOIs 1 --saveInactivePOI 1 --robustFit 1 --rMin -1 --rMax 1 -m 125 -d LFVVecU_2017_llB1.root
>> combine -M MultiDimFit -n _paramFit_Test_Y2017jesRelativePtEC1 --algo impact --redefineSignalPOIs r -P Y2017jesRelativePtEC1 --floatOtherPOIs 1 --saveInactivePOI 1 --robustFit 1 --rMin -1 --rMax 1 -m 125 -d LFVVecU_2017_llB1.root
>> combine -M MultiDimFit -n _paramFit_Test_lumiBBDef --algo impact --redefineSignalPOIs r -P lumiBBDef --floatOtherPOIs 1 --saveInactivePOI 1 --robustFit 1 --rMin -1 --rMax 1 -m 125 -d LFVVecU_2017_llB1.root
>> combine -M MultiDimFit -n _paramFit_Test_lumiBeamCC --algo impact --redefineSignalPOIs r -P lumiBeamCC --floatOtherPOIs 1 --saveInactivePOI 1 --robustFit 1 --rMin -1 --rMax 1 -m 125 -d LFVVecU_2017_llB1.root
>> combine -M MultiDimFit -n _paramFit_Test_lumiDynamicB --algo impact --redefineSignalPOIs r -P lumiDynamicB --floatOtherPOIs 1 --saveInactivePOI 1 --robustFit 1 --rMin -1 --rMax 1 -m 125 -d LFVVecU_2017_llB1.root
>> combine -M MultiDimFit -n _paramFit_Test_muonScale --algo impact --redefineSignalPOIs r -P muonScale --floatOtherPOIs 1 --saveInactivePOI 1 --robustFit 1 --rMin -1 --rMax 1 -m 125 -d LFVVecU_2017_llB1.root
>> combine -M MultiDimFit -n _paramFit_Test_prefiring --algo impact --redefineSignalPOIs r -P prefiring --floatOtherPOIs 1 --saveInactivePOI 1 --robustFit 1 --rMin -1 --rMax 1 -m 125 -d LFVVecU_2017_llB1.root
>> combine -M MultiDimFit -n _paramFit_Test_prop_binLFVVecU_2017_llB1_bin1 --algo impact --redefineSignalPOIs r -P prop_binLFVVecU_2017_llB1_bin1 --floatOtherPOIs 1 --saveInactivePOI 1 --robustFit 1 --rMin -1 --rMax 1 -m 125 -d LFVVecU_2017_llB1.root
Have POIs: ['r']
Have parameters: 73
File higgsCombine_paramFit_Test_DY_norm.MultiDimFit.mH125.root did not contain a sufficient number of entries, skipping
Missing inputs: DY_norm
>> Doing page 0, have 30 parameters
