Channel ch1 will use autoMCStats with settings: event-threshold=10, include-signal=0, hist-mode=1
============================================================
Analysing bin errors for: prop_binch1
Poisson cut-off: 10
Processes excluded for sums: LFVTtVecC LFVStVecC
============================================================
Bin        Contents        Error           Notes                         
0          0.000000        0.000000        total sum                     
0          0.000000        0.000000        excluding marked processes    
  => Error is zero, ignore      
------------------------------------------------------------
1          31032.487484    107.915032      total sum                     
1          31026.883331    107.915032      excluding marked processes    
1          82663.000000    287.511739      Unweighted events, alpha=0.375410
  => Total parameter prop_binch1_bin1[0.00,-7.00,7.00] to be gaussian constrained
------------------------------------------------------------
2          60904.177153    131.733319      total sum                     
2          60880.472519    131.733319      excluding marked processes    
2          213582.000000   462.149327      Unweighted events, alpha=0.285156
  => Total parameter prop_binch1_bin2[0.00,-7.00,7.00] to be gaussian constrained
------------------------------------------------------------
3          58663.589582    118.864405      total sum                     
3          58616.824905    118.864405      excluding marked processes    
3          243187.000000   493.139940      Unweighted events, alpha=0.241228
  => Total parameter prop_binch1_bin3[0.00,-7.00,7.00] to be gaussian constrained
------------------------------------------------------------
4          38100.422205    88.611863       total sum                     
4          38036.986206    88.611863       excluding marked processes    
4          184259.000000   429.254004      Unweighted events, alpha=0.206776
  => Total parameter prop_binch1_bin4[0.00,-7.00,7.00] to be gaussian constrained
------------------------------------------------------------
5          22031.242630    75.340281       total sum                     
5          21947.287994    75.340281       excluding marked processes    
5          84861.000000    291.309114      Unweighted events, alpha=0.259616
  => Total parameter prop_binch1_bin5[0.00,-7.00,7.00] to be gaussian constrained
------------------------------------------------------------
6          14544.768364    52.495707       total sum                     
6          14424.630714    52.495707       excluding marked processes    
6          75503.000000    274.778092      Unweighted events, alpha=0.192638
  => Total parameter prop_binch1_bin6[0.00,-7.00,7.00] to be gaussian constrained
------------------------------------------------------------
7          7029.079201     44.863612       total sum                     
7          6885.582970     44.863612       excluding marked processes    
7          23556.000000    153.479640      Unweighted events, alpha=0.298399
  => Total parameter prop_binch1_bin7[0.00,-7.00,7.00] to be gaussian constrained
------------------------------------------------------------
8          3782.418659     27.522879       total sum                     
8          3625.380737     27.522879       excluding marked processes    
8          17351.000000    131.723195      Unweighted events, alpha=0.217994
  => Total parameter prop_binch1_bin8[0.00,-7.00,7.00] to be gaussian constrained
------------------------------------------------------------
9          1574.232090     18.176294       total sum                     
9          1424.137469     18.176294       excluding marked processes    
9          6139.000000     78.351771       Unweighted events, alpha=0.256431
  => Total parameter prop_binch1_bin9[0.00,-7.00,7.00] to be gaussian constrained
------------------------------------------------------------
10         643.403995      10.694808       total sum                     
10         495.514349      10.694808       excluding marked processes    
10         2147.000000     46.335731       Unweighted events, alpha=0.299676
  => Total parameter prop_binch1_bin10[0.00,-7.00,7.00] to be gaussian constrained
------------------------------------------------------------
11         331.270691      7.347949        total sum                     
11         186.453831      7.347949        excluding marked processes    
11         644.000000      25.377155       Unweighted events, alpha=0.514395
  => Total parameter prop_binch1_bin11[0.00,-7.00,7.00] to be gaussian constrained
------------------------------------------------------------
12         0.000000        0.000000        total sum                     
12         0.000000        0.000000        excluding marked processes    
  => Error is zero, ignore      
------------------------------------------------------------
Channel ch2 will use autoMCStats with settings: event-threshold=10, include-signal=0, hist-mode=1
============================================================
Analysing bin errors for: prop_binch2
Poisson cut-off: 10
Processes excluded for sums: LFVTtVecC LFVStVecC
============================================================
Bin        Contents        Error           Notes                         
0          0.000000        0.000000        total sum                     
0          0.000000        0.000000        excluding marked processes    
  => Error is zero, ignore      
------------------------------------------------------------
1          5195.739387     23.573942       total sum                     
1          5195.594296     23.573942       excluding marked processes    
1          48574.000000    220.395100      Unweighted events, alpha=0.106965
  => Total parameter prop_binch2_bin1[0.00,-7.00,7.00] to be gaussian constrained
------------------------------------------------------------
2          24956.511349    53.191106       total sum                     
2          24955.021410    53.191106       excluding marked processes    
2          220109.000000   469.157756      Unweighted events, alpha=0.113383
  => Total parameter prop_binch2_bin2[0.00,-7.00,7.00] to be gaussian constrained
------------------------------------------------------------
3          31241.483339    59.463043       total sum                     
3          31237.599298    59.463043       excluding marked processes    
3          275969.000000   525.327517      Unweighted events, alpha=0.113206
  => Total parameter prop_binch2_bin3[0.00,-7.00,7.00] to be gaussian constrained
------------------------------------------------------------
4          25895.341163    53.413636       total sum                     
4          25888.154526    53.413636       excluding marked processes    
4          234908.000000   484.673086      Unweighted events, alpha=0.110236
  => Total parameter prop_binch2_bin4[0.00,-7.00,7.00] to be gaussian constrained
------------------------------------------------------------
5          15829.941355    41.650402       total sum                     
5          15819.246607    41.650402       excluding marked processes    
5          144256.000000   379.810479      Unweighted events, alpha=0.109735
  => Total parameter prop_binch2_bin5[0.00,-7.00,7.00] to be gaussian constrained
------------------------------------------------------------
6          10985.451539    36.643451       total sum                     
6          10970.124821    36.643451       excluding marked processes    
6          89625.000000    299.374348      Unweighted events, alpha=0.122571
  => Total parameter prop_binch2_bin6[0.00,-7.00,7.00] to be gaussian constrained
------------------------------------------------------------
7          5096.452833     24.413256       total sum                     
7          5078.237097     24.413256       excluding marked processes    
7          43269.000000    208.012019      Unweighted events, alpha=0.117785
  => Total parameter prop_binch2_bin7[0.00,-7.00,7.00] to be gaussian constrained
------------------------------------------------------------
8          2640.610595     18.373298       total sum                     
8          2622.504223     18.373298       excluding marked processes    
8          20373.000000    142.734018      Unweighted events, alpha=0.129613
  => Total parameter prop_binch2_bin8[0.00,-7.00,7.00] to be gaussian constrained
------------------------------------------------------------
9          1006.138775     12.196703       total sum                     
9          987.559816      12.196703       excluding marked processes    
9          6556.000000     80.969130       Unweighted events, alpha=0.153468
  => Total parameter prop_binch2_bin9[0.00,-7.00,7.00] to be gaussian constrained
------------------------------------------------------------
10         336.918260      6.726636        total sum                     
10         318.351080      6.726636        excluding marked processes    
10         2240.000000     47.328638       Unweighted events, alpha=0.150410
  => Total parameter prop_binch2_bin10[0.00,-7.00,7.00] to be gaussian constrained
------------------------------------------------------------
11         110.996752      3.691360        total sum                     
11         93.675197       3.691360        excluding marked processes    
11         644.000000      25.377155       Unweighted events, alpha=0.172355
  => Total parameter prop_binch2_bin11[0.00,-7.00,7.00] to be gaussian constrained
------------------------------------------------------------
12         0.000000        0.000000        total sum                     
12         0.000000        0.000000        excluding marked processes    
  => Error is zero, ignore      
------------------------------------------------------------
Have POIs: ['r']
 <<< Combine >>> 
>>> including systematics
   Options for Robust Minimizer :: 
        Tolerance  0.1
        Strategy   0
        Type,Algo  Minuit2,Migrad
>>> method used is MultiDimFit
>>> random number generator seed is 123456
RooArgSet:: = ()
Computing results starting from expected outcome (a-priori)

 --- MultiDimFit ---
best fit parameter values and profile-likelihood uncertainties: 
   r :    +1.000   -0.171/+0.173 (68%)
Done in 0.23 min (cpu), 0.38 min (real)
>> combine -M MultiDimFit -n _initialFit_Test --algo singles --redefineSignalPOIs r --robustFit 1 --rMin -3 --rMax 3 -t -1 --expectSignal=1 -m 125 -d LFVVecC_2018_com.root
Have POIs: ['r']
Have parameters: 80
 <<< Combine >>> 
>>> including systematics
   Options for Robust Minimizer :: 
        Tolerance  0.1
        Strategy   0
        Type,Algo  Minuit2,Migrad
>>> method used is MultiDimFit
>>> random number generator seed is 123456
 <<< Combine >>> 
>>> including systematics
   Options for Robust Minimizer :: 
        Tolerance  0.1
        Strategy   0
        Type,Algo  Minuit2,Migrad
>>> method used is MultiDimFit
>>> random number generator seed is 123456
 <<< Combine >>> 
>>> including systematics
 <<< Combine >>> 
   Options for Robust Minimizer :: 
        Tolerance  0.1
        Strategy   0
        Type,Algo  Minuit2,Migrad
>>> method used is MultiDimFit
>>> random number generator seed is 123456
>>> including systematics
   Options for Robust Minimizer :: 
        Tolerance  0.1
        Strategy   0
        Type,Algo  Minuit2,Migrad
>>> method used is MultiDimFit
>>> random number generator seed is 123456
 <<< Combine >>> 
 <<< Combine >>> 
 <<< Combine >>> 
 <<< Combine >>> 
>>> including systematics
   Options for Robust Minimizer :: 
        Tolerance  0.1
        Strategy   0
        Type,Algo  Minuit2,Migrad
>>> method used is MultiDimFit
>>> random number generator seed is 123456
>>> including systematics
   Options for Robust Minimizer :: 
        Tolerance  0.1
        Strategy   0
        Type,Algo  Minuit2,Migrad
>>> method used is MultiDimFit
>>> random number generator seed is 123456
>>> including systematics
   Options for Robust Minimizer :: 
>>> including systematics
        Tolerance  0.1
        Strategy   0
        Type,Algo  Minuit2,Migrad
>>> method used is MultiDimFit
>>> random number generator seed is 123456
   Options for Robust Minimizer :: 
        Tolerance  0.1
        Strategy   0
        Type,Algo  Minuit2,Migrad
>>> method used is MultiDimFit
>>> random number generator seed is 123456
RooArgSet:: = ()
Computing results starting from expected outcome (a-priori)
RooArgSet:: = ()
RooArgSet:: = ()
Computing results starting from expected outcome (a-priori)
Computing results starting from expected outcome (a-priori)
RooArgSet:: = ()
RooArgSet:: = ()
Computing results starting from expected outcome (a-priori)
RooArgSet:: = ()
Computing results starting from expected outcome (a-priori)
RooArgSet:: = ()
Computing results starting from expected outcome (a-priori)
Computing results starting from expected outcome (a-priori)
RooArgSet:: = ()
Computing results starting from expected outcome (a-priori)

 --- MultiDimFit ---
Parameter impacts: 

 --- MultiDimFit ---
Parameter impacts: 

 --- MultiDimFit ---
Parameter impacts: 
  Parameter               :   Best-fit               r            
  Y2018jesRelativeStatFSR :   -0.000  -0.992/+0.991  -0.002/-0.002
Done in 0.15 min (cpu), 0.37 min (real)
  Parameter  :   Best-fit               r            
  Signal_ISR :   +0.000  -0.994/+0.994  +0.005/-0.006
Done in 0.14 min (cpu), 0.35 min (real)
 <<< Combine >>> 
 <<< Combine >>> 
>>> including systematics
>>> including systematics
   Options for Robust Minimizer :: 
        Tolerance  0.1
        Strategy   0
        Type,Algo  Minuit2,Migrad
>>> method used is MultiDimFit
>>> random number generator seed is 123456
   Options for Robust Minimizer :: 
        Tolerance  0.1
        Strategy   0
        Type,Algo  Minuit2,Migrad
>>> method used is MultiDimFit
>>> random number generator seed is 123456

 --- MultiDimFit ---
Parameter impacts: 
  Parameter     :   Best-fit               r            
  electronScale :   -0.000  -0.933/+0.947  +0.026/-0.027
Done in 0.17 min (cpu), 0.42 min (real)
 <<< Combine >>> 
>>> including systematics
   Options for Robust Minimizer :: 
        Tolerance  0.1
        Strategy   0
        Type,Algo  Minuit2,Migrad
>>> method used is MultiDimFit
>>> random number generator seed is 123456

 --- MultiDimFit ---
Parameter impacts: 
  Parameter              :   Best-fit               r            
  Y2018jesRelativeJEREC1 :   -0.000  -0.988/+0.964  -0.002/-0.001
Done in 0.19 min (cpu), 0.44 min (real)
  Parameter             :   Best-fit               r            
  Y2018jesRelativePtEC2 :   +0.000  -0.994/+0.994  -0.000/-0.000
Done in 0.15 min (cpu), 0.39 min (real)
 <<< Combine >>> 
>>> including systematics
   Options for Robust Minimizer :: 
        Tolerance  0.1
        Strategy   0
        Type,Algo  Minuit2,Migrad
>>> method used is MultiDimFit
>>> random number generator seed is 123456
 <<< Combine >>> 
>>> including systematics
   Options for Robust Minimizer :: 
        Tolerance  0.1
        Strategy   0
        Type,Algo  Minuit2,Migrad
>>> method used is MultiDimFit
>>> random number generator seed is 123456

 --- MultiDimFit ---
Parameter impacts: 

 --- MultiDimFit ---
Parameter impacts: 

 --- MultiDimFit ---
Parameter impacts: 
  Parameter :   Best-fit               r            
  DY_norm   :   -0.000  -0.965/+0.934  -0.008/+0.010
Done in 0.19 min (cpu), 0.47 min (real)
 <<< Combine >>> 
>>> including systematics
   Options for Robust Minimizer :: 
        Tolerance  0.1
        Strategy   0
        Type,Algo  Minuit2,Migrad
>>> method used is MultiDimFit
>>> random number generator seed is 123456
  Parameter      :   Best-fit               r            
  Y2018unclusMET :   -0.000  -0.769/+0.731  -0.022/-0.012
Done in 0.21 min (cpu), 0.50 min (real)
 <<< Combine >>> 
>>> including systematics
   Options for Robust Minimizer :: 
        Tolerance  0.1
        Strategy   0
        Type,Algo  Minuit2,Migrad
>>> method used is MultiDimFit
>>> random number generator seed is 123456
  Parameter    :   Best-fit               r            
  Y2018bcTagSF :   +0.000  -0.152/+0.169  -0.043/+0.036
Done in 0.22 min (cpu), 0.53 min (real)
 <<< Combine >>> 
>>> including systematics
   Options for Robust Minimizer :: 
        Tolerance  0.1
        Strategy   0
        Type,Algo  Minuit2,Migrad
>>> method used is MultiDimFit
>>> random number generator seed is 123456
RooArgSet:: = ()
RooArgSet:: = ()
Computing results starting from expected outcome (a-priori)
Computing results starting from expected outcome (a-priori)
RooArgSet:: = ()
Computing results starting from expected outcome (a-priori)
RooArgSet:: = ()
Computing results starting from expected outcome (a-priori)
RooArgSet:: = ()
Computing results starting from expected outcome (a-priori)
RooArgSet:: = ()
RooArgSet:: = ()
Computing results starting from expected outcome (a-priori)
Computing results starting from expected outcome (a-priori)
RooArgSet:: = ()
Computing results starting from expected outcome (a-priori)

 --- MultiDimFit ---
Parameter impacts: 

 --- MultiDimFit ---
Parameter impacts: 

 --- MultiDimFit ---
Parameter impacts: 
  Parameter :   Best-fit               r            
  Signal_QS :   +0.000  -0.993/+0.994  +0.010/-0.010
Done in 0.15 min (cpu), 0.34 min (real)
 <<< Combine >>> 
>>> including systematics
   Options for Robust Minimizer :: 
        Tolerance  0.1
        Strategy   0
        Type,Algo  Minuit2,Migrad
>>> method used is MultiDimFit
>>> random number generator seed is 123456
  Parameter          :   Best-fit               r            
  jesAbsoluteMPFBias :   -0.000  -0.948/+0.952  -0.019/+0.010
Done in 0.15 min (cpu), 0.34 min (real)
  Parameter              :   Best-fit               r            
  Y2018jesRelativeStatHF :   +0.000  -0.994/+0.994  -0.000/-0.000
Done in 0.16 min (cpu), 0.36 min (real)
 <<< Combine >>> 
>>> including systematics
   Options for Robust Minimizer :: 
        Tolerance  0.1
        Strategy   0
        Type,Algo  Minuit2,Migrad
>>> method used is MultiDimFit
>>> random number generator seed is 123456
 <<< Combine >>> 
>>> including systematics
   Options for Robust Minimizer :: 
        Tolerance  0.1
        Strategy   0
        Type,Algo  Minuit2,Migrad
>>> method used is MultiDimFit
>>> random number generator seed is 123456

 --- MultiDimFit ---
Parameter impacts: 
  Parameter              :   Best-fit               r            
  Y2018jesRelativeJEREC2 :   +0.000  -0.994/+0.994  -0.000/-0.000
Done in 0.17 min (cpu), 0.39 min (real)

 --- MultiDimFit ---
Parameter impacts: 
 <<< Combine >>> 
>>> including systematics
   Options for Robust Minimizer :: 
        Tolerance  0.1
        Strategy   0
        Type,Algo  Minuit2,Migrad
>>> method used is MultiDimFit
>>> random number generator seed is 123456

 --- MultiDimFit ---
Parameter impacts: 
  Parameter              :   Best-fit               r            
  Y2018jesRelativeSample :   +0.000  -0.792/+0.769  -0.022/-0.032
Done in 0.18 min (cpu), 0.41 min (real)

 --- MultiDimFit ---
Parameter impacts: 
 <<< Combine >>> 
>>> including systematics
   Options for Robust Minimizer :: 
        Tolerance  0.1
        Strategy   0
        Type,Algo  Minuit2,Migrad
>>> method used is MultiDimFit
>>> random number generator seed is 123456
  Parameter  :   Best-fit               r            
  Other_norm :   -0.000  -0.992/+0.989  +0.000/-0.000
Done in 0.16 min (cpu), 0.37 min (real)
 <<< Combine >>> 
>>> including systematics
   Options for Robust Minimizer :: 
        Tolerance  0.1
        Strategy   0
        Type,Algo  Minuit2,Migrad
>>> method used is MultiDimFit
>>> random number generator seed is 123456
  Parameter :   Best-fit               r            
  eleIDSf   :   -0.000  -0.951/+0.952  +0.038/-0.035
Done in 0.19 min (cpu), 0.41 min (real)
 <<< Combine >>> 
RooArgSet:: = ()
>>> including systematics
   Options for Robust Minimizer :: 
        Tolerance  0.1
        Strategy   0
        Type,Algo  Minuit2,Migrad
>>> method used is MultiDimFit
>>> random number generator seed is 123456

 --- MultiDimFit ---
Parameter impacts: 
Computing results starting from expected outcome (a-priori)
RooArgSet:: = ()
RooArgSet:: = ()
Computing results starting from expected outcome (a-priori)
  Parameter :   Best-fit               r            
  Y2018jer  :   +0.000  -0.762/+0.752  -0.058/+0.026
Done in 0.19 min (cpu), 0.42 min (real)
Computing results starting from expected outcome (a-priori)
 <<< Combine >>> 
>>> including systematics
   Options for Robust Minimizer :: 
        Tolerance  0.1
        Strategy   0
        Type,Algo  Minuit2,Migrad
>>> method used is MultiDimFit
>>> random number generator seed is 123456
RooArgSet:: = ()
Computing results starting from expected outcome (a-priori)
RooArgSet:: = ()
Computing results starting from expected outcome (a-priori)
RooArgSet:: = ()
Computing results starting from expected outcome (a-priori)
RooArgSet:: = ()
Computing results starting from expected outcome (a-priori)
RooArgSet:: = ()
Computing results starting from expected outcome (a-priori)

 --- MultiDimFit ---
Parameter impacts: 

 --- MultiDimFit ---
Parameter impacts: 
  Parameter        :   Best-fit               r            
  jesAbsoluteScale :   -0.000  -0.975/+0.962  +0.003/+0.004
Done in 0.16 min (cpu), 0.36 min (real)

 --- MultiDimFit ---
Parameter impacts: 
 <<< Combine >>> 
>>> including systematics
   Options for Robust Minimizer :: 
        Tolerance  0.1
        Strategy   0
        Type,Algo  Minuit2,Migrad
>>> method used is MultiDimFit
>>> random number generator seed is 123456
  Parameter  :   Best-fit               r            
  Signal_pdf :   -0.000  -0.985/+0.986  +0.042/-0.040
Done in 0.19 min (cpu), 0.43 min (real)

 --- MultiDimFit ---
Parameter impacts: 
 <<< Combine >>> 
>>> including systematics
   Options for Robust Minimizer :: 
        Tolerance  0.1
        Strategy   0
        Type,Algo  Minuit2,Migrad
>>> method used is MultiDimFit
>>> random number generator seed is 123456
  Parameter         :   Best-fit               r            
  Y2018jesTimePtEta :   +0.000  -0.943/+0.906  -0.030/-0.005
Done in 0.19 min (cpu), 0.40 min (real)
  Parameter             :   Best-fit               r            
  Y2018jesRelativePtEC1 :   +0.000  -0.981/+0.988  +0.000/-0.002
Done in 0.15 min (cpu), 0.34 min (real)

 --- MultiDimFit ---
Parameter impacts: 
  Parameter  :   Best-fit               r            
  Signal_FSR :   +0.000  -0.993/+0.993  +0.016/-0.012
Done in 0.14 min (cpu), 0.27 min (real)
 <<< Combine >>> 
>>> including systematics
   Options for Robust Minimizer :: 
        Tolerance  0.1
        Strategy   0
        Type,Algo  Minuit2,Migrad
>>> method used is MultiDimFit
>>> random number generator seed is 123456

 --- MultiDimFit ---
Parameter impacts: 
 <<< Combine >>> 
>>> including systematics
   Options for Robust Minimizer :: 
        Tolerance  0.1
        Strategy   0
        Type,Algo  Minuit2,Migrad
>>> method used is MultiDimFit
>>> random number generator seed is 123456
 <<< Combine >>> 
>>> including systematics
   Options for Robust Minimizer :: 
        Tolerance  0.1
        Strategy   0
        Type,Algo  Minuit2,Migrad
>>> method used is MultiDimFit
>>> random number generator seed is 123456
  Parameter              :   Best-fit               r            
  Y2018jesRelativeStatEC :   -0.000  -0.984/+0.936  -0.000/-0.007
Done in 0.20 min (cpu), 0.37 min (real)

 --- MultiDimFit ---
Parameter impacts: 
 <<< Combine >>> 
>>> including systematics
   Options for Robust Minimizer :: 
        Tolerance  0.1
        Strategy   0
        Type,Algo  Minuit2,Migrad
>>> method used is MultiDimFit
>>> random number generator seed is 123456
  Parameter :   Best-fit               r            
  eleRecoSf :   -0.000  -0.990/+0.990  +0.006/-0.005
Done in 0.18 min (cpu), 0.32 min (real)
 <<< Combine >>> 
>>> including systematics
   Options for Robust Minimizer :: 
        Tolerance  0.1
        Strategy   0
        Type,Algo  Minuit2,Migrad
>>> method used is MultiDimFit
>>> random number generator seed is 123456

 --- MultiDimFit ---
Parameter impacts: 
  Parameter            :   Best-fit               r            
  Y2018jesAbsoluteStat :   -0.000  -0.954/+0.948  -0.026/+0.010
Done in 0.17 min (cpu), 0.36 min (real)
 <<< Combine >>> 
>>> including systematics
   Options for Robust Minimizer :: 
        Tolerance  0.1
        Strategy   0
        Type,Algo  Minuit2,Migrad
>>> method used is MultiDimFit
>>> random number generator seed is 123456
RooArgSet:: = ()
Computing results starting from expected outcome (a-priori)
RooArgSet:: = ()
Computing results starting from expected outcome (a-priori)
RooArgSet:: = ()
RooArgSet:: = ()
RooArgSet:: = ()
Computing results starting from expected outcome (a-priori)
Computing results starting from expected outcome (a-priori)
Computing results starting from expected outcome (a-priori)
RooArgSet:: = ()
Computing results starting from expected outcome (a-priori)
RooArgSet:: = ()
Computing results starting from expected outcome (a-priori)
RooArgSet:: = ()
Computing results starting from expected outcome (a-priori)

 --- MultiDimFit ---
Parameter impacts: 

 --- MultiDimFit ---
Parameter impacts: 
  Parameter          :   Best-fit               r            
  jesRelativeStatFSR :   -0.000  -0.992/+0.991  -0.001/-0.002
Done in 0.13 min (cpu), 0.22 min (real)

 --- MultiDimFit ---
Parameter impacts: 
  Parameter      :   Best-fit               r            
  jesPileUpPtEC1 :   -0.000  -0.941/+0.957  -0.010/-0.007
Done in 0.15 min (cpu), 0.26 min (real)
 <<< Combine >>> 
>>> including systematics
   Options for Robust Minimizer :: 
        Tolerance  0.1
        Strategy   0
        Type,Algo  Minuit2,Migrad
>>> method used is MultiDimFit
>>> random number generator seed is 123456
 <<< Combine >>> 
>>> including systematics
   Options for Robust Minimizer :: 
        Tolerance  0.1
        Strategy   0
        Type,Algo  Minuit2,Migrad
>>> method used is MultiDimFit
>>> random number generator seed is 123456

 --- MultiDimFit ---
Parameter impacts: 
  Parameter        :   Best-fit               r            
  jesRelativeJERHF :   +0.000  -0.994/+0.994  -0.000/-0.000
Done in 0.14 min (cpu), 0.25 min (real)
  Parameter      :   Best-fit               r            
  jesPileUpPtRef :   +0.000  -0.946/+0.957  -0.010/-0.010
Done in 0.16 min (cpu), 0.25 min (real)
 <<< Combine >>> 
>>> including systematics
   Options for Robust Minimizer :: 
        Tolerance  0.1
        Strategy   0
        Type,Algo  Minuit2,Migrad
>>> method used is MultiDimFit
>>> random number generator seed is 123456
 <<< Combine >>> 
>>> including systematics
   Options for Robust Minimizer :: 
        Tolerance  0.1
        Strategy   0
        Type,Algo  Minuit2,Migrad
>>> method used is MultiDimFit
>>> random number generator seed is 123456

 --- MultiDimFit ---
Parameter impacts: 

 --- MultiDimFit ---
Parameter impacts: 
  Parameter  :   Best-fit               r            
  lumiBeamCC :   +0.000  -0.993/+0.994  +0.001/-0.001
Done in 0.15 min (cpu), 0.24 min (real)
 <<< Combine >>> 
>>> including systematics
   Options for Robust Minimizer :: 
        Tolerance  0.1
        Strategy   0
        Type,Algo  Minuit2,Migrad
>>> method used is MultiDimFit
>>> random number generator seed is 123456
  Parameter    :   Best-fit               r            
  jesFlavorQCD :   +0.000  -0.749/+0.776  -0.032/-0.033
Done in 0.22 min (cpu), 0.37 min (real)
 <<< Combine >>> 
>>> including systematics
   Options for Robust Minimizer :: 
        Tolerance  0.1
        Strategy   0
        Type,Algo  Minuit2,Migrad
>>> method used is MultiDimFit
>>> random number generator seed is 123456

 --- MultiDimFit ---
Parameter impacts: 

 --- MultiDimFit ---
Parameter impacts: 
  Parameter :   Best-fit               r            
  muIdSf    :   +0.000  -0.994/+0.994  +0.001/-0.001
Done in 0.16 min (cpu), 0.29 min (real)
  Parameter :   Best-fit               r            
  muonScale :   +0.000  -0.988/+0.989  -0.016/-0.008
Done in 0.15 min (cpu), 0.23 min (real)
 <<< Combine >>> 
>>> including systematics
   Options for Robust Minimizer :: 
        Tolerance  0.1
        Strategy   0
        Type,Algo  Minuit2,Migrad
>>> method used is MultiDimFit
>>> random number generator seed is 123456
 <<< Combine >>> 
>>> including systematics
   Options for Robust Minimizer :: 
        Tolerance  0.1
        Strategy   0
        Type,Algo  Minuit2,Migrad
>>> method used is MultiDimFit
>>> random number generator seed is 123456
RooArgSet:: = ()
Computing results starting from expected outcome (a-priori)
RooArgSet:: = ()
Computing results starting from expected outcome (a-priori)
RooArgSet:: = ()
RooArgSet:: = ()
Computing results starting from expected outcome (a-priori)
Computing results starting from expected outcome (a-priori)
RooArgSet:: = ()
Computing results starting from expected outcome (a-priori)
RooArgSet:: = ()
Computing results starting from expected outcome (a-priori)
RooArgSet:: = ()
Computing results starting from expected outcome (a-priori)
RooArgSet:: = ()
Computing results starting from expected outcome (a-priori)

 --- MultiDimFit ---
Parameter impacts: 

 --- MultiDimFit ---
Parameter impacts: 
  Parameter      :   Best-fit               r            
  jesPileUpPtEC2 :   +0.000  -0.994/+0.994  -0.000/-0.000
Done in 0.14 min (cpu), 0.22 min (real)
 <<< Combine >>> 
>>> including systematics
   Options for Robust Minimizer :: 
        Tolerance  0.1
        Strategy   0
        Type,Algo  Minuit2,Migrad
>>> method used is MultiDimFit
>>> random number generator seed is 123456

 --- MultiDimFit ---
Parameter impacts: 

 --- MultiDimFit ---
Parameter impacts: 
  Parameter   :   Best-fit               r            
  lumiLengthS :   +0.000  -0.993/+0.994  +0.001/-0.001
Done in 0.13 min (cpu), 0.19 min (real)
  Parameter       :   Best-fit               r            
  jesRelativePtBB :   +0.000  -0.990/+0.992  -0.001/+0.003
Done in 0.14 min (cpu), 0.22 min (real)
  Parameter         :   Best-fit               r            
  jesRelativeStatHF :   +0.000  -0.994/+0.994  -0.000/-0.000
Done in 0.16 min (cpu), 0.26 min (real)

 --- MultiDimFit ---
Parameter impacts: 
 <<< Combine >>> 
>>> including systematics
 <<< Combine >>> 
   Options for Robust Minimizer :: 
        Tolerance  0.1
        Strategy   0
        Type,Algo  Minuit2,Migrad
>>> method used is MultiDimFit
>>> random number generator seed is 123456
>>> including systematics
   Options for Robust Minimizer :: 
        Tolerance  0.1
        Strategy   0
        Type,Algo  Minuit2,Migrad
>>> method used is MultiDimFit
>>> random number generator seed is 123456
 <<< Combine >>> 
>>> including systematics
   Options for Robust Minimizer :: 
        Tolerance  0.1
        Strategy   0
        Type,Algo  Minuit2,Migrad
>>> method used is MultiDimFit
>>> random number generator seed is 123456
  Parameter      :   Best-fit               r            
  jesRelativeBal :   -0.000  -0.816/+0.850  -0.014/-0.008
Done in 0.15 min (cpu), 0.25 min (real)
 <<< Combine >>> 
>>> including systematics
   Options for Robust Minimizer :: 
        Tolerance  0.1
        Strategy   0
        Type,Algo  Minuit2,Migrad
>>> method used is MultiDimFit
>>> random number generator seed is 123456

 --- MultiDimFit ---
Parameter impacts: 
  Parameter        :   Best-fit               r            
  jesFragmentation :   -0.000  -0.971/+0.966  +0.001/-0.002
Done in 0.16 min (cpu), 0.25 min (real)
 <<< Combine >>> 
>>> including systematics
   Options for Robust Minimizer :: 
        Tolerance  0.1
        Strategy   0
        Type,Algo  Minuit2,Migrad
>>> method used is MultiDimFit
>>> random number generator seed is 123456

 --- MultiDimFit ---
Parameter impacts: 
  Parameter :   Best-fit               r            
  muIsoSf   :   +0.000  -0.994/+0.994  -0.000/+0.000
Done in 0.15 min (cpu), 0.25 min (real)
 <<< Combine >>> 
>>> including systematics
   Options for Robust Minimizer :: 
        Tolerance  0.1
        Strategy   0
        Type,Algo  Minuit2,Migrad
>>> method used is MultiDimFit
>>> random number generator seed is 123456
RooArgSet:: = ()
Computing results starting from expected outcome (a-priori)
RooArgSet:: = ()
Computing results starting from expected outcome (a-priori)

 --- MultiDimFit ---
Parameter impacts: 
RooArgSet:: = ()
  Parameter        :   Best-fit               r            
  prop_binch1_bin1 :   +0.000  -0.957/+0.959  -0.013/+0.012
Done in 0.19 min (cpu), 0.29 min (real)
Computing results starting from expected outcome (a-priori)
 <<< Combine >>> 
>>> including systematics
   Options for Robust Minimizer :: 
        Tolerance  0.1
        Strategy   0
        Type,Algo  Minuit2,Migrad
>>> method used is MultiDimFit
>>> random number generator seed is 123456
RooArgSet:: = ()
Computing results starting from expected outcome (a-priori)
RooArgSet:: = ()
Computing results starting from expected outcome (a-priori)
RooArgSet:: = ()
Computing results starting from expected outcome (a-priori)

 --- MultiDimFit ---
Parameter impacts: 

 --- MultiDimFit ---
Parameter impacts: 

 --- MultiDimFit ---
Parameter impacts: 
RooArgSet:: = ()
Computing results starting from expected outcome (a-priori)

 --- MultiDimFit ---
Parameter impacts: 
  Parameter       :   Best-fit               r            
  jesRelativePtHF :   +0.000  -0.994/+0.994  -0.000/-0.000
Done in 0.14 min (cpu), 0.17 min (real)
  Parameter      :   Best-fit               r            
  jesRelativeFSR :   +0.000  -0.970/+0.959  -0.011/-0.010
Done in 0.14 min (cpu), 0.16 min (real)
  Parameter     :   Best-fit               r            
  jesPileUpPtHF :   +0.000  -0.994/+0.994  -0.000/-0.000
Done in 0.15 min (cpu), 0.21 min (real)
 <<< Combine >>> 
>>> including systematics
   Options for Robust Minimizer :: 
        Tolerance  0.1
        Strategy   0
        Type,Algo  Minuit2,Migrad
>>> method used is MultiDimFit
>>> random number generator seed is 123456
 <<< Combine >>> 
>>> including systematics
 <<< Combine >>> 
   Options for Robust Minimizer :: 
        Tolerance  0.1
        Strategy   0
        Type,Algo  Minuit2,Migrad
>>> method used is MultiDimFit
>>> random number generator seed is 123456
>>> including systematics
   Options for Robust Minimizer :: 
        Tolerance  0.1
        Strategy   0
        Type,Algo  Minuit2,Migrad
>>> method used is MultiDimFit
>>> random number generator seed is 123456
  Parameter :   Best-fit               r            
  lumi2018  :   -0.000  -0.956/+0.956  +0.008/-0.008
Done in 0.17 min (cpu), 0.19 min (real)
 <<< Combine >>> 
>>> including systematics
   Options for Robust Minimizer :: 
        Tolerance  0.1
        Strategy   0
        Type,Algo  Minuit2,Migrad
>>> method used is MultiDimFit
>>> random number generator seed is 123456

 --- MultiDimFit ---
Parameter impacts: 
RooArgSet:: = ()
Computing results starting from expected outcome (a-priori)
  Parameter :   Best-fit               r            
  lumiXY    :   -0.000  -0.925/+0.926  +0.011/-0.011
Done in 0.26 min (cpu), 0.30 min (real)
 <<< Combine >>> 
>>> including systematics
   Options for Robust Minimizer :: 
        Tolerance  0.1
        Strategy   0
        Type,Algo  Minuit2,Migrad
>>> method used is MultiDimFit
>>> random number generator seed is 123456
RooArgSet:: = ()
Computing results starting from expected outcome (a-priori)

 --- MultiDimFit ---
Parameter impacts: 
RooArgSet:: = ()
Computing results starting from expected outcome (a-priori)
RooArgSet:: = ()
  Parameter :   Best-fit               r            
  muonRes   :   +0.000  -0.986/+0.992  +0.014/-0.002
Done in 0.14 min (cpu), 0.19 min (real)
RooArgSet:: = ()
Computing results starting from expected outcome (a-priori)

 --- MultiDimFit ---
Parameter impacts: 
 <<< Combine >>> 
>>> including systematics
   Options for Robust Minimizer :: 
        Tolerance  0.1
        Strategy   0
        Type,Algo  Minuit2,Migrad
>>> method used is MultiDimFit
>>> random number generator seed is 123456
Computing results starting from expected outcome (a-priori)
RooArgSet:: = ()
Computing results starting from expected outcome (a-priori)
  Parameter     :   Best-fit               r            
  jesPileUpPtBB :   +0.000  -0.962/+0.978  -0.003/-0.004
Done in 0.17 min (cpu), 0.24 min (real)
 <<< Combine >>> 
>>> including systematics
   Options for Robust Minimizer :: 
        Tolerance  0.1
        Strategy   0
        Type,Algo  Minuit2,Migrad
>>> method used is MultiDimFit
>>> random number generator seed is 123456

 --- MultiDimFit ---
Parameter impacts: 
  Parameter         :   Best-fit               r            
  prop_binch1_bin10 :   +0.000  -0.952/+0.951  +0.028/-0.027
Done in 0.17 min (cpu), 0.21 min (real)
 <<< Combine >>> 
>>> including systematics
   Options for Robust Minimizer :: 
        Tolerance  0.1
        Strategy   0
        Type,Algo  Minuit2,Migrad
>>> method used is MultiDimFit
>>> random number generator seed is 123456
RooArgSet:: = ()
Computing results starting from expected outcome (a-priori)

 --- MultiDimFit ---
Parameter impacts: 

 --- MultiDimFit ---
Parameter impacts: 
  Parameter         :   Best-fit               r            
  prop_binch1_bin11 :   +0.000  -0.974/+0.974
 --- MultiDimFit ---
Parameter impacts: 

 --- MultiDimFit ---
Parameter impacts: 
  Parameter        :   Best-fit               r            
  prop_binch2_bin1 :   +0.000  -0.961/+0.959  -0.002/+0.002
Done in 0.16 min (cpu), 0.20 min (real)
  +0.034/-0.034
Done in 0.18 min (cpu), 0.22 min (real)
 <<< Combine >>> 
>>> including systematics
   Options for Robust Minimizer :: 
        Tolerance  0.1
        Strategy   0
        Type,Algo  Minuit2,Migrad
>>> method used is MultiDimFit
>>> random number generator seed is 123456
  Parameter        :   Best-fit               r            
  prop_binch1_bin4 :   +0.000  -0.951/+0.952  -0.003/+0.001
Done in 0.16 min (cpu), 0.20 min (real)
 <<< Combine >>> 
>>> including systematics
   Options for Robust Minimizer :: 
        Tolerance  0.1
        Strategy   0
        Type,Algo  Minuit2,Migrad
>>> method used is MultiDimFit
>>> random number generator seed is 123456
 <<< Combine >>> 
>>> including systematics
   Options for Robust Minimizer :: 
        Tolerance  0.1
        Strategy   0
        Type,Algo  Minuit2,Migrad
>>> method used is MultiDimFit
>>> random number generator seed is 123456
RooArgSet:: = ()
Computing results starting from expected outcome (a-priori)
  Parameter        :   Best-fit               r            
  prop_binch1_bin7 :   +0.000  -0.919/+0.918  -0.009/+0.007
Done in 0.18 min (cpu), 0.21 min (real)
 <<< Combine >>> 
>>> including systematics
   Options for Robust Minimizer :: 
        Tolerance  0.1
        Strategy   0
        Type,Algo  Minuit2,Migrad
>>> method used is MultiDimFit
>>> random number generator seed is 123456

 --- MultiDimFit ---
Parameter impacts: 
RooArgSet:: = ()
Computing results starting from expected outcome (a-priori)

 --- MultiDimFit ---
Parameter impacts: 
  Parameter        :   Best-fit               r            
  prop_binch2_bin2 :   +0.000  -0.967/+0.967  -0.004/+0.003
Done in 0.19 min (cpu), 0.23 min (real)
 <<< Combine >>> 
>>> including systematics
   Options for Robust Minimizer :: 
        Tolerance  0.1
        Strategy   0
        Type,Algo  Minuit2,Migrad
>>> method used is MultiDimFit
>>> random number generator seed is 123456
  Parameter        :   Best-fit               r            
  prop_binch2_bin5 :   +0.000  -0.973/+0.973  +0.001/-0.001
Done in 0.11 min (cpu), 0.14 min (real)
 <<< Combine >>> 
>>> including systematics
   Options for Robust Minimizer :: 
        Tolerance  0.1
        Strategy   0
        Type,Algo  Minuit2,Migrad
>>> method used is MultiDimFit
>>> random number generator seed is 123456
RooArgSet:: = ()
Computing results starting from expected outcome (a-priori)
RooArgSet:: = ()
Computing results starting from expected outcome (a-priori)
RooArgSet:: = ()
Computing results starting from expected outcome (a-priori)
RooArgSet:: = ()
Computing results starting from expected outcome (a-priori)
RooArgSet:: = ()
Computing results starting from expected outcome (a-priori)

 --- MultiDimFit ---
Parameter impacts: 
  Parameter        :   Best-fit               r            
  prop_binch2_bin8 :   -0.000  -0.949/+0.950  -0.005/+0.006
Done in 0.16 min (cpu), 0.18 min (real)
 <<< Combine >>> 
>>> including systematics
   Options for Robust Minimizer :: 
        Tolerance  0.1
        Strategy   0
        Type,Algo  Minuit2,Migrad
>>> method used is MultiDimFit
>>> random number generator seed is 123456

 --- MultiDimFit ---
Parameter impacts: 
RooArgSet:: = ()
Computing results starting from expected outcome (a-priori)
  Parameter :   Best-fit               r            
  tW_norm   :   +0.000  -0.929/+0.913  +0.006/-0.009
Done in 0.16 min (cpu), 0.21 min (real)
 <<< Combine >>> 
>>> including systematics
   Options for Robust Minimizer :: 
        Tolerance  0.1
        Strategy   0
        Type,Algo  Minuit2,Migrad
>>> method used is MultiDimFit
>>> random number generator seed is 123456

 --- MultiDimFit ---
Parameter impacts: 
RooArgSet:: = ()
Computing results starting from expected outcome (a-priori)

 --- MultiDimFit ---
Parameter impacts: 

 --- MultiDimFit ---
Parameter impacts: 

 --- MultiDimFit ---
Parameter impacts: 
  Parameter        :   Best-fit               r            
  prop_binch1_bin5 :   +0.000  -0.943/+0.933  -0.008/+0.006
Done in 0.19 min (cpu), 0.24 min (real)
  Parameter        :   Best-fit               r            
  prop_binch1_bin8 :   +0.000  -0.938/+0.939 <<< Combine >>> 
  Parameter         :   Best-fit               r            
  prop_binch2_bin10 :   +0.000  -0.943/+0.944  -0.005/+0.005
Done in 0.19 min (cpu), 0.23 min (real)
  Parameter        :   Best-fit               r            
  prop_binch1_bin2 :   +0.000  -0.944/+0.947  +0.009/-0.011
Done in 0.20 min (cpu), 0.23 min (real)
>>> including systematics
   Options for Robust Minimizer :: 
        Tolerance  0.1
        Strategy   0
        Type,Algo  Minuit2,Migrad
>>> method used is MultiDimFit
>>> random number generator seed is 123456

 --- MultiDimFit ---
Parameter impacts: 
 <<< Combine >>> 
>>> including systematics
   Options for Robust Minimizer :: 
        Tolerance  0.1
        Strategy   0
        Type,Algo  Minuit2,Migrad
>>> method used is MultiDimFit
>>> random number generator seed is 123456
 <<< Combine >>> 
>>> including systematics
   Options for Robust Minimizer :: 
        Tolerance  0.1
        Strategy   0
        Type,Algo  Minuit2,Migrad
>>> method used is MultiDimFit
>>> random number generator seed is 123456
  +0.001/-0.001
Done in 0.19 min (cpu), 0.23 min (real)
 <<< Combine >>> 
>>> including systematics
   Options for Robust Minimizer :: 
        Tolerance  0.1
        Strategy   0
        Type,Algo  Minuit2,Migrad
>>> method used is MultiDimFit
>>> random number generator seed is 123456
  Parameter        :   Best-fit               r            
  prop_binch2_bin3 :   +0.000  -0.967/+0.966  +0.004/-0.004
Done in 0.19 min (cpu), 0.22 min (real)
 <<< Combine >>> 
>>> including systematics
   Options for Robust Minimizer :: 
        Tolerance  0.1
        Strategy   0
        Type,Algo  Minuit2,Migrad
>>> method used is MultiDimFit
>>> random number generator seed is 123456
RooArgSet:: = ()
Computing results starting from expected outcome (a-priori)

 --- MultiDimFit ---
Parameter impacts: 
  Parameter        :   Best-fit               r            
  prop_binch2_bin6 :   +0.000  -0.961/+0.962  +0.006/-0.007
Done in 0.19 min (cpu), 0.23 min (real)
 <<< Combine >>> 
>>> including systematics
   Options for Robust Minimizer :: 
        Tolerance  0.1
        Strategy   0
        Type,Algo  Minuit2,Migrad
>>> method used is MultiDimFit
>>> random number generator seed is 123456

 --- MultiDimFit ---
Parameter impacts: 
RooArgSet:: = ()
Computing results starting from expected outcome (a-priori)
RooArgSet:: = ()
  Parameter        :   Best-fit               r            
  prop_binch2_bin9 :   +0.000  -0.948/+0.946  -0.013/+0.010
Done in 0.18 min (cpu), 0.19 min (real)
Computing results starting from expected outcome (a-priori)
 <<< Combine >>> 
>>> including systematics
   Options for Robust Minimizer :: 
        Tolerance  0.1
        Strategy   0
        Type,Algo  Minuit2,Migrad
>>> method used is MultiDimFit
>>> random number generator seed is 123456
RooArgSet:: = ()
Computing results starting from expected outcome (a-priori)
RooArgSet:: = ()

 --- MultiDimFit ---
Parameter impacts: 
Computing results starting from expected outcome (a-priori)
  Parameter :   Best-fit               r            
  trigSF    :   -0.000  -0.971/+0.971  +0.010/-0.010
Done in 0.18 min (cpu), 0.21 min (real)
RooArgSet:: = ()
Computing results starting from expected outcome (a-priori)
 <<< Combine >>> 
>>> including systematics
   Options for Robust Minimizer :: 
        Tolerance  0.1
        Strategy   0
        Type,Algo  Minuit2,Migrad
>>> method used is MultiDimFit
>>> random number generator seed is 123456
RooArgSet:: = ()
Computing results starting from expected outcome (a-priori)
RooArgSet:: = ()
Computing results starting from expected outcome (a-priori)

 --- MultiDimFit ---
Parameter impacts: 

 --- MultiDimFit ---
Parameter impacts: 
  Parameter        :   Best-fit               r            
  prop_binch1_bin6 :   +0.000  -0.949/+0.950  -0.010/+0.010
Done in 0.19 min (cpu), 0.22 min (real)
RooArgSet:: = ()

 --- MultiDimFit ---
Parameter impacts: 
 <<< Combine >>> 
>>> including systematics
   Options for Robust Minimizer :: 
        Tolerance  0.1
        Strategy   0
        Type,Algo  Minuit2,Migrad
>>> method used is MultiDimFit
>>> random number generator seed is 123456
  Parameter        :   Best-fit               r            
  prop_binch1_bin3 :   +0.000  -0.935/+0.934  +0.004/-0.005
Done in 0.19 min (cpu), 0.22 min (real)
Computing results starting from expected outcome (a-priori)
 <<< Combine >>> 
>>> including systematics
   Options for Robust Minimizer :: 
        Tolerance  0.1
        Strategy   0
        Type,Algo  Minuit2,Migrad
>>> method used is MultiDimFit
>>> random number generator seed is 123456
  Parameter        :   Best-fit               r            
  prop_binch1_bin9 :   -0.000  -0.927/+0.930  +0.016/-0.015
Done in 0.17 min (cpu), 0.20 min (real)
 <<< Combine >>> 
>>> including systematics
   Options for Robust Minimizer :: 
        Tolerance  0.1
        Strategy   0
        Type,Algo  Minuit2,Migrad
>>> method used is MultiDimFit
>>> random number generator seed is 123456

 --- MultiDimFit ---
Parameter impacts: 

 --- MultiDimFit ---
Parameter impacts: 
  Parameter         :   Best-fit               r            
  prop_binch2_bin11 :   -0.000  -0.964/+0.965  -0.014/+0.013
Done in 0.19 min (cpu), 0.27 min (real)
  Parameter :   Best-fit               r            
  pu        :   +0.000  -0.956/+0.953  -0.005/+0.005
Done in 0.13 min (cpu), 0.16 min (real)

 --- MultiDimFit ---
Parameter impacts: 

 --- MultiDimFit ---
Parameter impacts: 
  Parameter        :   Best-fit               r            
  prop_binch2_bin7 :   -0.000  -0.957/+0.957  -0.003/+0.004
Done in 0.18 min (cpu), 0.21 min (real)
RooArgSet:: = ()
  Parameter        :   Best-fit               r            
  prop_binch2_bin4 :   +0.000  -0.961/+0.962  +0.001/-0.001
Done in 0.22 min (cpu), 0.26 min (real)
RooArgSet:: = ()
Computing results starting from expected outcome (a-priori)
Computing results starting from expected outcome (a-priori)
RooArgSet:: = ()
Computing results starting from expected outcome (a-priori)

 --- MultiDimFit ---
Parameter impacts: 
  Parameter :   Best-fit               r            
  tt_CR     :   +0.000  -0.398/+0.433  +0.062/-0.080
Done in 0.19 min (cpu), 0.21 min (real)

 --- MultiDimFit ---
Parameter impacts: 
  Parameter :   Best-fit               r            
  tt_Tune   :   -0.000  -0.437/+0.497  -0.016/-0.009
Done in 0.20 min (cpu), 0.20 min (real)
 <<< Combine >>> 
>>> including systematics
   Options for Robust Minimizer :: 
        Tolerance  0.1
        Strategy   0
        Type,Algo  Minuit2,Migrad
>>> method used is MultiDimFit
>>> random number generator seed is 123456

 --- MultiDimFit ---
Parameter impacts: 
  Parameter :   Best-fit               r            
  tt_pdf    :   -0.000  -0.981/+0.980  +0.017/-0.016
Done in 0.21 min (cpu), 0.22 min (real)
 <<< Combine >>> 
>>> including systematics
   Options for Robust Minimizer :: 
        Tolerance  0.1
        Strategy   0
        Type,Algo  Minuit2,Migrad
>>> method used is MultiDimFit
>>> random number generator seed is 123456

 --- MultiDimFit ---
Parameter impacts: 
  Parameter :   Best-fit               r            
  tt_FSR    :   -0.000  -0.577/+0.737  +0.042/-0.046
Done in 0.28 min (cpu), 0.29 min (real)
 <<< Combine >>> 
>>> including systematics
   Options for Robust Minimizer :: 
        Tolerance  0.1
        Strategy   0
        Type,Algo  Minuit2,Migrad
>>> method used is MultiDimFit
>>> random number generator seed is 123456
RooArgSet:: = ()
Computing results starting from expected outcome (a-priori)
RooArgSet:: = ()
Computing results starting from expected outcome (a-priori)
RooArgSet:: = ()
Computing results starting from expected outcome (a-priori)

 --- MultiDimFit ---
Parameter impacts: 
  Parameter :   Best-fit               r            
  udsgTagSF :   +0.000  -0.973/+0.972  -0.007/+0.006
Done in 0.12 min (cpu), 0.12 min (real)

 --- MultiDimFit ---
Parameter impacts: 

 --- MultiDimFit ---
Parameter impacts: 
  Parameter :   Best-fit               r            
  tt_ISR    :   +0.000  -0.879/+0.860  -0.016/+0.020
Done in 0.08 min (cpu), 0.09 min (real)
  Parameter :   Best-fit               r            
  tt_hdamp  :   -0.000  -0.411/+0.365  +0.016/-0.034
Done in 0.15 min (cpu), 0.15 min (real)
 <<< Combine >>> 
>>> including systematics
   Options for Robust Minimizer :: 
        Tolerance  0.1
        Strategy   0
        Type,Algo  Minuit2,Migrad
>>> method used is MultiDimFit
>>> random number generator seed is 123456
 <<< Combine >>> 
>>> including systematics
   Options for Robust Minimizer :: 
        Tolerance  0.1
        Strategy   0
        Type,Algo  Minuit2,Migrad
>>> method used is MultiDimFit
>>> random number generator seed is 123456
RooArgSet:: = ()
Computing results starting from expected outcome (a-priori)
RooArgSet:: = ()
Computing results starting from expected outcome (a-priori)

 --- MultiDimFit ---
Parameter impacts: 
  Parameter :   Best-fit               r            
  tt_norm   :   +0.000  -0.587/+0.587  -0.044/+0.044
Done in 0.19 min (cpu), 0.19 min (real)

 --- MultiDimFit ---
Parameter impacts: 
  Parameter :   Best-fit               r            
  tt_QS     :   -0.000  -0.572/+0.505  -0.012/+0.020
Done in 0.22 min (cpu), 0.23 min (real)
>> combine -M MultiDimFit -n _paramFit_Test_Y2018unclusMET --algo impact --redefineSignalPOIs r -P Y2018unclusMET --floatOtherPOIs 1 --saveInactivePOI 1 --robustFit 1 --rMin -3 --rMax 3 -t -1 --expectSignal=1 -m 125 -d LFVVecC_2018_com.root
>> combine -M MultiDimFit -n _paramFit_Test_eleIDSf --algo impact --redefineSignalPOIs r -P eleIDSf --floatOtherPOIs 1 --saveInactivePOI 1 --robustFit 1 --rMin -3 --rMax 3 -t -1 --expectSignal=1 -m 125 -d LFVVecC_2018_com.root
>> combine -M MultiDimFit -n _paramFit_Test_eleRecoSf --algo impact --redefineSignalPOIs r -P eleRecoSf --floatOtherPOIs 1 --saveInactivePOI 1 --robustFit 1 --rMin -3 --rMax 3 -t -1 --expectSignal=1 -m 125 -d LFVVecC_2018_com.root
>> combine -M MultiDimFit -n _paramFit_Test_muIdSf --algo impact --redefineSignalPOIs r -P muIdSf --floatOtherPOIs 1 --saveInactivePOI 1 --robustFit 1 --rMin -3 --rMax 3 -t -1 --expectSignal=1 -m 125 -d LFVVecC_2018_com.root
>> combine -M MultiDimFit -n _paramFit_Test_muIsoSf --algo impact --redefineSignalPOIs r -P muIsoSf --floatOtherPOIs 1 --saveInactivePOI 1 --robustFit 1 --rMin -3 --rMax 3 -t -1 --expectSignal=1 -m 125 -d LFVVecC_2018_com.root
>> combine -M MultiDimFit -n _paramFit_Test_muonRes --algo impact --redefineSignalPOIs r -P muonRes --floatOtherPOIs 1 --saveInactivePOI 1 --robustFit 1 --rMin -3 --rMax 3 -t -1 --expectSignal=1 -m 125 -d LFVVecC_2018_com.root
>> combine -M MultiDimFit -n _paramFit_Test_prop_binch2_bin5 --algo impact --redefineSignalPOIs r -P prop_binch2_bin5 --floatOtherPOIs 1 --saveInactivePOI 1 --robustFit 1 --rMin -3 --rMax 3 -t -1 --expectSignal=1 -m 125 -d LFVVecC_2018_com.root
>> combine -M MultiDimFit -n _paramFit_Test_prop_binch2_bin6 --algo impact --redefineSignalPOIs r -P prop_binch2_bin6 --floatOtherPOIs 1 --saveInactivePOI 1 --robustFit 1 --rMin -3 --rMax 3 -t -1 --expectSignal=1 -m 125 -d LFVVecC_2018_com.root
>> combine -M MultiDimFit -n _paramFit_Test_prop_binch2_bin7 --algo impact --redefineSignalPOIs r -P prop_binch2_bin7 --floatOtherPOIs 1 --saveInactivePOI 1 --robustFit 1 --rMin -3 --rMax 3 -t -1 --expectSignal=1 -m 125 -d LFVVecC_2018_com.root
>> combine -M MultiDimFit -n _paramFit_Test_electronScale --algo impact --redefineSignalPOIs r -P electronScale --floatOtherPOIs 1 --saveInactivePOI 1 --robustFit 1 --rMin -3 --rMax 3 -t -1 --expectSignal=1 -m 125 -d LFVVecC_2018_com.root
>> combine -M MultiDimFit -n _paramFit_Test_jesAbsoluteMPFBias --algo impact --redefineSignalPOIs r -P jesAbsoluteMPFBias --floatOtherPOIs 1 --saveInactivePOI 1 --robustFit 1 --rMin -3 --rMax 3 -t -1 --expectSignal=1 -m 125 -d LFVVecC_2018_com.root
>> combine -M MultiDimFit -n _paramFit_Test_jesAbsoluteScale --algo impact --redefineSignalPOIs r -P jesAbsoluteScale --floatOtherPOIs 1 --saveInactivePOI 1 --robustFit 1 --rMin -3 --rMax 3 -t -1 --expectSignal=1 -m 125 -d LFVVecC_2018_com.root
>> combine -M MultiDimFit -n _paramFit_Test_jesFlavorQCD --algo impact --redefineSignalPOIs r -P jesFlavorQCD --floatOtherPOIs 1 --saveInactivePOI 1 --robustFit 1 --rMin -3 --rMax 3 -t -1 --expectSignal=1 -m 125 -d LFVVecC_2018_com.root
>> combine -M MultiDimFit -n _paramFit_Test_jesFragmentation --algo impact --redefineSignalPOIs r -P jesFragmentation --floatOtherPOIs 1 --saveInactivePOI 1 --robustFit 1 --rMin -3 --rMax 3 -t -1 --expectSignal=1 -m 125 -d LFVVecC_2018_com.root
>> combine -M MultiDimFit -n _paramFit_Test_jesPileUpPtBB --algo impact --redefineSignalPOIs r -P jesPileUpPtBB --floatOtherPOIs 1 --saveInactivePOI 1 --robustFit 1 --rMin -3 --rMax 3 -t -1 --expectSignal=1 -m 125 -d LFVVecC_2018_com.root
>> combine -M MultiDimFit -n _paramFit_Test_prop_binch2_bin8 --algo impact --redefineSignalPOIs r -P prop_binch2_bin8 --floatOtherPOIs 1 --saveInactivePOI 1 --robustFit 1 --rMin -3 --rMax 3 -t -1 --expectSignal=1 -m 125 -d LFVVecC_2018_com.root
>> combine -M MultiDimFit -n _paramFit_Test_prop_binch2_bin9 --algo impact --redefineSignalPOIs r -P prop_binch2_bin9 --floatOtherPOIs 1 --saveInactivePOI 1 --robustFit 1 --rMin -3 --rMax 3 -t -1 --expectSignal=1 -m 125 -d LFVVecC_2018_com.root
>> combine -M MultiDimFit -n _paramFit_Test_pu --algo impact --redefineSignalPOIs r -P pu --floatOtherPOIs 1 --saveInactivePOI 1 --robustFit 1 --rMin -3 --rMax 3 -t -1 --expectSignal=1 -m 125 -d LFVVecC_2018_com.root
>> combine -M MultiDimFit -n _paramFit_Test_Y2018jesRelativePtEC2 --algo impact --redefineSignalPOIs r -P Y2018jesRelativePtEC2 --floatOtherPOIs 1 --saveInactivePOI 1 --robustFit 1 --rMin -3 --rMax 3 -t -1 --expectSignal=1 -m 125 -d LFVVecC_2018_com.root
>> combine -M MultiDimFit -n _paramFit_Test_Y2018jesRelativeSample --algo impact --redefineSignalPOIs r -P Y2018jesRelativeSample --floatOtherPOIs 1 --saveInactivePOI 1 --robustFit 1 --rMin -3 --rMax 3 -t -1 --expectSignal=1 -m 125 -d LFVVecC_2018_com.root
>> combine -M MultiDimFit -n _paramFit_Test_Y2018jesRelativeStatEC --algo impact --redefineSignalPOIs r -P Y2018jesRelativeStatEC --floatOtherPOIs 1 --saveInactivePOI 1 --robustFit 1 --rMin -3 --rMax 3 -t -1 --expectSignal=1 -m 125 -d LFVVecC_2018_com.root
>> combine -M MultiDimFit -n _paramFit_Test_lumiBeamCC --algo impact --redefineSignalPOIs r -P lumiBeamCC --floatOtherPOIs 1 --saveInactivePOI 1 --robustFit 1 --rMin -3 --rMax 3 -t -1 --expectSignal=1 -m 125 -d LFVVecC_2018_com.root
>> combine -M MultiDimFit -n _paramFit_Test_lumiLengthS --algo impact --redefineSignalPOIs r -P lumiLengthS --floatOtherPOIs 1 --saveInactivePOI 1 --robustFit 1 --rMin -3 --rMax 3 -t -1 --expectSignal=1 -m 125 -d LFVVecC_2018_com.root
>> combine -M MultiDimFit -n _paramFit_Test_lumiXY --algo impact --redefineSignalPOIs r -P lumiXY --floatOtherPOIs 1 --saveInactivePOI 1 --robustFit 1 --rMin -3 --rMax 3 -t -1 --expectSignal=1 -m 125 -d LFVVecC_2018_com.root
>> combine -M MultiDimFit -n _paramFit_Test_prop_binch2_bin2 --algo impact --redefineSignalPOIs r -P prop_binch2_bin2 --floatOtherPOIs 1 --saveInactivePOI 1 --robustFit 1 --rMin -3 --rMax 3 -t -1 --expectSignal=1 -m 125 -d LFVVecC_2018_com.root
>> combine -M MultiDimFit -n _paramFit_Test_prop_binch2_bin3 --algo impact --redefineSignalPOIs r -P prop_binch2_bin3 --floatOtherPOIs 1 --saveInactivePOI 1 --robustFit 1 --rMin -3 --rMax 3 -t -1 --expectSignal=1 -m 125 -d LFVVecC_2018_com.root
>> combine -M MultiDimFit -n _paramFit_Test_prop_binch2_bin4 --algo impact --redefineSignalPOIs r -P prop_binch2_bin4 --floatOtherPOIs 1 --saveInactivePOI 1 --robustFit 1 --rMin -3 --rMax 3 -t -1 --expectSignal=1 -m 125 -d LFVVecC_2018_com.root
>> combine -M MultiDimFit -n _paramFit_Test_DY_norm --algo impact --redefineSignalPOIs r -P DY_norm --floatOtherPOIs 1 --saveInactivePOI 1 --robustFit 1 --rMin -3 --rMax 3 -t -1 --expectSignal=1 -m 125 -d LFVVecC_2018_com.root
>> combine -M MultiDimFit -n _paramFit_Test_Other_norm --algo impact --redefineSignalPOIs r -P Other_norm --floatOtherPOIs 1 --saveInactivePOI 1 --robustFit 1 --rMin -3 --rMax 3 -t -1 --expectSignal=1 -m 125 -d LFVVecC_2018_com.root
>> combine -M MultiDimFit -n _paramFit_Test_Signal_FSR --algo impact --redefineSignalPOIs r -P Signal_FSR --floatOtherPOIs 1 --saveInactivePOI 1 --robustFit 1 --rMin -3 --rMax 3 -t -1 --expectSignal=1 -m 125 -d LFVVecC_2018_com.root
>> combine -M MultiDimFit -n _paramFit_Test_jesRelativeStatFSR --algo impact --redefineSignalPOIs r -P jesRelativeStatFSR --floatOtherPOIs 1 --saveInactivePOI 1 --robustFit 1 --rMin -3 --rMax 3 -t -1 --expectSignal=1 -m 125 -d LFVVecC_2018_com.root
>> combine -M MultiDimFit -n _paramFit_Test_jesRelativeStatHF --algo impact --redefineSignalPOIs r -P jesRelativeStatHF --floatOtherPOIs 1 --saveInactivePOI 1 --robustFit 1 --rMin -3 --rMax 3 -t -1 --expectSignal=1 -m 125 -d LFVVecC_2018_com.root
>> combine -M MultiDimFit -n _paramFit_Test_lumi2018 --algo impact --redefineSignalPOIs r -P lumi2018 --floatOtherPOIs 1 --saveInactivePOI 1 --robustFit 1 --rMin -3 --rMax 3 -t -1 --expectSignal=1 -m 125 -d LFVVecC_2018_com.root
>> combine -M MultiDimFit -n _paramFit_Test_prop_binch2_bin1 --algo impact --redefineSignalPOIs r -P prop_binch2_bin1 --floatOtherPOIs 1 --saveInactivePOI 1 --robustFit 1 --rMin -3 --rMax 3 -t -1 --expectSignal=1 -m 125 -d LFVVecC_2018_com.root
>> combine -M MultiDimFit -n _paramFit_Test_prop_binch2_bin10 --algo impact --redefineSignalPOIs r -P prop_binch2_bin10 --floatOtherPOIs 1 --saveInactivePOI 1 --robustFit 1 --rMin -3 --rMax 3 -t -1 --expectSignal=1 -m 125 -d LFVVecC_2018_com.root
>> combine -M MultiDimFit -n _paramFit_Test_prop_binch2_bin11 --algo impact --redefineSignalPOIs r -P prop_binch2_bin11 --floatOtherPOIs 1 --saveInactivePOI 1 --robustFit 1 --rMin -3 --rMax 3 -t -1 --expectSignal=1 -m 125 -d LFVVecC_2018_com.root
>> combine -M MultiDimFit -n _paramFit_Test_Y2018bcTagSF --algo impact --redefineSignalPOIs r -P Y2018bcTagSF --floatOtherPOIs 1 --saveInactivePOI 1 --robustFit 1 --rMin -3 --rMax 3 -t -1 --expectSignal=1 -m 125 -d LFVVecC_2018_com.root
>> combine -M MultiDimFit -n _paramFit_Test_Y2018jer --algo impact --redefineSignalPOIs r -P Y2018jer --floatOtherPOIs 1 --saveInactivePOI 1 --robustFit 1 --rMin -3 --rMax 3 -t -1 --expectSignal=1 -m 125 -d LFVVecC_2018_com.root
>> combine -M MultiDimFit -n _paramFit_Test_Y2018jesAbsoluteStat --algo impact --redefineSignalPOIs r -P Y2018jesAbsoluteStat --floatOtherPOIs 1 --saveInactivePOI 1 --robustFit 1 --rMin -3 --rMax 3 -t -1 --expectSignal=1 -m 125 -d LFVVecC_2018_com.root
>> combine -M MultiDimFit -n _paramFit_Test_muonScale --algo impact --redefineSignalPOIs r -P muonScale --floatOtherPOIs 1 --saveInactivePOI 1 --robustFit 1 --rMin -3 --rMax 3 -t -1 --expectSignal=1 -m 125 -d LFVVecC_2018_com.root
>> combine -M MultiDimFit -n _paramFit_Test_prop_binch1_bin1 --algo impact --redefineSignalPOIs r -P prop_binch1_bin1 --floatOtherPOIs 1 --saveInactivePOI 1 --robustFit 1 --rMin -3 --rMax 3 -t -1 --expectSignal=1 -m 125 -d LFVVecC_2018_com.root
>> combine -M MultiDimFit -n _paramFit_Test_prop_binch1_bin10 --algo impact --redefineSignalPOIs r -P prop_binch1_bin10 --floatOtherPOIs 1 --saveInactivePOI 1 --robustFit 1 --rMin -3 --rMax 3 -t -1 --expectSignal=1 -m 125 -d LFVVecC_2018_com.root
>> combine -M MultiDimFit -n _paramFit_Test_tW_norm --algo impact --redefineSignalPOIs r -P tW_norm --floatOtherPOIs 1 --saveInactivePOI 1 --robustFit 1 --rMin -3 --rMax 3 -t -1 --expectSignal=1 -m 125 -d LFVVecC_2018_com.root
>> combine -M MultiDimFit -n _paramFit_Test_trigSF --algo impact --redefineSignalPOIs r -P trigSF --floatOtherPOIs 1 --saveInactivePOI 1 --robustFit 1 --rMin -3 --rMax 3 -t -1 --expectSignal=1 -m 125 -d LFVVecC_2018_com.root
>> combine -M MultiDimFit -n _paramFit_Test_tt_CR --algo impact --redefineSignalPOIs r -P tt_CR --floatOtherPOIs 1 --saveInactivePOI 1 --robustFit 1 --rMin -3 --rMax 3 -t -1 --expectSignal=1 -m 125 -d LFVVecC_2018_com.root
>> combine -M MultiDimFit -n _paramFit_Test_Y2018jesRelativeJEREC1 --algo impact --redefineSignalPOIs r -P Y2018jesRelativeJEREC1 --floatOtherPOIs 1 --saveInactivePOI 1 --robustFit 1 --rMin -3 --rMax 3 -t -1 --expectSignal=1 -m 125 -d LFVVecC_2018_com.root
>> combine -M MultiDimFit -n _paramFit_Test_Y2018jesRelativeJEREC2 --algo impact --redefineSignalPOIs r -P Y2018jesRelativeJEREC2 --floatOtherPOIs 1 --saveInactivePOI 1 --robustFit 1 --rMin -3 --rMax 3 -t -1 --expectSignal=1 -m 125 -d LFVVecC_2018_com.root
>> combine -M MultiDimFit -n _paramFit_Test_Y2018jesRelativePtEC1 --algo impact --redefineSignalPOIs r -P Y2018jesRelativePtEC1 --floatOtherPOIs 1 --saveInactivePOI 1 --robustFit 1 --rMin -3 --rMax 3 -t -1 --expectSignal=1 -m 125 -d LFVVecC_2018_com.root
>> combine -M MultiDimFit -n _paramFit_Test_jesRelativeJERHF --algo impact --redefineSignalPOIs r -P jesRelativeJERHF --floatOtherPOIs 1 --saveInactivePOI 1 --robustFit 1 --rMin -3 --rMax 3 -t -1 --expectSignal=1 -m 125 -d LFVVecC_2018_com.root
>> combine -M MultiDimFit -n _paramFit_Test_jesRelativePtBB --algo impact --redefineSignalPOIs r -P jesRelativePtBB --floatOtherPOIs 1 --saveInactivePOI 1 --robustFit 1 --rMin -3 --rMax 3 -t -1 --expectSignal=1 -m 125 -d LFVVecC_2018_com.root
>> combine -M MultiDimFit -n _paramFit_Test_jesRelativePtHF --algo impact --redefineSignalPOIs r -P jesRelativePtHF --floatOtherPOIs 1 --saveInactivePOI 1 --robustFit 1 --rMin -3 --rMax 3 -t -1 --expectSignal=1 -m 125 -d LFVVecC_2018_com.root
>> combine -M MultiDimFit -n _paramFit_Test_prop_binch1_bin7 --algo impact --redefineSignalPOIs r -P prop_binch1_bin7 --floatOtherPOIs 1 --saveInactivePOI 1 --robustFit 1 --rMin -3 --rMax 3 -t -1 --expectSignal=1 -m 125 -d LFVVecC_2018_com.root
>> combine -M MultiDimFit -n _paramFit_Test_prop_binch1_bin8 --algo impact --redefineSignalPOIs r -P prop_binch1_bin8 --floatOtherPOIs 1 --saveInactivePOI 1 --robustFit 1 --rMin -3 --rMax 3 -t -1 --expectSignal=1 -m 125 -d LFVVecC_2018_com.root
>> combine -M MultiDimFit -n _paramFit_Test_prop_binch1_bin9 --algo impact --redefineSignalPOIs r -P prop_binch1_bin9 --floatOtherPOIs 1 --saveInactivePOI 1 --robustFit 1 --rMin -3 --rMax 3 -t -1 --expectSignal=1 -m 125 -d LFVVecC_2018_com.root
>> combine -M MultiDimFit -n _paramFit_Test_tt_pdf --algo impact --redefineSignalPOIs r -P tt_pdf --floatOtherPOIs 1 --saveInactivePOI 1 --robustFit 1 --rMin -3 --rMax 3 -t -1 --expectSignal=1 -m 125 -d LFVVecC_2018_com.root
>> combine -M MultiDimFit -n _paramFit_Test_udsgTagSF --algo impact --redefineSignalPOIs r -P udsgTagSF --floatOtherPOIs 1 --saveInactivePOI 1 --robustFit 1 --rMin -3 --rMax 3 -t -1 --expectSignal=1 -m 125 -d LFVVecC_2018_com.root
>> combine -M MultiDimFit -n _paramFit_Test_Y2018jesRelativeStatFSR --algo impact --redefineSignalPOIs r -P Y2018jesRelativeStatFSR --floatOtherPOIs 1 --saveInactivePOI 1 --robustFit 1 --rMin -3 --rMax 3 -t -1 --expectSignal=1 -m 125 -d LFVVecC_2018_com.root
>> combine -M MultiDimFit -n _paramFit_Test_Y2018jesRelativeStatHF --algo impact --redefineSignalPOIs r -P Y2018jesRelativeStatHF --floatOtherPOIs 1 --saveInactivePOI 1 --robustFit 1 --rMin -3 --rMax 3 -t -1 --expectSignal=1 -m 125 -d LFVVecC_2018_com.root
>> combine -M MultiDimFit -n _paramFit_Test_Y2018jesTimePtEta --algo impact --redefineSignalPOIs r -P Y2018jesTimePtEta --floatOtherPOIs 1 --saveInactivePOI 1 --robustFit 1 --rMin -3 --rMax 3 -t -1 --expectSignal=1 -m 125 -d LFVVecC_2018_com.root
>> combine -M MultiDimFit -n _paramFit_Test_jesPileUpPtRef --algo impact --redefineSignalPOIs r -P jesPileUpPtRef --floatOtherPOIs 1 --saveInactivePOI 1 --robustFit 1 --rMin -3 --rMax 3 -t -1 --expectSignal=1 -m 125 -d LFVVecC_2018_com.root
>> combine -M MultiDimFit -n _paramFit_Test_jesRelativeBal --algo impact --redefineSignalPOIs r -P jesRelativeBal --floatOtherPOIs 1 --saveInactivePOI 1 --robustFit 1 --rMin -3 --rMax 3 -t -1 --expectSignal=1 -m 125 -d LFVVecC_2018_com.root
>> combine -M MultiDimFit -n _paramFit_Test_jesRelativeFSR --algo impact --redefineSignalPOIs r -P jesRelativeFSR --floatOtherPOIs 1 --saveInactivePOI 1 --robustFit 1 --rMin -3 --rMax 3 -t -1 --expectSignal=1 -m 125 -d LFVVecC_2018_com.root
>> combine -M MultiDimFit -n _paramFit_Test_prop_binch1_bin11 --algo impact --redefineSignalPOIs r -P prop_binch1_bin11 --floatOtherPOIs 1 --saveInactivePOI 1 --robustFit 1 --rMin -3 --rMax 3 -t -1 --expectSignal=1 -m 125 -d LFVVecC_2018_com.root
>> combine -M MultiDimFit -n _paramFit_Test_prop_binch1_bin2 --algo impact --redefineSignalPOIs r -P prop_binch1_bin2 --floatOtherPOIs 1 --saveInactivePOI 1 --robustFit 1 --rMin -3 --rMax 3 -t -1 --expectSignal=1 -m 125 -d LFVVecC_2018_com.root
>> combine -M MultiDimFit -n _paramFit_Test_prop_binch1_bin3 --algo impact --redefineSignalPOIs r -P prop_binch1_bin3 --floatOtherPOIs 1 --saveInactivePOI 1 --robustFit 1 --rMin -3 --rMax 3 -t -1 --expectSignal=1 -m 125 -d LFVVecC_2018_com.root
>> combine -M MultiDimFit -n _paramFit_Test_tt_Tune --algo impact --redefineSignalPOIs r -P tt_Tune --floatOtherPOIs 1 --saveInactivePOI 1 --robustFit 1 --rMin -3 --rMax 3 -t -1 --expectSignal=1 -m 125 -d LFVVecC_2018_com.root
>> combine -M MultiDimFit -n _paramFit_Test_tt_hdamp --algo impact --redefineSignalPOIs r -P tt_hdamp --floatOtherPOIs 1 --saveInactivePOI 1 --robustFit 1 --rMin -3 --rMax 3 -t -1 --expectSignal=1 -m 125 -d LFVVecC_2018_com.root
>> combine -M MultiDimFit -n _paramFit_Test_tt_norm --algo impact --redefineSignalPOIs r -P tt_norm --floatOtherPOIs 1 --saveInactivePOI 1 --robustFit 1 --rMin -3 --rMax 3 -t -1 --expectSignal=1 -m 125 -d LFVVecC_2018_com.root
>> combine -M MultiDimFit -n _paramFit_Test_Signal_ISR --algo impact --redefineSignalPOIs r -P Signal_ISR --floatOtherPOIs 1 --saveInactivePOI 1 --robustFit 1 --rMin -3 --rMax 3 -t -1 --expectSignal=1 -m 125 -d LFVVecC_2018_com.root
>> combine -M MultiDimFit -n _paramFit_Test_Signal_QS --algo impact --redefineSignalPOIs r -P Signal_QS --floatOtherPOIs 1 --saveInactivePOI 1 --robustFit 1 --rMin -3 --rMax 3 -t -1 --expectSignal=1 -m 125 -d LFVVecC_2018_com.root
>> combine -M MultiDimFit -n _paramFit_Test_Signal_pdf --algo impact --redefineSignalPOIs r -P Signal_pdf --floatOtherPOIs 1 --saveInactivePOI 1 --robustFit 1 --rMin -3 --rMax 3 -t -1 --expectSignal=1 -m 125 -d LFVVecC_2018_com.root
>> combine -M MultiDimFit -n _paramFit_Test_jesPileUpPtEC1 --algo impact --redefineSignalPOIs r -P jesPileUpPtEC1 --floatOtherPOIs 1 --saveInactivePOI 1 --robustFit 1 --rMin -3 --rMax 3 -t -1 --expectSignal=1 -m 125 -d LFVVecC_2018_com.root
>> combine -M MultiDimFit -n _paramFit_Test_jesPileUpPtEC2 --algo impact --redefineSignalPOIs r -P jesPileUpPtEC2 --floatOtherPOIs 1 --saveInactivePOI 1 --robustFit 1 --rMin -3 --rMax 3 -t -1 --expectSignal=1 -m 125 -d LFVVecC_2018_com.root
>> combine -M MultiDimFit -n _paramFit_Test_jesPileUpPtHF --algo impact --redefineSignalPOIs r -P jesPileUpPtHF --floatOtherPOIs 1 --saveInactivePOI 1 --robustFit 1 --rMin -3 --rMax 3 -t -1 --expectSignal=1 -m 125 -d LFVVecC_2018_com.root
>> combine -M MultiDimFit -n _paramFit_Test_prop_binch1_bin4 --algo impact --redefineSignalPOIs r -P prop_binch1_bin4 --floatOtherPOIs 1 --saveInactivePOI 1 --robustFit 1 --rMin -3 --rMax 3 -t -1 --expectSignal=1 -m 125 -d LFVVecC_2018_com.root
>> combine -M MultiDimFit -n _paramFit_Test_prop_binch1_bin5 --algo impact --redefineSignalPOIs r -P prop_binch1_bin5 --floatOtherPOIs 1 --saveInactivePOI 1 --robustFit 1 --rMin -3 --rMax 3 -t -1 --expectSignal=1 -m 125 -d LFVVecC_2018_com.root
>> combine -M MultiDimFit -n _paramFit_Test_prop_binch1_bin6 --algo impact --redefineSignalPOIs r -P prop_binch1_bin6 --floatOtherPOIs 1 --saveInactivePOI 1 --robustFit 1 --rMin -3 --rMax 3 -t -1 --expectSignal=1 -m 125 -d LFVVecC_2018_com.root
>> combine -M MultiDimFit -n _paramFit_Test_tt_FSR --algo impact --redefineSignalPOIs r -P tt_FSR --floatOtherPOIs 1 --saveInactivePOI 1 --robustFit 1 --rMin -3 --rMax 3 -t -1 --expectSignal=1 -m 125 -d LFVVecC_2018_com.root
>> combine -M MultiDimFit -n _paramFit_Test_tt_ISR --algo impact --redefineSignalPOIs r -P tt_ISR --floatOtherPOIs 1 --saveInactivePOI 1 --robustFit 1 --rMin -3 --rMax 3 -t -1 --expectSignal=1 -m 125 -d LFVVecC_2018_com.root
>> combine -M MultiDimFit -n _paramFit_Test_tt_QS --algo impact --redefineSignalPOIs r -P tt_QS --floatOtherPOIs 1 --saveInactivePOI 1 --robustFit 1 --rMin -3 --rMax 3 -t -1 --expectSignal=1 -m 125 -d LFVVecC_2018_com.root
Have POIs: ['r']
Have parameters: 80
>> Doing page 0, have 30 parameters
