Channel LFVScalarC_2018_llB1 will use autoMCStats with settings: event-threshold=10, include-signal=0, hist-mode=1
============================================================
Analysing bin errors for: prop_binLFVScalarC_2018_llB1
Poisson cut-off: 10
Processes excluded for sums: LFVStScalarC LFVTtScalarC
============================================================
Bin        Contents        Error           Notes                         
0          0.000000        0.000000        total sum                     
0          0.000000        0.000000        excluding marked processes    
  => Error is zero, ignore      
------------------------------------------------------------
1          31027.460080    107.915032      total sum                     
1          31026.883331    107.915032      excluding marked processes    
1          82663.000000    287.511739      Unweighted events, alpha=0.375349
  => Total parameter prop_binLFVScalarC_2018_llB1_bin1[0.00,-7.00,7.00] to be gaussian constrained
------------------------------------------------------------
2          60883.270777    131.733319      total sum                     
2          60880.472519    131.733319      excluding marked processes    
2          213582.000000   462.149327      Unweighted events, alpha=0.285058
  => Total parameter prop_binLFVScalarC_2018_llB1_bin2[0.00,-7.00,7.00] to be gaussian constrained
------------------------------------------------------------
3          58622.313401    118.864405      total sum                     
3          58616.824905    118.864405      excluding marked processes    
3          243187.000000   493.139940      Unweighted events, alpha=0.241059
  => Total parameter prop_binLFVScalarC_2018_llB1_bin3[0.00,-7.00,7.00] to be gaussian constrained
------------------------------------------------------------
4          38044.793452    88.611863       total sum                     
4          38036.986206    88.611863       excluding marked processes    
4          184259.000000   429.254004      Unweighted events, alpha=0.206475
  => Total parameter prop_binLFVScalarC_2018_llB1_bin4[0.00,-7.00,7.00] to be gaussian constrained
------------------------------------------------------------
5          21957.933321    75.340281       total sum                     
5          21947.287994    75.340281       excluding marked processes    
5          84861.000000    291.309114      Unweighted events, alpha=0.258752
  => Total parameter prop_binLFVScalarC_2018_llB1_bin5[0.00,-7.00,7.00] to be gaussian constrained
------------------------------------------------------------
6          14441.372876    52.495707       total sum                     
6          14424.630714    52.495707       excluding marked processes    
6          75503.000000    274.778092      Unweighted events, alpha=0.191269
  => Total parameter prop_binLFVScalarC_2018_llB1_bin6[0.00,-7.00,7.00] to be gaussian constrained
------------------------------------------------------------
7          6906.596673     44.863612       total sum                     
7          6885.582970     44.863612       excluding marked processes    
7          23556.000000    153.479640      Unweighted events, alpha=0.293199
  => Total parameter prop_binLFVScalarC_2018_llB1_bin7[0.00,-7.00,7.00] to be gaussian constrained
------------------------------------------------------------
8          3650.303603     27.522879       total sum                     
8          3625.380737     27.522879       excluding marked processes    
8          17351.000000    131.723195      Unweighted events, alpha=0.210380
  => Total parameter prop_binLFVScalarC_2018_llB1_bin8[0.00,-7.00,7.00] to be gaussian constrained
------------------------------------------------------------
9          1448.616948     18.176294       total sum                     
9          1424.137469     18.176294       excluding marked processes    
9          6139.000000     78.351771       Unweighted events, alpha=0.235970
  => Total parameter prop_binLFVScalarC_2018_llB1_bin9[0.00,-7.00,7.00] to be gaussian constrained
------------------------------------------------------------
10         520.876688      10.694808       total sum                     
10         495.514349      10.694808       excluding marked processes    
10         2147.000000     46.335731       Unweighted events, alpha=0.242607
  => Total parameter prop_binLFVScalarC_2018_llB1_bin10[0.00,-7.00,7.00] to be gaussian constrained
------------------------------------------------------------
11         214.166840      7.347949        total sum                     
11         186.453831      7.347949        excluding marked processes    
11         644.000000      25.377155       Unweighted events, alpha=0.332557
  => Total parameter prop_binLFVScalarC_2018_llB1_bin11[0.00,-7.00,7.00] to be gaussian constrained
------------------------------------------------------------
12         0.000000        0.000000        total sum                     
12         0.000000        0.000000        excluding marked processes    
  => Error is zero, ignore      
------------------------------------------------------------
Have POIs: ['r']
 <<< Combine >>> 
>>> including systematics
   Options for Robust Minimizer :: 
        Tolerance  0.1
        Strategy   0
        Type,Algo  Minuit2,Migrad
>>> method used is MultiDimFit
>>> random number generator seed is 123456
RooArgSet:: = ()
Computing results starting from expected outcome (a-priori)

 --- MultiDimFit ---
best fit parameter values and profile-likelihood uncertainties: 
   r :    +1.000   -1.142/+0.941 (68%)
Done in 0.05 min (cpu), 0.07 min (real)
>> combine -M MultiDimFit -n _initialFit_Test --algo singles --redefineSignalPOIs r --robustFit 1 --rMin -3 --rMax 3 -t -1 --expectSignal=1 -m 125 -d LFVScalarC_2018_llB1.root
Have POIs: ['r']
Have parameters: 69
 <<< Combine >>> 
>>> including systematics
   Options for Robust Minimizer :: 
        Tolerance  0.1
        Strategy   0
        Type,Algo  Minuit2,Migrad
>>> method used is MultiDimFit
>>> random number generator seed is 123456
 <<< Combine >>> 
>>> including systematics
   Options for Robust Minimizer :: 
        Tolerance  0.1
        Strategy   0
        Type,Algo  Minuit2,Migrad
>>> method used is MultiDimFit
>>> random number generator seed is 123456
 <<< Combine >>> 
>>> including systematics
   Options for Robust Minimizer :: 
        Tolerance  0.1
        Strategy   0
        Type,Algo  Minuit2,Migrad
>>> method used is MultiDimFit
>>> random number generator seed is 123456
 <<< Combine >>> 
>>> including systematics
   Options for Robust Minimizer :: 
        Tolerance  0.1
        Strategy   0
        Type,Algo  Minuit2,Migrad
>>> method used is MultiDimFit
>>> random number generator seed is 123456
 <<< Combine >>> 
>>> including systematics
   Options for Robust Minimizer :: 
 <<< Combine >>> 
        Tolerance  0.1
        Strategy   0
        Type,Algo  Minuit2,Migrad
>>> method used is MultiDimFit
>>> random number generator seed is 123456
>>> including systematics
 <<< Combine >>> 
   Options for Robust Minimizer :: 
        Tolerance  0.1
        Strategy   0
        Type,Algo  Minuit2,Migrad
>>> method used is MultiDimFit
>>> random number generator seed is 123456
>>> including systematics
   Options for Robust Minimizer :: 
 <<< Combine >>> 
        Tolerance  0.1
        Strategy   0
        Type,Algo  Minuit2,Migrad
>>> method used is MultiDimFit
>>> random number generator seed is 123456
>>> including systematics
   Options for Robust Minimizer :: 
        Tolerance  0.1
        Strategy   0
        Type,Algo  Minuit2,Migrad
>>> method used is MultiDimFit
>>> random number generator seed is 123456
RooArgSet:: = ()
Computing results starting from expected outcome (a-priori)
RooArgSet:: = ()
Computing results starting from expected outcome (a-priori)
RooArgSet:: = ()
Computing results starting from expected outcome (a-priori)
RooArgSet:: = ()
Computing results starting from expected outcome (a-priori)
RooArgSet:: = ()
RooArgSet:: = ()
Computing results starting from expected outcome (a-priori)
Computing results starting from expected outcome (a-priori)
RooArgSet:: = ()
RooArgSet:: = ()
Computing results starting from expected outcome (a-priori)
Computing results starting from expected outcome (a-priori)

 --- MultiDimFit ---
Parameter impacts: 
  Parameter               :   Best-fit               r            
  Y2018jesRelativeStatFSR :   +0.000  -0.993/+0.993  -0.018/-0.013
Done in 0.07 min (cpu), 0.10 min (real)
 <<< Combine >>> 
>>> including systematics
   Options for Robust Minimizer :: 
        Tolerance  0.1
        Strategy   0
        Type,Algo  Minuit2,Migrad
>>> method used is MultiDimFit
>>> random number generator seed is 123456

 --- MultiDimFit ---
Parameter impacts: 

 --- MultiDimFit ---
Parameter impacts: 
  Parameter  :   Best-fit               r            
  Signal_ISR :   +0.000  -0.994/+0.994  +0.004/-0.004
Done in 0.07 min (cpu), 0.09 min (real)
 <<< Combine >>> 
>>> including systematics
   Options for Robust Minimizer :: 
        Tolerance  0.1
        Strategy   0
        Type,Algo  Minuit2,Migrad
>>> method used is MultiDimFit
>>> random number generator seed is 123456

 --- MultiDimFit ---
Parameter impacts: 
  Parameter :   Best-fit               r            
  DY_norm   :   +0.000  -0.983/+0.973  -0.072/+0.112
Done in 0.06 min (cpu), 0.09 min (real)
  Parameter             :   Best-fit               r            
  Y2018jesRelativePtEC2 :   +0.000  -0.994/+0.994  -0.000/-0.000
Done in 0.07 min (cpu), 0.09 min (real)
 <<< Combine >>> 
>>> including systematics
   Options for Robust Minimizer :: 
        Tolerance  0.1
        Strategy   0
        Type,Algo  Minuit2,Migrad
>>> method used is MultiDimFit
>>> random number generator seed is 123456
 <<< Combine >>> 
>>> including systematics
   Options for Robust Minimizer :: 
        Tolerance  0.1
        Strategy   0
        Type,Algo  Minuit2,Migrad
>>> method used is MultiDimFit
>>> random number generator seed is 123456

 --- MultiDimFit ---
Parameter impacts: 

 --- MultiDimFit ---
Parameter impacts: 
  Parameter              :   Best-fit               r            
  Y2018jesRelativeJEREC1 :   -0.000  -0.990/+0.972  -0.015/-0.036
Done in 0.09 min (cpu), 0.12 min (real)

 --- MultiDimFit ---
Parameter impacts: 
  Parameter     :   Best-fit               r            
  electronScale :   +0.000  -0.972/+0.983  +0.168/-0.165
Done in 0.10 min (cpu), 0.13 min (real)

 --- MultiDimFit ---
Parameter impacts: 
 <<< Combine >>> 
>>> including systematics
   Options for Robust Minimizer :: 
        Tolerance  0.1
        Strategy   0
        Type,Algo  Minuit2,Migrad
>>> method used is MultiDimFit
>>> random number generator seed is 123456
 <<< Combine >>> 
>>> including systematics
   Options for Robust Minimizer :: 
        Tolerance  0.1
        Strategy   0
        Type,Algo  Minuit2,Migrad
>>> method used is MultiDimFit
>>> random number generator seed is 123456
  Parameter      :   Best-fit               r            
  Y2018unclusMET :   +0.000  -0.832/+0.835  -0.089/-0.262
Done in 0.08 min (cpu), 0.11 min (real)
 <<< Combine >>> 
>>> including systematics
   Options for Robust Minimizer :: 
        Tolerance  0.1
        Strategy   0
        Type,Algo  Minuit2,Migrad
>>> method used is MultiDimFit
>>> random number generator seed is 123456
  Parameter    :   Best-fit               r            
  Y2018bcTagSF :   +0.000  -0.716/+0.676  -0.090/-0.003
Done in 0.09 min (cpu), 0.12 min (real)
 <<< Combine >>> 
>>> including systematics
   Options for Robust Minimizer :: 
        Tolerance  0.1
        Strategy   0
        Type,Algo  Minuit2,Migrad
>>> method used is MultiDimFit
>>> random number generator seed is 123456
RooArgSet:: = ()
Computing results starting from expected outcome (a-priori)
RooArgSet:: = ()
Computing results starting from expected outcome (a-priori)
RooArgSet:: = ()
Computing results starting from expected outcome (a-priori)
RooArgSet:: = ()
Computing results starting from expected outcome (a-priori)
RooArgSet:: = ()
Computing results starting from expected outcome (a-priori)
RooArgSet:: = ()
RooArgSet:: = ()
Computing results starting from expected outcome (a-priori)
Computing results starting from expected outcome (a-priori)
RooArgSet:: = ()
Computing results starting from expected outcome (a-priori)

 --- MultiDimFit ---
Parameter impacts: 
  Parameter              :   Best-fit               r            
  Y2018jesRelativeStatHF :   +0.000  -0.994/+0.994  -0.000/-0.000
Done in 0.07 min (cpu), 0.09 min (real)
 <<< Combine >>> 
>>> including systematics
   Options for Robust Minimizer :: 
        Tolerance  0.1
        Strategy   0
        Type,Algo  Minuit2,Migrad
>>> method used is MultiDimFit
>>> random number generator seed is 123456

 --- MultiDimFit ---
Parameter impacts: 
  Parameter :   Best-fit               r            
  Signal_QS :   +0.000  -0.994/+0.994  +0.003/-0.005
Done in 0.07 min (cpu), 0.09 min (real)
 <<< Combine >>> 
>>> including systematics
   Options for Robust Minimizer :: 
        Tolerance  0.1
        Strategy   0
        Type,Algo  Minuit2,Migrad
>>> method used is MultiDimFit
>>> random number generator seed is 123456

 --- MultiDimFit ---
Parameter impacts: 

 --- MultiDimFit ---
Parameter impacts: 

 --- MultiDimFit ---
Parameter impacts: 
  Parameter  :   Best-fit               r            
  Other_norm :   +0.000  -0.992/+0.991  -0.007/+0.009
Done in 0.09 min (cpu), 0.12 min (real)
 <<< Combine >>> 
>>> including systematics
   Options for Robust Minimizer :: 
        Tolerance  0.1
        Strategy   0
        Type,Algo  Minuit2,Migrad
>>> method used is MultiDimFit
>>> random number generator seed is 123456
  Parameter :   Best-fit               r            
  eleIDSf   :   -0.000  -0.956/+0.957  +0.050/-0.042
Done in 0.07 min (cpu), 0.11 min (real)
  Parameter              :   Best-fit               r            
  Y2018jesRelativeSample :   +0.000  -0.851/+0.862  -0.134/-0.158
Done in 0.09 min (cpu), 0.12 min (real)
 <<< Combine >>> 
>>> including systematics
   Options for Robust Minimizer :: 
        Tolerance  0.1
        Strategy   0
        Type,Algo  Minuit2,Migrad
>>> method used is MultiDimFit
>>> random number generator seed is 123456
 <<< Combine >>> 
>>> including systematics
   Options for Robust Minimizer :: 
        Tolerance  0.1
        Strategy   0
        Type,Algo  Minuit2,Migrad
>>> method used is MultiDimFit
>>> random number generator seed is 123456

 --- MultiDimFit ---
Parameter impacts: 

 --- MultiDimFit ---
Parameter impacts: 

 --- MultiDimFit ---
Parameter impacts: 
  Parameter :   Best-fit               r            
  Y2018jer  :   +0.000  -0.867/+0.862  -0.443/+0.162
Done in 0.09 min (cpu), 0.13 min (real)
  Parameter          :   Best-fit               r            
  jesAbsoluteMPFBias :   +0.000  -0.972/+0.976  -0.052/+0.049
Done in 0.09 min (cpu), 0.13 min (real)
  Parameter              :   Best-fit               r            
  Y2018jesRelativeJEREC2 :   +0.000  -0.994/+0.994  -0.000/-0.000
Done in 0.09 min (cpu), 0.12 min (real)
 <<< Combine >>> 
>>> including systematics
   Options for Robust Minimizer :: 
        Tolerance  0.1
        Strategy   0
        Type,Algo  Minuit2,Migrad
>>> method used is MultiDimFit
>>> random number generator seed is 123456
 <<< Combine >>> 
>>> including systematics
   Options for Robust Minimizer :: 
        Tolerance  0.1
        Strategy   0
        Type,Algo  Minuit2,Migrad
>>> method used is MultiDimFit
>>> random number generator seed is 123456
 <<< Combine >>> 
>>> including systematics
   Options for Robust Minimizer :: 
        Tolerance  0.1
        Strategy   0
        Type,Algo  Minuit2,Migrad
>>> method used is MultiDimFit
>>> random number generator seed is 123456
RooArgSet:: = ()
Computing results starting from expected outcome (a-priori)
RooArgSet:: = ()
Computing results starting from expected outcome (a-priori)
RooArgSet:: = ()
Computing results starting from expected outcome (a-priori)
RooArgSet:: = ()
RooArgSet:: = ()
Computing results starting from expected outcome (a-priori)
RooArgSet:: = ()
Computing results starting from expected outcome (a-priori)
Computing results starting from expected outcome (a-priori)
RooArgSet:: = ()
Computing results starting from expected outcome (a-priori)
RooArgSet:: = ()
Computing results starting from expected outcome (a-priori)

 --- MultiDimFit ---
Parameter impacts: 
  Parameter         :   Best-fit               r            
  Y2018jesTimePtEta :   +0.000  -0.967/+0.938  -0.160/-0.033
Done in 0.07 min (cpu), 0.10 min (real)

 --- MultiDimFit ---
Parameter impacts: 
 <<< Combine >>> 
>>> including systematics
   Options for Robust Minimizer :: 
        Tolerance  0.1
        Strategy   0
        Type,Algo  Minuit2,Migrad
>>> method used is MultiDimFit
>>> random number generator seed is 123456
  Parameter  :   Best-fit               r            
  Signal_pdf :   +0.000  -0.994/+0.994  +0.042/-0.039
Done in 0.07 min (cpu), 0.15 min (real)
 <<< Combine >>> 
>>> including systematics
   Options for Robust Minimizer :: 
        Tolerance  0.1
        Strategy   0
        Type,Algo  Minuit2,Migrad
>>> method used is MultiDimFit
>>> random number generator seed is 123456

 --- MultiDimFit ---
Parameter impacts: 

 --- MultiDimFit ---
Parameter impacts: 
  Parameter  :   Best-fit               r            
  Signal_FSR :   +0.000  -0.994/+0.994  +0.017/-0.006
Done in 0.08 min (cpu), 0.17 min (real)
 <<< Combine >>> 
>>> including systematics
   Options for Robust Minimizer :: 
        Tolerance  0.1
        Strategy   0
        Type,Algo  Minuit2,Migrad
>>> method used is MultiDimFit
>>> random number generator seed is 123456
  Parameter :   Best-fit               r            
  eleRecoSf :   +0.000  -0.992/+0.992  +0.013/-0.011
Done in 0.08 min (cpu), 0.16 min (real)

 --- MultiDimFit ---
Parameter impacts: 

 --- MultiDimFit ---
Parameter impacts: 
 <<< Combine >>> 
>>> including systematics
   Options for Robust Minimizer :: 
        Tolerance  0.1
        Strategy   0
        Type,Algo  Minuit2,Migrad
>>> method used is MultiDimFit
>>> random number generator seed is 123456

 --- MultiDimFit ---
Parameter impacts: 
  Parameter            :   Best-fit               r            
  Y2018jesAbsoluteStat :   -0.000  -0.978/+0.979  -0.104/+0.049
Done in 0.09 min (cpu), 0.17 min (real)
  Parameter             :   Best-fit               r            
  Y2018jesRelativePtEC1 :   +0.000  -0.986/+0.991  -0.019/+0.003
Done in 0.08 min (cpu), 0.17 min (real)
  Parameter        :   Best-fit               r            
  jesAbsoluteScale :   +0.000  -0.984/+0.980  -0.006/+0.025
Done in 0.09 min (cpu), 0.18 min (real)

 --- MultiDimFit ---
Parameter impacts: 
 <<< Combine >>> 
>>> including systematics
   Options for Robust Minimizer :: 
        Tolerance  0.1
        Strategy   0
        Type,Algo  Minuit2,Migrad
>>> method used is MultiDimFit
>>> random number generator seed is 123456
 <<< Combine >>> 
 <<< Combine >>> 
>>> including systematics
>>> including systematics
   Options for Robust Minimizer :: 
   Options for Robust Minimizer :: 
        Tolerance  0.1
        Tolerance  0.1
        Strategy   0
        Type,Algo  Minuit2,Migrad
        Strategy   0
        Type,Algo  Minuit2,Migrad
>>> method used is MultiDimFit
>>> method used is MultiDimFit
>>> random number generator seed is 123456
>>> random number generator seed is 123456
  Parameter              :   Best-fit               r            
  Y2018jesRelativeStatEC :   +0.000  -0.986/+0.961  +0.008/-0.057
Done in 0.09 min (cpu), 0.20 min (real)
 <<< Combine >>> 
>>> including systematics
   Options for Robust Minimizer :: 
        Tolerance  0.1
        Strategy   0
        Type,Algo  Minuit2,Migrad
>>> method used is MultiDimFit
>>> random number generator seed is 123456
RooArgSet:: = ()
Computing results starting from expected outcome (a-priori)
RooArgSet:: = ()
Computing results starting from expected outcome (a-priori)
RooArgSet:: = ()
RooArgSet:: = ()
Computing results starting from expected outcome (a-priori)
Computing results starting from expected outcome (a-priori)
RooArgSet:: = ()
Computing results starting from expected outcome (a-priori)
RooArgSet:: = ()
Computing results starting from expected outcome (a-priori)
RooArgSet:: = ()
RooArgSet:: = ()
Computing results starting from expected outcome (a-priori)
Computing results starting from expected outcome (a-priori)

 --- MultiDimFit ---
Parameter impacts: 

 --- MultiDimFit ---
Parameter impacts: 
  Parameter :   Best-fit               r            
  muIdSf    :   +0.000  -0.994/+0.994  -0.000/+0.001
Done in 0.07 min (cpu), 0.09 min (real)
 <<< Combine >>> 
>>> including systematics
   Options for Robust Minimizer :: 
        Tolerance  0.1
        Strategy   0
        Type,Algo  Minuit2,Migrad
>>> method used is MultiDimFit
>>> random number generator seed is 123456
  Parameter    :   Best-fit               r            
  jesFlavorQCD :   -0.000  -0.858/+0.856  -0.150/-0.211
Done in 0.09 min (cpu), 0.14 min (real)
 <<< Combine >>> 

 --- MultiDimFit ---
Parameter impacts: 

 --- MultiDimFit ---
Parameter impacts: 
>>> including systematics
   Options for Robust Minimizer :: 
        Tolerance  0.1
        Strategy   0
        Type,Algo  Minuit2,Migrad
>>> method used is MultiDimFit
>>> random number generator seed is 123456

 --- MultiDimFit ---
Parameter impacts: 

 --- MultiDimFit ---
Parameter impacts: 
  Parameter        :   Best-fit               r            
  jesRelativeJERHF :   +0.000  -0.994/+0.994  -0.000/-0.000
Done in 0.09 min (cpu), 0.14 min (real)
  Parameter      :   Best-fit               r            
  jesPileUpPtRef :   +0.000  -0.962/+0.969  -0.037/-0.063
Done in 0.09 min (cpu), 0.14 min (real)
 <<< Combine >>> 
 <<< Combine >>> 
>>> including systematics
>>> including systematics
   Options for Robust Minimizer :: 
        Tolerance  0.1
        Strategy   0
        Type,Algo  Minuit2,Migrad
>>> method used is MultiDimFit
>>> random number generator seed is 123456
   Options for Robust Minimizer :: 
        Tolerance  0.1
        Strategy   0
        Type,Algo  Minuit2,Migrad
>>> method used is MultiDimFit
>>> random number generator seed is 123456
  Parameter          :   Best-fit               r            
  jesRelativeStatFSR :   +0.000  -0.993/+0.993  -0.017/-0.014
Done in 0.08 min (cpu), 0.13 min (real)
  Parameter      :   Best-fit               r            
  jesPileUpPtEC1 :   -0.000  -0.962/+0.976  -0.002/-0.071
Done in 0.11 min (cpu), 0.18 min (real)
 <<< Combine >>> 
>>> including systematics
   Options for Robust Minimizer :: 
        Tolerance  0.1
        Strategy   0
        Type,Algo  Minuit2,Migrad
>>> method used is MultiDimFit
>>> random number generator seed is 123456
 <<< Combine >>> 
>>> including systematics
   Options for Robust Minimizer :: 
        Tolerance  0.1
        Strategy   0
        Type,Algo  Minuit2,Migrad
>>> method used is MultiDimFit
>>> random number generator seed is 123456

 --- MultiDimFit ---
Parameter impacts: 
  Parameter  :   Best-fit               r            
  lumiBeamCC :   +0.000  -0.993/+0.994  -0.002/+0.001
Done in 0.08 min (cpu), 0.14 min (real)

 --- MultiDimFit ---
Parameter impacts: 
 <<< Combine >>> 
>>> including systematics
   Options for Robust Minimizer :: 
        Tolerance  0.1
        Strategy   0
        Type,Algo  Minuit2,Migrad
>>> method used is MultiDimFit
>>> random number generator seed is 123456
  Parameter :   Best-fit               r            
  muonScale :   +0.000  -0.991/+0.991  -0.085/-0.042
Done in 0.09 min (cpu), 0.16 min (real)
 <<< Combine >>> 
>>> including systematics
   Options for Robust Minimizer :: 
        Tolerance  0.1
        Strategy   0
        Type,Algo  Minuit2,Migrad
>>> method used is MultiDimFit
>>> random number generator seed is 123456
RooArgSet:: = ()
Computing results starting from expected outcome (a-priori)
RooArgSet:: = ()
RooArgSet:: = ()
Computing results starting from expected outcome (a-priori)
Computing results starting from expected outcome (a-priori)
RooArgSet:: = ()
Computing results starting from expected outcome (a-priori)
RooArgSet:: = ()
Computing results starting from expected outcome (a-priori)
RooArgSet:: = ()
Computing results starting from expected outcome (a-priori)
RooArgSet:: = ()
Computing results starting from expected outcome (a-priori)
RooArgSet:: = ()
Computing results starting from expected outcome (a-priori)

 --- MultiDimFit ---
Parameter impacts: 

 --- MultiDimFit ---
Parameter impacts: 
  Parameter       :   Best-fit               r            
  jesRelativePtBB :   +0.000  -0.992/+0.994  -0.018/+0.022
Done in 0.05 min (cpu), 0.09 min (real)
  Parameter        :   Best-fit               r            
  jesFragmentation :   +0.000  -0.973/+0.971  +0.020/-0.029
Done in 0.06 min (cpu), 0.11 min (real)

 --- MultiDimFit ---
Parameter impacts: 
 <<< Combine >>> 
>>> including systematics
   Options for Robust Minimizer :: 
        Tolerance  0.1
        Strategy   0
        Type,Algo  Minuit2,Migrad
>>> method used is MultiDimFit
>>> random number generator seed is 123456
 <<< Combine >>> 
>>> including systematics
   Options for Robust Minimizer :: 
        Tolerance  0.1
        Strategy   0
        Type,Algo  Minuit2,Migrad
>>> method used is MultiDimFit
>>> random number generator seed is 123456

 --- MultiDimFit ---
Parameter impacts: 

 --- MultiDimFit ---
Parameter impacts: 

 --- MultiDimFit ---
Parameter impacts: 
  Parameter :   Best-fit               r            
  muIsoSf   :   -0.000  -0.994/+0.994  -0.000/+0.000
Done in 0.07 min (cpu), 0.12 min (real)
  Parameter      :   Best-fit               r            
  jesPileUpPtEC2 :   +0.000  -0.994/+0.994  -0.000/-0.000
Done in 0.07 min (cpu), 0.11 min (real)
 <<< Combine >>> 
>>> including systematics
   Options for Robust Minimizer :: 
        Tolerance  0.1
        Strategy   0
        Type,Algo  Minuit2,Migrad
>>> method used is MultiDimFit
>>> random number generator seed is 123456
  Parameter         :   Best-fit               r            
  jesRelativeStatHF :   +0.000  -0.994/+0.994  -0.000/-0.000
Done in 0.07 min (cpu), 0.11 min (real)
 <<< Combine >>> 
>>> including systematics
   Options for Robust Minimizer :: 
        Tolerance  0.1
        Strategy   0
        Type,Algo  Minuit2,Migrad
>>> method used is MultiDimFit
>>> random number generator seed is 123456
  Parameter      :   Best-fit               r            
  jesRelativeBal :   +0.000  -0.850/+0.890  -0.038/-0.026
Done in 0.08 min (cpu), 0.14 min (real)
 <<< Combine >>> 
>>> including systematics
   Options for Robust Minimizer :: 
        Tolerance  0.1
        Strategy   0
        Type,Algo  Minuit2,Migrad
>>> method used is MultiDimFit
>>> random number generator seed is 123456
 <<< Combine >>> 
>>> including systematics
   Options for Robust Minimizer :: 
        Tolerance  0.1
        Strategy   0
        Type,Algo  Minuit2,Migrad
>>> method used is MultiDimFit
>>> random number generator seed is 123456

 --- MultiDimFit ---
Parameter impacts: 
  Parameter   :   Best-fit               r            
  lumiLengthS :   +0.000  -0.993/+0.994  -0.004/+0.005
Done in 0.07 min (cpu), 0.12 min (real)
 <<< Combine >>> 
>>> including systematics
   Options for Robust Minimizer :: 
        Tolerance  0.1
        Strategy   0
        Type,Algo  Minuit2,Migrad
>>> method used is MultiDimFit
>>> random number generator seed is 123456

 --- MultiDimFit ---
Parameter impacts: 
  Parameter                         :   Best-fit               r            
  prop_binLFVScalarC_2018_llB1_bin1 :   +0.000  -0.970/+0.970  -0.142/+0.120
Done in 0.07 min (cpu), 0.13 min (real)
 <<< Combine >>> 
>>> including systematics
   Options for Robust Minimizer :: 
        Tolerance  0.1
        Strategy   0
        Type,Algo  Minuit2,Migrad
>>> method used is MultiDimFit
>>> random number generator seed is 123456
RooArgSet:: = ()
Computing results starting from expected outcome (a-priori)
RooArgSet:: = ()
Computing results starting from expected outcome (a-priori)
RooArgSet:: = ()
RooArgSet:: = ()
Computing results starting from expected outcome (a-priori)
Computing results starting from expected outcome (a-priori)
RooArgSet:: = ()
Computing results starting from expected outcome (a-priori)
RooArgSet:: = ()
Computing results starting from expected outcome (a-priori)
RooArgSet:: = ()
Computing results starting from expected outcome (a-priori)
RooArgSet:: = ()
Computing results starting from expected outcome (a-priori)

 --- MultiDimFit ---
Parameter impacts: 

 --- MultiDimFit ---
Parameter impacts: 

 --- MultiDimFit ---
Parameter impacts: 
  Parameter :   Best-fit               r            
  muonRes   :   -0.000  -0.993/+0.993  +0.065/-0.026
Done in 0.06 min (cpu), 0.13 min (real)

 --- MultiDimFit ---
Parameter impacts: 
  Parameter     :   Best-fit               r            
  jesPileUpPtBB :   -0.000  -0.977/+0.983  -0.004/-0.028
Done in 0.07 min (cpu), 0.16 min (real)
 <<< Combine >>> 
>>> including systematics
   Options for Robust Minimizer :: 
        Tolerance  0.1
        Strategy   0
        Type,Algo  Minuit2,Migrad
>>> method used is MultiDimFit
>>> random number generator seed is 123456
  Parameter       :   Best-fit               r            
  jesRelativePtHF :   +0.000  -0.994/+0.994  -0.000/-0.000
Done in 0.07 min (cpu), 0.15 min (real)
  Parameter     :   Best-fit               r            
  jesPileUpPtHF :   +0.000  -0.994/+0.994  -0.000/-0.000
Done in 0.07 min (cpu), 0.14 min (real)

 --- MultiDimFit ---
Parameter impacts: 
 <<< Combine >>> 
>>> including systematics
   Options for Robust Minimizer :: 
        Tolerance  0.1
        Strategy   0
        Type,Algo  Minuit2,Migrad
>>> method used is MultiDimFit
>>> random number generator seed is 123456
 <<< Combine >>> 
>>> including systematics
   Options for Robust Minimizer :: 
        Tolerance  0.1
        Strategy   0
        Type,Algo  Minuit2,Migrad
>>> method used is MultiDimFit
>>> random number generator seed is 123456
 <<< Combine >>> 
>>> including systematics
   Options for Robust Minimizer :: 
        Tolerance  0.1
        Strategy   0
        Type,Algo  Minuit2,Migrad
>>> method used is MultiDimFit
>>> random number generator seed is 123456
  Parameter      :   Best-fit               r            
  jesRelativeFSR :   -0.000  -0.987/+0.970  -0.065/-0.054
Done in 0.07 min (cpu), 0.17 min (real)
 <<< Combine >>> 
>>> including systematics
   Options for Robust Minimizer :: 
        Tolerance  0.1
        Strategy   0
        Type,Algo  Minuit2,Migrad
>>> method used is MultiDimFit
>>> random number generator seed is 123456

 --- MultiDimFit ---
Parameter impacts: 
  Parameter :   Best-fit               r            
  lumiXY    :   +0.000  -0.929/+0.929  -0.034/+0.031
Done in 0.07 min (cpu), 0.15 min (real)

 --- MultiDimFit ---
Parameter impacts: 
 <<< Combine >>> 
>>> including systematics
   Options for Robust Minimizer :: 
        Tolerance  0.1
        Strategy   0
        Type,Algo  Minuit2,Migrad
>>> method used is MultiDimFit
>>> random number generator seed is 123456
  Parameter :   Best-fit               r            
  lumi2018  :   +0.000  -0.959/+0.958  -0.024/+0.023
Done in 0.11 min (cpu), 0.25 min (real)
 <<< Combine >>> 
>>> including systematics
   Options for Robust Minimizer :: 
        Tolerance  0.1
        Strategy   0
        Type,Algo  Minuit2,Migrad
>>> method used is MultiDimFit
>>> random number generator seed is 123456

 --- MultiDimFit ---
Parameter impacts: 
  Parameter                          :   Best-fit               r            
  prop_binLFVScalarC_2018_llB1_bin10 :   +0.000  -0.946/+0.944  +0.179/-0.173
Done in 0.09 min (cpu), 0.29 min (real)
RooArgSet:: = ()
RooArgSet:: = ()
Computing results starting from expected outcome (a-priori)
RooArgSet:: = ()
Computing results starting from expected outcome (a-priori)
Computing results starting from expected outcome (a-priori)
RooArgSet:: = ()
Computing results starting from expected outcome (a-priori)
RooArgSet:: = ()
Computing results starting from expected outcome (a-priori)
RooArgSet:: = ()
Computing results starting from expected outcome (a-priori)
RooArgSet:: = ()
Computing results starting from expected outcome (a-priori)

 --- MultiDimFit ---
Parameter impacts: 

 --- MultiDimFit ---
Parameter impacts: 
  Parameter                          :   Best-fit               r            
  prop_binLFVScalarC_2018_llB1_bin11 :   +0.000  -0.978/+0.979  +0.171/-0.168
Done in 0.07 min (cpu), 0.16 min (real)
 <<< Combine >>> 
>>> including systematics
   Options for Robust Minimizer :: 
        Tolerance  0.1
        Strategy   0
        Type,Algo  Minuit2,Migrad
>>> method used is MultiDimFit
>>> random number generator seed is 123456
  Parameter :   Best-fit               r            
  pu        :   +0.000  -0.969/+0.967  +0.034/-0.057
Done in 0.08 min (cpu), 0.17 min (real)
 <<< Combine >>> 
>>> including systematics
   Options for Robust Minimizer :: 
        Tolerance  0.1
        Strategy   0
        Type,Algo  Minuit2,Migrad
>>> method used is MultiDimFit
>>> random number generator seed is 123456

 --- MultiDimFit ---
Parameter impacts: 

 --- MultiDimFit ---
Parameter impacts: 
  Parameter                         :   Best-fit               r            
  prop_binLFVScalarC_2018_llB1_bin7 :   +0.000  -0.923/+0.924  -0.085/+0.082
Done in 0.08 min (cpu), 0.20 min (real)
 <<< Combine >>> 
>>> including systematics
   Options for Robust Minimizer :: 
        Tolerance  0.1
        Strategy   0
        Type,Algo  Minuit2,Migrad
>>> method used is MultiDimFit
>>> random number generator seed is 123456
  Parameter                         :   Best-fit               r            
  prop_binLFVScalarC_2018_llB1_bin4 :   +0.000  -0.959/+0.959  -0.024/+0.008
Done in 0.08 min (cpu), 0.20 min (real)
 <<< Combine >>> 
>>> including systematics
   Options for Robust Minimizer :: 
        Tolerance  0.1
        Strategy   0
        Type,Algo  Minuit2,Migrad
>>> method used is MultiDimFit
>>> random number generator seed is 123456

 --- MultiDimFit ---
Parameter impacts: 

 --- MultiDimFit ---
Parameter impacts: 
  Parameter :   Best-fit               r            
  tt_CR     :   -0.000  -0.741/+0.755  +0.601/-0.896
Done in 0.11 min (cpu), 0.24 min (real)
 <<< Combine >>> 
>>> including systematics
   Options for Robust Minimizer :: 
        Tolerance  0.1
        Strategy   0
        Type,Algo  Minuit2,Migrad
>>> method used is MultiDimFit
>>> random number generator seed is 123456
  Parameter :   Best-fit               r            
  tt_QS     :   +0.000  -0.740/+0.629  +0.020/+0.068
Done in 0.09 min (cpu), 0.23 min (real)

 --- MultiDimFit ---
Parameter impacts: 
 <<< Combine >>> 
>>> including systematics
   Options for Robust Minimizer :: 
        Tolerance  0.1
        Strategy   0
        Type,Algo  Minuit2,Migrad
>>> method used is MultiDimFit
>>> random number generator seed is 123456
  Parameter :   Best-fit               r            
  tt_norm   :   +0.000  -0.601/+0.599  -0.185/+0.156
Done in 0.11 min (cpu), 0.25 min (real)
 <<< Combine >>> 
>>> including systematics
   Options for Robust Minimizer :: 
        Tolerance  0.1
        Strategy   0
        Type,Algo  Minuit2,Migrad
>>> method used is MultiDimFit
>>> random number generator seed is 123456
RooArgSet:: = ()
Computing results starting from expected outcome (a-priori)
RooArgSet:: = ()
Computing results starting from expected outcome (a-priori)
RooArgSet:: = ()
Computing results starting from expected outcome (a-priori)
RooArgSet:: = ()
Computing results starting from expected outcome (a-priori)
RooArgSet:: = ()
Computing results starting from expected outcome (a-priori)
RooArgSet:: = ()
Computing results starting from expected outcome (a-priori)

 --- MultiDimFit ---
Parameter impacts: 
  Parameter                         :   Best-fit               r            
  prop_binLFVScalarC_2018_llB1_bin2 :   +0.000  -0.951/+0.953  +0.050/-0.062
Done in 0.08 min (cpu), 0.19 min (real)

 --- MultiDimFit ---
Parameter impacts: 
 <<< Combine >>> 
>>> including systematics
   Options for Robust Minimizer :: 
        Tolerance  0.1
        Strategy   0
        Type,Algo  Minuit2,Migrad
>>> method used is MultiDimFit
>>> random number generator seed is 123456

 --- MultiDimFit ---
Parameter impacts: 
RooArgSet:: = ()
Computing results starting from expected outcome (a-priori)
  Parameter :   Best-fit               r            
  tW_norm   :   +0.000  -0.974/+0.971  -0.020/+0.018
Done in 0.09 min (cpu), 0.19 min (real)
 <<< Combine >>> 
>>> including systematics
   Options for Robust Minimizer :: 
        Tolerance  0.1
        Strategy   0
        Type,Algo  Minuit2,Migrad
>>> method used is MultiDimFit
>>> random number generator seed is 123456

 --- MultiDimFit ---
Parameter impacts: 
  Parameter                         :   Best-fit               r            
  prop_binLFVScalarC_2018_llB1_bin5 :   -0.000  -0.954/+0.946  -0.061/+0.050
Done in 0.07 min (cpu), 0.16 min (real)
 <<< Combine >>> 
>>> including systematics
   Options for Robust Minimizer :: 
        Tolerance  0.1
        Strategy   0
        Type,Algo  Minuit2,Migrad
>>> method used is MultiDimFit
>>> random number generator seed is 123456

 --- MultiDimFit ---
Parameter impacts: 
  Parameter :   Best-fit               r            
  tt_FSR    :   -0.000  -0.832/+0.935  -0.063/-0.081
Done in 0.08 min (cpu), 0.19 min (real)
 <<< Combine >>> 
>>> including systematics
   Options for Robust Minimizer :: 
        Tolerance  0.1
        Strategy   0
        Type,Algo  Minuit2,Migrad
>>> method used is MultiDimFit
>>> random number generator seed is 123456
  Parameter                         :   Best-fit               r            
  prop_binLFVScalarC_2018_llB1_bin8 :   -0.000  -0.949/+0.945  -0.031/+0.069
Done in 0.13 min (cpu), 0.30 min (real)

 --- MultiDimFit ---
Parameter impacts: 
 <<< Combine >>> 
>>> including systematics
   Options for Robust Minimizer :: 
        Tolerance  0.1
        Strategy   0
        Type,Algo  Minuit2,Migrad
>>> method used is MultiDimFit
>>> random number generator seed is 123456

 --- MultiDimFit ---
Parameter impacts: 
  Parameter :   Best-fit               r            
  tt_Tune   :   -0.000  -0.537/+0.566  -0.087/+0.169
Done in 0.09 min (cpu), 0.22 min (real)
 <<< Combine >>> 
>>> including systematics
   Options for Robust Minimizer :: 
        Tolerance  0.1
        Strategy   0
        Type,Algo  Minuit2,Migrad
>>> method used is MultiDimFit
>>> random number generator seed is 123456
  Parameter :   Best-fit               r            
  tt_pdf    :   -0.000  -0.982/+0.982  +0.112/-0.110
Done in 0.08 min (cpu), 0.19 min (real)
 <<< Combine >>> 
>>> including systematics
   Options for Robust Minimizer :: 
        Tolerance  0.1
        Strategy   0
        Type,Algo  Minuit2,Migrad
>>> method used is MultiDimFit
>>> random number generator seed is 123456
RooArgSet:: = ()
RooArgSet:: = ()
Computing results starting from expected outcome (a-priori)
Computing results starting from expected outcome (a-priori)
RooArgSet:: = ()
Computing results starting from expected outcome (a-priori)

 --- MultiDimFit ---
Parameter impacts: 
RooArgSet:: = ()
Computing results starting from expected outcome (a-priori)

 --- MultiDimFit ---
Parameter impacts: 
  Parameter                         :   Best-fit               r            
  prop_binLFVScalarC_2018_llB1_bin3 :   -0.000  -0.941/+0.941  +0.089/-0.116
Done in 0.09 min (cpu), 0.19 min (real)
  Parameter :   Best-fit               r            
  trigSF    :   -0.000  -0.972/+0.973  -0.016/+0.014
Done in 0.09 min (cpu), 0.21 min (real)

 --- MultiDimFit ---
Parameter impacts: 
RooArgSet:: = ()
Computing results starting from expected outcome (a-priori)
  Parameter                         :   Best-fit               r            
  prop_binLFVScalarC_2018_llB1_bin6 :   -0.000  -0.950/+0.954  -0.065/+0.048
Done in 0.08 min (cpu), 0.18 min (real)
RooArgSet:: = ()
Computing results starting from expected outcome (a-priori)
RooArgSet:: = ()
Computing results starting from expected outcome (a-priori)

 --- MultiDimFit ---
Parameter impacts: 

 --- MultiDimFit ---
Parameter impacts: 
  Parameter                         :   Best-fit               r            
  prop_binLFVScalarC_2018_llB1_bin9 :   -0.000  -0.929/+0.932  +0.059/-0.054
Done in 0.06 min (cpu), 0.12 min (real)

 --- MultiDimFit ---
Parameter impacts: 
  Parameter :   Best-fit               r            
  tt_ISR    :   -0.000  -0.932/+0.929  -0.030/+0.049
Done in 0.08 min (cpu), 0.18 min (real)
  Parameter :   Best-fit               r            
  udsgTagSF :   +0.000  -0.993/+0.993  +0.031/-0.031
Done in 0.07 min (cpu), 0.14 min (real)

 --- MultiDimFit ---
Parameter impacts: 
  Parameter :   Best-fit               r            
  tt_hdamp  :   +0.000  -0.560/+0.521  -0.103/+0.020
Done in 0.08 min (cpu), 0.15 min (real)
>> combine -M MultiDimFit -n _paramFit_Test_electronScale --algo impact --redefineSignalPOIs r -P electronScale --floatOtherPOIs 1 --saveInactivePOI 1 --robustFit 1 --rMin -3 --rMax 3 -t -1 --expectSignal=1 -m 125 -d LFVScalarC_2018_llB1.root
>> combine -M MultiDimFit -n _paramFit_Test_jesAbsoluteMPFBias --algo impact --redefineSignalPOIs r -P jesAbsoluteMPFBias --floatOtherPOIs 1 --saveInactivePOI 1 --robustFit 1 --rMin -3 --rMax 3 -t -1 --expectSignal=1 -m 125 -d LFVScalarC_2018_llB1.root
>> combine -M MultiDimFit -n _paramFit_Test_jesAbsoluteScale --algo impact --redefineSignalPOIs r -P jesAbsoluteScale --floatOtherPOIs 1 --saveInactivePOI 1 --robustFit 1 --rMin -3 --rMax 3 -t -1 --expectSignal=1 -m 125 -d LFVScalarC_2018_llB1.root
>> combine -M MultiDimFit -n _paramFit_Test_muIdSf --algo impact --redefineSignalPOIs r -P muIdSf --floatOtherPOIs 1 --saveInactivePOI 1 --robustFit 1 --rMin -3 --rMax 3 -t -1 --expectSignal=1 -m 125 -d LFVScalarC_2018_llB1.root
>> combine -M MultiDimFit -n _paramFit_Test_muIsoSf --algo impact --redefineSignalPOIs r -P muIsoSf --floatOtherPOIs 1 --saveInactivePOI 1 --robustFit 1 --rMin -3 --rMax 3 -t -1 --expectSignal=1 -m 125 -d LFVScalarC_2018_llB1.root
>> combine -M MultiDimFit -n _paramFit_Test_muonRes --algo impact --redefineSignalPOIs r -P muonRes --floatOtherPOIs 1 --saveInactivePOI 1 --robustFit 1 --rMin -3 --rMax 3 -t -1 --expectSignal=1 -m 125 -d LFVScalarC_2018_llB1.root
>> combine -M MultiDimFit -n _paramFit_Test_prop_binLFVScalarC_2018_llB1_bin11 --algo impact --redefineSignalPOIs r -P prop_binLFVScalarC_2018_llB1_bin11 --floatOtherPOIs 1 --saveInactivePOI 1 --robustFit 1 --rMin -3 --rMax 3 -t -1 --expectSignal=1 -m 125 -d LFVScalarC_2018_llB1.root
>> combine -M MultiDimFit -n _paramFit_Test_prop_binLFVScalarC_2018_llB1_bin2 --algo impact --redefineSignalPOIs r -P prop_binLFVScalarC_2018_llB1_bin2 --floatOtherPOIs 1 --saveInactivePOI 1 --robustFit 1 --rMin -3 --rMax 3 -t -1 --expectSignal=1 -m 125 -d LFVScalarC_2018_llB1.root
>> combine -M MultiDimFit -n _paramFit_Test_prop_binLFVScalarC_2018_llB1_bin3 --algo impact --redefineSignalPOIs r -P prop_binLFVScalarC_2018_llB1_bin3 --floatOtherPOIs 1 --saveInactivePOI 1 --robustFit 1 --rMin -3 --rMax 3 -t -1 --expectSignal=1 -m 125 -d LFVScalarC_2018_llB1.root
>> combine -M MultiDimFit -n _paramFit_Test_Y2018jesRelativeStatFSR --algo impact --redefineSignalPOIs r -P Y2018jesRelativeStatFSR --floatOtherPOIs 1 --saveInactivePOI 1 --robustFit 1 --rMin -3 --rMax 3 -t -1 --expectSignal=1 -m 125 -d LFVScalarC_2018_llB1.root
>> combine -M MultiDimFit -n _paramFit_Test_Y2018jesRelativeStatHF --algo impact --redefineSignalPOIs r -P Y2018jesRelativeStatHF --floatOtherPOIs 1 --saveInactivePOI 1 --robustFit 1 --rMin -3 --rMax 3 -t -1 --expectSignal=1 -m 125 -d LFVScalarC_2018_llB1.root
>> combine -M MultiDimFit -n _paramFit_Test_Y2018jesTimePtEta --algo impact --redefineSignalPOIs r -P Y2018jesTimePtEta --floatOtherPOIs 1 --saveInactivePOI 1 --robustFit 1 --rMin -3 --rMax 3 -t -1 --expectSignal=1 -m 125 -d LFVScalarC_2018_llB1.root
>> combine -M MultiDimFit -n _paramFit_Test_jesFlavorQCD --algo impact --redefineSignalPOIs r -P jesFlavorQCD --floatOtherPOIs 1 --saveInactivePOI 1 --robustFit 1 --rMin -3 --rMax 3 -t -1 --expectSignal=1 -m 125 -d LFVScalarC_2018_llB1.root
>> combine -M MultiDimFit -n _paramFit_Test_jesFragmentation --algo impact --redefineSignalPOIs r -P jesFragmentation --floatOtherPOIs 1 --saveInactivePOI 1 --robustFit 1 --rMin -3 --rMax 3 -t -1 --expectSignal=1 -m 125 -d LFVScalarC_2018_llB1.root
>> combine -M MultiDimFit -n _paramFit_Test_jesPileUpPtBB --algo impact --redefineSignalPOIs r -P jesPileUpPtBB --floatOtherPOIs 1 --saveInactivePOI 1 --robustFit 1 --rMin -3 --rMax 3 -t -1 --expectSignal=1 -m 125 -d LFVScalarC_2018_llB1.root
>> combine -M MultiDimFit -n _paramFit_Test_prop_binLFVScalarC_2018_llB1_bin4 --algo impact --redefineSignalPOIs r -P prop_binLFVScalarC_2018_llB1_bin4 --floatOtherPOIs 1 --saveInactivePOI 1 --robustFit 1 --rMin -3 --rMax 3 -t -1 --expectSignal=1 -m 125 -d LFVScalarC_2018_llB1.root
>> combine -M MultiDimFit -n _paramFit_Test_prop_binLFVScalarC_2018_llB1_bin5 --algo impact --redefineSignalPOIs r -P prop_binLFVScalarC_2018_llB1_bin5 --floatOtherPOIs 1 --saveInactivePOI 1 --robustFit 1 --rMin -3 --rMax 3 -t -1 --expectSignal=1 -m 125 -d LFVScalarC_2018_llB1.root
>> combine -M MultiDimFit -n _paramFit_Test_prop_binLFVScalarC_2018_llB1_bin6 --algo impact --redefineSignalPOIs r -P prop_binLFVScalarC_2018_llB1_bin6 --floatOtherPOIs 1 --saveInactivePOI 1 --robustFit 1 --rMin -3 --rMax 3 -t -1 --expectSignal=1 -m 125 -d LFVScalarC_2018_llB1.root
>> combine -M MultiDimFit -n _paramFit_Test_Signal_ISR --algo impact --redefineSignalPOIs r -P Signal_ISR --floatOtherPOIs 1 --saveInactivePOI 1 --robustFit 1 --rMin -3 --rMax 3 -t -1 --expectSignal=1 -m 125 -d LFVScalarC_2018_llB1.root
>> combine -M MultiDimFit -n _paramFit_Test_Signal_QS --algo impact --redefineSignalPOIs r -P Signal_QS --floatOtherPOIs 1 --saveInactivePOI 1 --robustFit 1 --rMin -3 --rMax 3 -t -1 --expectSignal=1 -m 125 -d LFVScalarC_2018_llB1.root
>> combine -M MultiDimFit -n _paramFit_Test_Signal_pdf --algo impact --redefineSignalPOIs r -P Signal_pdf --floatOtherPOIs 1 --saveInactivePOI 1 --robustFit 1 --rMin -3 --rMax 3 -t -1 --expectSignal=1 -m 125 -d LFVScalarC_2018_llB1.root
>> combine -M MultiDimFit -n _paramFit_Test_jesPileUpPtEC1 --algo impact --redefineSignalPOIs r -P jesPileUpPtEC1 --floatOtherPOIs 1 --saveInactivePOI 1 --robustFit 1 --rMin -3 --rMax 3 -t -1 --expectSignal=1 -m 125 -d LFVScalarC_2018_llB1.root
>> combine -M MultiDimFit -n _paramFit_Test_jesPileUpPtEC2 --algo impact --redefineSignalPOIs r -P jesPileUpPtEC2 --floatOtherPOIs 1 --saveInactivePOI 1 --robustFit 1 --rMin -3 --rMax 3 -t -1 --expectSignal=1 -m 125 -d LFVScalarC_2018_llB1.root
>> combine -M MultiDimFit -n _paramFit_Test_jesPileUpPtHF --algo impact --redefineSignalPOIs r -P jesPileUpPtHF --floatOtherPOIs 1 --saveInactivePOI 1 --robustFit 1 --rMin -3 --rMax 3 -t -1 --expectSignal=1 -m 125 -d LFVScalarC_2018_llB1.root
>> combine -M MultiDimFit -n _paramFit_Test_pu --algo impact --redefineSignalPOIs r -P pu --floatOtherPOIs 1 --saveInactivePOI 1 --robustFit 1 --rMin -3 --rMax 3 -t -1 --expectSignal=1 -m 125 -d LFVScalarC_2018_llB1.root
>> combine -M MultiDimFit -n _paramFit_Test_tW_norm --algo impact --redefineSignalPOIs r -P tW_norm --floatOtherPOIs 1 --saveInactivePOI 1 --robustFit 1 --rMin -3 --rMax 3 -t -1 --expectSignal=1 -m 125 -d LFVScalarC_2018_llB1.root
>> combine -M MultiDimFit -n _paramFit_Test_trigSF --algo impact --redefineSignalPOIs r -P trigSF --floatOtherPOIs 1 --saveInactivePOI 1 --robustFit 1 --rMin -3 --rMax 3 -t -1 --expectSignal=1 -m 125 -d LFVScalarC_2018_llB1.root
>> combine -M MultiDimFit -n _paramFit_Test_Y2018jesRelativePtEC2 --algo impact --redefineSignalPOIs r -P Y2018jesRelativePtEC2 --floatOtherPOIs 1 --saveInactivePOI 1 --robustFit 1 --rMin -3 --rMax 3 -t -1 --expectSignal=1 -m 125 -d LFVScalarC_2018_llB1.root
>> combine -M MultiDimFit -n _paramFit_Test_Y2018jesRelativeSample --algo impact --redefineSignalPOIs r -P Y2018jesRelativeSample --floatOtherPOIs 1 --saveInactivePOI 1 --robustFit 1 --rMin -3 --rMax 3 -t -1 --expectSignal=1 -m 125 -d LFVScalarC_2018_llB1.root
>> combine -M MultiDimFit -n _paramFit_Test_Y2018jesRelativeStatEC --algo impact --redefineSignalPOIs r -P Y2018jesRelativeStatEC --floatOtherPOIs 1 --saveInactivePOI 1 --robustFit 1 --rMin -3 --rMax 3 -t -1 --expectSignal=1 -m 125 -d LFVScalarC_2018_llB1.root
>> combine -M MultiDimFit -n _paramFit_Test_muonScale --algo impact --redefineSignalPOIs r -P muonScale --floatOtherPOIs 1 --saveInactivePOI 1 --robustFit 1 --rMin -3 --rMax 3 -t -1 --expectSignal=1 -m 125 -d LFVScalarC_2018_llB1.root
>> combine -M MultiDimFit -n _paramFit_Test_prop_binLFVScalarC_2018_llB1_bin1 --algo impact --redefineSignalPOIs r -P prop_binLFVScalarC_2018_llB1_bin1 --floatOtherPOIs 1 --saveInactivePOI 1 --robustFit 1 --rMin -3 --rMax 3 -t -1 --expectSignal=1 -m 125 -d LFVScalarC_2018_llB1.root
>> combine -M MultiDimFit -n _paramFit_Test_prop_binLFVScalarC_2018_llB1_bin10 --algo impact --redefineSignalPOIs r -P prop_binLFVScalarC_2018_llB1_bin10 --floatOtherPOIs 1 --saveInactivePOI 1 --robustFit 1 --rMin -3 --rMax 3 -t -1 --expectSignal=1 -m 125 -d LFVScalarC_2018_llB1.root
>> combine -M MultiDimFit -n _paramFit_Test_Y2018unclusMET --algo impact --redefineSignalPOIs r -P Y2018unclusMET --floatOtherPOIs 1 --saveInactivePOI 1 --robustFit 1 --rMin -3 --rMax 3 -t -1 --expectSignal=1 -m 125 -d LFVScalarC_2018_llB1.root
>> combine -M MultiDimFit -n _paramFit_Test_eleIDSf --algo impact --redefineSignalPOIs r -P eleIDSf --floatOtherPOIs 1 --saveInactivePOI 1 --robustFit 1 --rMin -3 --rMax 3 -t -1 --expectSignal=1 -m 125 -d LFVScalarC_2018_llB1.root
>> combine -M MultiDimFit -n _paramFit_Test_eleRecoSf --algo impact --redefineSignalPOIs r -P eleRecoSf --floatOtherPOIs 1 --saveInactivePOI 1 --robustFit 1 --rMin -3 --rMax 3 -t -1 --expectSignal=1 -m 125 -d LFVScalarC_2018_llB1.root
>> combine -M MultiDimFit -n _paramFit_Test_jesRelativeJERHF --algo impact --redefineSignalPOIs r -P jesRelativeJERHF --floatOtherPOIs 1 --saveInactivePOI 1 --robustFit 1 --rMin -3 --rMax 3 -t -1 --expectSignal=1 -m 125 -d LFVScalarC_2018_llB1.root
>> combine -M MultiDimFit -n _paramFit_Test_jesRelativePtBB --algo impact --redefineSignalPOIs r -P jesRelativePtBB --floatOtherPOIs 1 --saveInactivePOI 1 --robustFit 1 --rMin -3 --rMax 3 -t -1 --expectSignal=1 -m 125 -d LFVScalarC_2018_llB1.root
>> combine -M MultiDimFit -n _paramFit_Test_jesRelativePtHF --algo impact --redefineSignalPOIs r -P jesRelativePtHF --floatOtherPOIs 1 --saveInactivePOI 1 --robustFit 1 --rMin -3 --rMax 3 -t -1 --expectSignal=1 -m 125 -d LFVScalarC_2018_llB1.root
>> combine -M MultiDimFit -n _paramFit_Test_prop_binLFVScalarC_2018_llB1_bin7 --algo impact --redefineSignalPOIs r -P prop_binLFVScalarC_2018_llB1_bin7 --floatOtherPOIs 1 --saveInactivePOI 1 --robustFit 1 --rMin -3 --rMax 3 -t -1 --expectSignal=1 -m 125 -d LFVScalarC_2018_llB1.root
>> combine -M MultiDimFit -n _paramFit_Test_prop_binLFVScalarC_2018_llB1_bin8 --algo impact --redefineSignalPOIs r -P prop_binLFVScalarC_2018_llB1_bin8 --floatOtherPOIs 1 --saveInactivePOI 1 --robustFit 1 --rMin -3 --rMax 3 -t -1 --expectSignal=1 -m 125 -d LFVScalarC_2018_llB1.root
>> combine -M MultiDimFit -n _paramFit_Test_prop_binLFVScalarC_2018_llB1_bin9 --algo impact --redefineSignalPOIs r -P prop_binLFVScalarC_2018_llB1_bin9 --floatOtherPOIs 1 --saveInactivePOI 1 --robustFit 1 --rMin -3 --rMax 3 -t -1 --expectSignal=1 -m 125 -d LFVScalarC_2018_llB1.root
>> combine -M MultiDimFit -n _paramFit_Test_DY_norm --algo impact --redefineSignalPOIs r -P DY_norm --floatOtherPOIs 1 --saveInactivePOI 1 --robustFit 1 --rMin -3 --rMax 3 -t -1 --expectSignal=1 -m 125 -d LFVScalarC_2018_llB1.root
>> combine -M MultiDimFit -n _paramFit_Test_Other_norm --algo impact --redefineSignalPOIs r -P Other_norm --floatOtherPOIs 1 --saveInactivePOI 1 --robustFit 1 --rMin -3 --rMax 3 -t -1 --expectSignal=1 -m 125 -d LFVScalarC_2018_llB1.root
>> combine -M MultiDimFit -n _paramFit_Test_Signal_FSR --algo impact --redefineSignalPOIs r -P Signal_FSR --floatOtherPOIs 1 --saveInactivePOI 1 --robustFit 1 --rMin -3 --rMax 3 -t -1 --expectSignal=1 -m 125 -d LFVScalarC_2018_llB1.root
>> combine -M MultiDimFit -n _paramFit_Test_jesPileUpPtRef --algo impact --redefineSignalPOIs r -P jesPileUpPtRef --floatOtherPOIs 1 --saveInactivePOI 1 --robustFit 1 --rMin -3 --rMax 3 -t -1 --expectSignal=1 -m 125 -d LFVScalarC_2018_llB1.root
>> combine -M MultiDimFit -n _paramFit_Test_jesRelativeBal --algo impact --redefineSignalPOIs r -P jesRelativeBal --floatOtherPOIs 1 --saveInactivePOI 1 --robustFit 1 --rMin -3 --rMax 3 -t -1 --expectSignal=1 -m 125 -d LFVScalarC_2018_llB1.root
>> combine -M MultiDimFit -n _paramFit_Test_jesRelativeFSR --algo impact --redefineSignalPOIs r -P jesRelativeFSR --floatOtherPOIs 1 --saveInactivePOI 1 --robustFit 1 --rMin -3 --rMax 3 -t -1 --expectSignal=1 -m 125 -d LFVScalarC_2018_llB1.root
>> combine -M MultiDimFit -n _paramFit_Test_tt_CR --algo impact --redefineSignalPOIs r -P tt_CR --floatOtherPOIs 1 --saveInactivePOI 1 --robustFit 1 --rMin -3 --rMax 3 -t -1 --expectSignal=1 -m 125 -d LFVScalarC_2018_llB1.root
>> combine -M MultiDimFit -n _paramFit_Test_tt_FSR --algo impact --redefineSignalPOIs r -P tt_FSR --floatOtherPOIs 1 --saveInactivePOI 1 --robustFit 1 --rMin -3 --rMax 3 -t -1 --expectSignal=1 -m 125 -d LFVScalarC_2018_llB1.root
>> combine -M MultiDimFit -n _paramFit_Test_tt_ISR --algo impact --redefineSignalPOIs r -P tt_ISR --floatOtherPOIs 1 --saveInactivePOI 1 --robustFit 1 --rMin -3 --rMax 3 -t -1 --expectSignal=1 -m 125 -d LFVScalarC_2018_llB1.root
>> combine -M MultiDimFit -n _paramFit_Test_Y2018jesRelativeJEREC1 --algo impact --redefineSignalPOIs r -P Y2018jesRelativeJEREC1 --floatOtherPOIs 1 --saveInactivePOI 1 --robustFit 1 --rMin -3 --rMax 3 -t -1 --expectSignal=1 -m 125 -d LFVScalarC_2018_llB1.root
>> combine -M MultiDimFit -n _paramFit_Test_Y2018jesRelativeJEREC2 --algo impact --redefineSignalPOIs r -P Y2018jesRelativeJEREC2 --floatOtherPOIs 1 --saveInactivePOI 1 --robustFit 1 --rMin -3 --rMax 3 -t -1 --expectSignal=1 -m 125 -d LFVScalarC_2018_llB1.root
>> combine -M MultiDimFit -n _paramFit_Test_Y2018jesRelativePtEC1 --algo impact --redefineSignalPOIs r -P Y2018jesRelativePtEC1 --floatOtherPOIs 1 --saveInactivePOI 1 --robustFit 1 --rMin -3 --rMax 3 -t -1 --expectSignal=1 -m 125 -d LFVScalarC_2018_llB1.root
>> combine -M MultiDimFit -n _paramFit_Test_lumiBeamCC --algo impact --redefineSignalPOIs r -P lumiBeamCC --floatOtherPOIs 1 --saveInactivePOI 1 --robustFit 1 --rMin -3 --rMax 3 -t -1 --expectSignal=1 -m 125 -d LFVScalarC_2018_llB1.root
>> combine -M MultiDimFit -n _paramFit_Test_lumiLengthS --algo impact --redefineSignalPOIs r -P lumiLengthS --floatOtherPOIs 1 --saveInactivePOI 1 --robustFit 1 --rMin -3 --rMax 3 -t -1 --expectSignal=1 -m 125 -d LFVScalarC_2018_llB1.root
>> combine -M MultiDimFit -n _paramFit_Test_lumiXY --algo impact --redefineSignalPOIs r -P lumiXY --floatOtherPOIs 1 --saveInactivePOI 1 --robustFit 1 --rMin -3 --rMax 3 -t -1 --expectSignal=1 -m 125 -d LFVScalarC_2018_llB1.root
>> combine -M MultiDimFit -n _paramFit_Test_tt_QS --algo impact --redefineSignalPOIs r -P tt_QS --floatOtherPOIs 1 --saveInactivePOI 1 --robustFit 1 --rMin -3 --rMax 3 -t -1 --expectSignal=1 -m 125 -d LFVScalarC_2018_llB1.root
>> combine -M MultiDimFit -n _paramFit_Test_tt_Tune --algo impact --redefineSignalPOIs r -P tt_Tune --floatOtherPOIs 1 --saveInactivePOI 1 --robustFit 1 --rMin -3 --rMax 3 -t -1 --expectSignal=1 -m 125 -d LFVScalarC_2018_llB1.root
>> combine -M MultiDimFit -n _paramFit_Test_tt_hdamp --algo impact --redefineSignalPOIs r -P tt_hdamp --floatOtherPOIs 1 --saveInactivePOI 1 --robustFit 1 --rMin -3 --rMax 3 -t -1 --expectSignal=1 -m 125 -d LFVScalarC_2018_llB1.root
>> combine -M MultiDimFit -n _paramFit_Test_Y2018bcTagSF --algo impact --redefineSignalPOIs r -P Y2018bcTagSF --floatOtherPOIs 1 --saveInactivePOI 1 --robustFit 1 --rMin -3 --rMax 3 -t -1 --expectSignal=1 -m 125 -d LFVScalarC_2018_llB1.root
>> combine -M MultiDimFit -n _paramFit_Test_Y2018jer --algo impact --redefineSignalPOIs r -P Y2018jer --floatOtherPOIs 1 --saveInactivePOI 1 --robustFit 1 --rMin -3 --rMax 3 -t -1 --expectSignal=1 -m 125 -d LFVScalarC_2018_llB1.root
>> combine -M MultiDimFit -n _paramFit_Test_Y2018jesAbsoluteStat --algo impact --redefineSignalPOIs r -P Y2018jesAbsoluteStat --floatOtherPOIs 1 --saveInactivePOI 1 --robustFit 1 --rMin -3 --rMax 3 -t -1 --expectSignal=1 -m 125 -d LFVScalarC_2018_llB1.root
>> combine -M MultiDimFit -n _paramFit_Test_jesRelativeStatFSR --algo impact --redefineSignalPOIs r -P jesRelativeStatFSR --floatOtherPOIs 1 --saveInactivePOI 1 --robustFit 1 --rMin -3 --rMax 3 -t -1 --expectSignal=1 -m 125 -d LFVScalarC_2018_llB1.root
>> combine -M MultiDimFit -n _paramFit_Test_jesRelativeStatHF --algo impact --redefineSignalPOIs r -P jesRelativeStatHF --floatOtherPOIs 1 --saveInactivePOI 1 --robustFit 1 --rMin -3 --rMax 3 -t -1 --expectSignal=1 -m 125 -d LFVScalarC_2018_llB1.root
>> combine -M MultiDimFit -n _paramFit_Test_lumi2018 --algo impact --redefineSignalPOIs r -P lumi2018 --floatOtherPOIs 1 --saveInactivePOI 1 --robustFit 1 --rMin -3 --rMax 3 -t -1 --expectSignal=1 -m 125 -d LFVScalarC_2018_llB1.root
>> combine -M MultiDimFit -n _paramFit_Test_tt_norm --algo impact --redefineSignalPOIs r -P tt_norm --floatOtherPOIs 1 --saveInactivePOI 1 --robustFit 1 --rMin -3 --rMax 3 -t -1 --expectSignal=1 -m 125 -d LFVScalarC_2018_llB1.root
>> combine -M MultiDimFit -n _paramFit_Test_tt_pdf --algo impact --redefineSignalPOIs r -P tt_pdf --floatOtherPOIs 1 --saveInactivePOI 1 --robustFit 1 --rMin -3 --rMax 3 -t -1 --expectSignal=1 -m 125 -d LFVScalarC_2018_llB1.root
>> combine -M MultiDimFit -n _paramFit_Test_udsgTagSF --algo impact --redefineSignalPOIs r -P udsgTagSF --floatOtherPOIs 1 --saveInactivePOI 1 --robustFit 1 --rMin -3 --rMax 3 -t -1 --expectSignal=1 -m 125 -d LFVScalarC_2018_llB1.root
Have POIs: ['r']
Have parameters: 69
File higgsCombine_paramFit_Test_prop_binLFVScalarC_2018_llB1_bin8.MultiDimFit.mH125.root did not contain a sufficient number of entries, skipping
Missing inputs: prop_binLFVScalarC_2018_llB1_bin8
>> Doing page 0, have 30 parameters
